Log file open, 09/29/17 18:35:50
LogInit:Display: Running engine for game: Rifki_Tutorial2
LogPlatformFile: Not using cached read wrapper
LogInit:Display: RandInit(-1189119655) SRandInit(-1189119655).
LogTaskGraph: Started task graph with 5 named threads and 6 total threads with 1 sets of task threads.
LogStats: Stats thread started at 0.104193
LogConfig:Warning: Failed to saved backup for config[PhysXVehicles]
LogInit: Using libcurl 7.47.1
LogInit:  - built for x86_64-pc-win32
LogInit:  - supports SSL with OpenSSL/1.0.2g
LogInit:  - supports HTTP deflate (compression) using libz 1.2.8
LogInit:  - other features:
LogInit:      CURL_VERSION_SSL
LogInit:      CURL_VERSION_LIBZ
LogInit:      CURL_VERSION_IPV6
LogInit:      CURL_VERSION_ASYNCHDNS
LogInit:      CURL_VERSION_LARGEFILE
LogInit:      CURL_VERSION_IDN
LogInit:  CurlRequestOptions (configurable via config and command line):
LogInit:  - bVerifyPeer = false  - Libcurl will NOT verify peer certificate
LogInit:  - bUseHttpProxy = false  - Libcurl will NOT use HTTP proxy
LogInit:  - bDontReuseConnections = false  - Libcurl will reuse connections
LogInit:  - CertBundlePath = nullptr  - Libcurl will use whatever was configured at build time.
LogInit: Build: ++UE4+Release-4.16-CL-3561208
LogInit: Engine Version: 4.16.3-3561208+++UE4+Release-4.16
LogInit: Compatible Engine Version: 4.16.0-3452394+++UE4+Release-4.16
LogInit: Net CL: 3452394
LogDevObjectVersion: Number of dev versions registered: 16
LogDevObjectVersion:   Dev-Blueprints (B0D832E4-1F89-4F0D-ACCF-7EB736FD4AA2): 9
LogDevObjectVersion:   Dev-Build (E1C64328-A22C-4D53-A36C-8E866417BD8C): 0
LogDevObjectVersion:   Dev-Core (375EC13C-06E4-48FB-B500-84F0262A717E): 2
LogDevObjectVersion:   Dev-Editor (E4B068ED-F494-42E9-A231-DA0B2E46BB41): 17
LogDevObjectVersion:   Dev-Framework (CFFC743F-43B0-4480-9391-14DF171D2073): 23
LogDevObjectVersion:   Dev-Mobile (B02B49B5-BB20-44E9-A304-32B752E40360): 0
LogDevObjectVersion:   Dev-Networking (A4E4105C-59A1-49B5-A7C5-40C4547EDFEE): 0
LogDevObjectVersion:   Dev-Online (39C831C9-5AE6-47DC-9A44-9C173E1C8E7C): 0
LogDevObjectVersion:   Dev-Physics (78F01B33-EBEA-4F98-B9B4-84EACCB95AA2): 0
LogDevObjectVersion:   Dev-Platform (6631380F-2D4D-43E0-8009-CF276956A95A): 0
LogDevObjectVersion:   Dev-Rendering (12F88B9F-8875-4AFC-A67C-D90C383ABD29): 15
LogDevObjectVersion:   Dev-Sequencer (7B5AE74C-D270-4C10-A958-57980B212A5A): 4
LogDevObjectVersion:   Dev-VR (D7296918-1DD6-4BDD-9DE2-64A83CC13884): 0
LogDevObjectVersion:   Dev-LoadTimes (C2A15278-BFE7-4AFE-6C17-90FF531DF755): 1
LogDevObjectVersion:   Private-Geometry (6EACA3D4-40EC-4CC1-B786-8BED09428FC5): 1
LogDevObjectVersion:   Dev-AnimPhys (29E575DD-E0A3-4627-9D10-D276232CDCEA): 3
LogInit: Compiled (64-bit): Jul 28 2017 11:49:47
LogInit: Compiled with Visual C++: 19.00.24215.01
LogInit: Build Configuration: Development
LogInit: Branch Name: ++UE4+Release-4.16
LogInit: Command line: 
LogInit: Base directory: C:/Program Files/Unreal rar/UE_4.16/Engine/Binaries/Win64/
LogInit: Installed Engine Build: 1
LogInit: Presizing for max 8388607 objects, including 0 objects not considered by GC, pre-allocating 0 bytes for permanent pool.
LogInit: Object subsystem initialized
[2017.09.29-11.35.51:348][  0]LogInit: Selected Device Profile: [Windows]
[2017.09.29-11.35.51:348][  0]LogInit: Applying CVar settings loaded from the selected device profile: [Windows]
[2017.09.29-11.35.51:386][  0]LogInit: Computer: HUMANS-PC
[2017.09.29-11.35.51:386][  0]LogInit: User: rifkiadrn
[2017.09.29-11.35.51:386][  0]LogInit: CPU Page size=4096, Cores=2
[2017.09.29-11.35.51:386][  0]LogInit: High frequency timer resolution =2.143474 MHz
[2017.09.29-11.35.51:387][  0]LogMemory: Memory total: Physical=7.9GB (8GB approx)
[2017.09.29-11.35.51:387][  0]LogMemory: Platform Memory Stats for Windows
[2017.09.29-11.35.51:387][  0]LogMemory: Process Physical Memory: 272.76 MB used, 272.76 MB peak
[2017.09.29-11.35.51:387][  0]LogMemory: Process Virtual Memory: 266.69 MB used, 266.69 MB peak
[2017.09.29-11.35.51:387][  0]LogMemory: Physical Memory: 5004.93 MB used,  3086.79 MB free, 8091.72 MB total
[2017.09.29-11.35.51:387][  0]LogMemory: Virtual Memory: 642.16 MB used,  3086.79 MB free, 134217728.00 MB total
[2017.09.29-11.35.51:528][  0]LogInit: Using OS detected language (en-US).
[2017.09.29-11.35.51:528][  0]LogInit: Using OS detected locale (en-US).
[2017.09.29-11.35.51:532][  0]LogTextLocalizationManager: No specific localization for 'en-US' exists, so the 'en' localization will be used.
[2017.09.29-11.35.52:966][  0]LogD3D11RHI: D3D11 adapters:
[2017.09.29-11.35.53:611][  0]LogD3D11RHI:    0. 'NVIDIA GeForce 840M' (Feature Level 11_0)
[2017.09.29-11.35.53:611][  0]LogD3D11RHI:       2019/0/4045 MB DedicatedVideo/DedicatedSystem/SharedSystem, Outputs:1, VendorId:0x10de
[2017.09.29-11.35.53:617][  0]LogD3D11RHI:    1. 'Intel(R) HD Graphics 5500' (Feature Level 11_0)
[2017.09.29-11.35.53:617][  0]LogD3D11RHI:       128/0/4045 MB DedicatedVideo/DedicatedSystem/SharedSystem, Outputs:0, VendorId:0x8086
[2017.09.29-11.35.53:619][  0]LogD3D11RHI:    2. 'Microsoft Basic Render Driver' (Feature Level 11_0)
[2017.09.29-11.35.53:619][  0]LogD3D11RHI:       0/0/4045 MB DedicatedVideo/DedicatedSystem/SharedSystem, Outputs:0, VendorId:0x1414
[2017.09.29-11.35.53:619][  0]LogD3D11RHI: Chosen D3D11 Adapter: 0
[2017.09.29-11.35.53:625][  0]LogD3D11RHI: Creating new Direct3DDevice
[2017.09.29-11.35.53:626][  0]LogD3D11RHI:     GPU DeviceId: 0x1341 (for the marketing name, search the web for "GPU Device Id")
[2017.09.29-11.35.53:626][  0]LogWindows: EnumDisplayDevices:
[2017.09.29-11.35.53:626][  0]LogWindows:    0. 'Intel(R) HD Graphics 5500' (P:1 D:1)
[2017.09.29-11.35.53:626][  0]LogWindows:    1. 'Intel(R) HD Graphics 5500' (P:0 D:0)
[2017.09.29-11.35.53:627][  0]LogWindows:    2. 'Intel(R) HD Graphics 5500' (P:0 D:0)
[2017.09.29-11.35.53:627][  0]LogWindows: DebugString: PrimaryIsNotTheChoosenAdapter PrimaryIsNotTheChoosenAdapter PrimaryIsNotTheChoosenAdapter FoundDriverCount:0 
[2017.09.29-11.35.53:627][  0]LogD3D11RHI:     Adapter Name: NVIDIA GeForce 840M
[2017.09.29-11.35.53:627][  0]LogD3D11RHI:   Driver Version: Unknown (internal:Unknown, unified:Unknown)
[2017.09.29-11.35.53:627][  0]LogD3D11RHI:      Driver Date: Unknown
[2017.09.29-11.35.53:627][  0]LogRHI: Texture pool is 1361 MB (70% of 1945 MB)
[2017.09.29-11.35.53:653][  0]LogD3D11RHI: Async texture creation enabled
[2017.09.29-11.35.53:673][  0]LogD3D11RHI: GPU Timing Frequency: 1000.000000 (Debug: 2 2)
[2017.09.29-11.35.53:674][  0]LogShaderCompilers: Guid format shader working directory is -26 characters bigger than the processId version (../../../../../../Users/rifkiadrn/Documents/Unreal Projects/Tutorial2GameDev/Intermediate/Shaders/WorkingDirectory/4288/).
[2017.09.29-11.35.53:674][  0]LogShaderCompilers: Cleaned the shader compiler working directory 'C:/Users/rifkiadrn/AppData/Local/Temp/UnrealShaderWorkingDir/6973B38B4E09470B05D984B13256197F/'.
[2017.09.29-11.35.53:674][  0]LogShaderCompilers:Display: Using Local Shader Compiler.
[2017.09.29-11.35.55:876][  0]LogTemp:Display: Loaded TP AllDesktopTargetPlatform
[2017.09.29-11.35.55:981][  0]LogTemp:Display: Loaded TP MacClientTargetPlatform
[2017.09.29-11.35.56:108][  0]LogTemp:Display: Loaded TP MacNoEditorTargetPlatform
[2017.09.29-11.35.56:245][  0]LogTemp:Display: Loaded TP MacServerTargetPlatform
[2017.09.29-11.35.56:378][  0]LogTemp:Display: Loaded TP MacTargetPlatform
[2017.09.29-11.35.56:510][  0]LogTemp:Display: Loaded TP WindowsClientTargetPlatform
[2017.09.29-11.35.56:614][  0]LogTemp:Display: Loaded TP WindowsNoEditorTargetPlatform
[2017.09.29-11.35.56:716][  0]LogTemp:Display: Loaded TP WindowsServerTargetPlatform
[2017.09.29-11.35.56:791][  0]LogTemp:Display: Loaded TP WindowsTargetPlatform
[2017.09.29-11.35.56:886][  0]LogTemp:Display: Loaded TP AndroidTargetPlatform
[2017.09.29-11.35.56:990][  0]LogTemp:Display: Loaded TP Android_ASTCTargetPlatform
[2017.09.29-11.35.57:108][  0]LogTemp:Display: Loaded TP Android_ATCTargetPlatform
[2017.09.29-11.35.57:217][  0]LogTemp:Display: Loaded TP Android_DXTTargetPlatform
[2017.09.29-11.35.57:317][  0]LogTemp:Display: Loaded TP Android_ETC1TargetPlatform
[2017.09.29-11.35.57:400][  0]LogTemp:Display: Loaded TP Android_ETC2TargetPlatform
[2017.09.29-11.35.57:572][  0]LogTemp:Display: Loaded TP Android_MultiTargetPlatform
[2017.09.29-11.35.57:572][  0]LogTemp:Display: Loaded TP Android_PVRTCTargetPlatform
[2017.09.29-11.35.57:653][  0]LogTemp:Display: Loaded TP HTML5TargetPlatform
[2017.09.29-11.35.57:844][  0]LogTemp:Display: Loaded TP IOSTargetPlatform
[2017.09.29-11.35.57:921][  0]LogTemp:Display: Loaded TP TVOSTargetPlatform
[2017.09.29-11.35.58:019][  0]LogTemp:Display: Loaded TP LinuxClientTargetPlatform
[2017.09.29-11.35.58:123][  0]LogTemp:Display: Loaded TP LinuxNoEditorTargetPlatform
[2017.09.29-11.35.58:229][  0]LogTemp:Display: Loaded TP LinuxServerTargetPlatform
[2017.09.29-11.35.58:332][  0]LogTemp:Display: Loaded TP LinuxTargetPlatform
[2017.09.29-11.35.58:332][  0]LogTargetPlatformManager:Display: Building Assets For Windows
[2017.09.29-11.35.59:351][  0]LogDerivedDataCache:Display: Max Cache Size: 512 MB
[2017.09.29-11.35.59:498][  0]LogDerivedDataCache: Loaded boot cache 0.15s 90MB C:/Users/rifkiadrn/AppData/Local/UnrealEngine/4.16/DerivedDataCache/Boot.ddc.
[2017.09.29-11.35.59:498][  0]LogDerivedDataCache:Display: Loaded Boot cache: C:/Users/rifkiadrn/AppData/Local/UnrealEngine/4.16/DerivedDataCache/Boot.ddc
[2017.09.29-11.35.59:499][  0]LogDerivedDataCache: FDerivedDataBackendGraph:  Pak pak cache file ../../../../../../Users/rifkiadrn/Documents/Unreal Projects/Tutorial2GameDev/DerivedDataCache/DDC.ddp not found, will not use a pak cache.
[2017.09.29-11.35.59:499][  0]LogDerivedDataCache: Unable to find inner node Pak for hierarchical cache Hierarchy.
[2017.09.29-11.35.59:499][  0]LogDerivedDataCache: FDerivedDataBackendGraph:  CompressedPak pak cache file ../../../../../../Users/rifkiadrn/Documents/Unreal Projects/Tutorial2GameDev/DerivedDataCache/Compressed.ddp not found, will not use a pak cache.
[2017.09.29-11.35.59:499][  0]LogDerivedDataCache: Unable to find inner node CompressedPak for hierarchical cache Hierarchy.
[2017.09.29-11.35.59:526][  0]LogDerivedDataCache:Display: Pak cache opened for reading ../../../Engine/DerivedDataCache/Compressed.ddp.
[2017.09.29-11.35.59:539][  0]LogDerivedDataCache: Using Local data cache path C:/Users/rifkiadrn/AppData/Local/UnrealEngine/Common/DerivedDataCache: Writable
[2017.09.29-11.35.59:559][  0]LogMaterial: Verifying Global Shaders for PCD3D_SM5
[2017.09.29-11.35.59:559][  0]LogSlate: Using Freetype 2.6.0
[2017.09.29-11.35.59:561][  0]LogSlate: SlateFontCache - WITH_FREETYPE: 1, WITH_HARFBUZZ: 1
[2017.09.29-11.35.59:561][  0]LogSlate: SlateFontCache - WITH_FREETYPE: 1, WITH_HARFBUZZ: 1
[2017.09.29-11.36.00:093][  0]LogInit: Selected Device Profile: [Windows]
[2017.09.29-11.36.00:210][  0]LogContentStreaming: Texture pool size is 0.00 MB
[2017.09.29-11.36.00:498][  0]LogMeshUtilities: Using QuadricMeshReduction for automatic static mesh reduction
[2017.09.29-11.36.00:577][  0]LogSimplygon: Simplygon DLL not present - disabling.
[2017.09.29-11.36.00:674][  0]LogMeshUtilities: Using SimplygonSwarm for distributed automatic mesh merging
[2017.09.29-11.36.00:674][  0]LogMeshUtilities: No automatic skeletal mesh reduction module available
[2017.09.29-11.36.00:674][  0]LogMeshUtilities: No automatic mesh merging module available
[2017.09.29-11.36.01:747][  0]LogNetVersion: Rifki_Tutorial2 , NetCL: 3452394, EngineNetVer: 2, GameNetVer: 0 (Checksum: 699179107)
[2017.09.29-11.36.01:858][  0]LogAssetRegistry: FAssetRegistry took 0.0296 seconds to start up
[2017.09.29-11.36.02:008][  0]LogPackageLocalizationCache: Processed 4 localized package path(s) for 2 prioritized culture(s) in 0.097201 seconds
[2017.09.29-11.36.02:018][  0]LogUObjectArray: 34194 objects as part of root set at end of initial load.
[2017.09.29-11.36.02:018][  0]LogUObjectAllocator: 7260416 out of 0 bytes used by permanent object pool.
[2017.09.29-11.36.02:018][  0]LogUObjectArray: CloseDisregardForGC: 0/0 objects in disregard for GC pool
[2017.09.29-11.36.02:183][  0]LogInit: WinSock: version 1.1 (2.2), MaxSocks=32767, MaxUdp=65467
[2017.09.29-11.36.05:565][  0]LogWmfMedia: Failed to load mf.dll
[2017.09.29-11.36.05:565][  0]LogWmfMedia: Failed to load required Windows Media Foundation libraries
[2017.09.29-11.36.05:665][  0]LogWindowsMoviePlayer: Could not load mf.dll. Library not found.
[2017.09.29-11.36.05:666][  0]LogWindowsMoviePlayer: Could not load mfplat.dll. Library not found.
[2017.09.29-11.36.05:668][  0]LogWindowsMoviePlayer: Could not load mfplay.dll. Library not found.
[2017.09.29-11.36.06:518][  0]LogTcpMessaging: Initializing TcpMessaging bridge
[2017.09.29-11.36.06:604][  0]LogUdpMessaging: Initializing bridge on interface 0.0.0.0:0 to multicast group 230.0.0.1:6666.
[2017.09.29-11.36.07:599][  0]LogMaterial: Uniform references updated for custom material expression Custom.
[2017.09.29-11.36.08:425][  0]SourceControl: Info Source control is disabled
[2017.09.29-11.36.08:620][  0]SourceControl: Info Source control is disabled
[2017.09.29-11.36.08:739][  0]SourceControl: Info Source control is disabled
[2017.09.29-11.36.08:840][  0]SourceControl: Info Source control is disabled
[2017.09.29-11.36.10:174][  0]LogAndroidPermission: UAndroidPermissionCallbackProxy::GetInstance
[2017.09.29-11.36.11:317][  0]LogEngine: Initializing Engine...
[2017.09.29-11.36.11:318][  0]LogHMD: Failed to initialize OpenVR with code 110
[2017.09.29-11.36.11:627][  0]LogStats: UGameplayTagsManager::ConstructGameplayTagTree: Construct from data asset -  0.000 s
[2017.09.29-11.36.11:627][  0]LogStats: UGameplayTagsManager::ConstructGameplayTagTree: GameplayTagTreeChangedEvent.Broadcast -  0.000 s
[2017.09.29-11.36.11:945][  0]LogAIModule: Creating AISystem for world Untitled
[2017.09.29-11.36.11:955][  0]LogInit: XAudio2 using 'Speakers (Conexant SmartAudio HD)' : 2 channels at 48 kHz using 32 bits per sample (channel mask 0x3)
[2017.09.29-11.36.12:013][  0]LogInit: FAudioDevice initialized.
[2017.09.29-11.36.12:081][  0]LogDerivedDataCache: Saved boot cache 0.07s 90MB C:/Users/rifkiadrn/AppData/Local/UnrealEngine/4.16/DerivedDataCache/Boot.ddc.
[2017.09.29-11.36.12:095][  0]LogInit: Texture streaming: Enabled
[2017.09.29-11.36.12:297][  0]LogEngineSessionManager: EngineSessionManager initialized
[2017.09.29-11.36.12:715][  0]LogInit: Transaction tracking system initialized
[2017.09.29-11.36.13:371][  0]BlueprintLog: New page: Editor Load
[2017.09.29-11.36.15:340][  0]LocalizationService: Info Localization service is disabled
[2017.09.29-11.36.16:778][  0]LogConsoleResponse:Display: 
[2017.09.29-11.36.17:155][  0]LogCook:Display: Max memory allowance for cook 16384mb min free memory 0mb
[2017.09.29-11.36.17:155][  0]LogCook:Display: Mobile HDR setting 1
[2017.09.29-11.36.17:537][  0]LogFileCache: Scanning file cache for directory 'C:/Users/rifkiadrn/Documents/Unreal Projects/Tutorial2GameDev/Content/' took 0.05s
[2017.09.29-11.36.19:387][  0]SourceControl: Info Source control is disabled
[2017.09.29-11.36.19:387][  0]Cmd: MAP LOAD FILE="../../../../../../Users/rifkiadrn/Documents/Unreal Projects/Tutorial2GameDev/Content/2DSideScrollerBP/Maps/2DSideScrollerExampleMap.umap" TEMPLATE=0 SHOWPROGRESS=1 FEATURELEVEL=3
[2017.09.29-11.36.19:453][  0]LightingResults: New page: Lighting Build
[2017.09.29-11.36.19:536][  0]MapCheck: New page: Map Check
[2017.09.29-11.36.19:536][  0]LightingResults: New page: Lighting Build
[2017.09.29-11.36.20:654][  0]LogAIModule: Creating AISystem for world 2DSideScrollerExampleMap
[2017.09.29-11.36.20:661][  0]LogEditorServer: Finished looking for orphan Actors (0.000 secs)
[2017.09.29-11.36.20:745][  0]Cmd: MAP CHECKDEP NOCLEARLOG
[2017.09.29-11.36.20:842][  0]MapCheck: Info Map check complete: 0 Error(s), 0 Warning(s), took 97.071ms to complete.
[2017.09.29-11.36.20:842][  0]LogFileHelpers: Loading map '2DSideScrollerExampleMap' took 1.455
[2017.09.29-11.36.20:897][  0]LogWindowsTextInputMethodSystem:Display: IME system now deactivated.
[2017.09.29-11.36.22:243][  0]LogCollectionManager: Loaded 0 collections in 0.003442 seconds
[2017.09.29-11.36.22:584][  0]LogFileCache: Scanning file cache for directory 'C:/Users/rifkiadrn/Documents/Unreal Projects/Tutorial2GameDev/Saved/Collections/' took 0.01s
[2017.09.29-11.36.22:584][  0]LogFileCache: Scanning file cache for directory 'C:/Users/rifkiadrn/Documents/Unreal Projects/Tutorial2GameDev/Content/Developers/rifkiadrn/Collections/' took 0.01s
[2017.09.29-11.36.22:584][  0]LogFileCache: Scanning file cache for directory 'C:/Users/rifkiadrn/Documents/Unreal Projects/Tutorial2GameDev/Content/Collections/' took 0.01s
[2017.09.29-11.36.22:584][  0]LogCollectionManager: Rebuilt the GUID cache for 0 collections in 0.000004 seconds
[2017.09.29-11.36.22:605][  0]LogContentBrowser: Native class hierarchy populated in 0.0190 seconds. Added 2329 classes and 491 folders.
[2017.09.29-11.36.22:762][  0]LogContentBrowser: Native class hierarchy updated for 'WidgetCarousel' in 0.0010 seconds. Added 0 classes and 0 folders.
[2017.09.29-11.36.25:286][  0]LogContentBrowser: Native class hierarchy updated for 'AddContentDialog' in 0.0007 seconds. Added 0 classes and 0 folders.
[2017.09.29-11.36.25:513][  0]LogContentBrowser: Native class hierarchy updated for 'SceneOutliner' in 0.0009 seconds. Added 1 classes and 2 folders.
[2017.09.29-11.36.26:006][  0]LogCrashTracker: Crashtracker disabled due to settings.
[2017.09.29-11.36.26:091][  0]LogSlate: Took 0.000408 seconds to synchronously load lazily loaded font '../../../Engine/Content/Slate/Fonts/Roboto-Regular.ttf' (155K)
[2017.09.29-11.36.26:096][  0]LogSlate: Took 0.000391 seconds to synchronously load lazily loaded font '../../../Engine/Content/Slate/Fonts/Roboto-Bold.ttf' (160K)
[2017.09.29-11.36.26:177][  0]LogSlate: Took 0.028758 seconds to synchronously load lazily loaded font '../../../Engine/Content/Editor/Slate/Fonts/FontAwesome.ttf' (139K)
[2017.09.29-11.36.26:776][  0]LogRenderer: Reallocating scene render targets to support 856x372 NumSamples 1 (Frame:1).
[2017.09.29-11.36.27:697][  0]LogUObjectGlobals:Warning: Failed to find object 'Class None.'
[2017.09.29-11.36.27:807][  0]LogContentBrowser: Native class hierarchy updated for 'HierarchicalLODOutliner' in 0.0010 seconds. Added 1 classes and 2 folders.
[2017.09.29-11.36.27:808][  0]LogLoad: (Engine Initialization) Total time: 39.74 seconds
[2017.09.29-11.36.27:808][  0]LogLoad: (Engine Initialization) Total Blueprint compile time: 0.16 seconds
[2017.09.29-11.36.27:808][  0]LogExternalProfiler: No external profilers were discovered.  External profiling features will not be available.
[2017.09.29-11.36.27:835][  0]LogOcInput: OculusInput pre-init called
[2017.09.29-11.36.27:835][  0]LogHMD: Starting GearVRController plugin
[2017.09.29-11.36.27:961][  0]LogContentStreaming: Texture pool size now 1000 MB
[2017.09.29-11.36.28:171][  0]LogSlate: Took 0.034101 seconds to synchronously load lazily loaded font '../../../Engine/Content/Slate/Fonts/Roboto-Light.ttf' (159K)
[2017.09.29-11.36.28:230][  1]LogAssetRegistry: Asset discovery search completed in 26.3946 seconds
[2017.09.29-11.36.28:234][  1]LogCollectionManager: Rebuilt the object cache for 0 collections in 0.000000 seconds (found 0 objects)
[2017.09.29-11.36.28:234][  1]LogCollectionManager: Fixed up redirectors for 0 collections in 0.000046 seconds (updated 0 objects)
[2017.09.29-11.36.37:294][328]LogSlate: Took 0.000243 seconds to synchronously load lazily loaded font '../../../Engine/Content/Slate/Fonts/Roboto-Light.ttf' (159K)
[2017.09.29-11.36.37:668][328]LogAIModule: Creating AISystem for world Level
[2017.09.29-11.36.37:750][328]Cmd: MAP LOAD FILE="../../../../../../Users/rifkiadrn/Documents/Unreal Projects/Tutorial2GameDev/Content/2DSideScrollerBP/Blueprints/Level.umap" TEMPLATE=0 SHOWPROGRESS=1 FEATURELEVEL=3
[2017.09.29-11.36.37:750][328]LightingResults: New page: Lighting Build
[2017.09.29-11.36.37:751][328]LoadErrors: New page: Loading map: Level.umap
[2017.09.29-11.36.37:751][328]MapCheck: New page: Map Check
[2017.09.29-11.36.37:751][328]LightingResults: New page: Lighting Build
[2017.09.29-11.36.37:922][328]LogEditorServer: Finished looking for orphan Actors (0.000 secs)
[2017.09.29-11.36.37:988][328]Cmd: MAP CHECKDEP NOCLEARLOG
[2017.09.29-11.36.38:079][328]MapCheck: Info Map check complete: 0 Error(s), 0 Warning(s), took 90.993ms to complete.
[2017.09.29-11.36.38:079][328]LogFileHelpers: Loading map 'Level' took 0.330
[2017.09.29-11.36.40:576][411]LogTemp: Repeting last play command: Selected Viewport
[2017.09.29-11.36.40:897][411]LogPlayLevel: PlayLevel: No blueprints needed recompiling
[2017.09.29-11.36.40:959][411]PIE: New page: PIE session: Level (Sep 30, 2017, 1:36:40 AM)
[2017.09.29-11.36.40:959][411]LogPlayLevel: Creating play world package: /Game/2DSideScrollerBP/Blueprints/UEDPIE_0_Level
[2017.09.29-11.36.40:999][411]LogPlayLevel: PIE: StaticDuplicateObject took: (0.040764s)
[2017.09.29-11.36.41:001][411]LogAIModule: Creating AISystem for world Level
[2017.09.29-11.36.41:001][411]LogPlayLevel: PIE: World Init took: (0.001004s)
[2017.09.29-11.36.41:001][411]LogPlayLevel: PIE: Created PIE world by copying editor world from /Game/2DSideScrollerBP/Blueprints/Level.Level to /Game/2DSideScrollerBP/Blueprints/UEDPIE_0_Level.Level (0.042030s)
[2017.09.29-11.36.41:036][411]LogInit: XAudio2 using 'Speakers (Conexant SmartAudio HD)' : 2 channels at 48 kHz using 32 bits per sample (channel mask 0x3)
[2017.09.29-11.36.41:051][411]LogInit: FAudioDevice initialized.
[2017.09.29-11.36.41:123][411]LogLoad: Game class is 'MyGameMode_C'
[2017.09.29-11.36.41:155][411]LogWorld: Bringing World /Game/2DSideScrollerBP/Blueprints/UEDPIE_0_Level.Level up for play (max tick rate 0) at 2017.09.29-18.36.41
[2017.09.29-11.36.41:156][411]LogWorld: Bringing up level for play took: 0.003086
[2017.09.29-11.36.41:418][411]LogContentBrowser: Native class hierarchy updated for 'MovieSceneCapture' in 0.0009 seconds. Added 11 classes and 0 folders.
[2017.09.29-11.36.41:494][411]PIE: Info Play in editor start time for /Game/2DSideScrollerBP/Blueprints/UEDPIE_0_Level 0.46
[2017.09.29-11.36.46:727][576]LogSlate: Took 0.000185 seconds to synchronously load lazily loaded font '../../../Engine/Content/Slate/Fonts/Roboto-Regular.ttf' (155K)
[2017.09.29-11.36.47:360][576]LogContentBrowser: Native class hierarchy updated for 'BlueprintGraph' in 0.0011 seconds. Added 112 classes and 0 folders.
[2017.09.29-11.36.49:848][576]LogSlate: Took 0.013111 seconds to synchronously load lazily loaded font '../../../Engine/Content/Editor/Slate/Fonts/Roboto-BoldCondensed.ttf' (158K)
[2017.09.29-11.37.10:438][ 38]LogSlate: Took 0.031837 seconds to synchronously load lazily loaded font '../../../Engine/Content/Editor/Slate/Fonts/Roboto-Italic.ttf' (157K)
[2017.09.29-11.37.11:979][ 54]LogRenderer: Reallocating scene render targets to support 856x588 NumSamples 1 (Frame:1).
[2017.09.29-11.37.16:678][140]LogSlate: Took 0.000316 seconds to synchronously load lazily loaded font '../../../Engine/Content/Slate/Fonts/Roboto-Light.ttf' (159K)
[2017.09.29-11.38.50:522][716]BlueprintLog: New page: Compile TrapBP
[2017.09.29-11.38.52:204][740]LogSavePackage: Save=66.72ms
[2017.09.29-11.38.52:204][740]LogSavePackage: Moving '../../../../../../Users/rifkiadrn/Documents/Unreal Projects/Tutorial2GameDev/Saved/TrapBPE59318E14261DB209B516BAF9240B25A.tmp' to '../../../../../../Users/rifkiadrn/Documents/Unreal Projects/Tutorial2GameDev/Content/2DSideScrollerBP/Blueprints/TrapBP.uasset'
[2017.09.29-11.38.52:205][740]LogFileManager:Warning: DeleteFile was unable to delete '../../../../../../Users/rifkiadrn/Documents/Unreal Projects/Tutorial2GameDev/Content/2DSideScrollerBP/Blueprints/TrapBP.uasset', retrying in .5s...
[2017.09.29-11.38.52:705][740]LogFileManager:Error: Error deleting file '../../../../../../Users/rifkiadrn/Documents/Unreal Projects/Tutorial2GameDev/Content/2DSideScrollerBP/Blueprints/TrapBP.uasset'.
[2017.09.29-11.38.52:705][740]LogSavePackage:Error: Error saving '../../../../../../Users/rifkiadrn/Documents/Unreal Projects/Tutorial2GameDev/Content/2DSideScrollerBP/Blueprints/TrapBP.uasset'
[2017.09.29-11.38.52:706][740]LogSavePackage:Display: Finished SavePackage ../../../../../../Users/rifkiadrn/Documents/Unreal Projects/Tutorial2GameDev/Content/2DSideScrollerBP/Blueprints/TrapBP.uasset
[2017.09.29-11.39.01:687][740]LogSavePackage: Save=34.74ms
[2017.09.29-11.39.01:687][740]LogSavePackage: Moving '../../../../../../Users/rifkiadrn/Documents/Unreal Projects/Tutorial2GameDev/Saved/TrapBPB7B925F24A960F286110D1BD5A76C8B2.tmp' to '../../../../../../Users/rifkiadrn/Documents/Unreal Projects/Tutorial2GameDev/Content/2DSideScrollerBP/Blueprints/TrapBP.uasset'
[2017.09.29-11.39.01:688][740]LogFileManager:Warning: DeleteFile was unable to delete '../../../../../../Users/rifkiadrn/Documents/Unreal Projects/Tutorial2GameDev/Content/2DSideScrollerBP/Blueprints/TrapBP.uasset', retrying in .5s...
[2017.09.29-11.39.02:189][740]LogFileManager:Error: Error deleting file '../../../../../../Users/rifkiadrn/Documents/Unreal Projects/Tutorial2GameDev/Content/2DSideScrollerBP/Blueprints/TrapBP.uasset'.
[2017.09.29-11.39.02:189][740]LogSavePackage:Error: Error saving '../../../../../../Users/rifkiadrn/Documents/Unreal Projects/Tutorial2GameDev/Content/2DSideScrollerBP/Blueprints/TrapBP.uasset'
[2017.09.29-11.39.02:190][740]LogSavePackage:Display: Finished SavePackage ../../../../../../Users/rifkiadrn/Documents/Unreal Projects/Tutorial2GameDev/Content/2DSideScrollerBP/Blueprints/TrapBP.uasset
[2017.09.29-11.39.04:352][740]EditorErrors: New page: Save Output
[2017.09.29-11.39.04:352][740]EditorErrors:Warning: Warning Error saving '../../../../../../Users/rifkiadrn/Documents/Unreal Projects/Tutorial2GameDev/Content/2DSideScrollerBP/Blueprints/TrapBP.uasset'
[2017.09.29-11.39.04:352][740]EditorErrors:Warning: Warning Error saving '../../../../../../Users/rifkiadrn/Documents/Unreal Projects/Tutorial2GameDev/Content/2DSideScrollerBP/Blueprints/TrapBP.uasset'
[2017.09.29-11.39.19:295][999]BlueprintLog: New page: Compile TrapBP
[2017.09.29-11.39.21:003][ 27]LogSavePackage: Save=40.05ms
[2017.09.29-11.39.21:003][ 27]LogSavePackage: Moving '../../../../../../Users/rifkiadrn/Documents/Unreal Projects/Tutorial2GameDev/Saved/TrapBP6FBA20F04F495790840AA58DDF35D445.tmp' to '../../../../../../Users/rifkiadrn/Documents/Unreal Projects/Tutorial2GameDev/Content/2DSideScrollerBP/Blueprints/TrapBP.uasset'
[2017.09.29-11.39.21:004][ 27]LogFileManager:Warning: DeleteFile was unable to delete '../../../../../../Users/rifkiadrn/Documents/Unreal Projects/Tutorial2GameDev/Content/2DSideScrollerBP/Blueprints/TrapBP.uasset', retrying in .5s...
[2017.09.29-11.39.21:504][ 27]LogFileManager:Error: Error deleting file '../../../../../../Users/rifkiadrn/Documents/Unreal Projects/Tutorial2GameDev/Content/2DSideScrollerBP/Blueprints/TrapBP.uasset'.
[2017.09.29-11.39.21:504][ 27]LogSavePackage:Error: Error saving '../../../../../../Users/rifkiadrn/Documents/Unreal Projects/Tutorial2GameDev/Content/2DSideScrollerBP/Blueprints/TrapBP.uasset'
[2017.09.29-11.39.21:505][ 27]LogSavePackage:Display: Finished SavePackage ../../../../../../Users/rifkiadrn/Documents/Unreal Projects/Tutorial2GameDev/Content/2DSideScrollerBP/Blueprints/TrapBP.uasset
[2017.09.29-11.39.30:260][ 27]EditorErrors: New page: Save Output
[2017.09.29-11.39.30:260][ 27]EditorErrors:Warning: Warning Error saving '../../../../../../Users/rifkiadrn/Documents/Unreal Projects/Tutorial2GameDev/Content/2DSideScrollerBP/Blueprints/TrapBP.uasset'
[2017.09.29-11.39.57:646][499]LogSavePackage: Save=68.30ms
[2017.09.29-11.39.57:646][499]LogSavePackage: Moving '../../../../../../Users/rifkiadrn/Documents/Unreal Projects/Tutorial2GameDev/Saved/TrapBP678EDEA64091A38547C602995CFF2564.tmp' to '../../../../../../Users/rifkiadrn/Documents/Unreal Projects/Tutorial2GameDev/Content/2DSideScrollerBP/Blueprints/TrapBP.uasset'
[2017.09.29-11.39.57:647][499]LogFileManager:Warning: DeleteFile was unable to delete '../../../../../../Users/rifkiadrn/Documents/Unreal Projects/Tutorial2GameDev/Content/2DSideScrollerBP/Blueprints/TrapBP.uasset', retrying in .5s...
[2017.09.29-11.39.58:147][499]LogFileManager:Error: Error deleting file '../../../../../../Users/rifkiadrn/Documents/Unreal Projects/Tutorial2GameDev/Content/2DSideScrollerBP/Blueprints/TrapBP.uasset'.
[2017.09.29-11.39.58:147][499]LogSavePackage:Error: Error saving '../../../../../../Users/rifkiadrn/Documents/Unreal Projects/Tutorial2GameDev/Content/2DSideScrollerBP/Blueprints/TrapBP.uasset'
[2017.09.29-11.39.58:150][499]LogSavePackage:Display: Finished SavePackage ../../../../../../Users/rifkiadrn/Documents/Unreal Projects/Tutorial2GameDev/Content/2DSideScrollerBP/Blueprints/TrapBP.uasset
[2017.09.29-11.40.05:713][499]EditorErrors: New page: Save Output
[2017.09.29-11.40.05:713][499]EditorErrors:Warning: Warning Error saving '../../../../../../Users/rifkiadrn/Documents/Unreal Projects/Tutorial2GameDev/Content/2DSideScrollerBP/Blueprints/TrapBP.uasset'
[2017.09.29-11.40.12:452][625]BlueprintLog: New page: Compile TrapBP
[2017.09.29-11.40.14:245][653]LogSavePackage: Save=72.64ms
[2017.09.29-11.40.14:245][653]LogSavePackage: Moving '../../../../../../Users/rifkiadrn/Documents/Unreal Projects/Tutorial2GameDev/Saved/TrapBP577A1CDB4BE87B368E35FC85F74A01D4.tmp' to '../../../../../../Users/rifkiadrn/Documents/Unreal Projects/Tutorial2GameDev/Content/2DSideScrollerBP/Blueprints/TrapBP.uasset'
[2017.09.29-11.40.14:245][653]LogFileManager:Warning: DeleteFile was unable to delete '../../../../../../Users/rifkiadrn/Documents/Unreal Projects/Tutorial2GameDev/Content/2DSideScrollerBP/Blueprints/TrapBP.uasset', retrying in .5s...
[2017.09.29-11.40.14:746][653]LogFileManager:Error: Error deleting file '../../../../../../Users/rifkiadrn/Documents/Unreal Projects/Tutorial2GameDev/Content/2DSideScrollerBP/Blueprints/TrapBP.uasset'.
[2017.09.29-11.40.14:746][653]LogSavePackage:Error: Error saving '../../../../../../Users/rifkiadrn/Documents/Unreal Projects/Tutorial2GameDev/Content/2DSideScrollerBP/Blueprints/TrapBP.uasset'
[2017.09.29-11.40.14:748][653]LogSavePackage:Display: Finished SavePackage ../../../../../../Users/rifkiadrn/Documents/Unreal Projects/Tutorial2GameDev/Content/2DSideScrollerBP/Blueprints/TrapBP.uasset
[2017.09.29-11.40.18:736][653]LogSavePackage: Save=39.70ms
[2017.09.29-11.40.18:736][653]LogSavePackage: Moving '../../../../../../Users/rifkiadrn/Documents/Unreal Projects/Tutorial2GameDev/Saved/TrapBP3F61E1974A3F0B68A443D4B0CFF47392.tmp' to '../../../../../../Users/rifkiadrn/Documents/Unreal Projects/Tutorial2GameDev/Content/2DSideScrollerBP/Blueprints/TrapBP.uasset'
[2017.09.29-11.40.18:737][653]LogFileManager:Warning: DeleteFile was unable to delete '../../../../../../Users/rifkiadrn/Documents/Unreal Projects/Tutorial2GameDev/Content/2DSideScrollerBP/Blueprints/TrapBP.uasset', retrying in .5s...
[2017.09.29-11.40.19:238][653]LogFileManager:Error: Error deleting file '../../../../../../Users/rifkiadrn/Documents/Unreal Projects/Tutorial2GameDev/Content/2DSideScrollerBP/Blueprints/TrapBP.uasset'.
[2017.09.29-11.40.19:238][653]LogSavePackage:Error: Error saving '../../../../../../Users/rifkiadrn/Documents/Unreal Projects/Tutorial2GameDev/Content/2DSideScrollerBP/Blueprints/TrapBP.uasset'
[2017.09.29-11.40.19:240][653]LogSavePackage:Display: Finished SavePackage ../../../../../../Users/rifkiadrn/Documents/Unreal Projects/Tutorial2GameDev/Content/2DSideScrollerBP/Blueprints/TrapBP.uasset
[2017.09.29-11.40.19:998][653]EditorErrors: New page: Save Output
[2017.09.29-11.40.19:998][653]EditorErrors:Warning: Warning Error saving '../../../../../../Users/rifkiadrn/Documents/Unreal Projects/Tutorial2GameDev/Content/2DSideScrollerBP/Blueprints/TrapBP.uasset'
[2017.09.29-11.40.19:998][653]EditorErrors:Warning: Warning Error saving '../../../../../../Users/rifkiadrn/Documents/Unreal Projects/Tutorial2GameDev/Content/2DSideScrollerBP/Blueprints/TrapBP.uasset'
[2017.09.29-11.40.43:841][138]LogSavePackage: Save=44.32ms
[2017.09.29-11.40.43:841][138]LogSavePackage: Moving '../../../../../../Users/rifkiadrn/Documents/Unreal Projects/Tutorial2GameDev/Saved/TrapBPE826EAED4E657ED4127F94975954C43B.tmp' to '../../../../../../Users/rifkiadrn/Documents/Unreal Projects/Tutorial2GameDev/Content/2DSideScrollerBP/Blueprints/TrapBP.uasset'
[2017.09.29-11.40.43:842][138]LogFileManager:Warning: DeleteFile was unable to delete '../../../../../../Users/rifkiadrn/Documents/Unreal Projects/Tutorial2GameDev/Content/2DSideScrollerBP/Blueprints/TrapBP.uasset', retrying in .5s...
[2017.09.29-11.40.44:343][138]LogFileManager:Error: Error deleting file '../../../../../../Users/rifkiadrn/Documents/Unreal Projects/Tutorial2GameDev/Content/2DSideScrollerBP/Blueprints/TrapBP.uasset'.
[2017.09.29-11.40.44:343][138]LogSavePackage:Error: Error saving '../../../../../../Users/rifkiadrn/Documents/Unreal Projects/Tutorial2GameDev/Content/2DSideScrollerBP/Blueprints/TrapBP.uasset'
[2017.09.29-11.40.44:345][138]LogSavePackage:Display: Finished SavePackage ../../../../../../Users/rifkiadrn/Documents/Unreal Projects/Tutorial2GameDev/Content/2DSideScrollerBP/Blueprints/TrapBP.uasset
[2017.09.29-11.40.46:040][138]EditorErrors: New page: Save Output
[2017.09.29-11.40.46:040][138]EditorErrors:Warning: Warning Error saving '../../../../../../Users/rifkiadrn/Documents/Unreal Projects/Tutorial2GameDev/Content/2DSideScrollerBP/Blueprints/TrapBP.uasset'
[2017.09.29-11.40.51:267][235]BlueprintLog: New page: Compile TrapBP
[2017.09.29-11.40.52:579][257]BlueprintLog: New page: Compile TrapBP
[2017.09.29-11.40.53:140][264]BlueprintLog: New page: Compile TrapBP
[2017.09.29-11.40.54:339][283]LogSavePackage: Save=41.44ms
[2017.09.29-11.40.54:339][283]LogSavePackage: Moving '../../../../../../Users/rifkiadrn/Documents/Unreal Projects/Tutorial2GameDev/Saved/TrapBP0D0E829B4FB6A560EE8DEE883FC24E0E.tmp' to '../../../../../../Users/rifkiadrn/Documents/Unreal Projects/Tutorial2GameDev/Content/2DSideScrollerBP/Blueprints/TrapBP.uasset'
[2017.09.29-11.40.54:340][283]LogFileManager:Warning: DeleteFile was unable to delete '../../../../../../Users/rifkiadrn/Documents/Unreal Projects/Tutorial2GameDev/Content/2DSideScrollerBP/Blueprints/TrapBP.uasset', retrying in .5s...
[2017.09.29-11.40.54:840][283]LogFileManager:Error: Error deleting file '../../../../../../Users/rifkiadrn/Documents/Unreal Projects/Tutorial2GameDev/Content/2DSideScrollerBP/Blueprints/TrapBP.uasset'.
[2017.09.29-11.40.54:840][283]LogSavePackage:Error: Error saving '../../../../../../Users/rifkiadrn/Documents/Unreal Projects/Tutorial2GameDev/Content/2DSideScrollerBP/Blueprints/TrapBP.uasset'
[2017.09.29-11.40.54:841][283]LogSavePackage:Display: Finished SavePackage ../../../../../../Users/rifkiadrn/Documents/Unreal Projects/Tutorial2GameDev/Content/2DSideScrollerBP/Blueprints/TrapBP.uasset
[2017.09.29-11.40.58:374][283]EditorErrors: New page: Save Output
[2017.09.29-11.40.58:374][283]EditorErrors:Warning: Warning Error saving '../../../../../../Users/rifkiadrn/Documents/Unreal Projects/Tutorial2GameDev/Content/2DSideScrollerBP/Blueprints/TrapBP.uasset'
[2017.09.29-11.41.11:455][564]BlueprintLog: New page: Compile TrapBP
[2017.09.29-11.41.14:119][619]LogSavePackage: Save=32.32ms
[2017.09.29-11.41.14:119][619]LogSavePackage: Moving '../../../../../../Users/rifkiadrn/Documents/Unreal Projects/Tutorial2GameDev/Saved/TrapBP27850B394054D416E0880FBA27363FFA.tmp' to '../../../../../../Users/rifkiadrn/Documents/Unreal Projects/Tutorial2GameDev/Content/2DSideScrollerBP/Blueprints/TrapBP.uasset'
[2017.09.29-11.41.14:120][619]LogFileManager:Warning: DeleteFile was unable to delete '../../../../../../Users/rifkiadrn/Documents/Unreal Projects/Tutorial2GameDev/Content/2DSideScrollerBP/Blueprints/TrapBP.uasset', retrying in .5s...
[2017.09.29-11.41.14:622][619]LogFileManager:Error: Error deleting file '../../../../../../Users/rifkiadrn/Documents/Unreal Projects/Tutorial2GameDev/Content/2DSideScrollerBP/Blueprints/TrapBP.uasset'.
[2017.09.29-11.41.14:622][619]LogSavePackage:Error: Error saving '../../../../../../Users/rifkiadrn/Documents/Unreal Projects/Tutorial2GameDev/Content/2DSideScrollerBP/Blueprints/TrapBP.uasset'
[2017.09.29-11.41.14:623][619]LogSavePackage:Display: Finished SavePackage ../../../../../../Users/rifkiadrn/Documents/Unreal Projects/Tutorial2GameDev/Content/2DSideScrollerBP/Blueprints/TrapBP.uasset
[2017.09.29-11.41.20:291][619]EditorErrors: New page: Save Output
[2017.09.29-11.41.20:291][619]EditorErrors:Warning: Warning Error saving '../../../../../../Users/rifkiadrn/Documents/Unreal Projects/Tutorial2GameDev/Content/2DSideScrollerBP/Blueprints/TrapBP.uasset'
[2017.09.29-11.41.33:672][ 35]LogEditorActor: Deleted Actor: TrapBP_C
[2017.09.29-11.41.33:706][ 35]LogEditorActor: Deleted 1 Actors (0.035 secs)
[2017.09.29-11.41.37:604][159]LogEditorActor: Deleted Actor: TrapBP_C
[2017.09.29-11.41.37:682][159]LogEditorActor: Deleted 1 Actors (0.078 secs)
[2017.09.29-11.41.51:613][335]LogSavePackage: Save=27.18ms
[2017.09.29-11.41.51:613][335]LogSavePackage: Moving '../../../../../../Users/rifkiadrn/Documents/Unreal Projects/Tutorial2GameDev/Saved/LevelE852670944C15825FB3ED6A4AA52E5DC.tmp' to '../../../../../../Users/rifkiadrn/Documents/Unreal Projects/Tutorial2GameDev/Content/2DSideScrollerBP/Blueprints/Level.umap'
[2017.09.29-11.41.51:621][335]LogSavePackage:Display: Finished SavePackage ../../../../../../Users/rifkiadrn/Documents/Unreal Projects/Tutorial2GameDev/Content/2DSideScrollerBP/Blueprints/Level.umap
[2017.09.29-11.41.51:654][335]LogFileHelpers: Saving map 'Level' took 2.322
[2017.09.29-11.41.51:688][335]LogSavePackage: Save=28.51ms
[2017.09.29-11.41.51:688][335]LogSavePackage: Moving '../../../../../../Users/rifkiadrn/Documents/Unreal Projects/Tutorial2GameDev/Saved/TrapBP1B76C0464FD05390FFE2EFB251D2E4F8.tmp' to '../../../../../../Users/rifkiadrn/Documents/Unreal Projects/Tutorial2GameDev/Content/2DSideScrollerBP/Blueprints/TrapBP.uasset'
[2017.09.29-11.41.51:689][335]LogFileManager:Warning: DeleteFile was unable to delete '../../../../../../Users/rifkiadrn/Documents/Unreal Projects/Tutorial2GameDev/Content/2DSideScrollerBP/Blueprints/TrapBP.uasset', retrying in .5s...
[2017.09.29-11.41.52:189][335]LogFileManager:Error: Error deleting file '../../../../../../Users/rifkiadrn/Documents/Unreal Projects/Tutorial2GameDev/Content/2DSideScrollerBP/Blueprints/TrapBP.uasset'.
[2017.09.29-11.41.52:189][335]LogSavePackage:Error: Error saving '../../../../../../Users/rifkiadrn/Documents/Unreal Projects/Tutorial2GameDev/Content/2DSideScrollerBP/Blueprints/TrapBP.uasset'
[2017.09.29-11.41.52:198][335]LogSavePackage:Display: Finished SavePackage ../../../../../../Users/rifkiadrn/Documents/Unreal Projects/Tutorial2GameDev/Content/2DSideScrollerBP/Blueprints/TrapBP.uasset
[2017.09.29-11.41.58:340][335]LogSavePackage: Save=37.46ms
[2017.09.29-11.41.58:340][335]LogSavePackage: Moving '../../../../../../Users/rifkiadrn/Documents/Unreal Projects/Tutorial2GameDev/Saved/TrapBP3118BC104142C4052FEA44BDFE91F98D.tmp' to '../../../../../../Users/rifkiadrn/Documents/Unreal Projects/Tutorial2GameDev/Content/2DSideScrollerBP/Blueprints/TrapBP.uasset'
[2017.09.29-11.41.58:341][335]LogFileManager:Warning: DeleteFile was unable to delete '../../../../../../Users/rifkiadrn/Documents/Unreal Projects/Tutorial2GameDev/Content/2DSideScrollerBP/Blueprints/TrapBP.uasset', retrying in .5s...
[2017.09.29-11.41.58:841][335]LogFileManager:Error: Error deleting file '../../../../../../Users/rifkiadrn/Documents/Unreal Projects/Tutorial2GameDev/Content/2DSideScrollerBP/Blueprints/TrapBP.uasset'.
[2017.09.29-11.41.58:841][335]LogSavePackage:Error: Error saving '../../../../../../Users/rifkiadrn/Documents/Unreal Projects/Tutorial2GameDev/Content/2DSideScrollerBP/Blueprints/TrapBP.uasset'
[2017.09.29-11.41.58:842][335]LogSavePackage:Display: Finished SavePackage ../../../../../../Users/rifkiadrn/Documents/Unreal Projects/Tutorial2GameDev/Content/2DSideScrollerBP/Blueprints/TrapBP.uasset
[2017.09.29-11.42.00:701][335]EditorErrors: New page: Save Output
[2017.09.29-11.42.00:701][335]EditorErrors:Warning: Warning Error saving '../../../../../../Users/rifkiadrn/Documents/Unreal Projects/Tutorial2GameDev/Content/2DSideScrollerBP/Blueprints/TrapBP.uasset'
[2017.09.29-11.42.00:701][335]EditorErrors:Warning: Warning Error saving '../../../../../../Users/rifkiadrn/Documents/Unreal Projects/Tutorial2GameDev/Content/2DSideScrollerBP/Blueprints/TrapBP.uasset'
[2017.09.29-11.42.18:484][765]LogSavePackage: Save=35.06ms
[2017.09.29-11.42.18:484][765]LogSavePackage: Moving '../../../../../../Users/rifkiadrn/Documents/Unreal Projects/Tutorial2GameDev/Saved/TrapBP62963B9645CC3BA12DDE3488B8BE6E51.tmp' to '../../../../../../Users/rifkiadrn/Documents/Unreal Projects/Tutorial2GameDev/Content/2DSideScrollerBP/Blueprints/TrapBP.uasset'
[2017.09.29-11.42.18:485][765]LogFileManager:Warning: DeleteFile was unable to delete '../../../../../../Users/rifkiadrn/Documents/Unreal Projects/Tutorial2GameDev/Content/2DSideScrollerBP/Blueprints/TrapBP.uasset', retrying in .5s...
[2017.09.29-11.42.18:985][765]LogFileManager:Error: Error deleting file '../../../../../../Users/rifkiadrn/Documents/Unreal Projects/Tutorial2GameDev/Content/2DSideScrollerBP/Blueprints/TrapBP.uasset'.
[2017.09.29-11.42.18:985][765]LogSavePackage:Error: Error saving '../../../../../../Users/rifkiadrn/Documents/Unreal Projects/Tutorial2GameDev/Content/2DSideScrollerBP/Blueprints/TrapBP.uasset'
[2017.09.29-11.42.18:987][765]LogSavePackage:Display: Finished SavePackage ../../../../../../Users/rifkiadrn/Documents/Unreal Projects/Tutorial2GameDev/Content/2DSideScrollerBP/Blueprints/TrapBP.uasset
[2017.09.29-11.42.20:823][765]EditorErrors: New page: Save Output
[2017.09.29-11.42.20:823][765]EditorErrors:Warning: Warning Error saving '../../../../../../Users/rifkiadrn/Documents/Unreal Projects/Tutorial2GameDev/Content/2DSideScrollerBP/Blueprints/TrapBP.uasset'
[2017.09.29-11.42.31:806][906]Cmd: MAP LOAD FILE="../../../../../../Users/rifkiadrn/Documents/Unreal Projects/Tutorial2GameDev/Content/2DSideScrollerBP/Blueprints/Level.umap" TEMPLATE=0 SHOWPROGRESS=1 FEATURELEVEL=3
[2017.09.29-11.42.31:807][906]LightingResults: New page: Lighting Build
[2017.09.29-11.42.31:809][906]LoadErrors: New page: Loading map: Level.umap
[2017.09.29-11.42.31:810][906]MapCheck: New page: Map Check
[2017.09.29-11.42.31:810][906]LightingResults: New page: Lighting Build
[2017.09.29-11.42.31:881][906]LogAIModule: Creating AISystem for world Level
[2017.09.29-11.42.31:889][906]LogEditorServer: Finished looking for orphan Actors (0.000 secs)
[2017.09.29-11.42.31:976][906]Cmd: MAP CHECKDEP NOCLEARLOG
[2017.09.29-11.42.32:064][906]MapCheck: Info Map check complete: 0 Error(s), 0 Warning(s), took 88.741ms to complete.
[2017.09.29-11.42.32:067][906]LogFileHelpers: Loading map 'Level' took 0.262
[2017.09.29-11.42.36:332][970]Cmd: MAP LOAD FILE="../../../../../../Users/rifkiadrn/Documents/Unreal Projects/Tutorial2GameDev/Content/2DSideScrollerBP/Blueprints/Level.umap" TEMPLATE=0 SHOWPROGRESS=1 FEATURELEVEL=3
[2017.09.29-11.42.36:334][970]LightingResults: New page: Lighting Build
[2017.09.29-11.42.36:335][970]LoadErrors: New page: Loading map: Level.umap
[2017.09.29-11.42.36:336][970]MapCheck: New page: Map Check
[2017.09.29-11.42.36:336][970]LightingResults: New page: Lighting Build
[2017.09.29-11.42.36:395][970]LogAIModule: Creating AISystem for world Level
[2017.09.29-11.42.36:404][970]LogEditorServer: Finished looking for orphan Actors (0.000 secs)
[2017.09.29-11.42.36:485][970]Cmd: MAP CHECKDEP NOCLEARLOG
[2017.09.29-11.42.36:565][970]MapCheck: Info Map check complete: 0 Error(s), 0 Warning(s), took 79.557ms to complete.
[2017.09.29-11.42.36:568][970]LogFileHelpers: Loading map 'Level' took 0.238
[2017.09.29-11.42.38:159][ 26]LogTemp: Repeting last play command: Selected Viewport
[2017.09.29-11.42.38:218][ 26]LogPlayLevel: PlayLevel: No blueprints needed recompiling
[2017.09.29-11.42.38:218][ 26]PIE: New page: PIE session: Level (Sep 30, 2017, 1:42:38 AM)
[2017.09.29-11.42.38:218][ 26]LogPlayLevel: Creating play world package: /Game/2DSideScrollerBP/Blueprints/UEDPIE_0_Level
[2017.09.29-11.42.38:219][ 26]LogPlayLevel: PIE: StaticDuplicateObject took: (0.001455s)
[2017.09.29-11.42.38:220][ 26]LogAIModule: Creating AISystem for world Level
[2017.09.29-11.42.38:220][ 26]LogPlayLevel: PIE: World Init took: (0.000978s)
[2017.09.29-11.42.38:221][ 26]LogPlayLevel: PIE: Created PIE world by copying editor world from /Game/2DSideScrollerBP/Blueprints/Level.Level to /Game/2DSideScrollerBP/Blueprints/UEDPIE_0_Level.Level (0.002702s)
[2017.09.29-11.42.38:269][ 26]LogInit: XAudio2 using 'Speakers (Conexant SmartAudio HD)' : 2 channels at 48 kHz using 32 bits per sample (channel mask 0x3)
[2017.09.29-11.42.38:282][ 26]LogInit: FAudioDevice initialized.
[2017.09.29-11.42.38:318][ 26]LogLoad: Game class is 'MyGameMode_C'
[2017.09.29-11.42.38:320][ 26]LogWorld: Bringing World /Game/2DSideScrollerBP/Blueprints/UEDPIE_0_Level.Level up for play (max tick rate 60) at 2017.09.29-18.42.38
[2017.09.29-11.42.38:321][ 26]LogWorld: Bringing up level for play took: 0.002881
[2017.09.29-11.42.38:323][ 26]PIE: Info Play in editor start time for /Game/2DSideScrollerBP/Blueprints/UEDPIE_0_Level -0.712
[2017.09.29-11.42.55:989][463]LogSavePackage: Save=29.73ms
[2017.09.29-11.42.55:989][463]LogSavePackage: Moving '../../../../../../Users/rifkiadrn/Documents/Unreal Projects/Tutorial2GameDev/Saved/TrapBP407BB5984BFB4097D3DCF09D73145C1B.tmp' to '../../../../../../Users/rifkiadrn/Documents/Unreal Projects/Tutorial2GameDev/Content/2DSideScrollerBP/Blueprints/TrapBP.uasset'
[2017.09.29-11.42.55:989][463]LogFileManager:Warning: DeleteFile was unable to delete '../../../../../../Users/rifkiadrn/Documents/Unreal Projects/Tutorial2GameDev/Content/2DSideScrollerBP/Blueprints/TrapBP.uasset', retrying in .5s...
[2017.09.29-11.42.56:490][463]LogFileManager:Error: Error deleting file '../../../../../../Users/rifkiadrn/Documents/Unreal Projects/Tutorial2GameDev/Content/2DSideScrollerBP/Blueprints/TrapBP.uasset'.
[2017.09.29-11.42.56:490][463]LogSavePackage:Error: Error saving '../../../../../../Users/rifkiadrn/Documents/Unreal Projects/Tutorial2GameDev/Content/2DSideScrollerBP/Blueprints/TrapBP.uasset'
[2017.09.29-11.42.56:492][463]LogSavePackage:Display: Finished SavePackage ../../../../../../Users/rifkiadrn/Documents/Unreal Projects/Tutorial2GameDev/Content/2DSideScrollerBP/Blueprints/TrapBP.uasset
[2017.09.29-11.42.58:959][463]EditorErrors: New page: Save Output
[2017.09.29-11.42.58:959][463]EditorErrors:Warning: Warning Error saving '../../../../../../Users/rifkiadrn/Documents/Unreal Projects/Tutorial2GameDev/Content/2DSideScrollerBP/Blueprints/TrapBP.uasset'
[2017.09.29-11.43.40:211][508]LogSavePackage: Save=33.59ms
[2017.09.29-11.43.40:211][508]LogSavePackage: Moving '../../../../../../Users/rifkiadrn/Documents/Unreal Projects/Tutorial2GameDev/Saved/TrapBP419998A54A7B09912E93A08E0B5FFFD0.tmp' to '../../../../../../Users/rifkiadrn/Documents/Unreal Projects/Tutorial2GameDev/Content/2DSideScrollerBP/Blueprints/TrapBP.uasset'
[2017.09.29-11.43.40:212][508]LogFileManager:Warning: DeleteFile was unable to delete '../../../../../../Users/rifkiadrn/Documents/Unreal Projects/Tutorial2GameDev/Content/2DSideScrollerBP/Blueprints/TrapBP.uasset', retrying in .5s...
[2017.09.29-11.43.40:712][508]LogFileManager:Error: Error deleting file '../../../../../../Users/rifkiadrn/Documents/Unreal Projects/Tutorial2GameDev/Content/2DSideScrollerBP/Blueprints/TrapBP.uasset'.
[2017.09.29-11.43.40:712][508]LogSavePackage:Error: Error saving '../../../../../../Users/rifkiadrn/Documents/Unreal Projects/Tutorial2GameDev/Content/2DSideScrollerBP/Blueprints/TrapBP.uasset'
[2017.09.29-11.43.40:713][508]LogSavePackage:Display: Finished SavePackage ../../../../../../Users/rifkiadrn/Documents/Unreal Projects/Tutorial2GameDev/Content/2DSideScrollerBP/Blueprints/TrapBP.uasset
[2017.09.29-11.43.42:509][508]EditorErrors: New page: Save Output
[2017.09.29-11.43.42:509][508]EditorErrors:Warning: Warning Error saving '../../../../../../Users/rifkiadrn/Documents/Unreal Projects/Tutorial2GameDev/Content/2DSideScrollerBP/Blueprints/TrapBP.uasset'
[2017.09.29-11.44.02:077][858]Cmd: QUIT_EDITOR
[2017.09.29-11.44.02:412][858]LogWindowsTextInputMethodSystem:Display: IME system now deactivated.
[2017.09.29-11.44.02:521][858]LogExit: Preparing to exit.
[2017.09.29-11.44.03:279][858]LogDirectoryWatcher: A directory notification for 'C:/Users/rifkiadrn/Documents/Unreal Projects/Tutorial2GameDev/Content/' was aborted.
[2017.09.29-11.44.03:485][858]LogExit: Editor shut down
[2017.09.29-11.44.03:511][858]LogExit: Transaction tracking system shut down
[2017.09.29-11.44.04:122][858]LogObj: Freed 0b from 0 cluster array pools.
[2017.09.29-11.44.04:122][858]LogExit: Object subsystem successfully closed.
[2017.09.29-11.44.04:180][858]LogD3D11RHI: Shutdown
[2017.09.29-11.44.04:187][858]LogD3D11RHI: CleanupD3DDevice
[2017.09.29-11.44.04:454][858]LogD3D11RHI: ~FD3D11DynamicRHI
[2017.09.29-11.44.04:499][858]LogModuleManager: Shutting down and abandoning module BlueprintGraph (530)
[2017.09.29-11.44.04:499][858]LogModuleManager: Shutting down and abandoning module BlueprintProfiler (528)
[2017.09.29-11.44.04:509][858]LogModuleManager: Shutting down and abandoning module MovieSceneCapture (526)
[2017.09.29-11.44.04:509][858]LogModuleManager: Shutting down and abandoning module HierarchicalLODOutliner (524)
[2017.09.29-11.44.04:509][858]LogModuleManager: Shutting down and abandoning module CrashTracker (522)
[2017.09.29-11.44.04:509][858]LogModuleManager: Shutting down and abandoning module SceneOutliner (520)
[2017.09.29-11.44.04:509][858]LogModuleManager: Shutting down and abandoning module AddContentDialog (518)
[2017.09.29-11.44.04:509][858]LogDirectoryWatcher: A directory notification for 'C:/Program Files/Unreal rar/UE_4.16/FeaturePacks/' was aborted.
[2017.09.29-11.44.04:510][858]LogModuleManager: Shutting down and abandoning module WidgetCarousel (517)
[2017.09.29-11.44.04:510][858]LogModuleManager: Shutting down and abandoning module EditorWidgets (514)
[2017.09.29-11.44.04:510][858]LogModuleManager: Shutting down and abandoning module CollectionManager (512)
[2017.09.29-11.44.04:511][858]LogDirectoryWatcher: A directory notification for 'C:/Users/rifkiadrn/Documents/Unreal Projects/Tutorial2GameDev/Content/Collections/' was aborted.
[2017.09.29-11.44.04:511][858]LogDirectoryWatcher: A directory notification for 'C:/Users/rifkiadrn/Documents/Unreal Projects/Tutorial2GameDev/Content/Developers/rifkiadrn/Collections/' was aborted.
[2017.09.29-11.44.04:511][858]LogDirectoryWatcher: A directory notification for 'C:/Users/rifkiadrn/Documents/Unreal Projects/Tutorial2GameDev/Saved/Collections/' was aborted.
[2017.09.29-11.44.04:511][858]LogModuleManager: Shutting down and abandoning module StatsViewer (510)
[2017.09.29-11.44.04:511][858]LogModuleManager: Shutting down and abandoning module FoliageEdit (508)
[2017.09.29-11.44.04:511][858]LogModuleManager: Shutting down and abandoning module LandscapeEditor (506)
[2017.09.29-11.44.04:511][858]LogModuleManager: Shutting down and abandoning module MeshPaintMode (504)
[2017.09.29-11.44.04:511][858]LogModuleManager: Shutting down and abandoning module SceneDepthPickerMode (502)
[2017.09.29-11.44.04:511][858]LogModuleManager: Shutting down and abandoning module ActorPickerMode (500)
[2017.09.29-11.44.04:512][858]LogModuleManager: Shutting down and abandoning module GeometryMode (498)
[2017.09.29-11.44.04:512][858]LogModuleManager: Shutting down and abandoning module TextureAlignMode (496)
[2017.09.29-11.44.04:512][858]LogModuleManager: Shutting down and abandoning module BspMode (494)
[2017.09.29-11.44.04:512][858]LogModuleManager: Shutting down and abandoning module HardwareSurvey (492)
[2017.09.29-11.44.04:512][858]LogModuleManager: Shutting down and abandoning module SequenceRecorderSections (490)
[2017.09.29-11.44.04:512][858]LogModuleManager: Shutting down and abandoning module AutomationWorker (488)
[2017.09.29-11.44.04:512][858]LogModuleManager: Shutting down and abandoning module MatineeToLevelSequence (486)
[2017.09.29-11.44.04:512][858]LogModuleManager: Shutting down and abandoning module LevelSequenceEditor (484)
[2017.09.29-11.44.04:512][858]LogModuleManager: Shutting down and abandoning module PlacementMode (483)
[2017.09.29-11.44.04:512][858]LogModuleManager: Shutting down and abandoning module WmfMediaFactory (480)
[2017.09.29-11.44.04:512][858]LogModuleManager: Shutting down and abandoning module WmfMediaEditor (478)
[2017.09.29-11.44.04:512][858]LogModuleManager: Shutting down and abandoning module AvfMediaFactory (476)
[2017.09.29-11.44.04:512][858]LogModuleManager: Shutting down and abandoning module AvfMediaEditor (474)
[2017.09.29-11.44.04:512][858]LogModuleManager: Shutting down and abandoning module AndroidMediaFactory (472)
[2017.09.29-11.44.04:512][858]LogModuleManager: Shutting down and abandoning module Media (471)
[2017.09.29-11.44.04:512][858]LogModuleManager: Shutting down and abandoning module AndroidMediaEditor (468)
[2017.09.29-11.44.04:512][858]LogModuleManager: Shutting down and abandoning module CharacterAI (466)
[2017.09.29-11.44.04:512][858]LogModuleManager: Shutting down and abandoning module AudioCapture (464)
[2017.09.29-11.44.04:512][858]LogModuleManager: Shutting down and abandoning module SequenceRecorder (463)
[2017.09.29-11.44.04:512][858]LogModuleManager: Shutting down and abandoning module SmartSnapping (460)
[2017.09.29-11.44.04:512][858]LogModuleManager: Shutting down and abandoning module SessionServices (458)
[2017.09.29-11.44.04:512][858]LogModuleManager: Shutting down and abandoning module ViewportSnapping (456)
[2017.09.29-11.44.04:512][858]LogModuleManager: Shutting down and abandoning module ViewportInteraction (454)
[2017.09.29-11.44.04:512][858]LogModuleManager: Shutting down and abandoning module ClothPainter (452)
[2017.09.29-11.44.04:512][858]LogModuleManager: Shutting down and abandoning module LogVisualizer (450)
[2017.09.29-11.44.04:512][858]LogModuleManager: Shutting down and abandoning module IntroTutorials (448)
[2017.09.29-11.44.04:512][858]LogModuleManager: Shutting down and abandoning module GameProjectGeneration (447)
[2017.09.29-11.44.04:512][858]LogModuleManager: Shutting down and abandoning module EditorLiveStreaming (444)
[2017.09.29-11.44.04:512][858]LogModuleManager: Shutting down and abandoning module IOSPlatformEditor (442)
[2017.09.29-11.44.04:512][858]LogModuleManager: Shutting down and abandoning module HTML5PlatformEditor (440)
[2017.09.29-11.44.04:512][858]LogModuleManager: Shutting down and abandoning module AndroidPlatformEditor (438)
[2017.09.29-11.44.04:513][858]LogModuleManager: Shutting down and abandoning module AndroidDeviceDetection (437)
[2017.09.29-11.44.05:303][858]LogModuleManager: Shutting down and abandoning module IOSRuntimeSettings (434)
[2017.09.29-11.44.05:303][858]LogModuleManager: Shutting down and abandoning module AndroidRuntimeSettings (432)
[2017.09.29-11.44.05:303][858]LogModuleManager: Shutting down and abandoning module InputBindingEditor (430)
[2017.09.29-11.44.05:303][858]LogModuleManager: Shutting down and abandoning module MergeActors (428)
[2017.09.29-11.44.05:303][858]LogModuleManager: Shutting down and abandoning module SizeMap (426)
[2017.09.29-11.44.05:303][858]LogModuleManager: Shutting down and abandoning module TreeMap (424)
[2017.09.29-11.44.05:303][858]LogModuleManager: Shutting down and abandoning module ReferenceViewer (422)
[2017.09.29-11.44.05:303][858]LogModuleManager: Shutting down and abandoning module LocalizationDashboard (420)
[2017.09.29-11.44.05:303][858]LogModuleManager: Shutting down and abandoning module LocalizationService (419)
[2017.09.29-11.44.05:303][858]LogModuleManager: Shutting down and abandoning module HardwareTargeting (416)
[2017.09.29-11.44.05:303][858]LogModuleManager: Shutting down and abandoning module DeviceProfileEditor (414)
[2017.09.29-11.44.05:303][858]LogModuleManager: Shutting down and abandoning module UndoHistory (412)
[2017.09.29-11.44.05:304][858]LogModuleManager: Shutting down and abandoning module UserFeedback (410)
[2017.09.29-11.44.05:304][858]LogModuleManager: Shutting down and abandoning module XmlParser (408)
[2017.09.29-11.44.05:304][858]LogModuleManager: Shutting down and abandoning module Blutility (406)
[2017.09.29-11.44.05:304][858]LogModuleManager: Shutting down and abandoning module ProjectSettingsViewer (404)
[2017.09.29-11.44.05:304][858]LogModuleManager: Shutting down and abandoning module ProjectTargetPlatformEditor (403)
[2017.09.29-11.44.05:305][858]LogModuleManager: Shutting down and abandoning module EditorSettingsViewer (400)
[2017.09.29-11.44.05:305][858]LogModuleManager: Shutting down and abandoning module SettingsEditor (398)
[2017.09.29-11.44.05:305][858]LogModuleManager: Shutting down and abandoning module ProjectLauncher (396)
[2017.09.29-11.44.05:305][858]LogModuleManager: Shutting down and abandoning module SessionFrontend (394)
[2017.09.29-11.44.05:305][858]LogModuleManager: Shutting down and abandoning module ProfilerClient (392)
[2017.09.29-11.44.05:305][858]LogModuleManager: Shutting down and abandoning module DeviceManager (390)
[2017.09.29-11.44.05:305][858]LogModuleManager: Shutting down and abandoning module TargetDeviceServices (389)
[2017.09.29-11.44.05:361][858]LogModuleManager: Shutting down and abandoning module AutomationController (386)
[2017.09.29-11.44.05:361][858]LogModuleManager: Shutting down and abandoning module AutomationWindow (384)
[2017.09.29-11.44.05:361][858]LogModuleManager: Shutting down and abandoning module Layers (382)
[2017.09.29-11.44.05:361][858]LogModuleManager: Shutting down and abandoning module ComponentVisualizers (380)
[2017.09.29-11.44.05:361][858]LogModuleManager: Shutting down and abandoning module DetailCustomizations (378)
[2017.09.29-11.44.05:361][858]LogModuleManager: Shutting down and abandoning module PackagesDialog (376)
[2017.09.29-11.44.05:368][858]LogModuleManager: Shutting down and abandoning module Persona (374)
[2017.09.29-11.44.05:369][858]LogModuleManager: Shutting down and abandoning module AdvancedPreviewScene (373)
[2017.09.29-11.44.05:369][858]LogModuleManager: Shutting down and abandoning module AnimGraph (371)
[2017.09.29-11.44.05:369][858]LogModuleManager: Shutting down and abandoning module Kismet (368)
[2017.09.29-11.44.05:403][858]LogModuleManager: Shutting down and abandoning module ClassViewer (366)
[2017.09.29-11.44.05:403][858]LogModuleManager: Shutting down and abandoning module Toolbox (364)
[2017.09.29-11.44.05:403][858]LogModuleManager: Shutting down and abandoning module ModuleUI (362)
[2017.09.29-11.44.05:403][858]LogModuleManager: Shutting down and abandoning module MovieSceneTools (360)
[2017.09.29-11.44.05:403][858]LogModuleManager: Shutting down and abandoning module OutputLog (358)
[2017.09.29-11.44.05:403][858]LogModuleManager: Shutting down and abandoning module GammaUI (356)
[2017.09.29-11.44.05:403][858]LogModuleManager: Shutting down and abandoning module Documentation (354)
[2017.09.29-11.44.05:403][858]LogModuleManager: Shutting down and abandoning module MovieSceneTracks (352)
[2017.09.29-11.44.05:403][858]LogModuleManager: Shutting down and abandoning module MovieScene (350)
[2017.09.29-11.44.05:403][858]LogModuleManager: Shutting down and abandoning module Niagara (348)
[2017.09.29-11.44.05:403][858]LogModuleManager: Shutting down and abandoning module NiagaraEditor (347)
[2017.09.29-11.44.05:404][858]LogModuleManager: Shutting down and abandoning module StreamingPauseRendering (344)
[2017.09.29-11.44.05:404][858]LogModuleManager: Shutting down and abandoning module AnalyticsET (342)
[2017.09.29-11.44.05:404][858]LogModuleManager: Shutting down and abandoning module PortalServices (340)
[2017.09.29-11.44.05:404][858]LogModuleManager: Shutting down and abandoning module PortalRpc (338)
[2017.09.29-11.44.05:404][858]LogModuleManager: Shutting down and abandoning module MessagingRpc (336)
[2017.09.29-11.44.05:404][858]LogModuleManager: Shutting down and abandoning module AIModule (334)
[2017.09.29-11.44.05:404][858]LogModuleManager: Shutting down and abandoning module GameplayDebugger (333)
[2017.09.29-11.44.05:404][858]LogModuleManager: Shutting down and abandoning module AITestSuite (331)
[2017.09.29-11.44.05:404][858]LogModuleManager: Shutting down and abandoning module ProfilerService (328)
[2017.09.29-11.44.05:541][858]LogModuleManager: Shutting down and abandoning module TaskGraph (326)
[2017.09.29-11.44.05:543][858]LogModuleManager: Shutting down and abandoning module SteamVRController (324)
[2017.09.29-11.44.05:544][858]LogModuleManager: Shutting down and abandoning module SteamVR (322)
[2017.09.29-11.44.05:544][858]LogModuleManager: Shutting down and abandoning module ProceduralMeshComponentEditor (320)
[2017.09.29-11.44.05:544][858]LogModuleManager: Shutting down and abandoning module ProceduralMeshComponent (318)
[2017.09.29-11.44.05:544][858]LogModuleManager: Shutting down and abandoning module OculusLibrary (316)
[2017.09.29-11.44.05:544][858]LogModuleManager: Shutting down and abandoning module OculusInput (314)
[2017.09.29-11.44.05:544][858]LogModuleManager: Shutting down and abandoning module MobilePatchingUtils (312)
[2017.09.29-11.44.05:545][858]LogModuleManager: Shutting down and abandoning module CustomMeshComponent (310)
[2017.09.29-11.44.05:545][858]LogModuleManager: Shutting down and abandoning module CableComponent (308)
[2017.09.29-11.44.05:545][858]LogModuleManager: Shutting down and abandoning module ArchVisCharacter (306)
[2017.09.29-11.44.05:545][858]LogModuleManager: Shutting down and abandoning module AndroidPermission (304)
[2017.09.29-11.44.05:545][858]LogModuleManager: Shutting down and abandoning module MediaPlayerEditor (300)
[2017.09.29-11.44.05:545][858]LogModuleManager: Shutting down and abandoning module HTML5Networking (298)
[2017.09.29-11.44.05:546][858]LogModuleManager: Shutting down and abandoning module AlembicImporter (296)
[2017.09.29-11.44.05:546][858]LogModuleManager: Shutting down and abandoning module AlembicLibrary (295)
[2017.09.29-11.44.05:547][858]LogModuleManager: Shutting down and abandoning module GeometryCache (294)
[2017.09.29-11.44.05:547][858]LogModuleManager: Shutting down and abandoning module GeometryCacheEd (293)
[2017.09.29-11.44.05:547][858]LogModuleManager: Shutting down and abandoning module SuperSearchEditor (288)
[2017.09.29-11.44.05:547][858]LogModuleManager: Shutting down and abandoning module SuperSearch (287)
[2017.09.29-11.44.05:547][858]LogModuleManager: Shutting down and abandoning module SpeedTreeImporter (284)
[2017.09.29-11.44.05:547][858]LogModuleManager: Shutting down and abandoning module PluginBrowser (282)
[2017.09.29-11.44.05:548][858]LogModuleManager: Shutting down and abandoning module MobileLauncherProfileWizard (280)
[2017.09.29-11.44.05:548][858]LogModuleManager: Shutting down and abandoning module VisualStudioSourceCodeAccess (278)
[2017.09.29-11.44.05:548][858]LogModuleManager: Shutting down and abandoning module DesktopPlatform (277)
[2017.09.29-11.44.05:548][858]LogModuleManager: Shutting down and abandoning module UObjectPlugin (274)
[2017.09.29-11.44.05:548][858]LogModuleManager: Shutting down and abandoning module SubversionSourceControl (272)
[2017.09.29-11.44.05:548][858]LogModuleManager: Shutting down and abandoning module PerforceSourceControl (270)
[2017.09.29-11.44.05:548][858]LogModuleManager: Shutting down and abandoning module GitSourceControl (268)
[2017.09.29-11.44.05:548][858]LogModuleManager: Shutting down and abandoning module SourceControl (267)
[2017.09.29-11.44.05:549][858]LogModuleManager: Shutting down and abandoning module LightPropagationVolumeEditor (264)
[2017.09.29-11.44.05:549][858]LogModuleManager: Shutting down and abandoning module PaperTiledImporter (262)
[2017.09.29-11.44.05:549][858]LogModuleManager: Shutting down and abandoning module PaperSpriteSheetImporter (260)
[2017.09.29-11.44.05:549][858]LogModuleManager: Shutting down and abandoning module Paper2DEditor (258)
[2017.09.29-11.44.05:550][858]LogModuleManager: Shutting down and abandoning module MeshPaint (257)
[2017.09.29-11.44.05:550][858]LogModuleManager: Shutting down and abandoning module LevelEditor (255)
[2017.09.29-11.44.05:551][858]LogModuleManager: Shutting down and abandoning module PixelInspectorModule (254)
[2017.09.29-11.44.05:551][858]LogModuleManager: Shutting down and abandoning module MainFrame (252)
[2017.09.29-11.44.05:551][858]LogModuleManager: Shutting down and abandoning module HotReload (251)
[2017.09.29-11.44.05:551][858]LogModuleManager: Shutting down and abandoning module PhysXVehiclesEditor (246)
[2017.09.29-11.44.05:551][858]LogModuleManager: Shutting down and abandoning module PhysXVehicles (244)
[2017.09.29-11.44.05:551][858]LogModuleManager: Shutting down and abandoning module LocationServicesBPLibrary (242)
[2017.09.29-11.44.05:551][858]LogModuleManager: Shutting down and abandoning module ImmediatePhysicsEditor (240)
[2017.09.29-11.44.05:551][858]LogModuleManager: Shutting down and abandoning module ImmediatePhysics (238)
[2017.09.29-11.44.05:551][858]LogModuleManager: Shutting down and abandoning module UdpMessaging (236)
[2017.09.29-11.44.05:652][858]LogModuleManager: Shutting down and abandoning module TcpMessaging (234)
[2017.09.29-11.44.05:753][858]LogModuleManager: Shutting down and abandoning module GameplayTagsEditor (232)
[2017.09.29-11.44.05:753][858]LogModuleManager: Shutting down and abandoning module FacialAnimationEditor (230)
[2017.09.29-11.44.05:753][858]LogModuleManager: Shutting down and abandoning module FacialAnimation (228)
[2017.09.29-11.44.05:754][858]LogModuleManager: Shutting down and abandoning module AssetManagerEditor (226)
[2017.09.29-11.44.05:754][858]LogModuleManager: Shutting down and abandoning module GraphEditor (225)
[2017.09.29-11.44.05:755][858]LogModuleManager: Shutting down and abandoning module ContentBrowser (223)
[2017.09.29-11.44.05:762][858]LogModuleManager: Shutting down and abandoning module LightPropagationVolumeRuntime (220)
[2017.09.29-11.44.05:762][858]LogModuleManager: Shutting down and abandoning module Paper2D (218)
[2017.09.29-11.44.05:762][858]LogModuleManager: Shutting down and abandoning module WindowsMoviePlayer (216)
[2017.09.29-11.44.05:763][858]LogModuleManager: Shutting down and abandoning module WmfMedia (214)
[2017.09.29-11.44.05:763][858]LogModuleManager: Shutting down and abandoning module ClothingSystemEditor (212)
[2017.09.29-11.44.05:763][858]LogModuleManager: Shutting down and abandoning module ClothingSystemRuntime (210)
[2017.09.29-11.44.05:763][858]LogModuleManager: Shutting down and abandoning module MediaAssets (208)
[2017.09.29-11.44.05:763][858]LogModuleManager: Shutting down and abandoning module GameLiveStreaming (206)
[2017.09.29-11.44.05:764][858]LogModuleManager: Shutting down and abandoning module VREditor (204)
[2017.09.29-11.44.05:764][858]LogModuleManager: Shutting down and abandoning module StringTableEditor (202)
[2017.09.29-11.44.05:764][858]LogModuleManager: Shutting down and abandoning module GameplayTasksEditor (200)
[2017.09.29-11.44.05:764][858]LogModuleManager: Shutting down and abandoning module BehaviorTreeEditor (198)
[2017.09.29-11.44.05:764][858]LogModuleManager: Shutting down and abandoning module FunctionalTesting (196)
[2017.09.29-11.44.05:765][858]LogModuleManager: Shutting down and abandoning module CollisionAnalyzer (194)
[2017.09.29-11.44.05:765][858]LogModuleManager: Shutting down and abandoning module UMG (192)
[2017.09.29-11.44.05:765][858]LogModuleManager: Shutting down and abandoning module UMGEditor (191)
[2017.09.29-11.44.05:765][858]LogModuleManager: Shutting down and abandoning module Sequencer (190)
[2017.09.29-11.44.05:765][858]LogModuleManager: Shutting down and abandoning module AssetTools (188)
[2017.09.29-11.44.05:766][858]LogModuleManager: Shutting down and abandoning module MessageLog (187)
[2017.09.29-11.44.05:766][858]LogModuleManager: Shutting down and abandoning module WorkspaceMenuStructure (186)
[2017.09.29-11.44.05:766][858]LogModuleManager: Shutting down and abandoning module SlateReflector (180)
[2017.09.29-11.44.05:766][858]LogModuleManager: Shutting down and abandoning module Slate (178)
[2017.09.29-11.44.05:766][858]LogModuleManager: Shutting down and abandoning module EditorStyle (176)
[2017.09.29-11.44.05:790][858]LogModuleManager: Shutting down and abandoning module SourceCodeAccess (174)
[2017.09.29-11.44.05:790][858]LogModuleManager: Shutting down and abandoning module HeadMountedDisplay (172)
[2017.09.29-11.44.05:790][858]LogModuleManager: Shutting down and abandoning module XAudio2 (170)
[2017.09.29-11.44.05:790][858]LogModuleManager: Shutting down and abandoning module Networking (168)
[2017.09.29-11.44.05:790][858]LogModuleManager: Shutting down and abandoning module Core (164)
[2017.09.29-11.44.05:790][858]LogModuleManager: Shutting down and abandoning module AssetRegistry (162)
[2017.09.29-11.44.06:173][858]LogDirectoryWatcher: A directory notification for '../../../Engine/Content/' was aborted.
[2017.09.29-11.44.06:173][858]LogDirectoryWatcher: A directory notification for '../../../../../../Users/rifkiadrn/Documents/Unreal Projects/Tutorial2GameDev/Content/' was aborted.
[2017.09.29-11.44.06:174][858]LogDirectoryWatcher: A directory notification for '../../../Engine/Plugins/2D/Paper2D/Content/' was aborted.
[2017.09.29-11.44.06:174][858]LogDirectoryWatcher: A directory notification for '../../../Engine/Plugins/Runtime/GearVR/Content/' was aborted.
[2017.09.29-11.44.06:182][858]LogModuleManager: Shutting down and abandoning module DirectoryWatcher (161)
[2017.09.29-11.44.06:183][858]LogModuleManager: Shutting down and abandoning module KismetCompiler (158)
[2017.09.29-11.44.06:183][858]LogModuleManager: Shutting down and abandoning module LevelSequence (156)
[2017.09.29-11.44.06:183][858]LogModuleManager: Shutting down and abandoning module PhysXFormats (154)
[2017.09.29-11.44.06:183][858]LogModuleManager: Shutting down and abandoning module MeshUtilities (152)
[2017.09.29-11.44.06:183][858]LogModuleManager: Shutting down and abandoning module SimplygonSwarm (151)
[2017.09.29-11.44.06:184][858]LogModuleManager: Shutting down and abandoning module SimplygonMeshReduction (149)
[2017.09.29-11.44.06:184][858]LogModuleManager: Shutting down and abandoning module QuadricMeshReduction (147)
[2017.09.29-11.44.06:185][858]LogModuleManager: Shutting down and abandoning module DerivedDataCache (144)
[2017.09.29-11.44.06:209][858]LogDerivedDataCache: Shutdown
[2017.09.29-11.44.06:209][858]LogModuleManager: Shutting down and abandoning module TargetPlatform (142)
[2017.09.29-11.44.06:209][858]LogModuleManager: Shutting down and abandoning module VulkanShaderFormat (141)
[2017.09.29-11.44.06:209][858]LogModuleManager: Shutting down and abandoning module ShaderFormatVectorVM (139)
[2017.09.29-11.44.06:210][858]LogModuleManager: Shutting down and abandoning module ShaderFormatOpenGL (137)
[2017.09.29-11.44.06:210][858]LogModuleManager: Shutting down and abandoning module ShaderFormatD3D (135)
[2017.09.29-11.44.06:210][858]LogModuleManager: Shutting down and abandoning module MetalShaderFormat (133)
[2017.09.29-11.44.06:210][858]LogModuleManager: Shutting down and abandoning module TextureFormatUncompressed (131)
[2017.09.29-11.44.06:210][858]LogModuleManager: Shutting down and abandoning module TextureFormatPVR (129)
[2017.09.29-11.44.06:210][858]LogModuleManager: Shutting down and abandoning module TextureFormatDXT (127)
[2017.09.29-11.44.06:210][858]LogModuleManager: Shutting down and abandoning module TextureFormatIntelISPCTexComp (125)
[2017.09.29-11.44.06:210][858]LogModuleManager: Shutting down and abandoning module TextureFormatASTC (123)
[2017.09.29-11.44.06:210][858]LogModuleManager: Shutting down and abandoning module ImageWrapper (122)
[2017.09.29-11.44.06:210][858]LogModuleManager: Shutting down and abandoning module TextureFormatAndroid (119)
[2017.09.29-11.44.06:210][858]LogModuleManager: Shutting down and abandoning module AudioFormatOpus (117)
[2017.09.29-11.44.06:210][858]LogModuleManager: Shutting down and abandoning module AudioFormatOgg (115)
[2017.09.29-11.44.06:210][858]LogModuleManager: Shutting down and abandoning module AudioFormatADPCM (113)
[2017.09.29-11.44.06:211][858]LogModuleManager: Shutting down and abandoning module LinuxTargetPlatform (111)
[2017.09.29-11.44.06:211][858]LogModuleManager: Shutting down and abandoning module LinuxServerTargetPlatform (109)
[2017.09.29-11.44.06:211][858]LogModuleManager: Shutting down and abandoning module LinuxNoEditorTargetPlatform (107)
[2017.09.29-11.44.06:211][858]LogModuleManager: Shutting down and abandoning module LinuxClientTargetPlatform (105)
[2017.09.29-11.44.06:211][858]LogModuleManager: Shutting down and abandoning module TVOSTargetPlatform (103)
[2017.09.29-11.44.06:211][858]LogModuleManager: Shutting down and abandoning module Messaging (101)
[2017.09.29-11.44.06:211][858]LogModuleManager: Shutting down and abandoning module IOSTargetPlatform (99)
[2017.09.29-11.44.06:211][858]LogModuleManager: Shutting down and abandoning module HTML5TargetPlatform (97)
[2017.09.29-11.44.06:211][858]LogModuleManager: Shutting down and abandoning module Android_PVRTCTargetPlatform (95)
[2017.09.29-11.44.06:211][858]LogModuleManager: Shutting down and abandoning module Android_MultiTargetPlatform (93)
[2017.09.29-11.44.06:211][858]LogModuleManager: Shutting down and abandoning module Android_ETC2TargetPlatform (91)
[2017.09.29-11.44.06:212][858]LogModuleManager: Shutting down and abandoning module Android_ETC1TargetPlatform (89)
[2017.09.29-11.44.06:212][858]LogModuleManager: Shutting down and abandoning module Android_DXTTargetPlatform (87)
[2017.09.29-11.44.06:212][858]LogModuleManager: Shutting down and abandoning module Android_ATCTargetPlatform (85)
[2017.09.29-11.44.06:212][858]LogModuleManager: Shutting down and abandoning module Android_ASTCTargetPlatform (83)
[2017.09.29-11.44.06:221][858]LogModuleManager: Shutting down and abandoning module AndroidTargetPlatform (81)
[2017.09.29-11.44.06:221][858]LogModuleManager: Shutting down and abandoning module WindowsTargetPlatform (79)
[2017.09.29-11.44.06:222][858]LogModuleManager: Shutting down and abandoning module WindowsServerTargetPlatform (77)
[2017.09.29-11.44.06:222][858]LogModuleManager: Shutting down and abandoning module WindowsNoEditorTargetPlatform (75)
[2017.09.29-11.44.06:222][858]LogModuleManager: Shutting down and abandoning module WindowsClientTargetPlatform (73)
[2017.09.29-11.44.06:222][858]LogModuleManager: Shutting down and abandoning module MacTargetPlatform (71)
[2017.09.29-11.44.06:222][858]LogModuleManager: Shutting down and abandoning module MacServerTargetPlatform (69)
[2017.09.29-11.44.06:222][858]LogModuleManager: Shutting down and abandoning module MacNoEditorTargetPlatform (67)
[2017.09.29-11.44.06:222][858]LogModuleManager: Shutting down and abandoning module MacClientTargetPlatform (65)
[2017.09.29-11.44.06:222][858]LogModuleManager: Shutting down and abandoning module AllDesktopTargetPlatform (63)
[2017.09.29-11.44.06:222][858]LogModuleManager: Shutting down and abandoning module InputCore (60)
[2017.09.29-11.44.06:222][858]LogModuleManager: Shutting down and abandoning module Settings (58)
[2017.09.29-11.44.06:223][858]LogModuleManager: Shutting down and abandoning module OculusRift (56)
[2017.09.29-11.44.06:223][858]LogModuleManager: Shutting down and abandoning module GearVRController (54)
[2017.09.29-11.44.06:223][858]LogModuleManager: Shutting down and abandoning module GearVR (52)
[2017.09.29-11.44.06:223][858]LogModuleManager: Shutting down and abandoning module ExampleDeviceProfileSelector (50)
[2017.09.29-11.44.06:223][858]LogModuleManager: Shutting down and abandoning module OnlineBlueprintSupport (48)
[2017.09.29-11.44.06:223][858]LogModuleManager: Shutting down and abandoning module OnlineSubsystem (44)
[2017.09.29-11.44.06:223][858]LogOnline:Display: Unloading online subsystem: NULL
[2017.09.29-11.44.06:224][858]LogModuleManager: Shutting down and abandoning module XMPP (43)
[2017.09.29-11.44.06:224][858]LogModuleManager: Shutting down and abandoning module HTTP (41)
[2017.09.29-11.44.06:224][858]LogHttp:Display: Http module shutting down, but needs to wait on 1 outstanding Http requests:
[2017.09.29-11.44.06:224][858]LogHttp:Display: 	verb=[POST] url=[https://datarouter.ol.epicgames.com/datarouter/api/v1/public/data?SessionID=%7B3EA73A47-400E-8630-BC69-95973B7CD1BB%7D&AppID=UEEditor.Rocket.Release&AppVersion=4.16.3-3561208%2B%2B%2BUE4%2BRelease-4.16&UserID=77028a7847445427ba921f816a2c5f83%7C%7C7d36cb8c-10b2-4c52-bd77-5cf9760b728e&AppEnvironment=datacollector-binary&UploadType=eteventstream] status=Processing
[2017.09.29-11.44.06:229][858]LogModuleManager: Shutting down and abandoning module SSL (40)
[2017.09.29-11.44.06:237][858]LogModuleManager: Shutting down and abandoning module HTTPChunkInstaller (36)
[2017.09.29-11.44.06:237][858]LogModuleManager: Shutting down and abandoning module AnimationModifiers (34)
[2017.09.29-11.44.06:237][858]LogModuleManager: Shutting down and abandoning module PropertyEditor (33)
[2017.09.29-11.44.06:237][858]LogModuleManager: Shutting down and abandoning module AudioEditor (30)
[2017.09.29-11.44.06:237][858]LogModuleManager: Shutting down and abandoning module TextureCompressor (28)
[2017.09.29-11.44.06:237][858]LogModuleManager: Shutting down and abandoning module ShaderCore (26)
[2017.09.29-11.44.06:237][858]LogModuleManager: Shutting down and abandoning module Landscape (24)
[2017.09.29-11.44.06:237][858]LogModuleManager: Shutting down and abandoning module SlateRHIRenderer (22)
[2017.09.29-11.44.06:239][858]LogModuleManager: Shutting down and abandoning module OpenGLDrv (20)
[2017.09.29-11.44.06:239][858]LogModuleManager: Shutting down and abandoning module D3D11RHI (18)
[2017.09.29-11.44.06:239][858]LogModuleManager: Shutting down and abandoning module AnimGraphRuntime (16)
[2017.09.29-11.44.06:239][858]LogModuleManager: Shutting down and abandoning module Renderer (14)
[2017.09.29-11.44.06:239][858]LogModuleManager: Shutting down and abandoning module Engine (12)
[2017.09.29-11.44.06:239][858]LogModuleManager: Shutting down and abandoning module CoreUObject (10)
[2017.09.29-11.44.06:239][858]LogModuleManager: Shutting down and abandoning module NetworkFile (8)
[2017.09.29-11.44.06:240][858]LogModuleManager: Shutting down and abandoning module StreamingFile (6)
[2017.09.29-11.44.06:240][858]LogModuleManager: Shutting down and abandoning module SandboxFile (4)
[2017.09.29-11.44.06:240][858]LogModuleManager: Shutting down and abandoning module PakFile (2)
[2017.09.29-11.44.06:243][858]LogExit: Exiting.
[2017.09.29-11.44.06:320][858]Log file closed, 09/29/17 18:44:06
