Log file open, 10/12/17 23:25:39
LogInit:Display: Running engine for game: Rifki_Tutorial2
LogPlatformFile: Not using cached read wrapper
LogInit:Display: RandInit(-793499592) SRandInit(-793499592).
LogTaskGraph: Started task graph with 5 named threads and 6 total threads with 1 sets of task threads.
LogStats: Stats thread started at 0.101983
LogInit: Using libcurl 7.47.1
LogInit:  - built for x86_64-pc-win32
LogInit:  - supports SSL with OpenSSL/1.0.2g
LogInit:  - supports HTTP deflate (compression) using libz 1.2.8
LogInit:  - other features:
LogInit:      CURL_VERSION_SSL
LogInit:      CURL_VERSION_LIBZ
LogInit:      CURL_VERSION_IPV6
LogInit:      CURL_VERSION_ASYNCHDNS
LogInit:      CURL_VERSION_LARGEFILE
LogInit:      CURL_VERSION_IDN
LogInit:  CurlRequestOptions (configurable via config and command line):
LogInit:  - bVerifyPeer = false  - Libcurl will NOT verify peer certificate
LogInit:  - bUseHttpProxy = false  - Libcurl will NOT use HTTP proxy
LogInit:  - bDontReuseConnections = false  - Libcurl will reuse connections
LogInit:  - CertBundlePath = nullptr  - Libcurl will use whatever was configured at build time.
LogInit: Build: ++UE4+Release-4.16-CL-3561208
LogInit: Engine Version: 4.16.3-3561208+++UE4+Release-4.16
LogInit: Compatible Engine Version: 4.16.0-3452394+++UE4+Release-4.16
LogInit: Net CL: 3452394
LogDevObjectVersion: Number of dev versions registered: 16
LogDevObjectVersion:   Dev-Blueprints (B0D832E4-1F89-4F0D-ACCF-7EB736FD4AA2): 9
LogDevObjectVersion:   Dev-Build (E1C64328-A22C-4D53-A36C-8E866417BD8C): 0
LogDevObjectVersion:   Dev-Core (375EC13C-06E4-48FB-B500-84F0262A717E): 2
LogDevObjectVersion:   Dev-Editor (E4B068ED-F494-42E9-A231-DA0B2E46BB41): 17
LogDevObjectVersion:   Dev-Framework (CFFC743F-43B0-4480-9391-14DF171D2073): 23
LogDevObjectVersion:   Dev-Mobile (B02B49B5-BB20-44E9-A304-32B752E40360): 0
LogDevObjectVersion:   Dev-Networking (A4E4105C-59A1-49B5-A7C5-40C4547EDFEE): 0
LogDevObjectVersion:   Dev-Online (39C831C9-5AE6-47DC-9A44-9C173E1C8E7C): 0
LogDevObjectVersion:   Dev-Physics (78F01B33-EBEA-4F98-B9B4-84EACCB95AA2): 0
LogDevObjectVersion:   Dev-Platform (6631380F-2D4D-43E0-8009-CF276956A95A): 0
LogDevObjectVersion:   Dev-Rendering (12F88B9F-8875-4AFC-A67C-D90C383ABD29): 15
LogDevObjectVersion:   Dev-Sequencer (7B5AE74C-D270-4C10-A958-57980B212A5A): 4
LogDevObjectVersion:   Dev-VR (D7296918-1DD6-4BDD-9DE2-64A83CC13884): 0
LogDevObjectVersion:   Dev-LoadTimes (C2A15278-BFE7-4AFE-6C17-90FF531DF755): 1
LogDevObjectVersion:   Private-Geometry (6EACA3D4-40EC-4CC1-B786-8BED09428FC5): 1
LogDevObjectVersion:   Dev-AnimPhys (29E575DD-E0A3-4627-9D10-D276232CDCEA): 3
LogInit: Compiled (64-bit): Jul 28 2017 11:49:47
LogInit: Compiled with Visual C++: 19.00.24215.01
LogInit: Build Configuration: Development
LogInit: Branch Name: ++UE4+Release-4.16
LogInit: Command line: 
LogInit: Base directory: C:/Program Files/Unreal rar/UE_4.16/Engine/Binaries/Win64/
LogInit: Installed Engine Build: 1
LogInit: Presizing for max 8388607 objects, including 0 objects not considered by GC, pre-allocating 0 bytes for permanent pool.
LogInit: Object subsystem initialized
[2017.10.12-16.25.40:312][  0]LogInit: Selected Device Profile: [Windows]
[2017.10.12-16.25.40:312][  0]LogInit: Applying CVar settings loaded from the selected device profile: [Windows]
[2017.10.12-16.25.40:342][  0]LogInit: Computer: HUMANS-PC
[2017.10.12-16.25.40:342][  0]LogInit: User: rifkiadrn
[2017.10.12-16.25.40:342][  0]LogInit: CPU Page size=4096, Cores=2
[2017.10.12-16.25.40:342][  0]LogInit: High frequency timer resolution =2.143472 MHz
[2017.10.12-16.25.40:343][  0]LogMemory: Memory total: Physical=7.9GB (8GB approx)
[2017.10.12-16.25.40:343][  0]LogMemory: Platform Memory Stats for Windows
[2017.10.12-16.25.40:343][  0]LogMemory: Process Physical Memory: 272.84 MB used, 272.84 MB peak
[2017.10.12-16.25.40:343][  0]LogMemory: Process Virtual Memory: 266.62 MB used, 266.62 MB peak
[2017.10.12-16.25.40:343][  0]LogMemory: Physical Memory: 3674.07 MB used,  4417.65 MB free, 8091.72 MB total
[2017.10.12-16.25.40:343][  0]LogMemory: Virtual Memory: 642.16 MB used,  4417.65 MB free, 134217728.00 MB total
[2017.10.12-16.25.40:445][  0]LogInit: Using OS detected language (en-US).
[2017.10.12-16.25.40:445][  0]LogInit: Using OS detected locale (en-US).
[2017.10.12-16.25.40:448][  0]LogTextLocalizationManager: No specific localization for 'en-US' exists, so the 'en' localization will be used.
[2017.10.12-16.25.41:695][  0]LogD3D11RHI: D3D11 adapters:
[2017.10.12-16.25.41:730][  0]LogD3D11RHI:    0. 'NVIDIA GeForce 840M' (Feature Level 11_0)
[2017.10.12-16.25.41:731][  0]LogD3D11RHI:       2019/0/4045 MB DedicatedVideo/DedicatedSystem/SharedSystem, Outputs:1, VendorId:0x10de
[2017.10.12-16.25.41:737][  0]LogD3D11RHI:    1. 'Intel(R) HD Graphics 5500' (Feature Level 11_0)
[2017.10.12-16.25.41:737][  0]LogD3D11RHI:       128/0/4045 MB DedicatedVideo/DedicatedSystem/SharedSystem, Outputs:0, VendorId:0x8086
[2017.10.12-16.25.41:739][  0]LogD3D11RHI:    2. 'Microsoft Basic Render Driver' (Feature Level 11_0)
[2017.10.12-16.25.41:739][  0]LogD3D11RHI:       0/0/4045 MB DedicatedVideo/DedicatedSystem/SharedSystem, Outputs:0, VendorId:0x1414
[2017.10.12-16.25.41:739][  0]LogD3D11RHI: Chosen D3D11 Adapter: 0
[2017.10.12-16.25.41:743][  0]LogD3D11RHI: Creating new Direct3DDevice
[2017.10.12-16.25.41:743][  0]LogD3D11RHI:     GPU DeviceId: 0x1341 (for the marketing name, search the web for "GPU Device Id")
[2017.10.12-16.25.41:743][  0]LogWindows: EnumDisplayDevices:
[2017.10.12-16.25.41:743][  0]LogWindows:    0. 'Intel(R) HD Graphics 5500' (P:1 D:1)
[2017.10.12-16.25.41:743][  0]LogWindows:    1. 'Intel(R) HD Graphics 5500' (P:0 D:0)
[2017.10.12-16.25.41:744][  0]LogWindows:    2. 'Intel(R) HD Graphics 5500' (P:0 D:0)
[2017.10.12-16.25.41:744][  0]LogWindows: DebugString: PrimaryIsNotTheChoosenAdapter PrimaryIsNotTheChoosenAdapter PrimaryIsNotTheChoosenAdapter FoundDriverCount:0 
[2017.10.12-16.25.41:744][  0]LogD3D11RHI:     Adapter Name: NVIDIA GeForce 840M
[2017.10.12-16.25.41:744][  0]LogD3D11RHI:   Driver Version: Unknown (internal:Unknown, unified:Unknown)
[2017.10.12-16.25.41:744][  0]LogD3D11RHI:      Driver Date: Unknown
[2017.10.12-16.25.41:744][  0]LogRHI: Texture pool is 1361 MB (70% of 1945 MB)
[2017.10.12-16.25.41:762][  0]LogD3D11RHI: Async texture creation enabled
[2017.10.12-16.25.41:780][  0]LogD3D11RHI: GPU Timing Frequency: 1000.000000 (Debug: 2 2)
[2017.10.12-16.25.41:781][  0]LogShaderCompilers: Guid format shader working directory is -27 characters bigger than the processId version (../../../../../../Users/rifkiadrn/Documents/Unreal Projects/Tutorial2GameDev/Intermediate/Shaders/WorkingDirectory/11308/).
[2017.10.12-16.25.41:781][  0]LogShaderCompilers: Cleaned the shader compiler working directory 'C:/Users/rifkiadrn/AppData/Local/Temp/UnrealShaderWorkingDir/2C71FD2342CBD8126A120DAA59FE26BB/'.
[2017.10.12-16.25.41:781][  0]LogShaderCompilers:Display: Using Local Shader Compiler.
[2017.10.12-16.25.43:049][  0]LogTemp:Display: Loaded TP AllDesktopTargetPlatform
[2017.10.12-16.25.43:119][  0]LogTemp:Display: Loaded TP MacClientTargetPlatform
[2017.10.12-16.25.43:190][  0]LogTemp:Display: Loaded TP MacNoEditorTargetPlatform
[2017.10.12-16.25.43:260][  0]LogTemp:Display: Loaded TP MacServerTargetPlatform
[2017.10.12-16.25.43:338][  0]LogTemp:Display: Loaded TP MacTargetPlatform
[2017.10.12-16.25.43:409][  0]LogTemp:Display: Loaded TP WindowsClientTargetPlatform
[2017.10.12-16.25.43:480][  0]LogTemp:Display: Loaded TP WindowsNoEditorTargetPlatform
[2017.10.12-16.25.43:553][  0]LogTemp:Display: Loaded TP WindowsServerTargetPlatform
[2017.10.12-16.25.43:615][  0]LogTemp:Display: Loaded TP WindowsTargetPlatform
[2017.10.12-16.25.43:683][  0]LogTemp:Display: Loaded TP AndroidTargetPlatform
[2017.10.12-16.25.43:755][  0]LogTemp:Display: Loaded TP Android_ASTCTargetPlatform
[2017.10.12-16.25.43:823][  0]LogTemp:Display: Loaded TP Android_ATCTargetPlatform
[2017.10.12-16.25.43:891][  0]LogTemp:Display: Loaded TP Android_DXTTargetPlatform
[2017.10.12-16.25.43:960][  0]LogTemp:Display: Loaded TP Android_ETC1TargetPlatform
[2017.10.12-16.25.44:030][  0]LogTemp:Display: Loaded TP Android_ETC2TargetPlatform
[2017.10.12-16.25.44:169][  0]LogTemp:Display: Loaded TP Android_MultiTargetPlatform
[2017.10.12-16.25.44:169][  0]LogTemp:Display: Loaded TP Android_PVRTCTargetPlatform
[2017.10.12-16.25.44:226][  0]LogTemp:Display: Loaded TP HTML5TargetPlatform
[2017.10.12-16.25.44:350][  0]LogTemp:Display: Loaded TP IOSTargetPlatform
[2017.10.12-16.25.44:392][  0]LogTemp:Display: Loaded TP TVOSTargetPlatform
[2017.10.12-16.25.44:462][  0]LogTemp:Display: Loaded TP LinuxClientTargetPlatform
[2017.10.12-16.25.44:532][  0]LogTemp:Display: Loaded TP LinuxNoEditorTargetPlatform
[2017.10.12-16.25.44:600][  0]LogTemp:Display: Loaded TP LinuxServerTargetPlatform
[2017.10.12-16.25.44:669][  0]LogTemp:Display: Loaded TP LinuxTargetPlatform
[2017.10.12-16.25.44:669][  0]LogTargetPlatformManager:Display: Building Assets For Windows
[2017.10.12-16.25.45:390][  0]LogDerivedDataCache:Display: Max Cache Size: 512 MB
[2017.10.12-16.25.45:492][  0]LogDerivedDataCache: Loaded boot cache 0.10s 90MB C:/Users/rifkiadrn/AppData/Local/UnrealEngine/4.16/DerivedDataCache/Boot.ddc.
[2017.10.12-16.25.45:492][  0]LogDerivedDataCache:Display: Loaded Boot cache: C:/Users/rifkiadrn/AppData/Local/UnrealEngine/4.16/DerivedDataCache/Boot.ddc
[2017.10.12-16.25.45:492][  0]LogDerivedDataCache: FDerivedDataBackendGraph:  Pak pak cache file ../../../../../../Users/rifkiadrn/Documents/Unreal Projects/Tutorial2GameDev/DerivedDataCache/DDC.ddp not found, will not use a pak cache.
[2017.10.12-16.25.45:492][  0]LogDerivedDataCache: Unable to find inner node Pak for hierarchical cache Hierarchy.
[2017.10.12-16.25.45:492][  0]LogDerivedDataCache: FDerivedDataBackendGraph:  CompressedPak pak cache file ../../../../../../Users/rifkiadrn/Documents/Unreal Projects/Tutorial2GameDev/DerivedDataCache/Compressed.ddp not found, will not use a pak cache.
[2017.10.12-16.25.45:492][  0]LogDerivedDataCache: Unable to find inner node CompressedPak for hierarchical cache Hierarchy.
[2017.10.12-16.25.45:515][  0]LogDerivedDataCache:Display: Pak cache opened for reading ../../../Engine/DerivedDataCache/Compressed.ddp.
[2017.10.12-16.25.45:529][  0]LogDerivedDataCache: Using Local data cache path C:/Users/rifkiadrn/AppData/Local/UnrealEngine/Common/DerivedDataCache: Writable
[2017.10.12-16.25.45:541][  0]LogMaterial: Verifying Global Shaders for PCD3D_SM5
[2017.10.12-16.25.45:541][  0]LogSlate: Using Freetype 2.6.0
[2017.10.12-16.25.45:542][  0]LogSlate: SlateFontCache - WITH_FREETYPE: 1, WITH_HARFBUZZ: 1
[2017.10.12-16.25.45:542][  0]LogSlate: SlateFontCache - WITH_FREETYPE: 1, WITH_HARFBUZZ: 1
[2017.10.12-16.25.45:931][  0]LogInit: Selected Device Profile: [Windows]
[2017.10.12-16.25.46:020][  0]LogContentStreaming: Texture pool size is 0.00 MB
[2017.10.12-16.25.46:231][  0]LogMeshUtilities: Using QuadricMeshReduction for automatic static mesh reduction
[2017.10.12-16.25.46:294][  0]LogSimplygon: Simplygon DLL not present - disabling.
[2017.10.12-16.25.46:366][  0]LogMeshUtilities: Using SimplygonSwarm for distributed automatic mesh merging
[2017.10.12-16.25.46:366][  0]LogMeshUtilities: No automatic skeletal mesh reduction module available
[2017.10.12-16.25.46:366][  0]LogMeshUtilities: No automatic mesh merging module available
[2017.10.12-16.25.47:149][  0]LogNetVersion: Rifki_Tutorial2 , NetCL: 3452394, EngineNetVer: 2, GameNetVer: 0 (Checksum: 699179107)
[2017.10.12-16.25.47:233][  0]LogAssetRegistry: FAssetRegistry took 0.0274 seconds to start up
[2017.10.12-16.25.47:384][  0]LogPackageLocalizationCache: Processed 4 localized package path(s) for 2 prioritized culture(s) in 0.113499 seconds
[2017.10.12-16.25.47:391][  0]LogUObjectArray: 34194 objects as part of root set at end of initial load.
[2017.10.12-16.25.47:391][  0]LogUObjectAllocator: 7260424 out of 0 bytes used by permanent object pool.
[2017.10.12-16.25.47:391][  0]LogUObjectArray: CloseDisregardForGC: 0/0 objects in disregard for GC pool
[2017.10.12-16.25.47:497][  0]LogInit: WinSock: version 1.1 (2.2), MaxSocks=32767, MaxUdp=65467
[2017.10.12-16.25.50:508][  0]LogWmfMedia: Failed to load mf.dll
[2017.10.12-16.25.50:508][  0]LogWmfMedia: Failed to load required Windows Media Foundation libraries
[2017.10.12-16.25.50:587][  0]LogWindowsMoviePlayer: Could not load mf.dll. Library not found.
[2017.10.12-16.25.50:588][  0]LogWindowsMoviePlayer: Could not load mfplat.dll. Library not found.
[2017.10.12-16.25.50:589][  0]LogWindowsMoviePlayer: Could not load mfplay.dll. Library not found.
[2017.10.12-16.25.51:262][  0]LogTcpMessaging: Initializing TcpMessaging bridge
[2017.10.12-16.25.51:314][  0]LogUdpMessaging: Initializing bridge on interface 0.0.0.0:0 to multicast group 230.0.0.1:6666.
[2017.10.12-16.25.52:032][  0]LogMaterial: Uniform references updated for custom material expression Custom.
[2017.10.12-16.25.52:589][  0]SourceControl: Info Source control is disabled
[2017.10.12-16.25.52:627][  0]SourceControl: Info Source control is disabled
[2017.10.12-16.25.52:696][  0]SourceControl: Info Source control is disabled
[2017.10.12-16.25.52:764][  0]SourceControl: Info Source control is disabled
[2017.10.12-16.25.53:734][  0]LogAndroidPermission: UAndroidPermissionCallbackProxy::GetInstance
[2017.10.12-16.25.54:575][  0]LogEngine: Initializing Engine...
[2017.10.12-16.25.54:576][  0]LogHMD: Failed to initialize OpenVR with code 110
[2017.10.12-16.25.54:825][  0]LogStats: UGameplayTagsManager::ConstructGameplayTagTree: Construct from data asset -  0.000 s
[2017.10.12-16.25.54:825][  0]LogStats: UGameplayTagsManager::ConstructGameplayTagTree: GameplayTagTreeChangedEvent.Broadcast -  0.000 s
[2017.10.12-16.25.55:042][  0]LogAIModule: Creating AISystem for world Untitled
[2017.10.12-16.25.55:048][  0]LogInit: XAudio2 using 'Speakers (Conexant SmartAudio HD)' : 2 channels at 48 kHz using 32 bits per sample (channel mask 0x3)
[2017.10.12-16.25.55:082][  0]LogInit: FAudioDevice initialized.
[2017.10.12-16.25.55:135][  0]LogDerivedDataCache: Saved boot cache 0.05s 90MB C:/Users/rifkiadrn/AppData/Local/UnrealEngine/4.16/DerivedDataCache/Boot.ddc.
[2017.10.12-16.25.55:147][  0]LogInit: Texture streaming: Enabled
[2017.10.12-16.25.55:287][  0]LogEngineSessionManager: EngineSessionManager initialized
[2017.10.12-16.25.55:605][  0]LogInit: Transaction tracking system initialized
[2017.10.12-16.25.56:071][  0]BlueprintLog: New page: Editor Load
[2017.10.12-16.25.57:456][  0]LocalizationService: Info Localization service is disabled
[2017.10.12-16.25.58:444][  0]LogConsoleResponse:Display: 
[2017.10.12-16.25.58:663][  0]LogCook:Display: Max memory allowance for cook 16384mb min free memory 0mb
[2017.10.12-16.25.58:663][  0]LogCook:Display: Mobile HDR setting 1
[2017.10.12-16.25.59:482][  0]LogFileCache: Scanning file cache for directory 'C:/Users/rifkiadrn/Documents/Unreal Projects/Tutorial2GameDev/Content/' took 0.02s
[2017.10.12-16.26.00:226][  0]SourceControl: Info Source control is disabled
[2017.10.12-16.26.00:226][  0]Cmd: MAP LOAD FILE="../../../../../../Users/rifkiadrn/Documents/Unreal Projects/Tutorial2GameDev/Content/2DSideScrollerBP/Maps/2DSideScrollerExampleMap.umap" TEMPLATE=0 SHOWPROGRESS=1 FEATURELEVEL=3
[2017.10.12-16.26.00:311][  0]LightingResults: New page: Lighting Build
[2017.10.12-16.26.00:375][  0]MapCheck: New page: Map Check
[2017.10.12-16.26.00:375][  0]LightingResults: New page: Lighting Build
[2017.10.12-16.26.01:121][  0]LogAIModule: Creating AISystem for world 2DSideScrollerExampleMap
[2017.10.12-16.26.01:128][  0]LogEditorServer: Finished looking for orphan Actors (0.000 secs)
[2017.10.12-16.26.01:161][  0]Cmd: MAP CHECKDEP NOCLEARLOG
[2017.10.12-16.26.01:219][  0]MapCheck: Info Map check complete: 0 Error(s), 0 Warning(s), took 58.605ms to complete.
[2017.10.12-16.26.01:219][  0]LogFileHelpers: Loading map '2DSideScrollerExampleMap' took 0.993
[2017.10.12-16.26.01:280][  0]LogWindowsTextInputMethodSystem:Display: IME system now deactivated.
[2017.10.12-16.26.01:509][  0]LogCollectionManager: Loaded 0 collections in 0.002282 seconds
[2017.10.12-16.26.01:629][  0]LogFileCache: Scanning file cache for directory 'C:/Users/rifkiadrn/Documents/Unreal Projects/Tutorial2GameDev/Saved/Collections/' took 0.01s
[2017.10.12-16.26.01:629][  0]LogFileCache: Scanning file cache for directory 'C:/Users/rifkiadrn/Documents/Unreal Projects/Tutorial2GameDev/Content/Developers/rifkiadrn/Collections/' took 0.01s
[2017.10.12-16.26.01:629][  0]LogFileCache: Scanning file cache for directory 'C:/Users/rifkiadrn/Documents/Unreal Projects/Tutorial2GameDev/Content/Collections/' took 0.01s
[2017.10.12-16.26.01:629][  0]LogCollectionManager: Rebuilt the GUID cache for 0 collections in 0.000002 seconds
[2017.10.12-16.26.01:642][  0]LogContentBrowser: Native class hierarchy populated in 0.0121 seconds. Added 2329 classes and 491 folders.
[2017.10.12-16.26.01:753][  0]LogContentBrowser: Native class hierarchy updated for 'WidgetCarousel' in 0.0006 seconds. Added 0 classes and 0 folders.
[2017.10.12-16.26.03:868][  0]LogContentBrowser: Native class hierarchy updated for 'AddContentDialog' in 0.0007 seconds. Added 0 classes and 0 folders.
[2017.10.12-16.26.03:958][  0]LogContentBrowser: Native class hierarchy updated for 'SceneOutliner' in 0.0007 seconds. Added 1 classes and 2 folders.
[2017.10.12-16.26.04:033][  0]LogCrashTracker: Crashtracker disabled due to settings.
[2017.10.12-16.26.04:039][  0]LogSlate: Took 0.000340 seconds to synchronously load lazily loaded font '../../../Engine/Content/Slate/Fonts/Roboto-Regular.ttf' (155K)
[2017.10.12-16.26.04:042][  0]LogSlate: Took 0.000254 seconds to synchronously load lazily loaded font '../../../Engine/Content/Slate/Fonts/Roboto-Bold.ttf' (160K)
[2017.10.12-16.26.04:057][  0]LogSlate: Took 0.009299 seconds to synchronously load lazily loaded font '../../../Engine/Content/Editor/Slate/Fonts/FontAwesome.ttf' (139K)
[2017.10.12-16.26.04:259][  0]LogRenderer: Reallocating scene render targets to support 856x372 NumSamples 1 (Frame:1).
[2017.10.12-16.26.04:439][  0]LogUObjectGlobals:Warning: Failed to find object 'Class None.'
[2017.10.12-16.26.04:528][  0]LogContentBrowser: Native class hierarchy updated for 'HierarchicalLODOutliner' in 0.0007 seconds. Added 1 classes and 2 folders.
[2017.10.12-16.26.04:528][  0]LogLoad: (Engine Initialization) Total time: 26.90 seconds
[2017.10.12-16.26.04:528][  0]LogLoad: (Engine Initialization) Total Blueprint compile time: 0.10 seconds
[2017.10.12-16.26.04:528][  0]LogExternalProfiler: No external profilers were discovered.  External profiling features will not be available.
[2017.10.12-16.26.04:538][  0]LogOcInput: OculusInput pre-init called
[2017.10.12-16.26.04:538][  0]LogHMD: Starting GearVRController plugin
[2017.10.12-16.26.04:555][  0]LogContentStreaming: Texture pool size now 1000 MB
[2017.10.12-16.26.04:647][  0]LogSlate: Took 0.027827 seconds to synchronously load lazily loaded font '../../../Engine/Content/Slate/Fonts/Roboto-Light.ttf' (159K)
[2017.10.12-16.26.04:693][  1]LogAssetRegistry: Asset discovery search completed in 17.4827 seconds
[2017.10.12-16.26.04:696][  1]LogCollectionManager: Rebuilt the object cache for 0 collections in 0.000000 seconds (found 0 objects)
[2017.10.12-16.26.04:696][  1]LogCollectionManager: Fixed up redirectors for 0 collections in 0.000042 seconds (updated 0 objects)
[2017.10.12-16.35.19:619][625]LogSlate: Took 0.000251 seconds to synchronously load lazily loaded font '../../../Engine/Content/Slate/Fonts/Roboto-Light.ttf' (159K)
[2017.10.12-16.35.19:687][625]LogFactory: FactoryCreateFile: SoundWave with ReimportSoundFactory (0 0 C:\Users\rifkiadrn\Documents\Unreal Projects\coinFX.wav)
[2017.10.12-16.35.19:730][625]LogAudioDerivedData:Display: Building compressed audio format OGG wave coinFX...
[2017.10.12-16.35.19:808][625]LogAudioDerivedData:Warning: Updated SoundWave->RawPCMDataSize during cooking SoundWave /Game/audio/coinFX.coinFX.
[2017.10.12-16.35.35:958][312]LogMaterial: Missing cached shader map for material LayerVisMaterial, compiling. 
[2017.10.12-16.35.36:235][312]LogMaterial: Missing cached shader map for material SelectBrushMaterial, compiling. 
[2017.10.12-16.35.36:316][312]LogMaterial: Missing cached shader map for material SelectBrushMaterial, compiling. 
[2017.10.12-16.35.36:583][312]LogMaterial: Missing cached shader map for material MaskBrushMaterial, compiling. 
[2017.10.12-16.35.36:815][312]LogMaterial: Missing cached shader map for material LandscapeLayerUsageMaterial, compiling. 
[2017.10.12-16.35.37:506][312]LogMaterial: Missing cached shader map for material CircleBrushMaterial, compiling. 
[2017.10.12-16.35.37:551][312]LogMaterial: Missing cached shader map for material CircleBrushMaterial, compiling. 
[2017.10.12-16.35.37:601][312]LogMaterial: Missing cached shader map for material CircleBrushMaterial, compiling. 
[2017.10.12-16.35.37:684][312]LogMaterial: Missing cached shader map for material CircleBrushMaterial, compiling. 
[2017.10.12-16.35.37:820][312]LogMaterial: Missing cached shader map for material AlphaBrushMaterial, compiling. 
[2017.10.12-16.35.37:906][312]LogMaterial: Missing cached shader map for material CircleBrushMaterial, compiling. 
[2017.10.12-16.35.37:986][312]LogMaterial: Missing cached shader map for material MaskBrushMaterial, compiling. 
[2017.10.12-16.35.38:354][312]LogTexture:Display: Building textures: Texture2D_2 (G8, 128X128)
[2017.10.12-16.36.32:144][ 49]LogSlate: Took 0.000300 seconds to synchronously load lazily loaded font '../../../Engine/Content/Slate/Fonts/Roboto-Regular.ttf' (155K)
[2017.10.12-16.36.32:737][ 49]LogContentBrowser: Native class hierarchy updated for 'BlueprintGraph' in 0.0020 seconds. Added 112 classes and 0 folders.
[2017.10.12-16.36.34:905][ 49]LogRenderer: Reallocating scene render targets to support 856x588 NumSamples 1 (Frame:1).
[2017.10.12-16.36.58:950][307]LogSlate: Took 0.051454 seconds to synchronously load lazily loaded font '../../../Engine/Content/Editor/Slate/Fonts/Roboto-Italic.ttf' (157K)
[2017.10.12-16.37.23:052][638]LogSlate: Took 0.000269 seconds to synchronously load lazily loaded font '../../../Engine/Content/Slate/Fonts/Roboto-Light.ttf' (159K)
[2017.10.12-16.37.47:383][970]BlueprintLog: New page: Compile CoinBP
[2017.10.12-16.38.46:058][ 73]LogSavePackage: Save=136.96ms
[2017.10.12-16.38.46:058][ 73]LogSavePackage: Moving '../../../../../../Users/rifkiadrn/Documents/Unreal Projects/Tutorial2GameDev/Saved/2DSideScrollerExampleMap_Auto137F3B92D4AFA0766FD11BC83DBEB87BF.tmp' to '../../../../../../Users/rifkiadrn/Documents/Unreal Projects/Tutorial2GameDev/Saved/Autosaves/Game/2DSideScrollerBP/Maps/2DSideScrollerExampleMap_Auto1.umap'
[2017.10.12-16.38.46:060][ 73]LogSavePackage:Display: Finished SavePackage ../../../../../../Users/rifkiadrn/Documents/Unreal Projects/Tutorial2GameDev/Saved/Autosaves/Game/2DSideScrollerBP/Maps/2DSideScrollerExampleMap_Auto1.umap
[2017.10.12-16.38.46:066][ 73]LogFileHelpers: Editor autosave (incl. sublevels) for '/Game/2DSideScrollerBP/Maps/2DSideScrollerExampleMap' took 0.195
[2017.10.12-16.38.46:066][ 73]LogFileHelpers: Editor autosave (incl. sublevels) for all levels took 0.195
[2017.10.12-16.38.46:088][ 73]OBJ SavePackage: Generating thumbnails for [1] asset(s) in package [/Game/audio/coinFX] ([1] browsable assets)...
[2017.10.12-16.38.46:123][ 73]OBJ SavePackage:     Rendered thumbnail for [SoundWave /Game/audio/coinFX.coinFX]
[2017.10.12-16.38.46:124][ 73]OBJ SavePackage: Finished generating thumbnails for package [/Game/audio/coinFX]
[2017.10.12-16.38.46:149][ 73]LogSavePackage: Save=23.44ms
[2017.10.12-16.38.46:149][ 73]LogSavePackage: Moving '../../../../../../Users/rifkiadrn/Documents/Unreal Projects/Tutorial2GameDev/Saved/coinFX_Auto11145A07C4A5B6EDA619445B2334CD06C.tmp' to '../../../../../../Users/rifkiadrn/Documents/Unreal Projects/Tutorial2GameDev/Saved/Autosaves/Game/audio/coinFX_Auto1.uasset'
[2017.10.12-16.38.46:150][ 73]LogSavePackage:Display: Finished SavePackage ../../../../../../Users/rifkiadrn/Documents/Unreal Projects/Tutorial2GameDev/Saved/Autosaves/Game/audio/coinFX_Auto1.uasset
[2017.10.12-16.38.46:151][ 73]OBJ SavePackage: Generating thumbnails for [0] asset(s) in package [/Game/2DSideScrollerBP/Blueprints/CoinBP] ([1] browsable assets)...
[2017.10.12-16.38.46:151][ 73]OBJ SavePackage: Finished generating thumbnails for package [/Game/2DSideScrollerBP/Blueprints/CoinBP]
[2017.10.12-16.38.46:168][ 73]LogSavePackage: Save=14.99ms
[2017.10.12-16.38.46:168][ 73]LogSavePackage: Moving '../../../../../../Users/rifkiadrn/Documents/Unreal Projects/Tutorial2GameDev/Saved/CoinBP_Auto1B021C6034588F368CC5361B5F3901C65.tmp' to '../../../../../../Users/rifkiadrn/Documents/Unreal Projects/Tutorial2GameDev/Saved/Autosaves/Game/2DSideScrollerBP/Blueprints/CoinBP_Auto1.uasset'
[2017.10.12-16.38.46:169][ 73]LogSavePackage:Display: Finished SavePackage ../../../../../../Users/rifkiadrn/Documents/Unreal Projects/Tutorial2GameDev/Saved/Autosaves/Game/2DSideScrollerBP/Blueprints/CoinBP_Auto1.uasset
[2017.10.12-16.38.46:169][ 73]LogFileHelpers: Auto-saving content packages took 0.102
[2017.10.12-16.39.00:298][500]LogSlate: Took 0.046302 seconds to synchronously load lazily loaded font '../../../Engine/Content/Editor/Slate/Fonts/Roboto-BoldCondensed.ttf' (158K)
[2017.10.12-16.42.25:821][369]LogSavePackage: Save=39.31ms
[2017.10.12-16.42.25:821][369]LogSavePackage: Moving '../../../../../../Users/rifkiadrn/Documents/Unreal Projects/Tutorial2GameDev/Saved/CoinBP9BB726C346C85EA57D271786E2884E8B.tmp' to '../../../../../../Users/rifkiadrn/Documents/Unreal Projects/Tutorial2GameDev/Content/2DSideScrollerBP/Blueprints/CoinBP.uasset'
[2017.10.12-16.42.25:829][369]LogSavePackage:Display: Finished SavePackage ../../../../../../Users/rifkiadrn/Documents/Unreal Projects/Tutorial2GameDev/Content/2DSideScrollerBP/Blueprints/CoinBP.uasset
[2017.10.12-16.42.57:368][265]LogSavePackage: Save=28.49ms
[2017.10.12-16.42.57:368][265]LogSavePackage: Moving '../../../../../../Users/rifkiadrn/Documents/Unreal Projects/Tutorial2GameDev/Saved/CoinBP783DECAA4FBB0D19F1F6BEAD730F9B4B.tmp' to '../../../../../../Users/rifkiadrn/Documents/Unreal Projects/Tutorial2GameDev/Content/2DSideScrollerBP/Blueprints/CoinBP.uasset'
[2017.10.12-16.42.57:373][265]LogSavePackage:Display: Finished SavePackage ../../../../../../Users/rifkiadrn/Documents/Unreal Projects/Tutorial2GameDev/Content/2DSideScrollerBP/Blueprints/CoinBP.uasset
[2017.10.12-16.43.24:438][453]BlueprintLog: New page: Compile CoinBP
[2017.10.12-16.43.26:876][541]LogSavePackage: Save=42.55ms
[2017.10.12-16.43.26:877][541]LogSavePackage: Moving '../../../../../../Users/rifkiadrn/Documents/Unreal Projects/Tutorial2GameDev/Saved/CoinBP15A2020D46C9FDAA5FDB6FAD034083DD.tmp' to '../../../../../../Users/rifkiadrn/Documents/Unreal Projects/Tutorial2GameDev/Content/2DSideScrollerBP/Blueprints/CoinBP.uasset'
[2017.10.12-16.43.26:879][541]LogSavePackage:Display: Finished SavePackage ../../../../../../Users/rifkiadrn/Documents/Unreal Projects/Tutorial2GameDev/Content/2DSideScrollerBP/Blueprints/CoinBP.uasset
[2017.10.12-16.43.36:103][ 23]LogAIModule: Creating AISystem for world Level
[2017.10.12-16.43.38:786][ 23]LogSavePackage: Save=152.37ms
[2017.10.12-16.43.38:786][ 23]LogSavePackage: Moving '../../../../../../Users/rifkiadrn/Documents/Unreal Projects/Tutorial2GameDev/Saved/2DSideScrollerExampleMapDE3DD95947128D3447A2C79052C8AA4C.tmp' to '../../../../../../Users/rifkiadrn/Documents/Unreal Projects/Tutorial2GameDev/Content/2DSideScrollerBP/Maps/2DSideScrollerExampleMap.umap'
[2017.10.12-16.43.38:794][ 23]LogSavePackage:Display: Finished SavePackage ../../../../../../Users/rifkiadrn/Documents/Unreal Projects/Tutorial2GameDev/Content/2DSideScrollerBP/Maps/2DSideScrollerExampleMap.umap
[2017.10.12-16.43.38:820][ 23]LogFileHelpers: Saving map '2DSideScrollerExampleMap' took 0.309
[2017.10.12-16.43.38:829][ 23]Cmd: OBJ SAVEPACKAGE PACKAGE="/Game/audio/coinFX" FILE="../../../../../../Users/rifkiadrn/Documents/Unreal Projects/Tutorial2GameDev/Content/audio/coinFX.uasset" SILENT=true
[2017.10.12-16.43.38:841][ 23]LogSavePackage: Save=9.33ms
[2017.10.12-16.43.38:841][ 23]LogSavePackage: Moving '../../../../../../Users/rifkiadrn/Documents/Unreal Projects/Tutorial2GameDev/Saved/coinFXD237A49648269429EFA679B5944E0220.tmp' to '../../../../../../Users/rifkiadrn/Documents/Unreal Projects/Tutorial2GameDev/Content/audio/coinFX.uasset'
[2017.10.12-16.43.38:849][ 23]LogSavePackage:Display: Finished SavePackage ../../../../../../Users/rifkiadrn/Documents/Unreal Projects/Tutorial2GameDev/Content/audio/coinFX.uasset
[2017.10.12-16.43.38:850][ 23]Cmd: MAP LOAD FILE="../../../../../../Users/rifkiadrn/Documents/Unreal Projects/Tutorial2GameDev/Content/2DSideScrollerBP/Blueprints/Level.umap" TEMPLATE=0 SHOWPROGRESS=1 FEATURELEVEL=3
[2017.10.12-16.43.38:850][ 23]LightingResults: New page: Lighting Build
[2017.10.12-16.43.38:851][ 23]LoadErrors: New page: Loading map: Level.umap
[2017.10.12-16.43.38:851][ 23]MapCheck: New page: Map Check
[2017.10.12-16.43.38:851][ 23]LightingResults: New page: Lighting Build
[2017.10.12-16.43.38:894][ 23]LogEditorServer: Finished looking for orphan Actors (0.000 secs)
[2017.10.12-16.43.38:966][ 23]Cmd: MAP CHECKDEP NOCLEARLOG
[2017.10.12-16.43.39:037][ 23]MapCheck: Info Map check complete: 0 Error(s), 0 Warning(s), took 70.864ms to complete.
[2017.10.12-16.43.39:037][ 23]LogFileHelpers: Loading map 'Level' took 0.188
[2017.10.12-16.44.14:459][945]LogSavePackage: Save=29.86ms
[2017.10.12-16.44.14:459][945]LogSavePackage: Moving '../../../../../../Users/rifkiadrn/Documents/Unreal Projects/Tutorial2GameDev/Saved/Level10E42A29435577D1788980B9021130B2.tmp' to '../../../../../../Users/rifkiadrn/Documents/Unreal Projects/Tutorial2GameDev/Content/2DSideScrollerBP/Blueprints/Level.umap'
[2017.10.12-16.44.14:463][945]LogSavePackage:Display: Finished SavePackage ../../../../../../Users/rifkiadrn/Documents/Unreal Projects/Tutorial2GameDev/Content/2DSideScrollerBP/Blueprints/Level.umap
[2017.10.12-16.44.16:655][ 71]LogTemp: Repeting last play command: Selected Viewport
[2017.10.12-16.44.16:843][ 71]LogPlayLevel: PlayLevel: No blueprints needed recompiling
[2017.10.12-16.44.16:857][ 71]PIE: New page: PIE session: Level (Oct 13, 2017, 6:44:16 AM)
[2017.10.12-16.44.16:857][ 71]LogPlayLevel: Creating play world package: /Game/2DSideScrollerBP/Blueprints/UEDPIE_0_Level
[2017.10.12-16.44.16:859][ 71]LogPlayLevel: PIE: StaticDuplicateObject took: (0.001691s)
[2017.10.12-16.44.16:859][ 71]LogAIModule: Creating AISystem for world Level
[2017.10.12-16.44.16:859][ 71]LogPlayLevel: PIE: World Init took: (0.000822s)
[2017.10.12-16.44.16:859][ 71]LogPlayLevel: PIE: Created PIE world by copying editor world from /Game/2DSideScrollerBP/Blueprints/Level.Level to /Game/2DSideScrollerBP/Blueprints/UEDPIE_0_Level.Level (0.002723s)
[2017.10.12-16.44.16:894][ 71]LogInit: XAudio2 using 'Speakers (Conexant SmartAudio HD)' : 2 channels at 48 kHz using 32 bits per sample (channel mask 0x3)
[2017.10.12-16.44.16:906][ 71]LogInit: FAudioDevice initialized.
[2017.10.12-16.44.16:951][ 71]LogLoad: Game class is 'MyGameMode_C'
[2017.10.12-16.44.16:954][ 71]LogWorld: Bringing World /Game/2DSideScrollerBP/Blueprints/UEDPIE_0_Level.Level up for play (max tick rate 60) at 2017.10.12-23.44.16
[2017.10.12-16.44.16:955][ 71]LogWorld: Bringing up level for play took: 0.003128
[2017.10.12-16.44.17:020][ 71]LogContentBrowser: Native class hierarchy updated for 'MovieSceneCapture' in 0.0007 seconds. Added 11 classes and 0 folders.
[2017.10.12-16.44.17:022][ 71]PIE: Info Play in editor start time for /Game/2DSideScrollerBP/Blueprints/UEDPIE_0_Level -0.381
[2017.10.12-16.48.25:145][586]LogEditorTransaction: Undo Modify Component(s)
[2017.10.12-16.49.08:702][300]BlueprintLog: New page: Compile DoorBP
[2017.10.12-16.49.41:171][948]BlueprintLog: New page: Compile DoorBP
[2017.10.12-16.49.42:318][973]LogSavePackage: Save=26.66ms
[2017.10.12-16.49.42:318][973]LogSavePackage: Moving '../../../../../../Users/rifkiadrn/Documents/Unreal Projects/Tutorial2GameDev/Saved/DoorBPB4A207CE4FA18A039BB3E8A41FD7D3F7.tmp' to '../../../../../../Users/rifkiadrn/Documents/Unreal Projects/Tutorial2GameDev/Content/2DSideScrollerBP/Blueprints/DoorBP.uasset'
[2017.10.12-16.49.42:322][973]LogSavePackage:Display: Finished SavePackage ../../../../../../Users/rifkiadrn/Documents/Unreal Projects/Tutorial2GameDev/Content/2DSideScrollerBP/Blueprints/DoorBP.uasset
[2017.10.12-16.51.22:188][953]BlueprintLog: New page: Compile DoorBP
[2017.10.12-16.51.48:545][229]BlueprintLog: New page: Compile DoorBP
[2017.10.12-16.54.24:263][464]LogFileHelpers: Editor autosave (incl. sublevels) for '/Game/2DSideScrollerBP/Blueprints/Level' took 0.113
[2017.10.12-16.54.24:268][464]OBJ SavePackage: Generating thumbnails for [0] asset(s) in package [/Game/2DSideScrollerBP/Blueprints/DoorBP] ([1] browsable assets)...
[2017.10.12-16.54.24:268][464]OBJ SavePackage: Finished generating thumbnails for package [/Game/2DSideScrollerBP/Blueprints/DoorBP]
[2017.10.12-16.54.24:391][464]LogSavePackage: Save=91.70ms
[2017.10.12-16.54.24:391][464]LogSavePackage: Moving '../../../../../../Users/rifkiadrn/Documents/Unreal Projects/Tutorial2GameDev/Saved/DoorBP_Auto2111D26D34E4DD648B90CFC906B54E576.tmp' to '../../../../../../Users/rifkiadrn/Documents/Unreal Projects/Tutorial2GameDev/Saved/Autosaves/Game/2DSideScrollerBP/Blueprints/DoorBP_Auto2.uasset'
[2017.10.12-16.54.24:398][464]LogSavePackage:Display: Finished SavePackage ../../../../../../Users/rifkiadrn/Documents/Unreal Projects/Tutorial2GameDev/Saved/Autosaves/Game/2DSideScrollerBP/Blueprints/DoorBP_Auto2.uasset
[2017.10.12-16.54.24:398][464]LogFileHelpers: Auto-saving content packages took 0.133
[2017.10.12-16.55.55:171][624]LogSavePackage: Save=56.37ms
[2017.10.12-16.55.55:171][624]LogSavePackage: Moving '../../../../../../Users/rifkiadrn/Documents/Unreal Projects/Tutorial2GameDev/Saved/DoorBP9B98FE8544E688E98850F79C8BF85F66.tmp' to '../../../../../../Users/rifkiadrn/Documents/Unreal Projects/Tutorial2GameDev/Content/2DSideScrollerBP/Blueprints/DoorBP.uasset'
[2017.10.12-16.55.55:181][624]LogSavePackage:Display: Finished SavePackage ../../../../../../Users/rifkiadrn/Documents/Unreal Projects/Tutorial2GameDev/Content/2DSideScrollerBP/Blueprints/DoorBP.uasset
[2017.10.12-16.56.33:893][817]LogSavePackage: Save=66.15ms
[2017.10.12-16.56.33:893][817]LogSavePackage: Moving '../../../../../../Users/rifkiadrn/Documents/Unreal Projects/Tutorial2GameDev/Saved/DoorBP95BC303842FDEAB4128CD799D384ABFD.tmp' to '../../../../../../Users/rifkiadrn/Documents/Unreal Projects/Tutorial2GameDev/Content/2DSideScrollerBP/Blueprints/DoorBP.uasset'
[2017.10.12-16.56.33:902][817]LogSavePackage:Display: Finished SavePackage ../../../../../../Users/rifkiadrn/Documents/Unreal Projects/Tutorial2GameDev/Content/2DSideScrollerBP/Blueprints/DoorBP.uasset
[2017.10.12-16.56.58:134][140]LogSavePackage: Save=65.37ms
[2017.10.12-16.56.58:134][140]LogSavePackage: Moving '../../../../../../Users/rifkiadrn/Documents/Unreal Projects/Tutorial2GameDev/Saved/DoorBPFCA600364DF344303276F293A5BEAF7F.tmp' to '../../../../../../Users/rifkiadrn/Documents/Unreal Projects/Tutorial2GameDev/Content/2DSideScrollerBP/Blueprints/DoorBP.uasset'
[2017.10.12-16.56.58:139][140]LogSavePackage:Display: Finished SavePackage ../../../../../../Users/rifkiadrn/Documents/Unreal Projects/Tutorial2GameDev/Content/2DSideScrollerBP/Blueprints/DoorBP.uasset
[2017.10.12-16.57.44:004][106]BlueprintLog: New page: Compile DoorBP
[2017.10.12-16.57.45:580][150]LogSavePackage: Save=66.73ms
[2017.10.12-16.57.45:580][150]LogSavePackage: Moving '../../../../../../Users/rifkiadrn/Documents/Unreal Projects/Tutorial2GameDev/Saved/DoorBP0014D8794BFA6DBBC51C03BD72F1D8F2.tmp' to '../../../../../../Users/rifkiadrn/Documents/Unreal Projects/Tutorial2GameDev/Content/2DSideScrollerBP/Blueprints/DoorBP.uasset'
[2017.10.12-16.57.45:592][150]LogSavePackage:Display: Finished SavePackage ../../../../../../Users/rifkiadrn/Documents/Unreal Projects/Tutorial2GameDev/Content/2DSideScrollerBP/Blueprints/DoorBP.uasset
[2017.10.12-16.59.00:507][935]LogSavePackage: Save=94.06ms
[2017.10.12-16.59.00:507][935]LogSavePackage: Moving '../../../../../../Users/rifkiadrn/Documents/Unreal Projects/Tutorial2GameDev/Saved/DoorBPBC98060D4B52A55140D933B7545B01B6.tmp' to '../../../../../../Users/rifkiadrn/Documents/Unreal Projects/Tutorial2GameDev/Content/2DSideScrollerBP/Blueprints/DoorBP.uasset'
[2017.10.12-16.59.00:527][935]LogSavePackage:Display: Finished SavePackage ../../../../../../Users/rifkiadrn/Documents/Unreal Projects/Tutorial2GameDev/Content/2DSideScrollerBP/Blueprints/DoorBP.uasset
[2017.10.12-16.59.34:239][781]BlueprintLog: New page: Compile DoorBP
[2017.10.12-16.59.36:517][866]LogSavePackage: Save=83.25ms
[2017.10.12-16.59.36:517][866]LogSavePackage: Moving '../../../../../../Users/rifkiadrn/Documents/Unreal Projects/Tutorial2GameDev/Saved/DoorBP1E674C4C49D6C8400C078E835D1976F4.tmp' to '../../../../../../Users/rifkiadrn/Documents/Unreal Projects/Tutorial2GameDev/Content/2DSideScrollerBP/Blueprints/DoorBP.uasset'
[2017.10.12-16.59.36:527][866]LogSavePackage:Display: Finished SavePackage ../../../../../../Users/rifkiadrn/Documents/Unreal Projects/Tutorial2GameDev/Content/2DSideScrollerBP/Blueprints/DoorBP.uasset
[2017.10.12-17.00.44:874][339]LogSlate: Took 0.065629 seconds to synchronously load lazily loaded font '../../../Engine/Content/Editor/Slate/Fonts/Roboto-BoldCondensedItalic.ttf' (160K)
[2017.10.12-17.01.22:639][848]BlueprintLog: New page: Compile DoorBP
[2017.10.12-17.04.35:791][571]LogFileHelpers: Editor autosave (incl. sublevels) for '/Game/2DSideScrollerBP/Blueprints/Level' took 0.113
[2017.10.12-17.04.35:798][571]OBJ SavePackage: Generating thumbnails for [0] asset(s) in package [/Game/2DSideScrollerBP/Blueprints/DoorBP] ([1] browsable assets)...
[2017.10.12-17.04.35:798][571]OBJ SavePackage: Finished generating thumbnails for package [/Game/2DSideScrollerBP/Blueprints/DoorBP]
[2017.10.12-17.04.35:936][571]LogSavePackage: Save=122.36ms
[2017.10.12-17.04.35:936][571]LogSavePackage: Moving '../../../../../../Users/rifkiadrn/Documents/Unreal Projects/Tutorial2GameDev/Saved/DoorBP_Auto3860C62294F77F0EDEF7D099B45FEFFEF.tmp' to '../../../../../../Users/rifkiadrn/Documents/Unreal Projects/Tutorial2GameDev/Saved/Autosaves/Game/2DSideScrollerBP/Blueprints/DoorBP_Auto3.uasset'
[2017.10.12-17.04.35:941][571]LogSavePackage:Display: Finished SavePackage ../../../../../../Users/rifkiadrn/Documents/Unreal Projects/Tutorial2GameDev/Saved/Autosaves/Game/2DSideScrollerBP/Blueprints/DoorBP_Auto3.uasset
[2017.10.12-17.04.35:941][571]LogFileHelpers: Auto-saving content packages took 0.146
[2017.10.12-17.07.29:625][367]BlueprintLog: New page: Compile DoorBP
[2017.10.12-17.07.31:343][421]LogSavePackage: Save=133.75ms
[2017.10.12-17.07.31:343][421]LogSavePackage: Moving '../../../../../../Users/rifkiadrn/Documents/Unreal Projects/Tutorial2GameDev/Saved/DoorBP457D6ECF48F6341EE44F69823241F90A.tmp' to '../../../../../../Users/rifkiadrn/Documents/Unreal Projects/Tutorial2GameDev/Content/2DSideScrollerBP/Blueprints/DoorBP.uasset'
[2017.10.12-17.07.31:353][421]LogSavePackage:Display: Finished SavePackage ../../../../../../Users/rifkiadrn/Documents/Unreal Projects/Tutorial2GameDev/Content/2DSideScrollerBP/Blueprints/DoorBP.uasset
[2017.10.12-17.08.28:104][358]LogSavePackage: Save=77.98ms
[2017.10.12-17.08.28:104][358]LogSavePackage: Moving '../../../../../../Users/rifkiadrn/Documents/Unreal Projects/Tutorial2GameDev/Saved/Level2ACBD1404E05CC2AAF609B8164E73575.tmp' to '../../../../../../Users/rifkiadrn/Documents/Unreal Projects/Tutorial2GameDev/Content/2DSideScrollerBP/Blueprints/Level.umap'
[2017.10.12-17.08.28:115][358]LogSavePackage:Display: Finished SavePackage ../../../../../../Users/rifkiadrn/Documents/Unreal Projects/Tutorial2GameDev/Content/2DSideScrollerBP/Blueprints/Level.umap
[2017.10.12-17.08.29:828][466]LogTemp: Repeting last play command: Selected Viewport
[2017.10.12-17.08.29:874][466]LogPlayLevel: PlayLevel: No blueprints needed recompiling
[2017.10.12-17.08.29:874][466]PIE: New page: PIE session: Level (Oct 13, 2017, 7:08:29 AM)
[2017.10.12-17.08.29:875][466]LogPlayLevel: Creating play world package: /Game/2DSideScrollerBP/Blueprints/UEDPIE_0_Level
[2017.10.12-17.08.29:879][466]LogPlayLevel: PIE: StaticDuplicateObject took: (0.004251s)
[2017.10.12-17.08.29:880][466]LogAIModule: Creating AISystem for world Level
[2017.10.12-17.08.29:881][466]LogPlayLevel: PIE: World Init took: (0.002016s)
[2017.10.12-17.08.29:881][466]LogPlayLevel: PIE: Created PIE world by copying editor world from /Game/2DSideScrollerBP/Blueprints/Level.Level to /Game/2DSideScrollerBP/Blueprints/UEDPIE_0_Level.Level (0.006736s)
[2017.10.12-17.08.29:966][466]LogInit: XAudio2 using 'Speakers (Conexant SmartAudio HD)' : 2 channels at 48 kHz using 32 bits per sample (channel mask 0x3)
[2017.10.12-17.08.29:991][466]LogInit: FAudioDevice initialized.
[2017.10.12-17.08.30:031][466]LogLoad: Game class is 'MyGameMode_C'
[2017.10.12-17.08.30:036][466]LogWorld: Bringing World /Game/2DSideScrollerBP/Blueprints/UEDPIE_0_Level.Level up for play (max tick rate 0) at 2017.10.13-00.08.30
[2017.10.12-17.08.30:061][466]LogWorld: Bringing up level for play took: 0.028947
[2017.10.12-17.08.30:064][466]PIE: Info Play in editor start time for /Game/2DSideScrollerBP/Blueprints/UEDPIE_0_Level 0.661
[2017.10.12-17.08.35:942][903]LogTemp: Repeting last play command: Selected Viewport
[2017.10.12-17.08.35:985][903]LogPlayLevel: PlayLevel: No blueprints needed recompiling
[2017.10.12-17.08.35:985][903]PIE: New page: PIE session: Level (Oct 13, 2017, 7:08:35 AM)
[2017.10.12-17.08.35:986][903]LogPlayLevel: Creating play world package: /Game/2DSideScrollerBP/Blueprints/UEDPIE_0_Level
[2017.10.12-17.08.35:991][903]LogPlayLevel: PIE: StaticDuplicateObject took: (0.004852s)
[2017.10.12-17.08.35:992][903]LogAIModule: Creating AISystem for world Level
[2017.10.12-17.08.35:992][903]LogPlayLevel: PIE: World Init took: (0.001680s)
[2017.10.12-17.08.35:993][903]LogPlayLevel: PIE: Created PIE world by copying editor world from /Game/2DSideScrollerBP/Blueprints/Level.Level to /Game/2DSideScrollerBP/Blueprints/UEDPIE_0_Level.Level (0.007064s)
[2017.10.12-17.08.36:083][903]LogInit: XAudio2 using 'Speakers (Conexant SmartAudio HD)' : 2 channels at 48 kHz using 32 bits per sample (channel mask 0x3)
[2017.10.12-17.08.36:105][903]LogInit: FAudioDevice initialized.
[2017.10.12-17.08.36:145][903]LogLoad: Game class is 'MyGameMode_C'
[2017.10.12-17.08.36:150][903]LogWorld: Bringing World /Game/2DSideScrollerBP/Blueprints/UEDPIE_0_Level.Level up for play (max tick rate 0) at 2017.10.13-00.08.36
[2017.10.12-17.08.36:152][903]LogWorld: Bringing up level for play took: 0.005196
[2017.10.12-17.08.36:155][903]PIE: Info Play in editor start time for /Game/2DSideScrollerBP/Blueprints/UEDPIE_0_Level 0.752
[2017.10.12-17.09.35:668][293]LogEditorViewport: Clicking on Actor (LMB): DoorBP_C (DoorBP)
[2017.10.12-17.09.38:553][496]Cmd: SELECT NONE
[2017.10.12-17.09.39:588][584]LogEditorViewport: Clicking on Actor (LMB): DoorBP_C (DoorBP)
[2017.10.12-17.09.49:185][217]LogEditorViewport: Clicking Background
[2017.10.12-17.10.16:741][205]LogSavePackage: Save=76.69ms
[2017.10.12-17.10.16:741][205]LogSavePackage: Moving '../../../../../../Users/rifkiadrn/Documents/Unreal Projects/Tutorial2GameDev/Saved/LevelCB1428AD4583AA50DDC4E5AE4586CE4B.tmp' to '../../../../../../Users/rifkiadrn/Documents/Unreal Projects/Tutorial2GameDev/Content/2DSideScrollerBP/Blueprints/Level.umap'
[2017.10.12-17.10.16:745][205]LogSavePackage:Display: Finished SavePackage ../../../../../../Users/rifkiadrn/Documents/Unreal Projects/Tutorial2GameDev/Content/2DSideScrollerBP/Blueprints/Level.umap
[2017.10.12-17.10.17:947][276]LogTemp: Repeting last play command: Selected Viewport
[2017.10.12-17.10.17:993][276]LogPlayLevel: PlayLevel: No blueprints needed recompiling
[2017.10.12-17.10.17:993][276]PIE: New page: PIE session: Level (Oct 13, 2017, 7:10:17 AM)
[2017.10.12-17.10.17:993][276]LogPlayLevel: Creating play world package: /Game/2DSideScrollerBP/Blueprints/UEDPIE_0_Level
[2017.10.12-17.10.17:998][276]LogPlayLevel: PIE: StaticDuplicateObject took: (0.004299s)
[2017.10.12-17.10.17:999][276]LogAIModule: Creating AISystem for world Level
[2017.10.12-17.10.18:000][276]LogPlayLevel: PIE: World Init took: (0.002087s)
[2017.10.12-17.10.18:000][276]LogPlayLevel: PIE: Created PIE world by copying editor world from /Game/2DSideScrollerBP/Blueprints/Level.Level to /Game/2DSideScrollerBP/Blueprints/UEDPIE_0_Level.Level (0.006914s)
[2017.10.12-17.10.18:080][276]LogInit: XAudio2 using 'Speakers (Conexant SmartAudio HD)' : 2 channels at 48 kHz using 32 bits per sample (channel mask 0x3)
[2017.10.12-17.10.18:109][276]LogInit: FAudioDevice initialized.
[2017.10.12-17.10.18:156][276]LogLoad: Game class is 'MyGameMode_C'
[2017.10.12-17.10.18:162][276]LogWorld: Bringing World /Game/2DSideScrollerBP/Blueprints/UEDPIE_0_Level.Level up for play (max tick rate 0) at 2017.10.13-00.10.18
[2017.10.12-17.10.18:164][276]LogWorld: Bringing up level for play took: 0.007056
[2017.10.12-17.10.18:168][276]PIE: Info Play in editor start time for /Game/2DSideScrollerBP/Blueprints/UEDPIE_0_Level 0.765
[2017.10.12-17.14.18:980][902]LogSavePackage: Save=79.07ms
[2017.10.12-17.14.18:980][902]LogSavePackage: Moving '../../../../../../Users/rifkiadrn/Documents/Unreal Projects/Tutorial2GameDev/Saved/LevelA335FD3245C95A87970DF5AFA2E6AD45.tmp' to '../../../../../../Users/rifkiadrn/Documents/Unreal Projects/Tutorial2GameDev/Content/2DSideScrollerBP/Blueprints/Level.umap'
[2017.10.12-17.14.18:985][902]LogSavePackage:Display: Finished SavePackage ../../../../../../Users/rifkiadrn/Documents/Unreal Projects/Tutorial2GameDev/Content/2DSideScrollerBP/Blueprints/Level.umap
[2017.10.12-17.14.21:513][ 46]LogTemp: Repeting last play command: Selected Viewport
[2017.10.12-17.14.21:557][ 46]LogPlayLevel: PlayLevel: No blueprints needed recompiling
[2017.10.12-17.14.21:558][ 46]PIE: New page: PIE session: Level (Oct 13, 2017, 7:14:21 AM)
[2017.10.12-17.14.21:558][ 46]LogPlayLevel: Creating play world package: /Game/2DSideScrollerBP/Blueprints/UEDPIE_0_Level
[2017.10.12-17.14.21:562][ 46]LogPlayLevel: PIE: StaticDuplicateObject took: (0.004338s)
[2017.10.12-17.14.21:564][ 46]LogAIModule: Creating AISystem for world Level
[2017.10.12-17.14.21:564][ 46]LogPlayLevel: PIE: World Init took: (0.001779s)
[2017.10.12-17.14.21:565][ 46]LogPlayLevel: PIE: Created PIE world by copying editor world from /Game/2DSideScrollerBP/Blueprints/Level.Level to /Game/2DSideScrollerBP/Blueprints/UEDPIE_0_Level.Level (0.006646s)
[2017.10.12-17.14.21:652][ 46]LogInit: XAudio2 using 'Speakers (Conexant SmartAudio HD)' : 2 channels at 48 kHz using 32 bits per sample (channel mask 0x3)
[2017.10.12-17.14.21:675][ 46]LogInit: FAudioDevice initialized.
[2017.10.12-17.14.21:718][ 46]LogLoad: Game class is 'MyGameMode_C'
[2017.10.12-17.14.21:723][ 46]LogWorld: Bringing World /Game/2DSideScrollerBP/Blueprints/UEDPIE_0_Level.Level up for play (max tick rate 60) at 2017.10.13-00.14.21
[2017.10.12-17.14.21:725][ 46]LogWorld: Bringing up level for play took: 0.006071
[2017.10.12-17.14.21:729][ 46]PIE: Info Play in editor start time for /Game/2DSideScrollerBP/Blueprints/UEDPIE_0_Level 0.326
[2017.10.12-17.14.51:238][790]Cmd: TRANSACTION UNDO
[2017.10.12-17.14.51:238][790]LogEditorTransaction: Undo Marquee Select
[2017.10.12-17.15.02:531][432]LogEditorViewport: Clicking on Actor (LMB): PaperTileMapActor (spritesheet-32x-trans_TileMap)
[2017.10.12-17.15.03:855][504]LogEditorViewport: Clicking on Actor (LMB): PaperTileMapActor (spritesheet-32x-trans_TileMap)
[2017.10.12-17.15.04:756][556]LogEditorViewport: Clicking on Actor (LMB): DoorBP_C (DoorBP)
[2017.10.12-17.15.25:888][771]LogEditorViewport: Clicking Background
[2017.10.12-17.15.30:312][ 35]LogEditorViewport: Clicking on Actor (LMB): PaperTileMapActor (spritesheet-32x-trans_TileMap)
[2017.10.12-17.15.31:352][ 83]LogEditorViewport: Clicking on Actor (LMB): PaperTileMapActor (spritesheet-32x-trans_TileMap)
[2017.10.12-17.15.32:254][135]LogEditorViewport: Clicking on Actor (LMB): PaperTileMapActor (spritesheet-32x-trans_TileMap)
[2017.10.12-17.15.33:091][183]LogEditorViewport: Clicking on Actor (LMB): PaperTileMapActor (spritesheet-32x-trans_TileMap)
[2017.10.12-17.15.33:176][186]LogEditorViewport: Clicking on Component (LMB): PaperTileMapComponent (RenderComponent)
[2017.10.12-17.15.33:808][215]LogEditorViewport: Clicking on Component (LMB): PaperTileMapComponent (RenderComponent)
[2017.10.12-17.15.33:903][219]LogEditorViewport: Clicking on Actor (double click): PaperTileMapActor (spritesheet-32x-trans_TileMap)
[2017.10.12-17.15.48:427][ 68]LogSavePackage: Save=78.73ms
[2017.10.12-17.15.48:427][ 68]LogSavePackage: Moving '../../../../../../Users/rifkiadrn/Documents/Unreal Projects/Tutorial2GameDev/Saved/Level07036F7A47695BB5429686B9A7469FE1.tmp' to '../../../../../../Users/rifkiadrn/Documents/Unreal Projects/Tutorial2GameDev/Content/2DSideScrollerBP/Blueprints/Level.umap'
[2017.10.12-17.15.48:437][ 68]LogSavePackage:Display: Finished SavePackage ../../../../../../Users/rifkiadrn/Documents/Unreal Projects/Tutorial2GameDev/Content/2DSideScrollerBP/Blueprints/Level.umap
[2017.10.12-17.15.50:224][167]LogTemp: Repeting last play command: Selected Viewport
[2017.10.12-17.15.50:268][167]LogPlayLevel: PlayLevel: No blueprints needed recompiling
[2017.10.12-17.15.50:269][167]PIE: New page: PIE session: Level (Oct 13, 2017, 7:15:50 AM)
[2017.10.12-17.15.50:269][167]LogPlayLevel: Creating play world package: /Game/2DSideScrollerBP/Blueprints/UEDPIE_0_Level
[2017.10.12-17.15.50:273][167]LogPlayLevel: PIE: StaticDuplicateObject took: (0.004015s)
[2017.10.12-17.15.50:274][167]LogAIModule: Creating AISystem for world Level
[2017.10.12-17.15.50:275][167]LogPlayLevel: PIE: World Init took: (0.001762s)
[2017.10.12-17.15.50:275][167]LogPlayLevel: PIE: Created PIE world by copying editor world from /Game/2DSideScrollerBP/Blueprints/Level.Level to /Game/2DSideScrollerBP/Blueprints/UEDPIE_0_Level.Level (0.006239s)
[2017.10.12-17.15.50:370][167]LogInit: XAudio2 using 'Speakers (Conexant SmartAudio HD)' : 2 channels at 48 kHz using 32 bits per sample (channel mask 0x3)
[2017.10.12-17.15.50:394][167]LogInit: FAudioDevice initialized.
[2017.10.12-17.15.50:436][167]LogLoad: Game class is 'MyGameMode_C'
[2017.10.12-17.15.50:441][167]LogWorld: Bringing World /Game/2DSideScrollerBP/Blueprints/UEDPIE_0_Level.Level up for play (max tick rate 60) at 2017.10.13-00.15.50
[2017.10.12-17.15.50:466][167]LogWorld: Bringing up level for play took: 0.028055
[2017.10.12-17.15.50:470][167]PIE: Info Play in editor start time for /Game/2DSideScrollerBP/Blueprints/UEDPIE_0_Level 1.067
[2017.10.12-17.15.57:733][582]LogTemp: Repeting last play command: Selected Viewport
[2017.10.12-17.15.57:777][582]LogPlayLevel: PlayLevel: No blueprints needed recompiling
[2017.10.12-17.15.57:778][582]PIE: New page: PIE session: Level (Oct 13, 2017, 7:15:57 AM)
[2017.10.12-17.15.57:778][582]LogPlayLevel: Creating play world package: /Game/2DSideScrollerBP/Blueprints/UEDPIE_0_Level
[2017.10.12-17.15.57:782][582]LogPlayLevel: PIE: StaticDuplicateObject took: (0.003823s)
[2017.10.12-17.15.57:783][582]LogAIModule: Creating AISystem for world Level
[2017.10.12-17.15.57:783][582]LogPlayLevel: PIE: World Init took: (0.001586s)
[2017.10.12-17.15.57:784][582]LogPlayLevel: PIE: Created PIE world by copying editor world from /Game/2DSideScrollerBP/Blueprints/Level.Level to /Game/2DSideScrollerBP/Blueprints/UEDPIE_0_Level.Level (0.005879s)
[2017.10.12-17.15.57:875][582]LogInit: XAudio2 using 'Speakers (Conexant SmartAudio HD)' : 2 channels at 48 kHz using 32 bits per sample (channel mask 0x3)
[2017.10.12-17.15.57:897][582]LogInit: FAudioDevice initialized.
[2017.10.12-17.15.57:940][582]LogLoad: Game class is 'MyGameMode_C'
[2017.10.12-17.15.57:945][582]LogWorld: Bringing World /Game/2DSideScrollerBP/Blueprints/UEDPIE_0_Level.Level up for play (max tick rate 60) at 2017.10.13-00.15.57
[2017.10.12-17.15.57:947][582]LogWorld: Bringing up level for play took: 0.005492
[2017.10.12-17.15.57:950][582]PIE: Info Play in editor start time for /Game/2DSideScrollerBP/Blueprints/UEDPIE_0_Level 0.547
[2017.10.12-17.16.03:721][906]LogTemp: Repeting last play command: Selected Viewport
[2017.10.12-17.16.03:765][906]LogPlayLevel: PlayLevel: No blueprints needed recompiling
[2017.10.12-17.16.03:765][906]PIE: New page: PIE session: Level (Oct 13, 2017, 7:16:03 AM)
[2017.10.12-17.16.03:765][906]LogPlayLevel: Creating play world package: /Game/2DSideScrollerBP/Blueprints/UEDPIE_0_Level
[2017.10.12-17.16.03:770][906]LogPlayLevel: PIE: StaticDuplicateObject took: (0.004552s)
[2017.10.12-17.16.03:771][906]LogAIModule: Creating AISystem for world Level
[2017.10.12-17.16.03:771][906]LogPlayLevel: PIE: World Init took: (0.001574s)
[2017.10.12-17.16.03:772][906]LogPlayLevel: PIE: Created PIE world by copying editor world from /Game/2DSideScrollerBP/Blueprints/Level.Level to /Game/2DSideScrollerBP/Blueprints/UEDPIE_0_Level.Level (0.006617s)
[2017.10.12-17.16.03:855][906]LogInit: XAudio2 using 'Speakers (Conexant SmartAudio HD)' : 2 channels at 48 kHz using 32 bits per sample (channel mask 0x3)
[2017.10.12-17.16.03:878][906]LogInit: FAudioDevice initialized.
[2017.10.12-17.16.03:918][906]LogLoad: Game class is 'MyGameMode_C'
[2017.10.12-17.16.03:923][906]LogWorld: Bringing World /Game/2DSideScrollerBP/Blueprints/UEDPIE_0_Level.Level up for play (max tick rate 60) at 2017.10.13-00.16.03
[2017.10.12-17.16.03:925][906]LogWorld: Bringing up level for play took: 0.005435
[2017.10.12-17.16.03:928][906]PIE: Info Play in editor start time for /Game/2DSideScrollerBP/Blueprints/UEDPIE_0_Level 0.525
[2017.10.12-17.16.10:032][243]Cmd: SELECT NONE
[2017.10.12-17.16.16:171][611]LogTemp: Repeting last play command: Selected Viewport
[2017.10.12-17.16.16:213][611]LogPlayLevel: PlayLevel: No blueprints needed recompiling
[2017.10.12-17.16.16:213][611]PIE: New page: PIE session: Level (Oct 13, 2017, 7:16:16 AM)
[2017.10.12-17.16.16:213][611]LogPlayLevel: Creating play world package: /Game/2DSideScrollerBP/Blueprints/UEDPIE_0_Level
[2017.10.12-17.16.16:217][611]LogPlayLevel: PIE: StaticDuplicateObject took: (0.003870s)
[2017.10.12-17.16.16:218][611]LogAIModule: Creating AISystem for world Level
[2017.10.12-17.16.16:219][611]LogPlayLevel: PIE: World Init took: (0.001535s)
[2017.10.12-17.16.16:219][611]LogPlayLevel: PIE: Created PIE world by copying editor world from /Game/2DSideScrollerBP/Blueprints/Level.Level to /Game/2DSideScrollerBP/Blueprints/UEDPIE_0_Level.Level (0.006004s)
[2017.10.12-17.16.16:299][611]LogInit: XAudio2 using 'Speakers (Conexant SmartAudio HD)' : 2 channels at 48 kHz using 32 bits per sample (channel mask 0x3)
[2017.10.12-17.16.16:322][611]LogInit: FAudioDevice initialized.
[2017.10.12-17.16.16:363][611]LogLoad: Game class is 'MyGameMode_C'
[2017.10.12-17.16.16:368][611]LogWorld: Bringing World /Game/2DSideScrollerBP/Blueprints/UEDPIE_0_Level.Level up for play (max tick rate 60) at 2017.10.13-00.16.16
[2017.10.12-17.16.16:370][611]LogWorld: Bringing up level for play took: 0.005766
[2017.10.12-17.16.16:373][611]PIE: Info Play in editor start time for /Game/2DSideScrollerBP/Blueprints/UEDPIE_0_Level 0.97
[2017.10.12-17.16.31:247][483]Cmd: SELECT NONE
[2017.10.12-17.16.33:573][611]LogSavePackage: Save=76.83ms
[2017.10.12-17.16.33:573][611]LogSavePackage: Moving '../../../../../../Users/rifkiadrn/Documents/Unreal Projects/Tutorial2GameDev/Saved/Level5240C14B455E842C74F8BFB7F18FCF31.tmp' to '../../../../../../Users/rifkiadrn/Documents/Unreal Projects/Tutorial2GameDev/Content/2DSideScrollerBP/Blueprints/Level.umap'
[2017.10.12-17.16.33:577][611]LogSavePackage:Display: Finished SavePackage ../../../../../../Users/rifkiadrn/Documents/Unreal Projects/Tutorial2GameDev/Content/2DSideScrollerBP/Blueprints/Level.umap
[2017.10.12-17.18.23:158][341]LogAIModule: Creating AISystem for world 2DSideScrollerExampleMap
[2017.10.12-17.18.23:244][341]Cmd: MAP LOAD FILE="../../../../../../Users/rifkiadrn/Documents/Unreal Projects/Tutorial2GameDev/Content/2DSideScrollerBP/Maps/2DSideScrollerExampleMap.umap" TEMPLATE=0 SHOWPROGRESS=1 FEATURELEVEL=3
[2017.10.12-17.18.23:245][341]LightingResults: New page: Lighting Build
[2017.10.12-17.18.23:246][341]LoadErrors: New page: Loading map: 2DSideScrollerExampleMap.umap
[2017.10.12-17.18.23:248][341]MapCheck: New page: Map Check
[2017.10.12-17.18.23:248][341]LightingResults: New page: Lighting Build
[2017.10.12-17.18.23:330][341]LogEditorServer: Finished looking for orphan Actors (0.000 secs)
[2017.10.12-17.18.23:474][341]Cmd: MAP CHECKDEP NOCLEARLOG
[2017.10.12-17.18.23:656][341]MapCheck: Info Map check complete: 0 Error(s), 0 Warning(s), took 181.304ms to complete.
[2017.10.12-17.18.23:657][341]LogFileHelpers: Loading map '2DSideScrollerExampleMap' took 0.414
[2017.10.12-17.18.34:957][993]LogRenderer: Reallocating scene render targets to support 856x612 NumSamples 1 (Frame:1).
[2017.10.12-17.18.49:077][580]Cmd: QUIT_EDITOR
[2017.10.12-17.18.49:212][580]LogWindowsTextInputMethodSystem:Display: IME system now deactivated.
[2017.10.12-17.18.49:248][580]LogExit: Preparing to exit.
[2017.10.12-17.18.50:176][580]LogDirectoryWatcher: A directory notification for 'C:/Users/rifkiadrn/Documents/Unreal Projects/Tutorial2GameDev/Content/' was aborted.
[2017.10.12-17.18.50:490][580]LogExit: Editor shut down
[2017.10.12-17.18.50:595][580]LogExit: Transaction tracking system shut down
[2017.10.12-17.18.51:059][580]LogObj: Freed 0b from 0 cluster array pools.
[2017.10.12-17.18.51:062][580]LogExit: Object subsystem successfully closed.
[2017.10.12-17.18.51:111][580]LogD3D11RHI: Shutdown
[2017.10.12-17.18.51:112][580]LogD3D11RHI: CleanupD3DDevice
[2017.10.12-17.18.51:418][580]LogD3D11RHI: ~FD3D11DynamicRHI
[2017.10.12-17.18.51:546][580]LogModuleManager: Shutting down and abandoning module MovieSceneCapture (530)
[2017.10.12-17.18.51:546][580]LogModuleManager: Shutting down and abandoning module BlueprintGraph (528)
[2017.10.12-17.18.51:546][580]LogModuleManager: Shutting down and abandoning module BlueprintProfiler (526)
[2017.10.12-17.18.51:547][580]LogModuleManager: Shutting down and abandoning module HierarchicalLODOutliner (524)
[2017.10.12-17.18.51:547][580]LogModuleManager: Shutting down and abandoning module CrashTracker (522)
[2017.10.12-17.18.51:547][580]LogModuleManager: Shutting down and abandoning module SceneOutliner (520)
[2017.10.12-17.18.51:547][580]LogModuleManager: Shutting down and abandoning module AddContentDialog (518)
[2017.10.12-17.18.51:547][580]LogDirectoryWatcher: A directory notification for 'C:/Program Files/Unreal rar/UE_4.16/FeaturePacks/' was aborted.
[2017.10.12-17.18.51:565][580]LogModuleManager: Shutting down and abandoning module WidgetCarousel (517)
[2017.10.12-17.18.51:566][580]LogModuleManager: Shutting down and abandoning module EditorWidgets (514)
[2017.10.12-17.18.51:566][580]LogModuleManager: Shutting down and abandoning module CollectionManager (512)
[2017.10.12-17.18.51:566][580]LogDirectoryWatcher: A directory notification for 'C:/Users/rifkiadrn/Documents/Unreal Projects/Tutorial2GameDev/Content/Collections/' was aborted.
[2017.10.12-17.18.51:567][580]LogDirectoryWatcher: A directory notification for 'C:/Users/rifkiadrn/Documents/Unreal Projects/Tutorial2GameDev/Content/Developers/rifkiadrn/Collections/' was aborted.
[2017.10.12-17.18.51:567][580]LogDirectoryWatcher: A directory notification for 'C:/Users/rifkiadrn/Documents/Unreal Projects/Tutorial2GameDev/Saved/Collections/' was aborted.
[2017.10.12-17.18.51:567][580]LogModuleManager: Shutting down and abandoning module StatsViewer (510)
[2017.10.12-17.18.51:567][580]LogModuleManager: Shutting down and abandoning module FoliageEdit (508)
[2017.10.12-17.18.51:567][580]LogModuleManager: Shutting down and abandoning module LandscapeEditor (506)
[2017.10.12-17.18.51:567][580]LogModuleManager: Shutting down and abandoning module MeshPaintMode (504)
[2017.10.12-17.18.51:567][580]LogModuleManager: Shutting down and abandoning module SceneDepthPickerMode (502)
[2017.10.12-17.18.51:567][580]LogModuleManager: Shutting down and abandoning module ActorPickerMode (500)
[2017.10.12-17.18.51:567][580]LogModuleManager: Shutting down and abandoning module GeometryMode (498)
[2017.10.12-17.18.51:567][580]LogModuleManager: Shutting down and abandoning module TextureAlignMode (496)
[2017.10.12-17.18.51:567][580]LogModuleManager: Shutting down and abandoning module BspMode (494)
[2017.10.12-17.18.51:567][580]LogModuleManager: Shutting down and abandoning module HardwareSurvey (492)
[2017.10.12-17.18.51:567][580]LogModuleManager: Shutting down and abandoning module SequenceRecorderSections (490)
[2017.10.12-17.18.51:567][580]LogModuleManager: Shutting down and abandoning module AutomationWorker (488)
[2017.10.12-17.18.51:567][580]LogModuleManager: Shutting down and abandoning module MatineeToLevelSequence (486)
[2017.10.12-17.18.51:568][580]LogModuleManager: Shutting down and abandoning module LevelSequenceEditor (484)
[2017.10.12-17.18.51:568][580]LogModuleManager: Shutting down and abandoning module PlacementMode (483)
[2017.10.12-17.18.51:568][580]LogModuleManager: Shutting down and abandoning module WmfMediaFactory (480)
[2017.10.12-17.18.51:568][580]LogModuleManager: Shutting down and abandoning module WmfMediaEditor (478)
[2017.10.12-17.18.51:568][580]LogModuleManager: Shutting down and abandoning module AvfMediaFactory (476)
[2017.10.12-17.18.51:568][580]LogModuleManager: Shutting down and abandoning module AvfMediaEditor (474)
[2017.10.12-17.18.51:569][580]LogModuleManager: Shutting down and abandoning module AndroidMediaFactory (472)
[2017.10.12-17.18.51:569][580]LogModuleManager: Shutting down and abandoning module Media (471)
[2017.10.12-17.18.51:569][580]LogModuleManager: Shutting down and abandoning module AndroidMediaEditor (468)
[2017.10.12-17.18.51:569][580]LogModuleManager: Shutting down and abandoning module CharacterAI (466)
[2017.10.12-17.18.51:569][580]LogModuleManager: Shutting down and abandoning module AudioCapture (464)
[2017.10.12-17.18.51:569][580]LogModuleManager: Shutting down and abandoning module SequenceRecorder (463)
[2017.10.12-17.18.51:569][580]LogModuleManager: Shutting down and abandoning module SmartSnapping (460)
[2017.10.12-17.18.51:569][580]LogModuleManager: Shutting down and abandoning module SessionServices (458)
[2017.10.12-17.18.51:569][580]LogModuleManager: Shutting down and abandoning module ViewportSnapping (456)
[2017.10.12-17.18.51:569][580]LogModuleManager: Shutting down and abandoning module ViewportInteraction (454)
[2017.10.12-17.18.51:569][580]LogModuleManager: Shutting down and abandoning module ClothPainter (452)
[2017.10.12-17.18.51:569][580]LogModuleManager: Shutting down and abandoning module LogVisualizer (450)
[2017.10.12-17.18.51:569][580]LogModuleManager: Shutting down and abandoning module IntroTutorials (448)
[2017.10.12-17.18.51:570][580]LogModuleManager: Shutting down and abandoning module GameProjectGeneration (447)
[2017.10.12-17.18.51:570][580]LogModuleManager: Shutting down and abandoning module EditorLiveStreaming (444)
[2017.10.12-17.18.51:570][580]LogModuleManager: Shutting down and abandoning module IOSPlatformEditor (442)
[2017.10.12-17.18.51:570][580]LogModuleManager: Shutting down and abandoning module HTML5PlatformEditor (440)
[2017.10.12-17.18.51:570][580]LogModuleManager: Shutting down and abandoning module AndroidPlatformEditor (438)
[2017.10.12-17.18.51:570][580]LogModuleManager: Shutting down and abandoning module AndroidDeviceDetection (437)
[2017.10.12-17.18.52:153][580]LogModuleManager: Shutting down and abandoning module IOSRuntimeSettings (434)
[2017.10.12-17.18.52:153][580]LogModuleManager: Shutting down and abandoning module AndroidRuntimeSettings (432)
[2017.10.12-17.18.52:153][580]LogModuleManager: Shutting down and abandoning module InputBindingEditor (430)
[2017.10.12-17.18.52:153][580]LogModuleManager: Shutting down and abandoning module MergeActors (428)
[2017.10.12-17.18.52:153][580]LogModuleManager: Shutting down and abandoning module SizeMap (426)
[2017.10.12-17.18.52:153][580]LogModuleManager: Shutting down and abandoning module TreeMap (424)
[2017.10.12-17.18.52:153][580]LogModuleManager: Shutting down and abandoning module ReferenceViewer (422)
[2017.10.12-17.18.52:153][580]LogModuleManager: Shutting down and abandoning module LocalizationDashboard (420)
[2017.10.12-17.18.52:153][580]LogModuleManager: Shutting down and abandoning module LocalizationService (419)
[2017.10.12-17.18.52:153][580]LogModuleManager: Shutting down and abandoning module HardwareTargeting (416)
[2017.10.12-17.18.52:153][580]LogModuleManager: Shutting down and abandoning module DeviceProfileEditor (414)
[2017.10.12-17.18.52:153][580]LogModuleManager: Shutting down and abandoning module UndoHistory (412)
[2017.10.12-17.18.52:153][580]LogModuleManager: Shutting down and abandoning module UserFeedback (410)
[2017.10.12-17.18.52:154][580]LogModuleManager: Shutting down and abandoning module XmlParser (408)
[2017.10.12-17.18.52:154][580]LogModuleManager: Shutting down and abandoning module Blutility (406)
[2017.10.12-17.18.52:154][580]LogModuleManager: Shutting down and abandoning module ProjectSettingsViewer (404)
[2017.10.12-17.18.52:154][580]LogModuleManager: Shutting down and abandoning module ProjectTargetPlatformEditor (403)
[2017.10.12-17.18.52:155][580]LogModuleManager: Shutting down and abandoning module EditorSettingsViewer (400)
[2017.10.12-17.18.52:156][580]LogModuleManager: Shutting down and abandoning module SettingsEditor (398)
[2017.10.12-17.18.52:156][580]LogModuleManager: Shutting down and abandoning module ProjectLauncher (396)
[2017.10.12-17.18.52:156][580]LogModuleManager: Shutting down and abandoning module SessionFrontend (394)
[2017.10.12-17.18.52:156][580]LogModuleManager: Shutting down and abandoning module ProfilerClient (392)
[2017.10.12-17.18.52:156][580]LogModuleManager: Shutting down and abandoning module DeviceManager (390)
[2017.10.12-17.18.52:156][580]LogModuleManager: Shutting down and abandoning module TargetDeviceServices (389)
[2017.10.12-17.18.52:222][580]LogModuleManager: Shutting down and abandoning module AutomationController (386)
[2017.10.12-17.18.52:222][580]LogModuleManager: Shutting down and abandoning module AutomationWindow (384)
[2017.10.12-17.18.52:222][580]LogModuleManager: Shutting down and abandoning module Layers (382)
[2017.10.12-17.18.52:222][580]LogModuleManager: Shutting down and abandoning module ComponentVisualizers (380)
[2017.10.12-17.18.52:222][580]LogModuleManager: Shutting down and abandoning module DetailCustomizations (378)
[2017.10.12-17.18.52:223][580]LogModuleManager: Shutting down and abandoning module PackagesDialog (376)
[2017.10.12-17.18.52:223][580]LogModuleManager: Shutting down and abandoning module Persona (374)
[2017.10.12-17.18.52:223][580]LogModuleManager: Shutting down and abandoning module AdvancedPreviewScene (373)
[2017.10.12-17.18.52:223][580]LogModuleManager: Shutting down and abandoning module AnimGraph (371)
[2017.10.12-17.18.52:223][580]LogModuleManager: Shutting down and abandoning module Kismet (368)
[2017.10.12-17.18.52:248][580]LogModuleManager: Shutting down and abandoning module ClassViewer (366)
[2017.10.12-17.18.52:252][580]LogModuleManager: Shutting down and abandoning module Toolbox (364)
[2017.10.12-17.18.52:252][580]LogModuleManager: Shutting down and abandoning module ModuleUI (362)
[2017.10.12-17.18.52:253][580]LogModuleManager: Shutting down and abandoning module MovieSceneTools (360)
[2017.10.12-17.18.52:253][580]LogModuleManager: Shutting down and abandoning module OutputLog (358)
[2017.10.12-17.18.52:253][580]LogModuleManager: Shutting down and abandoning module GammaUI (356)
[2017.10.12-17.18.52:253][580]LogModuleManager: Shutting down and abandoning module Documentation (354)
[2017.10.12-17.18.52:254][580]LogModuleManager: Shutting down and abandoning module MovieSceneTracks (352)
[2017.10.12-17.18.52:254][580]LogModuleManager: Shutting down and abandoning module MovieScene (350)
[2017.10.12-17.18.52:254][580]LogModuleManager: Shutting down and abandoning module Niagara (348)
[2017.10.12-17.18.52:254][580]LogModuleManager: Shutting down and abandoning module NiagaraEditor (347)
[2017.10.12-17.18.52:254][580]LogModuleManager: Shutting down and abandoning module StreamingPauseRendering (344)
[2017.10.12-17.18.52:254][580]LogModuleManager: Shutting down and abandoning module AnalyticsET (342)
[2017.10.12-17.18.52:254][580]LogModuleManager: Shutting down and abandoning module PortalServices (340)
[2017.10.12-17.18.52:254][580]LogModuleManager: Shutting down and abandoning module PortalRpc (338)
[2017.10.12-17.18.52:254][580]LogModuleManager: Shutting down and abandoning module MessagingRpc (336)
[2017.10.12-17.18.52:254][580]LogModuleManager: Shutting down and abandoning module AIModule (334)
[2017.10.12-17.18.52:254][580]LogModuleManager: Shutting down and abandoning module GameplayDebugger (333)
[2017.10.12-17.18.52:254][580]LogModuleManager: Shutting down and abandoning module AITestSuite (331)
[2017.10.12-17.18.52:254][580]LogModuleManager: Shutting down and abandoning module ProfilerService (328)
[2017.10.12-17.18.52:326][580]LogModuleManager: Shutting down and abandoning module TaskGraph (326)
[2017.10.12-17.18.52:326][580]LogModuleManager: Shutting down and abandoning module SteamVRController (324)
[2017.10.12-17.18.52:326][580]LogModuleManager: Shutting down and abandoning module SteamVR (322)
[2017.10.12-17.18.52:326][580]LogModuleManager: Shutting down and abandoning module ProceduralMeshComponentEditor (320)
[2017.10.12-17.18.52:326][580]LogModuleManager: Shutting down and abandoning module ProceduralMeshComponent (318)
[2017.10.12-17.18.52:326][580]LogModuleManager: Shutting down and abandoning module OculusLibrary (316)
[2017.10.12-17.18.52:327][580]LogModuleManager: Shutting down and abandoning module OculusInput (314)
[2017.10.12-17.18.52:327][580]LogModuleManager: Shutting down and abandoning module MobilePatchingUtils (312)
[2017.10.12-17.18.52:327][580]LogModuleManager: Shutting down and abandoning module CustomMeshComponent (310)
[2017.10.12-17.18.52:327][580]LogModuleManager: Shutting down and abandoning module CableComponent (308)
[2017.10.12-17.18.52:327][580]LogModuleManager: Shutting down and abandoning module ArchVisCharacter (306)
[2017.10.12-17.18.52:327][580]LogModuleManager: Shutting down and abandoning module AndroidPermission (304)
[2017.10.12-17.18.52:327][580]LogModuleManager: Shutting down and abandoning module MediaPlayerEditor (300)
[2017.10.12-17.18.52:327][580]LogModuleManager: Shutting down and abandoning module HTML5Networking (298)
[2017.10.12-17.18.52:327][580]LogModuleManager: Shutting down and abandoning module AlembicImporter (296)
[2017.10.12-17.18.52:327][580]LogModuleManager: Shutting down and abandoning module AlembicLibrary (295)
[2017.10.12-17.18.52:327][580]LogModuleManager: Shutting down and abandoning module GeometryCache (294)
[2017.10.12-17.18.52:327][580]LogModuleManager: Shutting down and abandoning module GeometryCacheEd (293)
[2017.10.12-17.18.52:327][580]LogModuleManager: Shutting down and abandoning module SuperSearchEditor (288)
[2017.10.12-17.18.52:327][580]LogModuleManager: Shutting down and abandoning module SuperSearch (287)
[2017.10.12-17.18.52:327][580]LogModuleManager: Shutting down and abandoning module SpeedTreeImporter (284)
[2017.10.12-17.18.52:327][580]LogModuleManager: Shutting down and abandoning module PluginBrowser (282)
[2017.10.12-17.18.52:327][580]LogModuleManager: Shutting down and abandoning module MobileLauncherProfileWizard (280)
[2017.10.12-17.18.52:327][580]LogModuleManager: Shutting down and abandoning module VisualStudioSourceCodeAccess (278)
[2017.10.12-17.18.52:327][580]LogModuleManager: Shutting down and abandoning module DesktopPlatform (277)
[2017.10.12-17.18.52:327][580]LogModuleManager: Shutting down and abandoning module UObjectPlugin (274)
[2017.10.12-17.18.52:327][580]LogModuleManager: Shutting down and abandoning module SubversionSourceControl (272)
[2017.10.12-17.18.52:327][580]LogModuleManager: Shutting down and abandoning module PerforceSourceControl (270)
[2017.10.12-17.18.52:327][580]LogModuleManager: Shutting down and abandoning module GitSourceControl (268)
[2017.10.12-17.18.52:328][580]LogModuleManager: Shutting down and abandoning module SourceControl (267)
[2017.10.12-17.18.52:328][580]LogModuleManager: Shutting down and abandoning module LightPropagationVolumeEditor (264)
[2017.10.12-17.18.52:328][580]LogModuleManager: Shutting down and abandoning module PaperTiledImporter (262)
[2017.10.12-17.18.52:328][580]LogModuleManager: Shutting down and abandoning module PaperSpriteSheetImporter (260)
[2017.10.12-17.18.52:328][580]LogModuleManager: Shutting down and abandoning module Paper2DEditor (258)
[2017.10.12-17.18.52:328][580]LogModuleManager: Shutting down and abandoning module MeshPaint (257)
[2017.10.12-17.18.52:328][580]LogModuleManager: Shutting down and abandoning module LevelEditor (255)
[2017.10.12-17.18.52:330][580]LogModuleManager: Shutting down and abandoning module PixelInspectorModule (254)
[2017.10.12-17.18.52:330][580]LogModuleManager: Shutting down and abandoning module MainFrame (252)
[2017.10.12-17.18.52:331][580]LogModuleManager: Shutting down and abandoning module HotReload (251)
[2017.10.12-17.18.52:331][580]LogModuleManager: Shutting down and abandoning module PhysXVehiclesEditor (246)
[2017.10.12-17.18.52:331][580]LogModuleManager: Shutting down and abandoning module PhysXVehicles (244)
[2017.10.12-17.18.52:331][580]LogModuleManager: Shutting down and abandoning module LocationServicesBPLibrary (242)
[2017.10.12-17.18.52:331][580]LogModuleManager: Shutting down and abandoning module ImmediatePhysicsEditor (240)
[2017.10.12-17.18.52:331][580]LogModuleManager: Shutting down and abandoning module ImmediatePhysics (238)
[2017.10.12-17.18.52:331][580]LogModuleManager: Shutting down and abandoning module UdpMessaging (236)
[2017.10.12-17.18.52:432][580]LogModuleManager: Shutting down and abandoning module TcpMessaging (234)
[2017.10.12-17.18.52:532][580]LogModuleManager: Shutting down and abandoning module GameplayTagsEditor (232)
[2017.10.12-17.18.52:532][580]LogModuleManager: Shutting down and abandoning module FacialAnimationEditor (230)
[2017.10.12-17.18.52:533][580]LogModuleManager: Shutting down and abandoning module FacialAnimation (228)
[2017.10.12-17.18.52:533][580]LogModuleManager: Shutting down and abandoning module AssetManagerEditor (226)
[2017.10.12-17.18.52:533][580]LogModuleManager: Shutting down and abandoning module GraphEditor (225)
[2017.10.12-17.18.52:533][580]LogModuleManager: Shutting down and abandoning module ContentBrowser (223)
[2017.10.12-17.18.52:541][580]LogModuleManager: Shutting down and abandoning module LightPropagationVolumeRuntime (220)
[2017.10.12-17.18.52:541][580]LogModuleManager: Shutting down and abandoning module Paper2D (218)
[2017.10.12-17.18.52:541][580]LogModuleManager: Shutting down and abandoning module WindowsMoviePlayer (216)
[2017.10.12-17.18.52:541][580]LogModuleManager: Shutting down and abandoning module WmfMedia (214)
[2017.10.12-17.18.52:541][580]LogModuleManager: Shutting down and abandoning module ClothingSystemEditor (212)
[2017.10.12-17.18.52:541][580]LogModuleManager: Shutting down and abandoning module ClothingSystemRuntime (210)
[2017.10.12-17.18.52:541][580]LogModuleManager: Shutting down and abandoning module MediaAssets (208)
[2017.10.12-17.18.52:541][580]LogModuleManager: Shutting down and abandoning module GameLiveStreaming (206)
[2017.10.12-17.18.52:541][580]LogModuleManager: Shutting down and abandoning module VREditor (204)
[2017.10.12-17.18.52:542][580]LogModuleManager: Shutting down and abandoning module StringTableEditor (202)
[2017.10.12-17.18.52:542][580]LogModuleManager: Shutting down and abandoning module GameplayTasksEditor (200)
[2017.10.12-17.18.52:542][580]LogModuleManager: Shutting down and abandoning module BehaviorTreeEditor (198)
[2017.10.12-17.18.52:542][580]LogModuleManager: Shutting down and abandoning module FunctionalTesting (196)
[2017.10.12-17.18.52:542][580]LogModuleManager: Shutting down and abandoning module CollisionAnalyzer (194)
[2017.10.12-17.18.52:542][580]LogModuleManager: Shutting down and abandoning module UMG (192)
[2017.10.12-17.18.52:542][580]LogModuleManager: Shutting down and abandoning module UMGEditor (191)
[2017.10.12-17.18.52:542][580]LogModuleManager: Shutting down and abandoning module Sequencer (190)
[2017.10.12-17.18.52:542][580]LogModuleManager: Shutting down and abandoning module AssetTools (188)
[2017.10.12-17.18.52:542][580]LogModuleManager: Shutting down and abandoning module MessageLog (187)
[2017.10.12-17.18.52:542][580]LogModuleManager: Shutting down and abandoning module WorkspaceMenuStructure (186)
[2017.10.12-17.18.52:542][580]LogModuleManager: Shutting down and abandoning module SlateReflector (180)
[2017.10.12-17.18.52:542][580]LogModuleManager: Shutting down and abandoning module Slate (178)
[2017.10.12-17.18.52:542][580]LogModuleManager: Shutting down and abandoning module EditorStyle (176)
[2017.10.12-17.18.52:554][580]LogModuleManager: Shutting down and abandoning module SourceCodeAccess (174)
[2017.10.12-17.18.52:554][580]LogModuleManager: Shutting down and abandoning module HeadMountedDisplay (172)
[2017.10.12-17.18.52:554][580]LogModuleManager: Shutting down and abandoning module XAudio2 (170)
[2017.10.12-17.18.52:554][580]LogModuleManager: Shutting down and abandoning module Networking (168)
[2017.10.12-17.18.52:554][580]LogModuleManager: Shutting down and abandoning module Core (164)
[2017.10.12-17.18.52:554][580]LogModuleManager: Shutting down and abandoning module AssetRegistry (162)
[2017.10.12-17.18.52:884][580]LogDirectoryWatcher: A directory notification for '../../../Engine/Content/' was aborted.
[2017.10.12-17.18.52:884][580]LogDirectoryWatcher: A directory notification for '../../../../../../Users/rifkiadrn/Documents/Unreal Projects/Tutorial2GameDev/Content/' was aborted.
[2017.10.12-17.18.52:884][580]LogDirectoryWatcher: A directory notification for '../../../Engine/Plugins/2D/Paper2D/Content/' was aborted.
[2017.10.12-17.18.52:884][580]LogDirectoryWatcher: A directory notification for '../../../Engine/Plugins/Runtime/GearVR/Content/' was aborted.
[2017.10.12-17.18.52:900][580]LogModuleManager: Shutting down and abandoning module DirectoryWatcher (161)
[2017.10.12-17.18.52:917][580]LogModuleManager: Shutting down and abandoning module KismetCompiler (158)
[2017.10.12-17.18.52:917][580]LogModuleManager: Shutting down and abandoning module LevelSequence (156)
[2017.10.12-17.18.52:917][580]LogModuleManager: Shutting down and abandoning module PhysXFormats (154)
[2017.10.12-17.18.52:917][580]LogModuleManager: Shutting down and abandoning module MeshUtilities (152)
[2017.10.12-17.18.52:917][580]LogModuleManager: Shutting down and abandoning module SimplygonSwarm (151)
[2017.10.12-17.18.52:918][580]LogModuleManager: Shutting down and abandoning module SimplygonMeshReduction (149)
[2017.10.12-17.18.52:918][580]LogModuleManager: Shutting down and abandoning module QuadricMeshReduction (147)
[2017.10.12-17.18.52:918][580]LogModuleManager: Shutting down and abandoning module DerivedDataCache (144)
[2017.10.12-17.18.52:942][580]LogDerivedDataCache: Shutdown
[2017.10.12-17.18.52:942][580]LogModuleManager: Shutting down and abandoning module TargetPlatform (142)
[2017.10.12-17.18.52:943][580]LogModuleManager: Shutting down and abandoning module VulkanShaderFormat (141)
[2017.10.12-17.18.52:943][580]LogModuleManager: Shutting down and abandoning module ShaderFormatVectorVM (139)
[2017.10.12-17.18.52:943][580]LogModuleManager: Shutting down and abandoning module ShaderFormatOpenGL (137)
[2017.10.12-17.18.52:943][580]LogModuleManager: Shutting down and abandoning module ShaderFormatD3D (135)
[2017.10.12-17.18.52:943][580]LogModuleManager: Shutting down and abandoning module MetalShaderFormat (133)
[2017.10.12-17.18.52:943][580]LogModuleManager: Shutting down and abandoning module TextureFormatUncompressed (131)
[2017.10.12-17.18.52:943][580]LogModuleManager: Shutting down and abandoning module TextureFormatPVR (129)
[2017.10.12-17.18.52:943][580]LogModuleManager: Shutting down and abandoning module TextureFormatDXT (127)
[2017.10.12-17.18.52:943][580]LogModuleManager: Shutting down and abandoning module TextureFormatIntelISPCTexComp (125)
[2017.10.12-17.18.52:943][580]LogModuleManager: Shutting down and abandoning module TextureFormatASTC (123)
[2017.10.12-17.18.52:943][580]LogModuleManager: Shutting down and abandoning module ImageWrapper (122)
[2017.10.12-17.18.52:944][580]LogModuleManager: Shutting down and abandoning module TextureFormatAndroid (119)
[2017.10.12-17.18.52:944][580]LogModuleManager: Shutting down and abandoning module AudioFormatOpus (117)
[2017.10.12-17.18.52:944][580]LogModuleManager: Shutting down and abandoning module AudioFormatOgg (115)
[2017.10.12-17.18.52:944][580]LogModuleManager: Shutting down and abandoning module AudioFormatADPCM (113)
[2017.10.12-17.18.52:944][580]LogModuleManager: Shutting down and abandoning module LinuxTargetPlatform (111)
[2017.10.12-17.18.52:944][580]LogModuleManager: Shutting down and abandoning module LinuxServerTargetPlatform (109)
[2017.10.12-17.18.52:945][580]LogModuleManager: Shutting down and abandoning module LinuxNoEditorTargetPlatform (107)
[2017.10.12-17.18.52:945][580]LogModuleManager: Shutting down and abandoning module LinuxClientTargetPlatform (105)
[2017.10.12-17.18.52:945][580]LogModuleManager: Shutting down and abandoning module TVOSTargetPlatform (103)
[2017.10.12-17.18.52:945][580]LogModuleManager: Shutting down and abandoning module Messaging (101)
[2017.10.12-17.18.52:945][580]LogModuleManager: Shutting down and abandoning module IOSTargetPlatform (99)
[2017.10.12-17.18.52:945][580]LogModuleManager: Shutting down and abandoning module HTML5TargetPlatform (97)
[2017.10.12-17.18.52:945][580]LogModuleManager: Shutting down and abandoning module Android_PVRTCTargetPlatform (95)
[2017.10.12-17.18.52:945][580]LogModuleManager: Shutting down and abandoning module Android_MultiTargetPlatform (93)
[2017.10.12-17.18.52:945][580]LogModuleManager: Shutting down and abandoning module Android_ETC2TargetPlatform (91)
[2017.10.12-17.18.52:946][580]LogModuleManager: Shutting down and abandoning module Android_ETC1TargetPlatform (89)
[2017.10.12-17.18.52:946][580]LogModuleManager: Shutting down and abandoning module Android_DXTTargetPlatform (87)
[2017.10.12-17.18.52:946][580]LogModuleManager: Shutting down and abandoning module Android_ATCTargetPlatform (85)
[2017.10.12-17.18.52:946][580]LogModuleManager: Shutting down and abandoning module Android_ASTCTargetPlatform (83)
[2017.10.12-17.18.52:946][580]LogModuleManager: Shutting down and abandoning module AndroidTargetPlatform (81)
[2017.10.12-17.18.52:946][580]LogModuleManager: Shutting down and abandoning module WindowsTargetPlatform (79)
[2017.10.12-17.18.52:946][580]LogModuleManager: Shutting down and abandoning module WindowsServerTargetPlatform (77)
[2017.10.12-17.18.52:947][580]LogModuleManager: Shutting down and abandoning module WindowsNoEditorTargetPlatform (75)
[2017.10.12-17.18.52:947][580]LogModuleManager: Shutting down and abandoning module WindowsClientTargetPlatform (73)
[2017.10.12-17.18.52:947][580]LogModuleManager: Shutting down and abandoning module MacTargetPlatform (71)
[2017.10.12-17.18.52:947][580]LogModuleManager: Shutting down and abandoning module MacServerTargetPlatform (69)
[2017.10.12-17.18.52:947][580]LogModuleManager: Shutting down and abandoning module MacNoEditorTargetPlatform (67)
[2017.10.12-17.18.52:947][580]LogModuleManager: Shutting down and abandoning module MacClientTargetPlatform (65)
[2017.10.12-17.18.52:947][580]LogModuleManager: Shutting down and abandoning module AllDesktopTargetPlatform (63)
[2017.10.12-17.18.52:947][580]LogModuleManager: Shutting down and abandoning module InputCore (60)
[2017.10.12-17.18.52:947][580]LogModuleManager: Shutting down and abandoning module Settings (58)
[2017.10.12-17.18.52:947][580]LogModuleManager: Shutting down and abandoning module OculusRift (56)
[2017.10.12-17.18.52:948][580]LogModuleManager: Shutting down and abandoning module GearVRController (54)
[2017.10.12-17.18.52:948][580]LogModuleManager: Shutting down and abandoning module GearVR (52)
[2017.10.12-17.18.52:948][580]LogModuleManager: Shutting down and abandoning module ExampleDeviceProfileSelector (50)
[2017.10.12-17.18.52:948][580]LogModuleManager: Shutting down and abandoning module OnlineBlueprintSupport (48)
[2017.10.12-17.18.52:948][580]LogModuleManager: Shutting down and abandoning module OnlineSubsystem (44)
[2017.10.12-17.18.52:948][580]LogOnline:Display: Unloading online subsystem: NULL
[2017.10.12-17.18.52:948][580]LogModuleManager: Shutting down and abandoning module XMPP (43)
[2017.10.12-17.18.52:948][580]LogModuleManager: Shutting down and abandoning module HTTP (41)
[2017.10.12-17.18.52:948][580]LogHttp:Display: Http module shutting down, but needs to wait on 1 outstanding Http requests:
[2017.10.12-17.18.52:948][580]LogHttp:Display: 	verb=[POST] url=[https://datarouter.ol.epicgames.com/datarouter/api/v1/public/data?SessionID=%7BADC67406-4866-D3AC-45E7-58860E291E6B%7D&AppID=UEEditor.Rocket.Release&AppVersion=4.16.3-3561208%2B%2B%2BUE4%2BRelease-4.16&UserID=77028a7847445427ba921f816a2c5f83%7C591b0f86681142679c7ce5ad85b1059a%7C7d36cb8c-10b2-4c52-bd77-5cf9760b728e&AppEnvironment=datacollector-binary&UploadType=eteventstream] status=Processing
[2017.10.12-17.18.52:967][580]LogModuleManager: Shutting down and abandoning module SSL (40)
[2017.10.12-17.18.52:974][580]LogModuleManager: Shutting down and abandoning module HTTPChunkInstaller (36)
[2017.10.12-17.18.52:974][580]LogModuleManager: Shutting down and abandoning module AnimationModifiers (34)
[2017.10.12-17.18.52:974][580]LogModuleManager: Shutting down and abandoning module PropertyEditor (33)
[2017.10.12-17.18.52:974][580]LogModuleManager: Shutting down and abandoning module AudioEditor (30)
[2017.10.12-17.18.52:974][580]LogModuleManager: Shutting down and abandoning module TextureCompressor (28)
[2017.10.12-17.18.52:974][580]LogModuleManager: Shutting down and abandoning module ShaderCore (26)
[2017.10.12-17.18.52:974][580]LogModuleManager: Shutting down and abandoning module Landscape (24)
[2017.10.12-17.18.52:974][580]LogModuleManager: Shutting down and abandoning module SlateRHIRenderer (22)
[2017.10.12-17.18.52:986][580]LogModuleManager: Shutting down and abandoning module OpenGLDrv (20)
[2017.10.12-17.18.52:986][580]LogModuleManager: Shutting down and abandoning module D3D11RHI (18)
[2017.10.12-17.18.52:986][580]LogModuleManager: Shutting down and abandoning module AnimGraphRuntime (16)
[2017.10.12-17.18.52:986][580]LogModuleManager: Shutting down and abandoning module Renderer (14)
[2017.10.12-17.18.52:986][580]LogModuleManager: Shutting down and abandoning module Engine (12)
[2017.10.12-17.18.52:986][580]LogModuleManager: Shutting down and abandoning module CoreUObject (10)
[2017.10.12-17.18.52:986][580]LogModuleManager: Shutting down and abandoning module NetworkFile (8)
[2017.10.12-17.18.52:986][580]LogModuleManager: Shutting down and abandoning module StreamingFile (6)
[2017.10.12-17.18.52:986][580]LogModuleManager: Shutting down and abandoning module SandboxFile (4)
[2017.10.12-17.18.52:986][580]LogModuleManager: Shutting down and abandoning module PakFile (2)
[2017.10.12-17.18.52:988][580]LogExit: Exiting.
[2017.10.12-17.18.53:036][580]Log file closed, 10/13/17 00:18:53
