Log file open, 10/11/17 16:31:06
LogInit:Display: Running engine for game: Rifki_Tutorial2
LogPlatformFile: Not using cached read wrapper
LogInit:Display: RandInit(1061744535) SRandInit(1061744535).
LogTaskGraph: Started task graph with 5 named threads and 6 total threads with 1 sets of task threads.
LogStats: Stats thread started at 0.232154
LogInit: Using libcurl 7.47.1
LogInit:  - built for x86_64-pc-win32
LogInit:  - supports SSL with OpenSSL/1.0.2g
LogInit:  - supports HTTP deflate (compression) using libz 1.2.8
LogInit:  - other features:
LogInit:      CURL_VERSION_SSL
LogInit:      CURL_VERSION_LIBZ
LogInit:      CURL_VERSION_IPV6
LogInit:      CURL_VERSION_ASYNCHDNS
LogInit:      CURL_VERSION_LARGEFILE
LogInit:      CURL_VERSION_IDN
LogInit:  CurlRequestOptions (configurable via config and command line):
LogInit:  - bVerifyPeer = false  - Libcurl will NOT verify peer certificate
LogInit:  - bUseHttpProxy = false  - Libcurl will NOT use HTTP proxy
LogInit:  - bDontReuseConnections = false  - Libcurl will reuse connections
LogInit:  - CertBundlePath = nullptr  - Libcurl will use whatever was configured at build time.
LogInit: Build: ++UE4+Release-4.16-CL-3561208
LogInit: Engine Version: 4.16.3-3561208+++UE4+Release-4.16
LogInit: Compatible Engine Version: 4.16.0-3452394+++UE4+Release-4.16
LogInit: Net CL: 3452394
LogDevObjectVersion: Number of dev versions registered: 16
LogDevObjectVersion:   Dev-Blueprints (B0D832E4-1F89-4F0D-ACCF-7EB736FD4AA2): 9
LogDevObjectVersion:   Dev-Build (E1C64328-A22C-4D53-A36C-8E866417BD8C): 0
LogDevObjectVersion:   Dev-Core (375EC13C-06E4-48FB-B500-84F0262A717E): 2
LogDevObjectVersion:   Dev-Editor (E4B068ED-F494-42E9-A231-DA0B2E46BB41): 17
LogDevObjectVersion:   Dev-Framework (CFFC743F-43B0-4480-9391-14DF171D2073): 23
LogDevObjectVersion:   Dev-Mobile (B02B49B5-BB20-44E9-A304-32B752E40360): 0
LogDevObjectVersion:   Dev-Networking (A4E4105C-59A1-49B5-A7C5-40C4547EDFEE): 0
LogDevObjectVersion:   Dev-Online (39C831C9-5AE6-47DC-9A44-9C173E1C8E7C): 0
LogDevObjectVersion:   Dev-Physics (78F01B33-EBEA-4F98-B9B4-84EACCB95AA2): 0
LogDevObjectVersion:   Dev-Platform (6631380F-2D4D-43E0-8009-CF276956A95A): 0
LogDevObjectVersion:   Dev-Rendering (12F88B9F-8875-4AFC-A67C-D90C383ABD29): 15
LogDevObjectVersion:   Dev-Sequencer (7B5AE74C-D270-4C10-A958-57980B212A5A): 4
LogDevObjectVersion:   Dev-VR (D7296918-1DD6-4BDD-9DE2-64A83CC13884): 0
LogDevObjectVersion:   Dev-LoadTimes (C2A15278-BFE7-4AFE-6C17-90FF531DF755): 1
LogDevObjectVersion:   Private-Geometry (6EACA3D4-40EC-4CC1-B786-8BED09428FC5): 1
LogDevObjectVersion:   Dev-AnimPhys (29E575DD-E0A3-4627-9D10-D276232CDCEA): 3
LogInit: Compiled (64-bit): Jul 28 2017 11:49:47
LogInit: Compiled with Visual C++: 19.00.24215.01
LogInit: Build Configuration: Development
LogInit: Branch Name: ++UE4+Release-4.16
LogInit: Command line: 
LogInit: Base directory: C:/Program Files/Unreal rar/UE_4.16/Engine/Binaries/Win64/
LogInit: Installed Engine Build: 1
LogInit: Presizing for max 8388607 objects, including 0 objects not considered by GC, pre-allocating 0 bytes for permanent pool.
LogInit: Object subsystem initialized
[2017.10.11-09.31.08:691][  0]LogInit: Selected Device Profile: [Windows]
[2017.10.11-09.31.08:691][  0]LogInit: Applying CVar settings loaded from the selected device profile: [Windows]
[2017.10.11-09.31.08:773][  0]LogInit: Computer: HUMANS-PC
[2017.10.11-09.31.08:773][  0]LogInit: User: rifkiadrn
[2017.10.11-09.31.08:773][  0]LogInit: CPU Page size=4096, Cores=2
[2017.10.11-09.31.08:773][  0]LogInit: High frequency timer resolution =2.143472 MHz
[2017.10.11-09.31.08:775][  0]LogMemory: Memory total: Physical=7.9GB (8GB approx)
[2017.10.11-09.31.08:775][  0]LogMemory: Platform Memory Stats for Windows
[2017.10.11-09.31.08:775][  0]LogMemory: Process Physical Memory: 273.11 MB used, 273.11 MB peak
[2017.10.11-09.31.08:775][  0]LogMemory: Process Virtual Memory: 266.81 MB used, 266.81 MB peak
[2017.10.11-09.31.08:775][  0]LogMemory: Physical Memory: 3619.57 MB used,  4472.14 MB free, 8091.72 MB total
[2017.10.11-09.31.08:775][  0]LogMemory: Virtual Memory: 642.16 MB used,  4472.14 MB free, 134217728.00 MB total
[2017.10.11-09.31.09:172][  0]LogInit: Using OS detected language (en-US).
[2017.10.11-09.31.09:172][  0]LogInit: Using OS detected locale (en-US).
[2017.10.11-09.31.09:187][  0]LogTextLocalizationManager: No specific localization for 'en-US' exists, so the 'en' localization will be used.
[2017.10.11-09.31.13:457][  0]LogD3D11RHI: D3D11 adapters:
[2017.10.11-09.31.13:555][  0]LogD3D11RHI:    0. 'NVIDIA GeForce 840M' (Feature Level 11_0)
[2017.10.11-09.31.13:555][  0]LogD3D11RHI:       2019/0/4045 MB DedicatedVideo/DedicatedSystem/SharedSystem, Outputs:1, VendorId:0x10de
[2017.10.11-09.31.13:572][  0]LogD3D11RHI:    1. 'Intel(R) HD Graphics 5500' (Feature Level 11_0)
[2017.10.11-09.31.13:573][  0]LogD3D11RHI:       128/0/4045 MB DedicatedVideo/DedicatedSystem/SharedSystem, Outputs:0, VendorId:0x8086
[2017.10.11-09.31.13:579][  0]LogD3D11RHI:    2. 'Microsoft Basic Render Driver' (Feature Level 11_0)
[2017.10.11-09.31.13:579][  0]LogD3D11RHI:       0/0/4045 MB DedicatedVideo/DedicatedSystem/SharedSystem, Outputs:0, VendorId:0x1414
[2017.10.11-09.31.13:579][  0]LogD3D11RHI: Chosen D3D11 Adapter: 0
[2017.10.11-09.31.13:594][  0]LogD3D11RHI: Creating new Direct3DDevice
[2017.10.11-09.31.13:594][  0]LogD3D11RHI:     GPU DeviceId: 0x1341 (for the marketing name, search the web for "GPU Device Id")
[2017.10.11-09.31.13:594][  0]LogWindows: EnumDisplayDevices:
[2017.10.11-09.31.13:595][  0]LogWindows:    0. 'Intel(R) HD Graphics 5500' (P:1 D:1)
[2017.10.11-09.31.13:596][  0]LogWindows:    1. 'Intel(R) HD Graphics 5500' (P:0 D:0)
[2017.10.11-09.31.13:598][  0]LogWindows:    2. 'Intel(R) HD Graphics 5500' (P:0 D:0)
[2017.10.11-09.31.13:599][  0]LogWindows: DebugString: PrimaryIsNotTheChoosenAdapter PrimaryIsNotTheChoosenAdapter PrimaryIsNotTheChoosenAdapter FoundDriverCount:0 
[2017.10.11-09.31.13:599][  0]LogD3D11RHI:     Adapter Name: NVIDIA GeForce 840M
[2017.10.11-09.31.13:599][  0]LogD3D11RHI:   Driver Version: Unknown (internal:Unknown, unified:Unknown)
[2017.10.11-09.31.13:599][  0]LogD3D11RHI:      Driver Date: Unknown
[2017.10.11-09.31.13:599][  0]LogRHI: Texture pool is 1361 MB (70% of 1945 MB)
[2017.10.11-09.31.13:678][  0]LogD3D11RHI: Async texture creation enabled
[2017.10.11-09.31.13:715][  0]LogD3D11RHI: GPU Timing Frequency: 1000.000000 (Debug: 2 1)
[2017.10.11-09.31.13:720][  0]LogShaderCompilers: Guid format shader working directory is -26 characters bigger than the processId version (../../../../../../Users/rifkiadrn/Documents/Unreal Projects/Tutorial2GameDev/Intermediate/Shaders/WorkingDirectory/6536/).
[2017.10.11-09.31.13:721][  0]LogShaderCompilers: Cleaned the shader compiler working directory 'C:/Users/rifkiadrn/AppData/Local/Temp/UnrealShaderWorkingDir/0C5073F34B1918B7B9A0BC863E88C958/'.
[2017.10.11-09.31.13:721][  0]LogShaderCompilers:Display: Using Local Shader Compiler.
[2017.10.11-09.31.18:539][  0]LogTemp:Display: Loaded TP AllDesktopTargetPlatform
[2017.10.11-09.31.18:837][  0]LogTemp:Display: Loaded TP MacClientTargetPlatform
[2017.10.11-09.31.19:104][  0]LogTemp:Display: Loaded TP MacNoEditorTargetPlatform
[2017.10.11-09.31.19:356][  0]LogTemp:Display: Loaded TP MacServerTargetPlatform
[2017.10.11-09.31.19:622][  0]LogTemp:Display: Loaded TP MacTargetPlatform
[2017.10.11-09.31.19:875][  0]LogTemp:Display: Loaded TP WindowsClientTargetPlatform
[2017.10.11-09.31.20:144][  0]LogTemp:Display: Loaded TP WindowsNoEditorTargetPlatform
[2017.10.11-09.31.20:884][  0]LogTemp:Display: Loaded TP WindowsServerTargetPlatform
[2017.10.11-09.31.21:174][  0]LogTemp:Display: Loaded TP WindowsTargetPlatform
[2017.10.11-09.31.21:553][  0]LogTemp:Display: Loaded TP AndroidTargetPlatform
[2017.10.11-09.31.21:848][  0]LogTemp:Display: Loaded TP Android_ASTCTargetPlatform
[2017.10.11-09.31.22:095][  0]LogTemp:Display: Loaded TP Android_ATCTargetPlatform
[2017.10.11-09.31.22:342][  0]LogTemp:Display: Loaded TP Android_DXTTargetPlatform
[2017.10.11-09.31.22:596][  0]LogTemp:Display: Loaded TP Android_ETC1TargetPlatform
[2017.10.11-09.31.22:846][  0]LogTemp:Display: Loaded TP Android_ETC2TargetPlatform
[2017.10.11-09.31.23:382][  0]LogTemp:Display: Loaded TP Android_MultiTargetPlatform
[2017.10.11-09.31.23:382][  0]LogTemp:Display: Loaded TP Android_PVRTCTargetPlatform
[2017.10.11-09.31.23:581][  0]LogTemp:Display: Loaded TP HTML5TargetPlatform
[2017.10.11-09.31.23:979][  0]LogTemp:Display: Loaded TP IOSTargetPlatform
[2017.10.11-09.31.24:127][  0]LogTemp:Display: Loaded TP TVOSTargetPlatform
[2017.10.11-09.31.24:380][  0]LogTemp:Display: Loaded TP LinuxClientTargetPlatform
[2017.10.11-09.31.24:656][  0]LogTemp:Display: Loaded TP LinuxNoEditorTargetPlatform
[2017.10.11-09.31.24:985][  0]LogTemp:Display: Loaded TP LinuxServerTargetPlatform
[2017.10.11-09.31.25:246][  0]LogTemp:Display: Loaded TP LinuxTargetPlatform
[2017.10.11-09.31.25:246][  0]LogTargetPlatformManager:Display: Building Assets For Windows
[2017.10.11-09.31.28:055][  0]LogDerivedDataCache:Display: Max Cache Size: 512 MB
[2017.10.11-09.31.28:392][  0]LogDerivedDataCache: Loaded boot cache 0.34s 90MB C:/Users/rifkiadrn/AppData/Local/UnrealEngine/4.16/DerivedDataCache/Boot.ddc.
[2017.10.11-09.31.28:392][  0]LogDerivedDataCache:Display: Loaded Boot cache: C:/Users/rifkiadrn/AppData/Local/UnrealEngine/4.16/DerivedDataCache/Boot.ddc
[2017.10.11-09.31.28:393][  0]LogDerivedDataCache: FDerivedDataBackendGraph:  Pak pak cache file ../../../../../../Users/rifkiadrn/Documents/Unreal Projects/Tutorial2GameDev/DerivedDataCache/DDC.ddp not found, will not use a pak cache.
[2017.10.11-09.31.28:393][  0]LogDerivedDataCache: Unable to find inner node Pak for hierarchical cache Hierarchy.
[2017.10.11-09.31.28:393][  0]LogDerivedDataCache: FDerivedDataBackendGraph:  CompressedPak pak cache file ../../../../../../Users/rifkiadrn/Documents/Unreal Projects/Tutorial2GameDev/DerivedDataCache/Compressed.ddp not found, will not use a pak cache.
[2017.10.11-09.31.28:393][  0]LogDerivedDataCache: Unable to find inner node CompressedPak for hierarchical cache Hierarchy.
[2017.10.11-09.31.28:490][  0]LogDerivedDataCache:Display: Pak cache opened for reading ../../../Engine/DerivedDataCache/Compressed.ddp.
[2017.10.11-09.31.28:506][  0]LogDerivedDataCache: Using Local data cache path C:/Users/rifkiadrn/AppData/Local/UnrealEngine/Common/DerivedDataCache: Writable
[2017.10.11-09.31.28:552][  0]LogMaterial: Verifying Global Shaders for PCD3D_SM5
[2017.10.11-09.31.28:554][  0]LogSlate: Using Freetype 2.6.0
[2017.10.11-09.31.28:556][  0]LogSlate: SlateFontCache - WITH_FREETYPE: 1, WITH_HARFBUZZ: 1
[2017.10.11-09.31.28:556][  0]LogSlate: SlateFontCache - WITH_FREETYPE: 1, WITH_HARFBUZZ: 1
[2017.10.11-09.31.30:798][  0]LogInit: Selected Device Profile: [Windows]
[2017.10.11-09.31.31:114][  0]LogContentStreaming: Texture pool size is 0.00 MB
[2017.10.11-09.31.32:009][  0]LogMeshUtilities: Using QuadricMeshReduction for automatic static mesh reduction
[2017.10.11-09.31.32:255][  0]LogSimplygon: Simplygon DLL not present - disabling.
[2017.10.11-09.31.32:533][  0]LogMeshUtilities: Using SimplygonSwarm for distributed automatic mesh merging
[2017.10.11-09.31.32:533][  0]LogMeshUtilities: No automatic skeletal mesh reduction module available
[2017.10.11-09.31.32:533][  0]LogMeshUtilities: No automatic mesh merging module available
[2017.10.11-09.31.35:139][  0]LogNetVersion: Rifki_Tutorial2 , NetCL: 3452394, EngineNetVer: 2, GameNetVer: 0 (Checksum: 699179107)
[2017.10.11-09.31.35:367][  0]LogAssetRegistry: FAssetRegistry took 0.0341 seconds to start up
[2017.10.11-09.31.35:615][  0]LogPackageLocalizationCache: Processed 4 localized package path(s) for 2 prioritized culture(s) in 0.183956 seconds
[2017.10.11-09.31.35:622][  0]LogUObjectArray: 34194 objects as part of root set at end of initial load.
[2017.10.11-09.31.35:622][  0]LogUObjectAllocator: 7260416 out of 0 bytes used by permanent object pool.
[2017.10.11-09.31.35:622][  0]LogUObjectArray: CloseDisregardForGC: 0/0 objects in disregard for GC pool
[2017.10.11-09.31.35:742][  0]LogInit: WinSock: version 1.1 (2.2), MaxSocks=32767, MaxUdp=65467
[2017.10.11-09.31.39:464][  0]LogWmfMedia: Failed to load mf.dll
[2017.10.11-09.31.39:464][  0]LogWmfMedia: Failed to load required Windows Media Foundation libraries
[2017.10.11-09.31.39:552][  0]LogWindowsMoviePlayer: Could not load mf.dll. Library not found.
[2017.10.11-09.31.39:553][  0]LogWindowsMoviePlayer: Could not load mfplat.dll. Library not found.
[2017.10.11-09.31.39:553][  0]LogWindowsMoviePlayer: Could not load mfplay.dll. Library not found.
[2017.10.11-09.31.40:219][  0]LogTcpMessaging: Initializing TcpMessaging bridge
[2017.10.11-09.31.40:275][  0]LogUdpMessaging: Initializing bridge on interface 0.0.0.0:0 to multicast group 230.0.0.1:6666.
[2017.10.11-09.31.41:032][  0]LogMaterial: Uniform references updated for custom material expression Custom.
[2017.10.11-09.31.41:618][  0]SourceControl: Info Source control is disabled
[2017.10.11-09.31.41:659][  0]SourceControl: Info Source control is disabled
[2017.10.11-09.31.41:732][  0]SourceControl: Info Source control is disabled
[2017.10.11-09.31.41:808][  0]SourceControl: Info Source control is disabled
[2017.10.11-09.31.42:833][  0]LogAndroidPermission: UAndroidPermissionCallbackProxy::GetInstance
[2017.10.11-09.31.43:766][  0]LogEngine: Initializing Engine...
[2017.10.11-09.31.43:766][  0]LogHMD: Failed to initialize OpenVR with code 110
[2017.10.11-09.31.44:028][  0]LogStats: UGameplayTagsManager::ConstructGameplayTagTree: Construct from data asset -  0.000 s
[2017.10.11-09.31.44:028][  0]LogStats: UGameplayTagsManager::ConstructGameplayTagTree: GameplayTagTreeChangedEvent.Broadcast -  0.000 s
[2017.10.11-09.31.44:261][  0]LogAIModule: Creating AISystem for world Untitled
[2017.10.11-09.31.44:267][  0]LogInit: XAudio2 using 'Speakers (Conexant SmartAudio HD)' : 2 channels at 48 kHz using 32 bits per sample (channel mask 0x3)
[2017.10.11-09.31.44:312][  0]LogInit: FAudioDevice initialized.
[2017.10.11-09.31.44:365][  0]LogDerivedDataCache: Saved boot cache 0.05s 90MB C:/Users/rifkiadrn/AppData/Local/UnrealEngine/4.16/DerivedDataCache/Boot.ddc.
[2017.10.11-09.31.44:377][  0]LogInit: Texture streaming: Enabled
[2017.10.11-09.31.44:523][  0]LogEngineSessionManager: EngineSessionManager initialized
[2017.10.11-09.31.44:845][  0]LogInit: Transaction tracking system initialized
[2017.10.11-09.31.45:411][  0]BlueprintLog: New page: Editor Load
[2017.10.11-09.31.46:985][  0]LocalizationService: Info Localization service is disabled
[2017.10.11-09.31.48:015][  0]LogConsoleResponse:Display: 
[2017.10.11-09.31.48:361][  0]LogCook:Display: Max memory allowance for cook 16384mb min free memory 0mb
[2017.10.11-09.31.48:361][  0]LogCook:Display: Mobile HDR setting 1
[2017.10.11-09.31.49:252][  0]LogFileCache: Scanning file cache for directory 'C:/Users/rifkiadrn/Documents/Unreal Projects/Tutorial2GameDev/Content/' took 0.05s
[2017.10.11-09.31.49:938][  0]SourceControl: Info Source control is disabled
[2017.10.11-09.31.49:938][  0]Cmd: MAP LOAD FILE="../../../../../../Users/rifkiadrn/Documents/Unreal Projects/Tutorial2GameDev/Content/2DSideScrollerBP/Maps/2DSideScrollerExampleMap.umap" TEMPLATE=0 SHOWPROGRESS=1 FEATURELEVEL=3
[2017.10.11-09.31.49:965][  0]LightingResults: New page: Lighting Build
[2017.10.11-09.31.50:028][  0]MapCheck: New page: Map Check
[2017.10.11-09.31.50:028][  0]LightingResults: New page: Lighting Build
[2017.10.11-09.31.51:114][  0]LogAIModule: Creating AISystem for world 2DSideScrollerExampleMap
[2017.10.11-09.31.51:162][  0]LogEditorServer: Finished looking for orphan Actors (0.000 secs)
[2017.10.11-09.31.51:244][  0]Cmd: MAP CHECKDEP NOCLEARLOG
[2017.10.11-09.31.51:305][  0]MapCheck: Info Map check complete: 0 Error(s), 0 Warning(s), took 60.866ms to complete.
[2017.10.11-09.31.51:305][  0]LogFileHelpers: Loading map '2DSideScrollerExampleMap' took 1.367
[2017.10.11-09.31.52:360][  0]LogCollectionManager: Loaded 0 collections in 0.002166 seconds
[2017.10.11-09.31.52:602][  0]LogFileCache: Scanning file cache for directory 'C:/Users/rifkiadrn/Documents/Unreal Projects/Tutorial2GameDev/Saved/Collections/' took 0.01s
[2017.10.11-09.31.52:602][  0]LogFileCache: Scanning file cache for directory 'C:/Users/rifkiadrn/Documents/Unreal Projects/Tutorial2GameDev/Content/Developers/rifkiadrn/Collections/' took 0.01s
[2017.10.11-09.31.52:602][  0]LogFileCache: Scanning file cache for directory 'C:/Users/rifkiadrn/Documents/Unreal Projects/Tutorial2GameDev/Content/Collections/' took 0.01s
[2017.10.11-09.31.52:602][  0]LogCollectionManager: Rebuilt the GUID cache for 0 collections in 0.000002 seconds
[2017.10.11-09.31.52:622][  0]LogContentBrowser: Native class hierarchy populated in 0.0186 seconds. Added 2329 classes and 491 folders.
[2017.10.11-09.31.52:754][  0]LogContentBrowser: Native class hierarchy updated for 'WidgetCarousel' in 0.0007 seconds. Added 0 classes and 0 folders.
[2017.10.11-09.31.55:477][  0]LogContentBrowser: Native class hierarchy updated for 'AddContentDialog' in 0.0007 seconds. Added 0 classes and 0 folders.
[2017.10.11-09.31.55:611][  0]LogContentBrowser: Native class hierarchy updated for 'SceneOutliner' in 0.0007 seconds. Added 1 classes and 2 folders.
[2017.10.11-09.31.56:049][  0]LogCrashTracker: Crashtracker disabled due to settings.
[2017.10.11-09.31.56:130][  0]LogSlate: Took 0.000267 seconds to synchronously load lazily loaded font '../../../Engine/Content/Slate/Fonts/Roboto-Regular.ttf' (155K)
[2017.10.11-09.31.56:133][  0]LogSlate: Took 0.000313 seconds to synchronously load lazily loaded font '../../../Engine/Content/Slate/Fonts/Roboto-Bold.ttf' (160K)
[2017.10.11-09.31.56:190][  0]LogSlate: Took 0.023999 seconds to synchronously load lazily loaded font '../../../Engine/Content/Editor/Slate/Fonts/FontAwesome.ttf' (139K)
[2017.10.11-09.31.56:799][  0]LogRenderer: Reallocating scene render targets to support 856x372 NumSamples 1 (Frame:1).
[2017.10.11-09.31.57:418][  0]LogUObjectGlobals:Warning: Failed to find object 'Class None.'
[2017.10.11-09.31.57:513][  0]LogContentBrowser: Native class hierarchy updated for 'HierarchicalLODOutliner' in 0.0008 seconds. Added 1 classes and 2 folders.
[2017.10.11-09.31.57:513][  0]LogLoad: (Engine Initialization) Total time: 57.16 seconds
[2017.10.11-09.31.57:513][  0]LogLoad: (Engine Initialization) Total Blueprint compile time: 0.29 seconds
[2017.10.11-09.31.57:513][  0]LogExternalProfiler: No external profilers were discovered.  External profiling features will not be available.
[2017.10.11-09.31.57:852][  0]LogOcInput: OculusInput pre-init called
[2017.10.11-09.31.57:852][  0]LogHMD: Starting GearVRController plugin
[2017.10.11-09.31.57:902][  0]LogContentStreaming: Texture pool size now 1000 MB
[2017.10.11-09.31.58:090][  0]LogSlate: Took 0.034170 seconds to synchronously load lazily loaded font '../../../Engine/Content/Slate/Fonts/Roboto-Light.ttf' (159K)
[2017.10.11-09.31.58:254][  1]LogAssetRegistry: Asset discovery search completed in 22.9090 seconds
[2017.10.11-09.31.58:257][  1]LogCollectionManager: Rebuilt the object cache for 0 collections in 0.000000 seconds (found 0 objects)
[2017.10.11-09.31.58:257][  1]LogCollectionManager: Fixed up redirectors for 0 collections in 0.000033 seconds (updated 0 objects)
[2017.10.11-09.33.32:454][936]LogSlate: Took 0.000499 seconds to synchronously load lazily loaded font '../../../Engine/Content/Slate/Fonts/Roboto-Light.ttf' (159K)
[2017.10.11-09.33.32:812][936]LogSlate: Took 0.031697 seconds to synchronously load lazily loaded font '../../../Engine/Content/Editor/Slate/Fonts/Roboto-BoldCondensed.ttf' (158K)
[2017.10.11-09.33.58:715][875]LogAIModule: Creating AISystem for world Level
[2017.10.11-09.33.58:830][875]Cmd: MAP LOAD FILE="../../../../../../Users/rifkiadrn/Documents/Unreal Projects/Tutorial2GameDev/Content/2DSideScrollerBP/Blueprints/Level.umap" TEMPLATE=0 SHOWPROGRESS=1 FEATURELEVEL=3
[2017.10.11-09.33.58:830][875]LightingResults: New page: Lighting Build
[2017.10.11-09.33.58:832][875]LoadErrors: New page: Loading map: Level.umap
[2017.10.11-09.33.58:834][875]MapCheck: New page: Map Check
[2017.10.11-09.33.58:834][875]LightingResults: New page: Lighting Build
[2017.10.11-09.33.58:937][875]LogEditorServer: Finished looking for orphan Actors (0.000 secs)
[2017.10.11-09.33.59:097][875]Cmd: MAP CHECKDEP NOCLEARLOG
[2017.10.11-09.33.59:323][875]MapCheck: Info Map check complete: 0 Error(s), 0 Warning(s), took 225.794ms to complete.
[2017.10.11-09.33.59:338][875]LogFileHelpers: Loading map 'Level' took 0.509
[2017.10.11-09.33.59:341][875]LogSlate: Took 0.000546 seconds to synchronously load lazily loaded font '../../../Engine/Content/Slate/Fonts/Roboto-Regular.ttf' (155K)
[2017.10.11-09.34.01:301][957]LogTemp: Repeting last play command: Selected Viewport
[2017.10.11-09.34.01:620][957]LogPlayLevel: PlayLevel: No blueprints needed recompiling
[2017.10.11-09.34.01:660][957]PIE: New page: PIE session: Level (Oct 11, 2017, 11:34:01 PM)
[2017.10.11-09.34.01:660][957]LogPlayLevel: Creating play world package: /Game/2DSideScrollerBP/Blueprints/UEDPIE_0_Level
[2017.10.11-09.34.01:698][957]LogPlayLevel: PIE: StaticDuplicateObject took: (0.036851s)
[2017.10.11-09.34.01:699][957]LogAIModule: Creating AISystem for world Level
[2017.10.11-09.34.01:699][957]LogPlayLevel: PIE: World Init took: (0.001731s)
[2017.10.11-09.34.01:699][957]LogPlayLevel: PIE: Created PIE world by copying editor world from /Game/2DSideScrollerBP/Blueprints/Level.Level to /Game/2DSideScrollerBP/Blueprints/UEDPIE_0_Level.Level (0.039118s)
[2017.10.11-09.34.01:784][957]LogInit: XAudio2 using 'Speakers (Conexant SmartAudio HD)' : 2 channels at 48 kHz using 32 bits per sample (channel mask 0x3)
[2017.10.11-09.34.01:819][957]LogInit: FAudioDevice initialized.
[2017.10.11-09.34.01:898][957]LogLoad: Game class is 'MyGameMode_C'
[2017.10.11-09.34.01:916][957]LogWorld: Bringing World /Game/2DSideScrollerBP/Blueprints/UEDPIE_0_Level.Level up for play (max tick rate 60) at 2017.10.11-16.34.01
[2017.10.11-09.34.01:919][957]LogWorld: Bringing up level for play took: 0.008338
[2017.10.11-09.34.02:205][957]LogContentBrowser: Native class hierarchy updated for 'MovieSceneCapture' in 0.0022 seconds. Added 11 classes and 0 folders.
[2017.10.11-09.34.02:262][957]PIE: Info Play in editor start time for /Game/2DSideScrollerBP/Blueprints/UEDPIE_0_Level -0.072
[2017.10.11-09.34.09:360][322]LogTemp: Repeting last play command: Selected Viewport
[2017.10.11-09.34.09:423][322]LogPlayLevel: PlayLevel: No blueprints needed recompiling
[2017.10.11-09.34.09:423][322]PIE: New page: PIE session: Level (Oct 11, 2017, 11:34:09 PM)
[2017.10.11-09.34.09:423][322]LogPlayLevel: Creating play world package: /Game/2DSideScrollerBP/Blueprints/UEDPIE_0_Level
[2017.10.11-09.34.09:429][322]LogPlayLevel: PIE: StaticDuplicateObject took: (0.005363s)
[2017.10.11-09.34.09:430][322]LogAIModule: Creating AISystem for world Level
[2017.10.11-09.34.09:431][322]LogPlayLevel: PIE: World Init took: (0.001761s)
[2017.10.11-09.34.09:431][322]LogPlayLevel: PIE: Created PIE world by copying editor world from /Game/2DSideScrollerBP/Blueprints/Level.Level to /Game/2DSideScrollerBP/Blueprints/UEDPIE_0_Level.Level (0.007690s)
[2017.10.11-09.34.09:515][322]LogInit: XAudio2 using 'Speakers (Conexant SmartAudio HD)' : 2 channels at 48 kHz using 32 bits per sample (channel mask 0x3)
[2017.10.11-09.34.09:549][322]LogInit: FAudioDevice initialized.
[2017.10.11-09.34.09:596][322]LogLoad: Game class is 'MyGameMode_C'
[2017.10.11-09.34.09:602][322]LogWorld: Bringing World /Game/2DSideScrollerBP/Blueprints/UEDPIE_0_Level.Level up for play (max tick rate 60) at 2017.10.11-16.34.09
[2017.10.11-09.34.09:604][322]LogWorld: Bringing up level for play took: 0.006926
[2017.10.11-09.34.09:608][322]PIE: Info Play in editor start time for /Game/2DSideScrollerBP/Blueprints/UEDPIE_0_Level -0.727
[2017.10.11-09.34.24:353][107]LogEditorViewport: Clicking Background
[2017.10.11-09.34.25:034][138]LogTemp: Repeting last play command: Selected Viewport
[2017.10.11-09.34.25:098][138]LogPlayLevel: PlayLevel: No blueprints needed recompiling
[2017.10.11-09.34.25:098][138]PIE: New page: PIE session: Level (Oct 11, 2017, 11:34:25 PM)
[2017.10.11-09.34.25:098][138]LogPlayLevel: Creating play world package: /Game/2DSideScrollerBP/Blueprints/UEDPIE_0_Level
[2017.10.11-09.34.25:103][138]LogPlayLevel: PIE: StaticDuplicateObject took: (0.004177s)
[2017.10.11-09.34.25:105][138]LogAIModule: Creating AISystem for world Level
[2017.10.11-09.34.25:105][138]LogPlayLevel: PIE: World Init took: (0.002405s)
[2017.10.11-09.34.25:106][138]LogPlayLevel: PIE: Created PIE world by copying editor world from /Game/2DSideScrollerBP/Blueprints/Level.Level to /Game/2DSideScrollerBP/Blueprints/UEDPIE_0_Level.Level (0.007297s)
[2017.10.11-09.34.25:194][138]LogInit: XAudio2 using 'Speakers (Conexant SmartAudio HD)' : 2 channels at 48 kHz using 32 bits per sample (channel mask 0x3)
[2017.10.11-09.34.25:227][138]LogInit: FAudioDevice initialized.
[2017.10.11-09.34.25:272][138]LogLoad: Game class is 'MyGameMode_C'
[2017.10.11-09.34.25:278][138]LogWorld: Bringing World /Game/2DSideScrollerBP/Blueprints/UEDPIE_0_Level.Level up for play (max tick rate 60) at 2017.10.11-16.34.25
[2017.10.11-09.34.25:281][138]LogWorld: Bringing up level for play took: 0.007390
[2017.10.11-09.34.25:284][138]PIE: Info Play in editor start time for /Game/2DSideScrollerBP/Blueprints/UEDPIE_0_Level 0.949
[2017.10.11-09.34.42:230][ 57]LogTemp: Repeting last play command: Selected Viewport
[2017.10.11-09.34.42:293][ 57]LogPlayLevel: PlayLevel: No blueprints needed recompiling
[2017.10.11-09.34.42:293][ 57]PIE: New page: PIE session: Level (Oct 11, 2017, 11:34:42 PM)
[2017.10.11-09.34.42:293][ 57]LogPlayLevel: Creating play world package: /Game/2DSideScrollerBP/Blueprints/UEDPIE_0_Level
[2017.10.11-09.34.42:298][ 57]LogPlayLevel: PIE: StaticDuplicateObject took: (0.004596s)
[2017.10.11-09.34.42:300][ 57]LogAIModule: Creating AISystem for world Level
[2017.10.11-09.34.42:301][ 57]LogPlayLevel: PIE: World Init took: (0.002659s)
[2017.10.11-09.34.42:301][ 57]LogPlayLevel: PIE: Created PIE world by copying editor world from /Game/2DSideScrollerBP/Blueprints/Level.Level to /Game/2DSideScrollerBP/Blueprints/UEDPIE_0_Level.Level (0.007921s)
[2017.10.11-09.34.42:385][ 57]LogInit: XAudio2 using 'Speakers (Conexant SmartAudio HD)' : 2 channels at 48 kHz using 32 bits per sample (channel mask 0x3)
[2017.10.11-09.34.42:417][ 57]LogInit: FAudioDevice initialized.
[2017.10.11-09.34.42:463][ 57]LogLoad: Game class is 'MyGameMode_C'
[2017.10.11-09.34.42:470][ 57]LogWorld: Bringing World /Game/2DSideScrollerBP/Blueprints/UEDPIE_0_Level.Level up for play (max tick rate 60) at 2017.10.11-16.34.42
[2017.10.11-09.34.42:472][ 57]LogWorld: Bringing up level for play took: 0.007788
[2017.10.11-09.34.42:476][ 57]PIE: Info Play in editor start time for /Game/2DSideScrollerBP/Blueprints/UEDPIE_0_Level 0.141
[2017.10.11-09.35.16:757][701]LogEditorViewport: Clicking on Actor (LMB): PaperTileMapActor (spritesheet-32x-trans_TileMap)
[2017.10.11-09.35.19:474][766]LogWindows: LaunchURL http://docs.unrealengine.com/latest/INT/Engine/UI/LevelEditor/Viewports/ViewportControls/index.html
[2017.10.11-09.35.24:698][864]LogWindows: LaunchURL http://docs.unrealengine.com/latest/INT/Engine/UI/LevelEditor/Viewports/ViewportControls/index.html
[2017.10.11-09.35.39:656][393]Cmd: TRANSACTION UNDO
[2017.10.11-09.35.39:656][393]LogEditorTransaction: Undo Move Actors
[2017.10.11-09.35.39:702][393]LogSlate: Took 0.000725 seconds to synchronously load lazily loaded font '../../../Engine/Content/Slate/Fonts/Roboto-Light.ttf' (159K)
[2017.10.11-09.35.41:582][472]LogEditorViewport: Clicking Background
[2017.10.11-09.42.07:316][848]LogHttp:Warning: 000002E38226EC80: request failed, libcurl error: 6 (Couldn't resolve host name)
[2017.10.11-09.42.07:316][848]LogHttp:Warning: 000002E38226EC80: libcurl info message cache 0 (Found bundle for host datarouter.ol.epicgames.com: 0x2e38341ffb8 [can pipeline])
[2017.10.11-09.42.07:316][848]LogHttp:Warning: 000002E38226EC80: libcurl info message cache 1 (Re-using existing connection! (#3) with host datarouter.ol.epicgames.com)
[2017.10.11-09.42.07:316][848]LogHttp:Warning: 000002E38226EC80: libcurl info message cache 2 (Connected to datarouter.ol.epicgames.com (52.20.191.231) port 443 (#3))
[2017.10.11-09.42.07:316][848]LogHttp:Warning: 000002E38226EC80: libcurl info message cache 3 (upload completely sent off: 365 out of 365 bytes)
[2017.10.11-09.42.07:316][848]LogHttp:Warning: 000002E38226EC80: libcurl info message cache 4 (SSL read: error:00000000:lib(0):func(0):reason(0), errno 10054)
[2017.10.11-09.42.07:316][848]LogHttp:Warning: 000002E38226EC80: libcurl info message cache 5 (Connection died, retrying a fresh connect)
[2017.10.11-09.42.07:317][848]LogHttp:Warning: 000002E38226EC80: libcurl info message cache 6 (Closing connection 3)
[2017.10.11-09.42.07:317][848]LogHttp:Warning: 000002E38226EC80: libcurl info message cache 7 (Issue another request to this URL: 'https://datarouter.ol.epicgames.com/datarouter/api/v1/public/data?SessionID=%7B8B91C9FB-4E70-6190-8043-C39A7215C649%7D&AppID=UEEditor.Rocket.Release&AppVersion=4.16.3-3561208%2B%2B%2BUE4%2BRelease-4.16&UserID=77028a7847445427ba921f816a2c5f83%7C591b0f86681142679c7ce5ad85b1059a%7C7d36cb8c-10b2-4c52-bd77-5cf9760b728e&AppEnvironment=datacollector-binary&UploadType=eteventstream')
[2017.10.11-09.42.07:317][848]LogHttp:Warning: 000002E38226EC80: libcurl info message cache 8 (Could not resolve host: datarouter.ol.epicgames.com)
[2017.10.11-09.42.07:317][848]LogHttp:Warning: 000002E38226EC80: libcurl info message cache 9 (Closing connection 4)
[2017.10.11-09.44.41:727][309]LogSavePackage: Save=100.03ms
[2017.10.11-09.44.41:727][309]LogSavePackage: Moving '../../../../../../Users/rifkiadrn/Documents/Unreal Projects/Tutorial2GameDev/Saved/Level_Auto1E2032829449C89A5898149B5049B7B8E.tmp' to '../../../../../../Users/rifkiadrn/Documents/Unreal Projects/Tutorial2GameDev/Saved/Autosaves/Game/2DSideScrollerBP/Blueprints/Level_Auto1.umap'
[2017.10.11-09.44.41:732][309]LogSavePackage:Display: Finished SavePackage ../../../../../../Users/rifkiadrn/Documents/Unreal Projects/Tutorial2GameDev/Saved/Autosaves/Game/2DSideScrollerBP/Blueprints/Level_Auto1.umap
[2017.10.11-09.44.41:739][309]LogFileHelpers: Editor autosave (incl. sublevels) for '/Game/2DSideScrollerBP/Blueprints/Level' took 0.324
[2017.10.11-09.44.41:739][309]LogFileHelpers: Editor autosave (incl. sublevels) for all levels took 0.324
[2017.10.11-10.20.00:698][944]LogSavePackage: Save=28.75ms
[2017.10.11-10.20.00:698][944]LogSavePackage: Moving '../../../../../../Users/rifkiadrn/Documents/Unreal Projects/Tutorial2GameDev/Saved/Level2985FBD940D2E7B604B8F48F91089601.tmp' to '../../../../../../Users/rifkiadrn/Documents/Unreal Projects/Tutorial2GameDev/Content/2DSideScrollerBP/Blueprints/Level.umap'
[2017.10.11-10.20.00:731][944]LogSavePackage:Display: Finished SavePackage ../../../../../../Users/rifkiadrn/Documents/Unreal Projects/Tutorial2GameDev/Content/2DSideScrollerBP/Blueprints/Level.umap
[2017.10.11-10.20.00:760][944]LogFileHelpers: Saving map 'Level' took 0.229
[2017.10.11-10.20.00:867][944]LogSavePackage: Save=97.58ms
[2017.10.11-10.20.00:867][944]LogSavePackage: Moving '../../../../../../Users/rifkiadrn/Documents/Unreal Projects/Tutorial2GameDev/Saved/MovingPlatformBP9E0DE30C4D4CF08913D1C79FCA824D64.tmp' to '../../../../../../Users/rifkiadrn/Documents/Unreal Projects/Tutorial2GameDev/Content/2DSideScrollerBP/Blueprints/MovingPlatformBP.uasset'
[2017.10.11-10.20.00:871][944]LogSavePackage:Display: Finished SavePackage ../../../../../../Users/rifkiadrn/Documents/Unreal Projects/Tutorial2GameDev/Content/2DSideScrollerBP/Blueprints/MovingPlatformBP.uasset
[2017.10.11-10.20.01:786][945]Cmd: QUIT_EDITOR
[2017.10.11-10.20.01:856][945]LogWindowsTextInputMethodSystem:Display: IME system now deactivated.
[2017.10.11-10.20.01:871][945]LogExit: Preparing to exit.
[2017.10.11-10.20.02:960][945]LogDirectoryWatcher: A directory notification for 'C:/Users/rifkiadrn/Documents/Unreal Projects/Tutorial2GameDev/Content/' was aborted.
[2017.10.11-10.20.02:980][945]LogExit: Editor shut down
[2017.10.11-10.20.02:991][945]LogExit: Transaction tracking system shut down
[2017.10.11-10.20.03:061][945]LogObj: Freed 0b from 0 cluster array pools.
[2017.10.11-10.20.03:061][945]LogExit: Object subsystem successfully closed.
[2017.10.11-10.20.03:086][945]LogD3D11RHI: Shutdown
[2017.10.11-10.20.03:086][945]LogD3D11RHI: CleanupD3DDevice
[2017.10.11-10.20.03:349][945]LogD3D11RHI: ~FD3D11DynamicRHI
[2017.10.11-10.20.03:371][945]LogModuleManager: Shutting down and abandoning module MovieSceneCapture (526)
[2017.10.11-10.20.03:387][945]LogModuleManager: Shutting down and abandoning module HierarchicalLODOutliner (524)
[2017.10.11-10.20.03:387][945]LogModuleManager: Shutting down and abandoning module CrashTracker (522)
[2017.10.11-10.20.03:387][945]LogModuleManager: Shutting down and abandoning module SceneOutliner (520)
[2017.10.11-10.20.03:387][945]LogModuleManager: Shutting down and abandoning module AddContentDialog (518)
[2017.10.11-10.20.03:401][945]LogDirectoryWatcher: A directory notification for 'C:/Program Files/Unreal rar/UE_4.16/FeaturePacks/' was aborted.
[2017.10.11-10.20.03:411][945]LogModuleManager: Shutting down and abandoning module WidgetCarousel (517)
[2017.10.11-10.20.03:411][945]LogModuleManager: Shutting down and abandoning module EditorWidgets (514)
[2017.10.11-10.20.03:411][945]LogModuleManager: Shutting down and abandoning module CollectionManager (512)
[2017.10.11-10.20.03:411][945]LogDirectoryWatcher: A directory notification for 'C:/Users/rifkiadrn/Documents/Unreal Projects/Tutorial2GameDev/Content/Collections/' was aborted.
[2017.10.11-10.20.03:411][945]LogDirectoryWatcher: A directory notification for 'C:/Users/rifkiadrn/Documents/Unreal Projects/Tutorial2GameDev/Content/Developers/rifkiadrn/Collections/' was aborted.
[2017.10.11-10.20.03:411][945]LogDirectoryWatcher: A directory notification for 'C:/Users/rifkiadrn/Documents/Unreal Projects/Tutorial2GameDev/Saved/Collections/' was aborted.
[2017.10.11-10.20.03:411][945]LogModuleManager: Shutting down and abandoning module StatsViewer (510)
[2017.10.11-10.20.03:411][945]LogModuleManager: Shutting down and abandoning module FoliageEdit (508)
[2017.10.11-10.20.03:411][945]LogModuleManager: Shutting down and abandoning module LandscapeEditor (506)
[2017.10.11-10.20.03:411][945]LogModuleManager: Shutting down and abandoning module MeshPaintMode (504)
[2017.10.11-10.20.03:411][945]LogModuleManager: Shutting down and abandoning module SceneDepthPickerMode (502)
[2017.10.11-10.20.03:411][945]LogModuleManager: Shutting down and abandoning module ActorPickerMode (500)
[2017.10.11-10.20.03:411][945]LogModuleManager: Shutting down and abandoning module GeometryMode (498)
[2017.10.11-10.20.03:411][945]LogModuleManager: Shutting down and abandoning module TextureAlignMode (496)
[2017.10.11-10.20.03:411][945]LogModuleManager: Shutting down and abandoning module BspMode (494)
[2017.10.11-10.20.03:411][945]LogModuleManager: Shutting down and abandoning module HardwareSurvey (492)
[2017.10.11-10.20.03:411][945]LogModuleManager: Shutting down and abandoning module SequenceRecorderSections (490)
[2017.10.11-10.20.03:411][945]LogModuleManager: Shutting down and abandoning module AutomationWorker (488)
[2017.10.11-10.20.03:411][945]LogModuleManager: Shutting down and abandoning module MatineeToLevelSequence (486)
[2017.10.11-10.20.03:411][945]LogModuleManager: Shutting down and abandoning module LevelSequenceEditor (484)
[2017.10.11-10.20.03:411][945]LogModuleManager: Shutting down and abandoning module PlacementMode (483)
[2017.10.11-10.20.03:411][945]LogModuleManager: Shutting down and abandoning module WmfMediaFactory (480)
[2017.10.11-10.20.03:411][945]LogModuleManager: Shutting down and abandoning module WmfMediaEditor (478)
[2017.10.11-10.20.03:411][945]LogModuleManager: Shutting down and abandoning module AvfMediaFactory (476)
[2017.10.11-10.20.03:411][945]LogModuleManager: Shutting down and abandoning module AvfMediaEditor (474)
[2017.10.11-10.20.03:411][945]LogModuleManager: Shutting down and abandoning module AndroidMediaFactory (472)
[2017.10.11-10.20.03:411][945]LogModuleManager: Shutting down and abandoning module Media (471)
[2017.10.11-10.20.03:411][945]LogModuleManager: Shutting down and abandoning module AndroidMediaEditor (468)
[2017.10.11-10.20.03:412][945]LogModuleManager: Shutting down and abandoning module CharacterAI (466)
[2017.10.11-10.20.03:412][945]LogModuleManager: Shutting down and abandoning module AudioCapture (464)
[2017.10.11-10.20.03:412][945]LogModuleManager: Shutting down and abandoning module SequenceRecorder (463)
[2017.10.11-10.20.03:412][945]LogModuleManager: Shutting down and abandoning module SmartSnapping (460)
[2017.10.11-10.20.03:412][945]LogModuleManager: Shutting down and abandoning module SessionServices (458)
[2017.10.11-10.20.03:412][945]LogModuleManager: Shutting down and abandoning module ViewportSnapping (456)
[2017.10.11-10.20.03:412][945]LogModuleManager: Shutting down and abandoning module ViewportInteraction (454)
[2017.10.11-10.20.03:412][945]LogModuleManager: Shutting down and abandoning module ClothPainter (452)
[2017.10.11-10.20.03:412][945]LogModuleManager: Shutting down and abandoning module LogVisualizer (450)
[2017.10.11-10.20.03:412][945]LogModuleManager: Shutting down and abandoning module IntroTutorials (448)
[2017.10.11-10.20.03:425][945]LogModuleManager: Shutting down and abandoning module GameProjectGeneration (447)
[2017.10.11-10.20.03:425][945]LogModuleManager: Shutting down and abandoning module EditorLiveStreaming (444)
[2017.10.11-10.20.03:425][945]LogModuleManager: Shutting down and abandoning module IOSPlatformEditor (442)
[2017.10.11-10.20.03:425][945]LogModuleManager: Shutting down and abandoning module HTML5PlatformEditor (440)
[2017.10.11-10.20.03:425][945]LogModuleManager: Shutting down and abandoning module AndroidPlatformEditor (438)
[2017.10.11-10.20.03:425][945]LogModuleManager: Shutting down and abandoning module AndroidDeviceDetection (437)
[2017.10.11-10.20.04:184][945]LogModuleManager: Shutting down and abandoning module IOSRuntimeSettings (434)
[2017.10.11-10.20.04:184][945]LogModuleManager: Shutting down and abandoning module AndroidRuntimeSettings (432)
[2017.10.11-10.20.04:184][945]LogModuleManager: Shutting down and abandoning module InputBindingEditor (430)
[2017.10.11-10.20.04:184][945]LogModuleManager: Shutting down and abandoning module MergeActors (428)
[2017.10.11-10.20.04:184][945]LogModuleManager: Shutting down and abandoning module SizeMap (426)
[2017.10.11-10.20.04:184][945]LogModuleManager: Shutting down and abandoning module TreeMap (424)
[2017.10.11-10.20.04:184][945]LogModuleManager: Shutting down and abandoning module ReferenceViewer (422)
[2017.10.11-10.20.04:184][945]LogModuleManager: Shutting down and abandoning module LocalizationDashboard (420)
[2017.10.11-10.20.04:184][945]LogModuleManager: Shutting down and abandoning module LocalizationService (419)
[2017.10.11-10.20.04:185][945]LogModuleManager: Shutting down and abandoning module HardwareTargeting (416)
[2017.10.11-10.20.04:185][945]LogModuleManager: Shutting down and abandoning module DeviceProfileEditor (414)
[2017.10.11-10.20.04:185][945]LogModuleManager: Shutting down and abandoning module UndoHistory (412)
[2017.10.11-10.20.04:185][945]LogModuleManager: Shutting down and abandoning module UserFeedback (410)
[2017.10.11-10.20.04:185][945]LogModuleManager: Shutting down and abandoning module XmlParser (408)
[2017.10.11-10.20.04:185][945]LogModuleManager: Shutting down and abandoning module Blutility (406)
[2017.10.11-10.20.04:185][945]LogModuleManager: Shutting down and abandoning module ProjectSettingsViewer (404)
[2017.10.11-10.20.04:185][945]LogModuleManager: Shutting down and abandoning module ProjectTargetPlatformEditor (403)
[2017.10.11-10.20.04:185][945]LogModuleManager: Shutting down and abandoning module EditorSettingsViewer (400)
[2017.10.11-10.20.04:185][945]LogModuleManager: Shutting down and abandoning module SettingsEditor (398)
[2017.10.11-10.20.04:185][945]LogModuleManager: Shutting down and abandoning module ProjectLauncher (396)
[2017.10.11-10.20.04:185][945]LogModuleManager: Shutting down and abandoning module SessionFrontend (394)
[2017.10.11-10.20.04:185][945]LogModuleManager: Shutting down and abandoning module ProfilerClient (392)
[2017.10.11-10.20.04:185][945]LogModuleManager: Shutting down and abandoning module DeviceManager (390)
[2017.10.11-10.20.04:185][945]LogModuleManager: Shutting down and abandoning module TargetDeviceServices (389)
[2017.10.11-10.20.04:251][945]LogModuleManager: Shutting down and abandoning module AutomationController (386)
[2017.10.11-10.20.04:251][945]LogModuleManager: Shutting down and abandoning module AutomationWindow (384)
[2017.10.11-10.20.04:251][945]LogModuleManager: Shutting down and abandoning module Layers (382)
[2017.10.11-10.20.04:251][945]LogModuleManager: Shutting down and abandoning module ComponentVisualizers (380)
[2017.10.11-10.20.04:251][945]LogModuleManager: Shutting down and abandoning module DetailCustomizations (378)
[2017.10.11-10.20.04:251][945]LogModuleManager: Shutting down and abandoning module PackagesDialog (376)
[2017.10.11-10.20.04:251][945]LogModuleManager: Shutting down and abandoning module Persona (374)
[2017.10.11-10.20.04:251][945]LogModuleManager: Shutting down and abandoning module AdvancedPreviewScene (373)
[2017.10.11-10.20.04:251][945]LogModuleManager: Shutting down and abandoning module AnimGraph (371)
[2017.10.11-10.20.04:251][945]LogModuleManager: Shutting down and abandoning module Kismet (368)
[2017.10.11-10.20.04:251][945]LogModuleManager: Shutting down and abandoning module ClassViewer (366)
[2017.10.11-10.20.04:253][945]LogModuleManager: Shutting down and abandoning module Toolbox (364)
[2017.10.11-10.20.04:253][945]LogModuleManager: Shutting down and abandoning module ModuleUI (362)
[2017.10.11-10.20.04:253][945]LogModuleManager: Shutting down and abandoning module MovieSceneTools (360)
[2017.10.11-10.20.04:253][945]LogModuleManager: Shutting down and abandoning module OutputLog (358)
[2017.10.11-10.20.04:253][945]LogModuleManager: Shutting down and abandoning module GammaUI (356)
[2017.10.11-10.20.04:253][945]LogModuleManager: Shutting down and abandoning module Documentation (354)
[2017.10.11-10.20.04:253][945]LogModuleManager: Shutting down and abandoning module MovieSceneTracks (352)
[2017.10.11-10.20.04:253][945]LogModuleManager: Shutting down and abandoning module MovieScene (350)
[2017.10.11-10.20.04:253][945]LogModuleManager: Shutting down and abandoning module Niagara (348)
[2017.10.11-10.20.04:253][945]LogModuleManager: Shutting down and abandoning module NiagaraEditor (347)
[2017.10.11-10.20.04:253][945]LogModuleManager: Shutting down and abandoning module StreamingPauseRendering (344)
[2017.10.11-10.20.04:253][945]LogModuleManager: Shutting down and abandoning module AnalyticsET (342)
[2017.10.11-10.20.04:253][945]LogModuleManager: Shutting down and abandoning module PortalServices (340)
[2017.10.11-10.20.04:253][945]LogModuleManager: Shutting down and abandoning module PortalRpc (338)
[2017.10.11-10.20.04:253][945]LogModuleManager: Shutting down and abandoning module MessagingRpc (336)
[2017.10.11-10.20.04:253][945]LogModuleManager: Shutting down and abandoning module AIModule (334)
[2017.10.11-10.20.04:253][945]LogModuleManager: Shutting down and abandoning module GameplayDebugger (333)
[2017.10.11-10.20.04:253][945]LogModuleManager: Shutting down and abandoning module AITestSuite (331)
[2017.10.11-10.20.04:253][945]LogModuleManager: Shutting down and abandoning module ProfilerService (328)
[2017.10.11-10.20.04:327][945]LogModuleManager: Shutting down and abandoning module TaskGraph (326)
[2017.10.11-10.20.04:327][945]LogModuleManager: Shutting down and abandoning module SteamVRController (324)
[2017.10.11-10.20.04:327][945]LogModuleManager: Shutting down and abandoning module SteamVR (322)
[2017.10.11-10.20.04:327][945]LogModuleManager: Shutting down and abandoning module ProceduralMeshComponentEditor (320)
[2017.10.11-10.20.04:327][945]LogModuleManager: Shutting down and abandoning module ProceduralMeshComponent (318)
[2017.10.11-10.20.04:327][945]LogModuleManager: Shutting down and abandoning module OculusLibrary (316)
[2017.10.11-10.20.04:327][945]LogModuleManager: Shutting down and abandoning module OculusInput (314)
[2017.10.11-10.20.04:327][945]LogModuleManager: Shutting down and abandoning module MobilePatchingUtils (312)
[2017.10.11-10.20.04:327][945]LogModuleManager: Shutting down and abandoning module CustomMeshComponent (310)
[2017.10.11-10.20.04:327][945]LogModuleManager: Shutting down and abandoning module CableComponent (308)
[2017.10.11-10.20.04:327][945]LogModuleManager: Shutting down and abandoning module ArchVisCharacter (306)
[2017.10.11-10.20.04:327][945]LogModuleManager: Shutting down and abandoning module AndroidPermission (304)
[2017.10.11-10.20.04:327][945]LogModuleManager: Shutting down and abandoning module MediaPlayerEditor (300)
[2017.10.11-10.20.04:327][945]LogModuleManager: Shutting down and abandoning module HTML5Networking (298)
[2017.10.11-10.20.04:327][945]LogModuleManager: Shutting down and abandoning module AlembicImporter (296)
[2017.10.11-10.20.04:327][945]LogModuleManager: Shutting down and abandoning module AlembicLibrary (295)
[2017.10.11-10.20.04:327][945]LogModuleManager: Shutting down and abandoning module GeometryCache (294)
[2017.10.11-10.20.04:327][945]LogModuleManager: Shutting down and abandoning module GeometryCacheEd (293)
[2017.10.11-10.20.04:327][945]LogModuleManager: Shutting down and abandoning module SuperSearchEditor (288)
[2017.10.11-10.20.04:327][945]LogModuleManager: Shutting down and abandoning module SuperSearch (287)
[2017.10.11-10.20.04:328][945]LogModuleManager: Shutting down and abandoning module SpeedTreeImporter (284)
[2017.10.11-10.20.04:328][945]LogModuleManager: Shutting down and abandoning module PluginBrowser (282)
[2017.10.11-10.20.04:328][945]LogModuleManager: Shutting down and abandoning module MobileLauncherProfileWizard (280)
[2017.10.11-10.20.04:328][945]LogModuleManager: Shutting down and abandoning module VisualStudioSourceCodeAccess (278)
[2017.10.11-10.20.04:328][945]LogModuleManager: Shutting down and abandoning module DesktopPlatform (277)
[2017.10.11-10.20.04:328][945]LogModuleManager: Shutting down and abandoning module UObjectPlugin (274)
[2017.10.11-10.20.04:328][945]LogModuleManager: Shutting down and abandoning module SubversionSourceControl (272)
[2017.10.11-10.20.04:328][945]LogModuleManager: Shutting down and abandoning module PerforceSourceControl (270)
[2017.10.11-10.20.04:328][945]LogModuleManager: Shutting down and abandoning module GitSourceControl (268)
[2017.10.11-10.20.04:328][945]LogModuleManager: Shutting down and abandoning module SourceControl (267)
[2017.10.11-10.20.04:328][945]LogModuleManager: Shutting down and abandoning module LightPropagationVolumeEditor (264)
[2017.10.11-10.20.04:328][945]LogModuleManager: Shutting down and abandoning module PaperTiledImporter (262)
[2017.10.11-10.20.04:328][945]LogModuleManager: Shutting down and abandoning module PaperSpriteSheetImporter (260)
[2017.10.11-10.20.04:328][945]LogModuleManager: Shutting down and abandoning module Paper2DEditor (258)
[2017.10.11-10.20.04:328][945]LogModuleManager: Shutting down and abandoning module MeshPaint (257)
[2017.10.11-10.20.04:328][945]LogModuleManager: Shutting down and abandoning module LevelEditor (255)
[2017.10.11-10.20.04:329][945]LogModuleManager: Shutting down and abandoning module PixelInspectorModule (254)
[2017.10.11-10.20.04:329][945]LogModuleManager: Shutting down and abandoning module MainFrame (252)
[2017.10.11-10.20.04:329][945]LogModuleManager: Shutting down and abandoning module HotReload (251)
[2017.10.11-10.20.04:329][945]LogModuleManager: Shutting down and abandoning module PhysXVehiclesEditor (246)
[2017.10.11-10.20.04:329][945]LogModuleManager: Shutting down and abandoning module PhysXVehicles (244)
[2017.10.11-10.20.04:329][945]LogModuleManager: Shutting down and abandoning module LocationServicesBPLibrary (242)
[2017.10.11-10.20.04:329][945]LogModuleManager: Shutting down and abandoning module ImmediatePhysicsEditor (240)
[2017.10.11-10.20.04:329][945]LogModuleManager: Shutting down and abandoning module ImmediatePhysics (238)
[2017.10.11-10.20.04:329][945]LogModuleManager: Shutting down and abandoning module UdpMessaging (236)
[2017.10.11-10.20.04:429][945]LogModuleManager: Shutting down and abandoning module TcpMessaging (234)
[2017.10.11-10.20.04:529][945]LogModuleManager: Shutting down and abandoning module GameplayTagsEditor (232)
[2017.10.11-10.20.04:529][945]LogModuleManager: Shutting down and abandoning module FacialAnimationEditor (230)
[2017.10.11-10.20.04:529][945]LogModuleManager: Shutting down and abandoning module FacialAnimation (228)
[2017.10.11-10.20.04:529][945]LogModuleManager: Shutting down and abandoning module AssetManagerEditor (226)
[2017.10.11-10.20.04:529][945]LogModuleManager: Shutting down and abandoning module GraphEditor (225)
[2017.10.11-10.20.04:529][945]LogModuleManager: Shutting down and abandoning module ContentBrowser (223)
[2017.10.11-10.20.04:530][945]LogModuleManager: Shutting down and abandoning module LightPropagationVolumeRuntime (220)
[2017.10.11-10.20.04:530][945]LogModuleManager: Shutting down and abandoning module Paper2D (218)
[2017.10.11-10.20.04:530][945]LogModuleManager: Shutting down and abandoning module WindowsMoviePlayer (216)
[2017.10.11-10.20.04:530][945]LogModuleManager: Shutting down and abandoning module WmfMedia (214)
[2017.10.11-10.20.04:530][945]LogModuleManager: Shutting down and abandoning module ClothingSystemEditor (212)
[2017.10.11-10.20.04:530][945]LogModuleManager: Shutting down and abandoning module ClothingSystemRuntime (210)
[2017.10.11-10.20.04:530][945]LogModuleManager: Shutting down and abandoning module MediaAssets (208)
[2017.10.11-10.20.04:530][945]LogModuleManager: Shutting down and abandoning module GameLiveStreaming (206)
[2017.10.11-10.20.04:530][945]LogModuleManager: Shutting down and abandoning module VREditor (204)
[2017.10.11-10.20.04:530][945]LogModuleManager: Shutting down and abandoning module StringTableEditor (202)
[2017.10.11-10.20.04:530][945]LogModuleManager: Shutting down and abandoning module GameplayTasksEditor (200)
[2017.10.11-10.20.04:530][945]LogModuleManager: Shutting down and abandoning module BehaviorTreeEditor (198)
[2017.10.11-10.20.04:530][945]LogModuleManager: Shutting down and abandoning module FunctionalTesting (196)
[2017.10.11-10.20.04:530][945]LogModuleManager: Shutting down and abandoning module CollisionAnalyzer (194)
[2017.10.11-10.20.04:530][945]LogModuleManager: Shutting down and abandoning module UMG (192)
[2017.10.11-10.20.04:530][945]LogModuleManager: Shutting down and abandoning module UMGEditor (191)
[2017.10.11-10.20.04:530][945]LogModuleManager: Shutting down and abandoning module Sequencer (190)
[2017.10.11-10.20.04:530][945]LogModuleManager: Shutting down and abandoning module AssetTools (188)
[2017.10.11-10.20.04:530][945]LogModuleManager: Shutting down and abandoning module MessageLog (187)
[2017.10.11-10.20.04:530][945]LogModuleManager: Shutting down and abandoning module WorkspaceMenuStructure (186)
[2017.10.11-10.20.04:531][945]LogModuleManager: Shutting down and abandoning module SlateReflector (180)
[2017.10.11-10.20.04:531][945]LogModuleManager: Shutting down and abandoning module Slate (178)
[2017.10.11-10.20.04:531][945]LogModuleManager: Shutting down and abandoning module EditorStyle (176)
[2017.10.11-10.20.04:535][945]LogModuleManager: Shutting down and abandoning module SourceCodeAccess (174)
[2017.10.11-10.20.04:535][945]LogModuleManager: Shutting down and abandoning module HeadMountedDisplay (172)
[2017.10.11-10.20.04:535][945]LogModuleManager: Shutting down and abandoning module XAudio2 (170)
[2017.10.11-10.20.04:535][945]LogModuleManager: Shutting down and abandoning module Networking (168)
[2017.10.11-10.20.04:535][945]LogModuleManager: Shutting down and abandoning module Core (164)
[2017.10.11-10.20.04:535][945]LogModuleManager: Shutting down and abandoning module AssetRegistry (162)
[2017.10.11-10.20.04:674][945]LogDirectoryWatcher: A directory notification for '../../../Engine/Content/' was aborted.
[2017.10.11-10.20.04:674][945]LogDirectoryWatcher: A directory notification for '../../../../../../Users/rifkiadrn/Documents/Unreal Projects/Tutorial2GameDev/Content/' was aborted.
[2017.10.11-10.20.04:674][945]LogDirectoryWatcher: A directory notification for '../../../Engine/Plugins/2D/Paper2D/Content/' was aborted.
[2017.10.11-10.20.04:674][945]LogDirectoryWatcher: A directory notification for '../../../Engine/Plugins/Runtime/GearVR/Content/' was aborted.
[2017.10.11-10.20.04:677][945]LogModuleManager: Shutting down and abandoning module DirectoryWatcher (161)
[2017.10.11-10.20.04:678][945]LogModuleManager: Shutting down and abandoning module KismetCompiler (158)
[2017.10.11-10.20.04:679][945]LogModuleManager: Shutting down and abandoning module LevelSequence (156)
[2017.10.11-10.20.04:679][945]LogModuleManager: Shutting down and abandoning module PhysXFormats (154)
[2017.10.11-10.20.04:679][945]LogModuleManager: Shutting down and abandoning module MeshUtilities (152)
[2017.10.11-10.20.04:679][945]LogModuleManager: Shutting down and abandoning module SimplygonSwarm (151)
[2017.10.11-10.20.04:679][945]LogModuleManager: Shutting down and abandoning module SimplygonMeshReduction (149)
[2017.10.11-10.20.04:679][945]LogModuleManager: Shutting down and abandoning module QuadricMeshReduction (147)
[2017.10.11-10.20.04:679][945]LogModuleManager: Shutting down and abandoning module DerivedDataCache (144)
[2017.10.11-10.20.04:719][945]LogDerivedDataCache: Shutdown
[2017.10.11-10.20.04:719][945]LogModuleManager: Shutting down and abandoning module TargetPlatform (142)
[2017.10.11-10.20.04:719][945]LogModuleManager: Shutting down and abandoning module VulkanShaderFormat (141)
[2017.10.11-10.20.04:719][945]LogModuleManager: Shutting down and abandoning module ShaderFormatVectorVM (139)
[2017.10.11-10.20.04:719][945]LogModuleManager: Shutting down and abandoning module ShaderFormatOpenGL (137)
[2017.10.11-10.20.04:719][945]LogModuleManager: Shutting down and abandoning module ShaderFormatD3D (135)
[2017.10.11-10.20.04:719][945]LogModuleManager: Shutting down and abandoning module MetalShaderFormat (133)
[2017.10.11-10.20.04:719][945]LogModuleManager: Shutting down and abandoning module TextureFormatUncompressed (131)
[2017.10.11-10.20.04:719][945]LogModuleManager: Shutting down and abandoning module TextureFormatPVR (129)
[2017.10.11-10.20.04:719][945]LogModuleManager: Shutting down and abandoning module TextureFormatDXT (127)
[2017.10.11-10.20.04:720][945]LogModuleManager: Shutting down and abandoning module TextureFormatIntelISPCTexComp (125)
[2017.10.11-10.20.04:720][945]LogModuleManager: Shutting down and abandoning module TextureFormatASTC (123)
[2017.10.11-10.20.04:720][945]LogModuleManager: Shutting down and abandoning module ImageWrapper (122)
[2017.10.11-10.20.04:720][945]LogModuleManager: Shutting down and abandoning module TextureFormatAndroid (119)
[2017.10.11-10.20.04:720][945]LogModuleManager: Shutting down and abandoning module AudioFormatOpus (117)
[2017.10.11-10.20.04:720][945]LogModuleManager: Shutting down and abandoning module AudioFormatOgg (115)
[2017.10.11-10.20.04:720][945]LogModuleManager: Shutting down and abandoning module AudioFormatADPCM (113)
[2017.10.11-10.20.04:720][945]LogModuleManager: Shutting down and abandoning module LinuxTargetPlatform (111)
[2017.10.11-10.20.04:720][945]LogModuleManager: Shutting down and abandoning module LinuxServerTargetPlatform (109)
[2017.10.11-10.20.04:720][945]LogModuleManager: Shutting down and abandoning module LinuxNoEditorTargetPlatform (107)
[2017.10.11-10.20.04:720][945]LogModuleManager: Shutting down and abandoning module LinuxClientTargetPlatform (105)
[2017.10.11-10.20.04:720][945]LogModuleManager: Shutting down and abandoning module TVOSTargetPlatform (103)
[2017.10.11-10.20.04:720][945]LogModuleManager: Shutting down and abandoning module Messaging (101)
[2017.10.11-10.20.04:720][945]LogModuleManager: Shutting down and abandoning module IOSTargetPlatform (99)
[2017.10.11-10.20.04:720][945]LogModuleManager: Shutting down and abandoning module HTML5TargetPlatform (97)
[2017.10.11-10.20.04:720][945]LogModuleManager: Shutting down and abandoning module Android_PVRTCTargetPlatform (95)
[2017.10.11-10.20.04:720][945]LogModuleManager: Shutting down and abandoning module Android_MultiTargetPlatform (93)
[2017.10.11-10.20.04:720][945]LogModuleManager: Shutting down and abandoning module Android_ETC2TargetPlatform (91)
[2017.10.11-10.20.04:720][945]LogModuleManager: Shutting down and abandoning module Android_ETC1TargetPlatform (89)
[2017.10.11-10.20.04:720][945]LogModuleManager: Shutting down and abandoning module Android_DXTTargetPlatform (87)
[2017.10.11-10.20.04:720][945]LogModuleManager: Shutting down and abandoning module Android_ATCTargetPlatform (85)
[2017.10.11-10.20.04:720][945]LogModuleManager: Shutting down and abandoning module Android_ASTCTargetPlatform (83)
[2017.10.11-10.20.04:720][945]LogModuleManager: Shutting down and abandoning module AndroidTargetPlatform (81)
[2017.10.11-10.20.04:720][945]LogModuleManager: Shutting down and abandoning module WindowsTargetPlatform (79)
[2017.10.11-10.20.04:720][945]LogModuleManager: Shutting down and abandoning module WindowsServerTargetPlatform (77)
[2017.10.11-10.20.04:720][945]LogModuleManager: Shutting down and abandoning module WindowsNoEditorTargetPlatform (75)
[2017.10.11-10.20.04:720][945]LogModuleManager: Shutting down and abandoning module WindowsClientTargetPlatform (73)
[2017.10.11-10.20.04:720][945]LogModuleManager: Shutting down and abandoning module MacTargetPlatform (71)
[2017.10.11-10.20.04:720][945]LogModuleManager: Shutting down and abandoning module MacServerTargetPlatform (69)
[2017.10.11-10.20.04:720][945]LogModuleManager: Shutting down and abandoning module MacNoEditorTargetPlatform (67)
[2017.10.11-10.20.04:720][945]LogModuleManager: Shutting down and abandoning module MacClientTargetPlatform (65)
[2017.10.11-10.20.04:720][945]LogModuleManager: Shutting down and abandoning module AllDesktopTargetPlatform (63)
[2017.10.11-10.20.04:720][945]LogModuleManager: Shutting down and abandoning module InputCore (60)
[2017.10.11-10.20.04:720][945]LogModuleManager: Shutting down and abandoning module Settings (58)
[2017.10.11-10.20.04:720][945]LogModuleManager: Shutting down and abandoning module OculusRift (56)
[2017.10.11-10.20.04:720][945]LogModuleManager: Shutting down and abandoning module GearVRController (54)
[2017.10.11-10.20.04:720][945]LogModuleManager: Shutting down and abandoning module GearVR (52)
[2017.10.11-10.20.04:720][945]LogModuleManager: Shutting down and abandoning module ExampleDeviceProfileSelector (50)
[2017.10.11-10.20.04:720][945]LogModuleManager: Shutting down and abandoning module OnlineBlueprintSupport (48)
[2017.10.11-10.20.04:720][945]LogModuleManager: Shutting down and abandoning module OnlineSubsystem (44)
[2017.10.11-10.20.04:720][945]LogOnline:Display: Unloading online subsystem: NULL
[2017.10.11-10.20.04:721][945]LogModuleManager: Shutting down and abandoning module XMPP (43)
[2017.10.11-10.20.04:721][945]LogModuleManager: Shutting down and abandoning module HTTP (41)
[2017.10.11-10.20.04:721][945]LogHttp:Display: Http module shutting down, but needs to wait on 1 outstanding Http requests:
[2017.10.11-10.20.04:721][945]LogHttp:Display: 	verb=[POST] url=[https://datarouter.ol.epicgames.com/datarouter/api/v1/public/data?SessionID=%7B8B91C9FB-4E70-6190-8043-C39A7215C649%7D&AppID=UEEditor.Rocket.Release&AppVersion=4.16.3-3561208%2B%2B%2BUE4%2BRelease-4.16&UserID=77028a7847445427ba921f816a2c5f83%7C591b0f86681142679c7ce5ad85b1059a%7C7d36cb8c-10b2-4c52-bd77-5cf9760b728e&AppEnvironment=datacollector-binary&UploadType=eteventstream] status=Processing
[2017.10.11-10.20.04:734][945]LogModuleManager: Shutting down and abandoning module SSL (40)
[2017.10.11-10.20.04:737][945]LogModuleManager: Shutting down and abandoning module HTTPChunkInstaller (36)
[2017.10.11-10.20.04:737][945]LogModuleManager: Shutting down and abandoning module AnimationModifiers (34)
[2017.10.11-10.20.04:737][945]LogModuleManager: Shutting down and abandoning module PropertyEditor (33)
[2017.10.11-10.20.04:737][945]LogModuleManager: Shutting down and abandoning module AudioEditor (30)
[2017.10.11-10.20.04:737][945]LogModuleManager: Shutting down and abandoning module TextureCompressor (28)
[2017.10.11-10.20.04:737][945]LogModuleManager: Shutting down and abandoning module ShaderCore (26)
[2017.10.11-10.20.04:737][945]LogModuleManager: Shutting down and abandoning module Landscape (24)
[2017.10.11-10.20.04:737][945]LogModuleManager: Shutting down and abandoning module SlateRHIRenderer (22)
[2017.10.11-10.20.04:739][945]LogModuleManager: Shutting down and abandoning module OpenGLDrv (20)
[2017.10.11-10.20.04:739][945]LogModuleManager: Shutting down and abandoning module D3D11RHI (18)
[2017.10.11-10.20.04:739][945]LogModuleManager: Shutting down and abandoning module AnimGraphRuntime (16)
[2017.10.11-10.20.04:739][945]LogModuleManager: Shutting down and abandoning module Renderer (14)
[2017.10.11-10.20.04:739][945]LogModuleManager: Shutting down and abandoning module Engine (12)
[2017.10.11-10.20.04:739][945]LogModuleManager: Shutting down and abandoning module CoreUObject (10)
[2017.10.11-10.20.04:739][945]LogModuleManager: Shutting down and abandoning module NetworkFile (8)
[2017.10.11-10.20.04:739][945]LogModuleManager: Shutting down and abandoning module StreamingFile (6)
[2017.10.11-10.20.04:739][945]LogModuleManager: Shutting down and abandoning module SandboxFile (4)
[2017.10.11-10.20.04:739][945]LogModuleManager: Shutting down and abandoning module PakFile (2)
[2017.10.11-10.20.04:740][945]LogExit: Exiting.
[2017.10.11-10.20.04:760][945]Log file closed, 10/11/17 17:20:04
