Log file open, 09/29/17 18:35:50
LogInit:Display: Running engine for game: Rifki_Tutorial2
LogPlatformFile: Not using cached read wrapper
LogInit:Display: RandInit(-1190570768) SRandInit(-1190570768).
LogTaskGraph: Started task graph with 5 named threads and 6 total threads with 1 sets of task threads.
LogStats: Stats thread started at 0.091283
LogInit: Using libcurl 7.47.1
LogInit:  - built for x86_64-pc-win32
LogInit:  - supports SSL with OpenSSL/1.0.2g
LogInit:  - supports HTTP deflate (compression) using libz 1.2.8
LogInit:  - other features:
LogInit:      CURL_VERSION_SSL
LogInit:      CURL_VERSION_LIBZ
LogInit:      CURL_VERSION_IPV6
LogInit:      CURL_VERSION_ASYNCHDNS
LogInit:      CURL_VERSION_LARGEFILE
LogInit:      CURL_VERSION_IDN
LogInit:  CurlRequestOptions (configurable via config and command line):
LogInit:  - bVerifyPeer = false  - Libcurl will NOT verify peer certificate
LogInit:  - bUseHttpProxy = false  - Libcurl will NOT use HTTP proxy
LogInit:  - bDontReuseConnections = false  - Libcurl will reuse connections
LogInit:  - CertBundlePath = nullptr  - Libcurl will use whatever was configured at build time.
LogInit: Build: ++UE4+Release-4.16-CL-3561208
LogInit: Engine Version: 4.16.3-3561208+++UE4+Release-4.16
LogInit: Compatible Engine Version: 4.16.0-3452394+++UE4+Release-4.16
LogInit: Net CL: 3452394
LogDevObjectVersion: Number of dev versions registered: 16
LogDevObjectVersion:   Dev-Blueprints (B0D832E4-1F89-4F0D-ACCF-7EB736FD4AA2): 9
LogDevObjectVersion:   Dev-Build (E1C64328-A22C-4D53-A36C-8E866417BD8C): 0
LogDevObjectVersion:   Dev-Core (375EC13C-06E4-48FB-B500-84F0262A717E): 2
LogDevObjectVersion:   Dev-Editor (E4B068ED-F494-42E9-A231-DA0B2E46BB41): 17
LogDevObjectVersion:   Dev-Framework (CFFC743F-43B0-4480-9391-14DF171D2073): 23
LogDevObjectVersion:   Dev-Mobile (B02B49B5-BB20-44E9-A304-32B752E40360): 0
LogDevObjectVersion:   Dev-Networking (A4E4105C-59A1-49B5-A7C5-40C4547EDFEE): 0
LogDevObjectVersion:   Dev-Online (39C831C9-5AE6-47DC-9A44-9C173E1C8E7C): 0
LogDevObjectVersion:   Dev-Physics (78F01B33-EBEA-4F98-B9B4-84EACCB95AA2): 0
LogDevObjectVersion:   Dev-Platform (6631380F-2D4D-43E0-8009-CF276956A95A): 0
LogDevObjectVersion:   Dev-Rendering (12F88B9F-8875-4AFC-A67C-D90C383ABD29): 15
LogDevObjectVersion:   Dev-Sequencer (7B5AE74C-D270-4C10-A958-57980B212A5A): 4
LogDevObjectVersion:   Dev-VR (D7296918-1DD6-4BDD-9DE2-64A83CC13884): 0
LogDevObjectVersion:   Dev-LoadTimes (C2A15278-BFE7-4AFE-6C17-90FF531DF755): 1
LogDevObjectVersion:   Private-Geometry (6EACA3D4-40EC-4CC1-B786-8BED09428FC5): 1
LogDevObjectVersion:   Dev-AnimPhys (29E575DD-E0A3-4627-9D10-D276232CDCEA): 3
LogInit: Compiled (64-bit): Jul 28 2017 11:49:47
LogInit: Compiled with Visual C++: 19.00.24215.01
LogInit: Build Configuration: Development
LogInit: Branch Name: ++UE4+Release-4.16
LogInit: Command line: 
LogInit: Base directory: C:/Program Files/Unreal rar/UE_4.16/Engine/Binaries/Win64/
LogInit: Installed Engine Build: 1
LogInit: Presizing for max 8388607 objects, including 0 objects not considered by GC, pre-allocating 0 bytes for permanent pool.
LogInit: Object subsystem initialized
[2017.09.29-11.35.51:348][  0]LogInit: Selected Device Profile: [Windows]
[2017.09.29-11.35.51:348][  0]LogInit: Applying CVar settings loaded from the selected device profile: [Windows]
[2017.09.29-11.35.51:375][  0]LogConfig:Warning: Failed to saved backup for config[DeviceProfiles]
[2017.09.29-11.35.51:380][  0]LogInit: Computer: HUMANS-PC
[2017.09.29-11.35.51:380][  0]LogInit: User: rifkiadrn
[2017.09.29-11.35.51:380][  0]LogInit: CPU Page size=4096, Cores=2
[2017.09.29-11.35.51:380][  0]LogInit: High frequency timer resolution =2.143474 MHz
[2017.09.29-11.35.51:380][  0]LogMemory: Memory total: Physical=7.9GB (8GB approx)
[2017.09.29-11.35.51:380][  0]LogMemory: Platform Memory Stats for Windows
[2017.09.29-11.35.51:380][  0]LogMemory: Process Physical Memory: 272.70 MB used, 272.70 MB peak
[2017.09.29-11.35.51:380][  0]LogMemory: Process Virtual Memory: 266.63 MB used, 266.63 MB peak
[2017.09.29-11.35.51:380][  0]LogMemory: Physical Memory: 5008.11 MB used,  3083.61 MB free, 8091.72 MB total
[2017.09.29-11.35.51:380][  0]LogMemory: Virtual Memory: 642.16 MB used,  3083.61 MB free, 134217728.00 MB total
[2017.09.29-11.35.51:529][  0]LogInit: Using OS detected language (en-US).
[2017.09.29-11.35.51:529][  0]LogInit: Using OS detected locale (en-US).
[2017.09.29-11.35.51:534][  0]LogTextLocalizationManager: No specific localization for 'en-US' exists, so the 'en' localization will be used.
[2017.09.29-11.35.52:989][  0]LogD3D11RHI: D3D11 adapters:
[2017.09.29-11.35.53:611][  0]LogD3D11RHI:    0. 'NVIDIA GeForce 840M' (Feature Level 11_0)
[2017.09.29-11.35.53:611][  0]LogD3D11RHI:       2019/0/4045 MB DedicatedVideo/DedicatedSystem/SharedSystem, Outputs:1, VendorId:0x10de
[2017.09.29-11.35.53:617][  0]LogD3D11RHI:    1. 'Intel(R) HD Graphics 5500' (Feature Level 11_0)
[2017.09.29-11.35.53:617][  0]LogD3D11RHI:       128/0/4045 MB DedicatedVideo/DedicatedSystem/SharedSystem, Outputs:0, VendorId:0x8086
[2017.09.29-11.35.53:620][  0]LogD3D11RHI:    2. 'Microsoft Basic Render Driver' (Feature Level 11_0)
[2017.09.29-11.35.53:620][  0]LogD3D11RHI:       0/0/4045 MB DedicatedVideo/DedicatedSystem/SharedSystem, Outputs:0, VendorId:0x1414
[2017.09.29-11.35.53:620][  0]LogD3D11RHI: Chosen D3D11 Adapter: 0
[2017.09.29-11.35.53:625][  0]LogD3D11RHI: Creating new Direct3DDevice
[2017.09.29-11.35.53:626][  0]LogD3D11RHI:     GPU DeviceId: 0x1341 (for the marketing name, search the web for "GPU Device Id")
[2017.09.29-11.35.53:626][  0]LogWindows: EnumDisplayDevices:
[2017.09.29-11.35.53:626][  0]LogWindows:    0. 'Intel(R) HD Graphics 5500' (P:1 D:1)
[2017.09.29-11.35.53:626][  0]LogWindows:    1. 'Intel(R) HD Graphics 5500' (P:0 D:0)
[2017.09.29-11.35.53:627][  0]LogWindows:    2. 'Intel(R) HD Graphics 5500' (P:0 D:0)
[2017.09.29-11.35.53:627][  0]LogWindows: DebugString: PrimaryIsNotTheChoosenAdapter PrimaryIsNotTheChoosenAdapter PrimaryIsNotTheChoosenAdapter FoundDriverCount:0 
[2017.09.29-11.35.53:627][  0]LogD3D11RHI:     Adapter Name: NVIDIA GeForce 840M
[2017.09.29-11.35.53:627][  0]LogD3D11RHI:   Driver Version: Unknown (internal:Unknown, unified:Unknown)
[2017.09.29-11.35.53:627][  0]LogD3D11RHI:      Driver Date: Unknown
[2017.09.29-11.35.53:627][  0]LogRHI: Texture pool is 1361 MB (70% of 1945 MB)
[2017.09.29-11.35.53:654][  0]LogD3D11RHI: Async texture creation enabled
[2017.09.29-11.35.53:675][  0]LogD3D11RHI: GPU Timing Frequency: 1000.000000 (Debug: 2 2)
[2017.09.29-11.35.53:676][  0]LogShaderCompilers: Guid format shader working directory is -26 characters bigger than the processId version (../../../../../../Users/rifkiadrn/Documents/Unreal Projects/Tutorial2GameDev/Intermediate/Shaders/WorkingDirectory/8328/).
[2017.09.29-11.35.53:676][  0]LogShaderCompilers: Cleaned the shader compiler working directory 'C:/Users/rifkiadrn/AppData/Local/Temp/UnrealShaderWorkingDir/07FFE12F45E7FD4F366061ACFDCC6EB5/'.
[2017.09.29-11.35.53:676][  0]LogShaderCompilers:Display: Using Local Shader Compiler.
[2017.09.29-11.35.55:892][  0]LogTemp:Display: Loaded TP AllDesktopTargetPlatform
[2017.09.29-11.35.55:993][  0]LogTemp:Display: Loaded TP MacClientTargetPlatform
[2017.09.29-11.35.56:107][  0]LogTemp:Display: Loaded TP MacNoEditorTargetPlatform
[2017.09.29-11.35.56:245][  0]LogTemp:Display: Loaded TP MacServerTargetPlatform
[2017.09.29-11.35.56:380][  0]LogTemp:Display: Loaded TP MacTargetPlatform
[2017.09.29-11.35.56:512][  0]LogTemp:Display: Loaded TP WindowsClientTargetPlatform
[2017.09.29-11.35.56:618][  0]LogTemp:Display: Loaded TP WindowsNoEditorTargetPlatform
[2017.09.29-11.35.56:717][  0]LogTemp:Display: Loaded TP WindowsServerTargetPlatform
[2017.09.29-11.35.56:791][  0]LogTemp:Display: Loaded TP WindowsTargetPlatform
[2017.09.29-11.35.56:881][  0]LogTemp:Display: Loaded TP AndroidTargetPlatform
[2017.09.29-11.35.56:991][  0]LogTemp:Display: Loaded TP Android_ASTCTargetPlatform
[2017.09.29-11.35.57:104][  0]LogTemp:Display: Loaded TP Android_ATCTargetPlatform
[2017.09.29-11.35.57:212][  0]LogTemp:Display: Loaded TP Android_DXTTargetPlatform
[2017.09.29-11.35.57:314][  0]LogTemp:Display: Loaded TP Android_ETC1TargetPlatform
[2017.09.29-11.35.57:400][  0]LogTemp:Display: Loaded TP Android_ETC2TargetPlatform
[2017.09.29-11.35.57:573][  0]LogTemp:Display: Loaded TP Android_MultiTargetPlatform
[2017.09.29-11.35.57:573][  0]LogTemp:Display: Loaded TP Android_PVRTCTargetPlatform
[2017.09.29-11.35.57:653][  0]LogTemp:Display: Loaded TP HTML5TargetPlatform
[2017.09.29-11.35.57:855][  0]LogTemp:Display: Loaded TP IOSTargetPlatform
[2017.09.29-11.35.57:929][  0]LogTemp:Display: Loaded TP TVOSTargetPlatform
[2017.09.29-11.35.58:027][  0]LogTemp:Display: Loaded TP LinuxClientTargetPlatform
[2017.09.29-11.35.58:129][  0]LogTemp:Display: Loaded TP LinuxNoEditorTargetPlatform
[2017.09.29-11.35.58:229][  0]LogTemp:Display: Loaded TP LinuxServerTargetPlatform
[2017.09.29-11.35.58:332][  0]LogTemp:Display: Loaded TP LinuxTargetPlatform
[2017.09.29-11.35.58:332][  0]LogTargetPlatformManager:Display: Building Assets For Windows
[2017.09.29-11.35.59:347][  0]LogDerivedDataCache:Display: Max Cache Size: 512 MB
[2017.09.29-11.35.59:500][  0]LogDerivedDataCache: Loaded boot cache 0.15s 90MB C:/Users/rifkiadrn/AppData/Local/UnrealEngine/4.16/DerivedDataCache/Boot.ddc.
[2017.09.29-11.35.59:500][  0]LogDerivedDataCache:Display: Loaded Boot cache: C:/Users/rifkiadrn/AppData/Local/UnrealEngine/4.16/DerivedDataCache/Boot.ddc
[2017.09.29-11.35.59:500][  0]LogDerivedDataCache: FDerivedDataBackendGraph:  Pak pak cache file ../../../../../../Users/rifkiadrn/Documents/Unreal Projects/Tutorial2GameDev/DerivedDataCache/DDC.ddp not found, will not use a pak cache.
[2017.09.29-11.35.59:500][  0]LogDerivedDataCache: Unable to find inner node Pak for hierarchical cache Hierarchy.
[2017.09.29-11.35.59:500][  0]LogDerivedDataCache: FDerivedDataBackendGraph:  CompressedPak pak cache file ../../../../../../Users/rifkiadrn/Documents/Unreal Projects/Tutorial2GameDev/DerivedDataCache/Compressed.ddp not found, will not use a pak cache.
[2017.09.29-11.35.59:500][  0]LogDerivedDataCache: Unable to find inner node CompressedPak for hierarchical cache Hierarchy.
[2017.09.29-11.35.59:528][  0]LogDerivedDataCache:Display: Pak cache opened for reading ../../../Engine/DerivedDataCache/Compressed.ddp.
[2017.09.29-11.35.59:541][  0]LogDerivedDataCache: Using Local data cache path C:/Users/rifkiadrn/AppData/Local/UnrealEngine/Common/DerivedDataCache: Writable
[2017.09.29-11.35.59:562][  0]LogMaterial: Verifying Global Shaders for PCD3D_SM5
[2017.09.29-11.35.59:562][  0]LogSlate: Using Freetype 2.6.0
[2017.09.29-11.35.59:563][  0]LogSlate: SlateFontCache - WITH_FREETYPE: 1, WITH_HARFBUZZ: 1
[2017.09.29-11.35.59:563][  0]LogSlate: SlateFontCache - WITH_FREETYPE: 1, WITH_HARFBUZZ: 1
[2017.09.29-11.36.00:101][  0]LogInit: Selected Device Profile: [Windows]
[2017.09.29-11.36.00:238][  0]LogContentStreaming: Texture pool size is 0.00 MB
[2017.09.29-11.36.00:520][  0]LogMeshUtilities: Using QuadricMeshReduction for automatic static mesh reduction
[2017.09.29-11.36.00:604][  0]LogSimplygon: Simplygon DLL not present - disabling.
[2017.09.29-11.36.00:702][  0]LogMeshUtilities: Using SimplygonSwarm for distributed automatic mesh merging
[2017.09.29-11.36.00:702][  0]LogMeshUtilities: No automatic skeletal mesh reduction module available
[2017.09.29-11.36.00:702][  0]LogMeshUtilities: No automatic mesh merging module available
[2017.09.29-11.36.01:814][  0]LogNetVersion: Rifki_Tutorial2 , NetCL: 3452394, EngineNetVer: 2, GameNetVer: 0 (Checksum: 699179107)
[2017.09.29-11.36.01:927][  0]LogAssetRegistry: FAssetRegistry took 0.0318 seconds to start up
[2017.09.29-11.36.02:055][  0]LogPackageLocalizationCache: Processed 4 localized package path(s) for 2 prioritized culture(s) in 0.066797 seconds
[2017.09.29-11.36.02:064][  0]LogUObjectArray: 34194 objects as part of root set at end of initial load.
[2017.09.29-11.36.02:064][  0]LogUObjectAllocator: 7260416 out of 0 bytes used by permanent object pool.
[2017.09.29-11.36.02:064][  0]LogUObjectArray: CloseDisregardForGC: 0/0 objects in disregard for GC pool
[2017.09.29-11.36.02:213][  0]LogInit: WinSock: version 1.1 (2.2), MaxSocks=32767, MaxUdp=65467
[2017.09.29-11.36.05:584][  0]LogAssetRegistry:Error: Failed to open file for write ../../../../../../Users/rifkiadrn/Documents/Unreal Projects/Tutorial2GameDev/Intermediate/CachedAssetRegistry.bin
[2017.09.29-11.36.05:584][  0]LogWmfMedia: Failed to load mf.dll
[2017.09.29-11.36.05:584][  0]LogWmfMedia: Failed to load required Windows Media Foundation libraries
[2017.09.29-11.36.05:682][  0]LogWindowsMoviePlayer: Could not load mf.dll. Library not found.
[2017.09.29-11.36.05:683][  0]LogWindowsMoviePlayer: Could not load mfplat.dll. Library not found.
[2017.09.29-11.36.05:684][  0]LogWindowsMoviePlayer: Could not load mfplay.dll. Library not found.
[2017.09.29-11.36.06:555][  0]LogTcpMessaging: Initializing TcpMessaging bridge
[2017.09.29-11.36.06:638][  0]LogUdpMessaging: Initializing bridge on interface 0.0.0.0:0 to multicast group 230.0.0.1:6666.
[2017.09.29-11.36.07:663][  0]LogMaterial: Uniform references updated for custom material expression Custom.
[2017.09.29-11.36.08:494][  0]SourceControl: Info Source control is disabled
[2017.09.29-11.36.08:725][  0]SourceControl: Info Source control is disabled
[2017.09.29-11.36.08:825][  0]SourceControl: Info Source control is disabled
[2017.09.29-11.36.08:932][  0]SourceControl: Info Source control is disabled
[2017.09.29-11.36.10:260][  0]LogAndroidPermission: UAndroidPermissionCallbackProxy::GetInstance
[2017.09.29-11.36.11:419][  0]LogEngine: Initializing Engine...
[2017.09.29-11.36.11:420][  0]LogHMD: Failed to initialize OpenVR with code 110
[2017.09.29-11.36.11:770][  0]LogStats: UGameplayTagsManager::ConstructGameplayTagTree: Construct from data asset -  0.000 s
[2017.09.29-11.36.11:770][  0]LogStats: UGameplayTagsManager::ConstructGameplayTagTree: GameplayTagTreeChangedEvent.Broadcast -  0.000 s
[2017.09.29-11.36.12:093][  0]LogAIModule: Creating AISystem for world Untitled
[2017.09.29-11.36.12:103][  0]LogInit: XAudio2 using 'Speakers (Conexant SmartAudio HD)' : 2 channels at 48 kHz using 32 bits per sample (channel mask 0x3)
[2017.09.29-11.36.12:120][  0]LogInit: FAudioDevice initialized.
[2017.09.29-11.36.12:181][  0]LogDerivedDataCache: Saved boot cache 0.06s 90MB C:/Users/rifkiadrn/AppData/Local/UnrealEngine/4.16/DerivedDataCache/Boot.ddc.
[2017.09.29-11.36.12:194][  0]LogInit: Texture streaming: Enabled
[2017.09.29-11.36.12:382][  0]LogEngineSessionManager: EngineSessionManager initialized
[2017.09.29-11.36.12:805][  0]LogInit: Transaction tracking system initialized
[2017.09.29-11.36.13:492][  0]BlueprintLog: New page: Editor Load
[2017.09.29-11.36.15:508][  0]LocalizationService: Info Localization service is disabled
[2017.09.29-11.36.17:063][  0]LogConsoleResponse:Display: 
[2017.09.29-11.36.17:385][  0]LogCook:Display: Max memory allowance for cook 16384mb min free memory 0mb
[2017.09.29-11.36.17:385][  0]LogCook:Display: Mobile HDR setting 1
[2017.09.29-11.36.17:754][  0]LogFileCache: Scanning file cache for directory 'C:/Users/rifkiadrn/Documents/Unreal Projects/Tutorial2GameDev/Content/' took 0.02s
[2017.09.29-11.36.19:555][  0]SourceControl: Info Source control is disabled
[2017.09.29-11.36.19:555][  0]Cmd: MAP LOAD FILE="../../../../../../Users/rifkiadrn/Documents/Unreal Projects/Tutorial2GameDev/Content/2DSideScrollerBP/Maps/2DSideScrollerExampleMap.umap" TEMPLATE=0 SHOWPROGRESS=1 FEATURELEVEL=3
[2017.09.29-11.36.19:556][  0]LightingResults: New page: Lighting Build
[2017.09.29-11.36.19:637][  0]MapCheck: New page: Map Check
[2017.09.29-11.36.19:637][  0]LightingResults: New page: Lighting Build
[2017.09.29-11.36.20:594][  0]LogAIModule: Creating AISystem for world 2DSideScrollerExampleMap
[2017.09.29-11.36.20:640][  0]LogEditorServer: Finished looking for orphan Actors (0.000 secs)
[2017.09.29-11.36.20:745][  0]Cmd: MAP CHECKDEP NOCLEARLOG
[2017.09.29-11.36.20:840][  0]MapCheck: Info Map check complete: 0 Error(s), 0 Warning(s), took 95.013ms to complete.
[2017.09.29-11.36.20:840][  0]LogFileHelpers: Loading map '2DSideScrollerExampleMap' took 1.285
[2017.09.29-11.36.22:243][  0]LogCollectionManager: Loaded 0 collections in 0.003678 seconds
[2017.09.29-11.36.22:584][  0]LogFileCache: Scanning file cache for directory 'C:/Users/rifkiadrn/Documents/Unreal Projects/Tutorial2GameDev/Saved/Collections/' took 0.01s
[2017.09.29-11.36.22:584][  0]LogFileCache: Scanning file cache for directory 'C:/Users/rifkiadrn/Documents/Unreal Projects/Tutorial2GameDev/Content/Developers/rifkiadrn/Collections/' took 0.01s
[2017.09.29-11.36.22:584][  0]LogFileCache: Scanning file cache for directory 'C:/Users/rifkiadrn/Documents/Unreal Projects/Tutorial2GameDev/Content/Collections/' took 0.01s
[2017.09.29-11.36.22:584][  0]LogCollectionManager: Rebuilt the GUID cache for 0 collections in 0.000004 seconds
[2017.09.29-11.36.22:605][  0]LogContentBrowser: Native class hierarchy populated in 0.0190 seconds. Added 2329 classes and 491 folders.
[2017.09.29-11.36.22:762][  0]LogContentBrowser: Native class hierarchy updated for 'WidgetCarousel' in 0.0010 seconds. Added 0 classes and 0 folders.
[2017.09.29-11.36.25:286][  0]LogContentBrowser: Native class hierarchy updated for 'AddContentDialog' in 0.0007 seconds. Added 0 classes and 0 folders.
[2017.09.29-11.36.25:513][  0]LogContentBrowser: Native class hierarchy updated for 'SceneOutliner' in 0.0009 seconds. Added 1 classes and 2 folders.
[2017.09.29-11.36.26:003][  0]LogCrashTracker: Crashtracker disabled due to settings.
[2017.09.29-11.36.26:092][  0]LogSlate: Took 0.000293 seconds to synchronously load lazily loaded font '../../../Engine/Content/Slate/Fonts/Roboto-Regular.ttf' (155K)
[2017.09.29-11.36.26:097][  0]LogSlate: Took 0.000307 seconds to synchronously load lazily loaded font '../../../Engine/Content/Slate/Fonts/Roboto-Bold.ttf' (160K)
[2017.09.29-11.36.26:177][  0]LogSlate: Took 0.028751 seconds to synchronously load lazily loaded font '../../../Engine/Content/Editor/Slate/Fonts/FontAwesome.ttf' (139K)
[2017.09.29-11.36.26:776][  0]LogRenderer: Reallocating scene render targets to support 856x372 NumSamples 1 (Frame:1).
[2017.09.29-11.36.27:702][  0]LogUObjectGlobals:Warning: Failed to find object 'Class None.'
[2017.09.29-11.36.27:815][  0]LogContentBrowser: Native class hierarchy updated for 'HierarchicalLODOutliner' in 0.0012 seconds. Added 1 classes and 2 folders.
[2017.09.29-11.36.27:815][  0]LogLoad: (Engine Initialization) Total time: 40.41 seconds
[2017.09.29-11.36.27:815][  0]LogLoad: (Engine Initialization) Total Blueprint compile time: 0.18 seconds
[2017.09.29-11.36.27:815][  0]LogExternalProfiler: No external profilers were discovered.  External profiling features will not be available.
[2017.09.29-11.36.28:154][  0]LogOcInput: OculusInput pre-init called
[2017.09.29-11.36.28:154][  0]LogHMD: Starting GearVRController plugin
[2017.09.29-11.36.28:173][  0]LogContentStreaming: Texture pool size now 1000 MB
[2017.09.29-11.36.28:212][  0]LogSlate: Took 0.000489 seconds to synchronously load lazily loaded font '../../../Engine/Content/Slate/Fonts/Roboto-Light.ttf' (159K)
[2017.09.29-11.36.28:508][  1]LogAssetRegistry: Asset discovery search completed in 26.6029 seconds
[2017.09.29-11.36.28:513][  1]LogCollectionManager: Rebuilt the object cache for 0 collections in 0.000000 seconds (found 0 objects)
[2017.09.29-11.36.28:513][  1]LogCollectionManager: Fixed up redirectors for 0 collections in 0.000063 seconds (updated 0 objects)
[2017.09.29-11.44.04:355][427]LogSlate: Took 0.017113 seconds to synchronously load lazily loaded font '../../../Engine/Content/Slate/Fonts/Roboto-Light.ttf' (159K)
[2017.09.29-11.44.04:436][427]LogAIModule: Creating AISystem for world Level
[2017.09.29-11.44.04:485][427]Cmd: MAP LOAD FILE="../../../../../../Users/rifkiadrn/Documents/Unreal Projects/Tutorial2GameDev/Content/2DSideScrollerBP/Blueprints/Level.umap" TEMPLATE=0 SHOWPROGRESS=1 FEATURELEVEL=3
[2017.09.29-11.44.04:486][427]LightingResults: New page: Lighting Build
[2017.09.29-11.44.04:486][427]LoadErrors: New page: Loading map: Level.umap
[2017.09.29-11.44.04:487][427]MapCheck: New page: Map Check
[2017.09.29-11.44.04:487][427]LightingResults: New page: Lighting Build
[2017.09.29-11.44.04:514][427]LogEditorServer: Finished looking for orphan Actors (0.000 secs)
[2017.09.29-11.44.04:565][427]Cmd: MAP CHECKDEP NOCLEARLOG
[2017.09.29-11.44.04:642][427]MapCheck: Info Map check complete: 0 Error(s), 0 Warning(s), took 76.985ms to complete.
[2017.09.29-11.44.04:643][427]LogFileHelpers: Loading map 'Level' took 0.159
[2017.09.29-11.44.07:408][531]LogTemp: Repeting last play command: Selected Viewport
[2017.09.29-11.44.07:555][531]LogPlayLevel: PlayLevel: No blueprints needed recompiling
[2017.09.29-11.44.07:555][531]PIE: New page: PIE session: Level (Sep 30, 2017, 1:44:07 AM)
[2017.09.29-11.44.07:556][531]LogPlayLevel: Creating play world package: /Game/2DSideScrollerBP/Blueprints/UEDPIE_0_Level
[2017.09.29-11.44.07:557][531]LogPlayLevel: PIE: StaticDuplicateObject took: (0.001331s)
[2017.09.29-11.44.07:558][531]LogAIModule: Creating AISystem for world Level
[2017.09.29-11.44.07:558][531]LogPlayLevel: PIE: World Init took: (0.000741s)
[2017.09.29-11.44.07:558][531]LogPlayLevel: PIE: Created PIE world by copying editor world from /Game/2DSideScrollerBP/Blueprints/Level.Level to /Game/2DSideScrollerBP/Blueprints/UEDPIE_0_Level.Level (0.002275s)
[2017.09.29-11.44.07:583][531]LogInit: XAudio2 using 'Speakers (Conexant SmartAudio HD)' : 2 channels at 48 kHz using 32 bits per sample (channel mask 0x3)
[2017.09.29-11.44.07:595][531]LogInit: FAudioDevice initialized.
[2017.09.29-11.44.07:640][531]LogLoad: Game class is 'MyGameMode_C'
[2017.09.29-11.44.07:643][531]LogWorld: Bringing World /Game/2DSideScrollerBP/Blueprints/UEDPIE_0_Level.Level up for play (max tick rate 60) at 2017.09.29-18.44.07
[2017.09.29-11.44.07:644][531]LogWorld: Bringing up level for play took: 0.003020
[2017.09.29-11.44.07:728][531]LogContentBrowser: Native class hierarchy updated for 'MovieSceneCapture' in 0.0009 seconds. Added 11 classes and 0 folders.
[2017.09.29-11.44.07:730][531]PIE: Info Play in editor start time for /Game/2DSideScrollerBP/Blueprints/UEDPIE_0_Level 0.695
[2017.09.29-11.44.16:889][936]LogTemp: Repeting last play command: Selected Viewport
[2017.09.29-11.44.16:936][936]LogPlayLevel: PlayLevel: No blueprints needed recompiling
[2017.09.29-11.44.16:936][936]PIE: New page: PIE session: Level (Sep 30, 2017, 1:44:16 AM)
[2017.09.29-11.44.16:936][936]LogPlayLevel: Creating play world package: /Game/2DSideScrollerBP/Blueprints/UEDPIE_0_Level
[2017.09.29-11.44.16:938][936]LogPlayLevel: PIE: StaticDuplicateObject took: (0.001873s)
[2017.09.29-11.44.16:939][936]LogAIModule: Creating AISystem for world Level
[2017.09.29-11.44.16:939][936]LogPlayLevel: PIE: World Init took: (0.000926s)
[2017.09.29-11.44.16:939][936]LogPlayLevel: PIE: Created PIE world by copying editor world from /Game/2DSideScrollerBP/Blueprints/Level.Level to /Game/2DSideScrollerBP/Blueprints/UEDPIE_0_Level.Level (0.003077s)
[2017.09.29-11.44.16:973][936]LogInit: XAudio2 using 'Speakers (Conexant SmartAudio HD)' : 2 channels at 48 kHz using 32 bits per sample (channel mask 0x3)
[2017.09.29-11.44.16:984][936]LogInit: FAudioDevice initialized.
[2017.09.29-11.44.17:021][936]LogLoad: Game class is 'MyGameMode_C'
[2017.09.29-11.44.17:023][936]LogWorld: Bringing World /Game/2DSideScrollerBP/Blueprints/UEDPIE_0_Level.Level up for play (max tick rate 60) at 2017.09.29-18.44.17
[2017.09.29-11.44.17:024][936]LogWorld: Bringing up level for play took: 0.002568
[2017.09.29-11.44.17:025][936]PIE: Info Play in editor start time for /Game/2DSideScrollerBP/Blueprints/UEDPIE_0_Level -0.01
[2017.09.29-11.44.22:156][132]LogSlate: Took 0.005239 seconds to synchronously load lazily loaded font '../../../Engine/Content/Slate/Fonts/Roboto-Regular.ttf' (155K)
[2017.09.29-11.44.22:327][132]LogContentBrowser: Native class hierarchy updated for 'BlueprintGraph' in 0.0014 seconds. Added 112 classes and 0 folders.
[2017.09.29-11.44.23:141][132]LogSlate: Took 0.004281 seconds to synchronously load lazily loaded font '../../../Engine/Content/Editor/Slate/Fonts/Roboto-BoldCondensed.ttf' (158K)
[2017.09.29-11.44.25:373][187]LogSlate: Took 0.015754 seconds to synchronously load lazily loaded font '../../../Engine/Content/Editor/Slate/Fonts/Roboto-Italic.ttf' (157K)
[2017.09.29-11.44.25:969][199]LogRenderer: Reallocating scene render targets to support 856x588 NumSamples 1 (Frame:1).
[2017.09.29-11.44.52:481][864]LogSlate: Took 0.000294 seconds to synchronously load lazily loaded font '../../../Engine/Content/Slate/Fonts/Roboto-Light.ttf' (159K)
[2017.09.29-11.46.41:993][428]BlueprintLog: New page: Compile TrapBP
[2017.09.29-11.46.43:930][462]LogSavePackage: Save=34.42ms
[2017.09.29-11.46.43:930][462]LogSavePackage: Moving '../../../../../../Users/rifkiadrn/Documents/Unreal Projects/Tutorial2GameDev/Saved/TrapBP42BB3C674E067A972F2EB9A6E97CF444.tmp' to '../../../../../../Users/rifkiadrn/Documents/Unreal Projects/Tutorial2GameDev/Content/2DSideScrollerBP/Blueprints/TrapBP.uasset'
[2017.09.29-11.46.43:936][462]LogSavePackage:Display: Finished SavePackage ../../../../../../Users/rifkiadrn/Documents/Unreal Projects/Tutorial2GameDev/Content/2DSideScrollerBP/Blueprints/TrapBP.uasset
[2017.09.29-11.46.45:862][505]LogSavePackage: Save=37.95ms
[2017.09.29-11.46.45:862][505]LogSavePackage: Moving '../../../../../../Users/rifkiadrn/Documents/Unreal Projects/Tutorial2GameDev/Saved/TrapBPFD79E42C41191DFEBF4A3C9190667657.tmp' to '../../../../../../Users/rifkiadrn/Documents/Unreal Projects/Tutorial2GameDev/Content/2DSideScrollerBP/Blueprints/TrapBP.uasset'
[2017.09.29-11.46.45:867][505]LogSavePackage:Display: Finished SavePackage ../../../../../../Users/rifkiadrn/Documents/Unreal Projects/Tutorial2GameDev/Content/2DSideScrollerBP/Blueprints/TrapBP.uasset
[2017.09.29-11.46.46:462][517]LogSavePackage: Save=33.09ms
[2017.09.29-11.46.46:462][517]LogSavePackage: Moving '../../../../../../Users/rifkiadrn/Documents/Unreal Projects/Tutorial2GameDev/Saved/TrapBPB7A831704933FCE0E456E5B32A40DC78.tmp' to '../../../../../../Users/rifkiadrn/Documents/Unreal Projects/Tutorial2GameDev/Content/2DSideScrollerBP/Blueprints/TrapBP.uasset'
[2017.09.29-11.46.46:464][517]LogSavePackage:Display: Finished SavePackage ../../../../../../Users/rifkiadrn/Documents/Unreal Projects/Tutorial2GameDev/Content/2DSideScrollerBP/Blueprints/TrapBP.uasset
[2017.09.29-11.47.19:432][686]LogSavePackage: Save=25.09ms
[2017.09.29-11.47.19:432][686]LogSavePackage: Moving '../../../../../../Users/rifkiadrn/Documents/Unreal Projects/Tutorial2GameDev/Saved/LevelB1B3F14F46306778B12D6E862C1F2AF0.tmp' to '../../../../../../Users/rifkiadrn/Documents/Unreal Projects/Tutorial2GameDev/Content/2DSideScrollerBP/Blueprints/Level.umap'
[2017.09.29-11.47.19:437][686]LogSavePackage:Display: Finished SavePackage ../../../../../../Users/rifkiadrn/Documents/Unreal Projects/Tutorial2GameDev/Content/2DSideScrollerBP/Blueprints/Level.umap
[2017.09.29-11.47.21:303][745]LogTemp: Repeting last play command: Selected Viewport
[2017.09.29-11.47.21:357][745]LogPlayLevel: PlayLevel: No blueprints needed recompiling
[2017.09.29-11.47.21:358][745]PIE: New page: PIE session: Level (Sep 30, 2017, 1:47:21 AM)
[2017.09.29-11.47.21:358][745]LogPlayLevel: Creating play world package: /Game/2DSideScrollerBP/Blueprints/UEDPIE_0_Level
[2017.09.29-11.47.21:359][745]LogPlayLevel: PIE: StaticDuplicateObject took: (0.001429s)
[2017.09.29-11.47.21:360][745]LogAIModule: Creating AISystem for world Level
[2017.09.29-11.47.21:360][745]LogPlayLevel: PIE: World Init took: (0.000817s)
[2017.09.29-11.47.21:360][745]LogPlayLevel: PIE: Created PIE world by copying editor world from /Game/2DSideScrollerBP/Blueprints/Level.Level to /Game/2DSideScrollerBP/Blueprints/UEDPIE_0_Level.Level (0.002474s)
[2017.09.29-11.47.21:397][745]LogInit: XAudio2 using 'Speakers (Conexant SmartAudio HD)' : 2 channels at 48 kHz using 32 bits per sample (channel mask 0x3)
[2017.09.29-11.47.21:408][745]LogInit: FAudioDevice initialized.
[2017.09.29-11.47.21:442][745]LogLoad: Game class is 'MyGameMode_C'
[2017.09.29-11.47.21:445][745]LogWorld: Bringing World /Game/2DSideScrollerBP/Blueprints/UEDPIE_0_Level.Level up for play (max tick rate 60) at 2017.09.29-18.47.21
[2017.09.29-11.47.21:446][745]LogWorld: Bringing up level for play took: 0.002905
[2017.09.29-11.47.21:448][745]PIE: Info Play in editor start time for /Game/2DSideScrollerBP/Blueprints/UEDPIE_0_Level 0.413
[2017.09.29-11.47.51:374][902]LogEditorViewport: Clicking on Actor (LMB): TrapBP_C (TrapBP)
[2017.09.29-11.47.51:456][903]LogEditorViewport: Clicking on Component (LMB): PaperSpriteComponent (TrapSprite)
[2017.09.29-11.47.59:044][186]LogSavePackage: Save=26.83ms
[2017.09.29-11.47.59:044][186]LogSavePackage: Moving '../../../../../../Users/rifkiadrn/Documents/Unreal Projects/Tutorial2GameDev/Saved/Level0A5A570A41131ED42C08B8B82155C934.tmp' to '../../../../../../Users/rifkiadrn/Documents/Unreal Projects/Tutorial2GameDev/Content/2DSideScrollerBP/Blueprints/Level.umap'
[2017.09.29-11.47.59:048][186]LogSavePackage:Display: Finished SavePackage ../../../../../../Users/rifkiadrn/Documents/Unreal Projects/Tutorial2GameDev/Content/2DSideScrollerBP/Blueprints/Level.umap
[2017.09.29-11.48.01:029][255]LogTemp: Repeting last play command: Selected Viewport
[2017.09.29-11.48.01:079][255]LogPlayLevel: PlayLevel: No blueprints needed recompiling
[2017.09.29-11.48.01:079][255]PIE: New page: PIE session: Level (Sep 30, 2017, 1:48:01 AM)
[2017.09.29-11.48.01:079][255]LogPlayLevel: Creating play world package: /Game/2DSideScrollerBP/Blueprints/UEDPIE_0_Level
[2017.09.29-11.48.01:080][255]LogPlayLevel: PIE: StaticDuplicateObject took: (0.001641s)
[2017.09.29-11.48.01:081][255]LogAIModule: Creating AISystem for world Level
[2017.09.29-11.48.01:082][255]LogPlayLevel: PIE: World Init took: (0.001164s)
[2017.09.29-11.48.01:083][255]LogPlayLevel: PIE: Created PIE world by copying editor world from /Game/2DSideScrollerBP/Blueprints/Level.Level to /Game/2DSideScrollerBP/Blueprints/UEDPIE_0_Level.Level (0.003835s)
[2017.09.29-11.48.01:124][255]LogInit: XAudio2 using 'Speakers (Conexant SmartAudio HD)' : 2 channels at 48 kHz using 32 bits per sample (channel mask 0x3)
[2017.09.29-11.48.01:136][255]LogInit: FAudioDevice initialized.
[2017.09.29-11.48.01:166][255]LogLoad: Game class is 'MyGameMode_C'
[2017.09.29-11.48.01:169][255]LogWorld: Bringing World /Game/2DSideScrollerBP/Blueprints/UEDPIE_0_Level.Level up for play (max tick rate 60) at 2017.09.29-18.48.01
[2017.09.29-11.48.01:169][255]LogWorld: Bringing up level for play took: 0.002474
[2017.09.29-11.48.01:171][255]PIE: Info Play in editor start time for /Game/2DSideScrollerBP/Blueprints/UEDPIE_0_Level 0.136
[2017.09.29-11.52.59:725][557]LogTemp: Repeting last play command: Selected Viewport
[2017.09.29-11.52.59:764][557]LogPlayLevel: PlayLevel: No blueprints needed recompiling
[2017.09.29-11.52.59:765][557]PIE: New page: PIE session: Level (Sep 30, 2017, 1:52:59 AM)
[2017.09.29-11.52.59:765][557]LogPlayLevel: Creating play world package: /Game/2DSideScrollerBP/Blueprints/UEDPIE_0_Level
[2017.09.29-11.52.59:767][557]LogPlayLevel: PIE: StaticDuplicateObject took: (0.002079s)
[2017.09.29-11.52.59:772][557]LogAIModule: Creating AISystem for world Level
[2017.09.29-11.52.59:772][557]LogPlayLevel: PIE: World Init took: (0.005181s)
[2017.09.29-11.52.59:772][557]LogPlayLevel: PIE: Created PIE world by copying editor world from /Game/2DSideScrollerBP/Blueprints/Level.Level to /Game/2DSideScrollerBP/Blueprints/UEDPIE_0_Level.Level (0.007681s)
[2017.09.29-11.52.59:824][557]LogInit: XAudio2 using 'Speakers (Conexant SmartAudio HD)' : 2 channels at 48 kHz using 32 bits per sample (channel mask 0x3)
[2017.09.29-11.52.59:840][557]LogInit: FAudioDevice initialized.
[2017.09.29-11.52.59:873][557]LogLoad: Game class is 'MyGameMode_C'
[2017.09.29-11.52.59:876][557]LogWorld: Bringing World /Game/2DSideScrollerBP/Blueprints/UEDPIE_0_Level.Level up for play (max tick rate 60) at 2017.09.29-18.52.59
[2017.09.29-11.52.59:877][557]LogWorld: Bringing up level for play took: 0.003218
[2017.09.29-11.52.59:879][557]PIE: Info Play in editor start time for /Game/2DSideScrollerBP/Blueprints/UEDPIE_0_Level 0.85
[2017.09.29-11.53.25:685][363]LogTemp: Repeting last play command: Selected Viewport
[2017.09.29-11.53.25:731][363]LogPlayLevel: PlayLevel: No blueprints needed recompiling
[2017.09.29-11.53.25:731][363]PIE: New page: PIE session: Level (Sep 30, 2017, 1:53:25 AM)
[2017.09.29-11.53.25:731][363]LogPlayLevel: Creating play world package: /Game/2DSideScrollerBP/Blueprints/UEDPIE_0_Level
[2017.09.29-11.53.25:733][363]LogPlayLevel: PIE: StaticDuplicateObject took: (0.001480s)
[2017.09.29-11.53.25:734][363]LogAIModule: Creating AISystem for world Level
[2017.09.29-11.53.25:734][363]LogPlayLevel: PIE: World Init took: (0.000785s)
[2017.09.29-11.53.25:734][363]LogPlayLevel: PIE: Created PIE world by copying editor world from /Game/2DSideScrollerBP/Blueprints/Level.Level to /Game/2DSideScrollerBP/Blueprints/UEDPIE_0_Level.Level (0.002486s)
[2017.09.29-11.53.25:775][363]LogInit: XAudio2 using 'Speakers (Conexant SmartAudio HD)' : 2 channels at 48 kHz using 32 bits per sample (channel mask 0x3)
[2017.09.29-11.53.25:786][363]LogInit: FAudioDevice initialized.
[2017.09.29-11.53.25:818][363]LogLoad: Game class is 'MyGameMode_C'
[2017.09.29-11.53.25:821][363]LogWorld: Bringing World /Game/2DSideScrollerBP/Blueprints/UEDPIE_0_Level.Level up for play (max tick rate 60) at 2017.09.29-18.53.25
[2017.09.29-11.53.25:822][363]LogWorld: Bringing up level for play took: 0.002941
[2017.09.29-11.53.25:823][363]PIE: Info Play in editor start time for /Game/2DSideScrollerBP/Blueprints/UEDPIE_0_Level 0.794
[2017.09.29-11.54.03:075][829]LogSavePackage: Save=25.39ms
[2017.09.29-11.54.03:075][829]LogSavePackage: Moving '../../../../../../Users/rifkiadrn/Documents/Unreal Projects/Tutorial2GameDev/Saved/Level54F0656B49611D1365122CAC02BB6576.tmp' to '../../../../../../Users/rifkiadrn/Documents/Unreal Projects/Tutorial2GameDev/Content/2DSideScrollerBP/Blueprints/Level.umap'
[2017.09.29-11.54.03:080][829]LogSavePackage:Display: Finished SavePackage ../../../../../../Users/rifkiadrn/Documents/Unreal Projects/Tutorial2GameDev/Content/2DSideScrollerBP/Blueprints/Level.umap
[2017.09.29-11.54.04:962][896]LogTemp: Repeting last play command: Selected Viewport
[2017.09.29-11.54.04:998][896]LogPlayLevel: PlayLevel: No blueprints needed recompiling
[2017.09.29-11.54.04:999][896]PIE: New page: PIE session: Level (Sep 30, 2017, 1:54:04 AM)
[2017.09.29-11.54.04:999][896]LogPlayLevel: Creating play world package: /Game/2DSideScrollerBP/Blueprints/UEDPIE_0_Level
[2017.09.29-11.54.05:000][896]LogPlayLevel: PIE: StaticDuplicateObject took: (0.001521s)
[2017.09.29-11.54.05:001][896]LogAIModule: Creating AISystem for world Level
[2017.09.29-11.54.05:001][896]LogPlayLevel: PIE: World Init took: (0.000927s)
[2017.09.29-11.54.05:001][896]LogPlayLevel: PIE: Created PIE world by copying editor world from /Game/2DSideScrollerBP/Blueprints/Level.Level to /Game/2DSideScrollerBP/Blueprints/UEDPIE_0_Level.Level (0.002709s)
[2017.09.29-11.54.05:038][896]LogInit: XAudio2 using 'Speakers (Conexant SmartAudio HD)' : 2 channels at 48 kHz using 32 bits per sample (channel mask 0x3)
[2017.09.29-11.54.05:050][896]LogInit: FAudioDevice initialized.
[2017.09.29-11.54.05:085][896]LogLoad: Game class is 'MyGameMode_C'
[2017.09.29-11.54.05:087][896]LogWorld: Bringing World /Game/2DSideScrollerBP/Blueprints/UEDPIE_0_Level.Level up for play (max tick rate 60) at 2017.09.29-18.54.05
[2017.09.29-11.54.05:088][896]LogWorld: Bringing up level for play took: 0.002629
[2017.09.29-11.54.05:090][896]PIE: Info Play in editor start time for /Game/2DSideScrollerBP/Blueprints/UEDPIE_0_Level 0.06
[2017.09.29-11.54.31:003][906]Cmd: SELECT NONE
[2017.09.29-12.00.50:094][494]Cmd: QUIT_EDITOR
[2017.09.29-12.00.50:799][494]LogWindowsTextInputMethodSystem:Display: IME system now deactivated.
[2017.09.29-12.00.50:812][494]LogExit: Preparing to exit.
[2017.09.29-12.00.51:249][494]LogDirectoryWatcher: A directory notification for 'C:/Users/rifkiadrn/Documents/Unreal Projects/Tutorial2GameDev/Content/' was aborted.
[2017.09.29-12.00.51:302][494]LogExit: Editor shut down
[2017.09.29-12.00.51:312][494]LogExit: Transaction tracking system shut down
[2017.09.29-12.00.51:610][494]LogObj: Freed 0b from 0 cluster array pools.
[2017.09.29-12.00.51:610][494]LogExit: Object subsystem successfully closed.
[2017.09.29-12.00.51:625][494]LogD3D11RHI: Shutdown
[2017.09.29-12.00.51:625][494]LogD3D11RHI: CleanupD3DDevice
[2017.09.29-12.00.51:866][494]LogD3D11RHI: ~FD3D11DynamicRHI
[2017.09.29-12.00.51:887][494]LogModuleManager: Shutting down and abandoning module BlueprintGraph (530)
[2017.09.29-12.00.51:887][494]LogModuleManager: Shutting down and abandoning module BlueprintProfiler (528)
[2017.09.29-12.00.51:887][494]LogModuleManager: Shutting down and abandoning module MovieSceneCapture (526)
[2017.09.29-12.00.51:887][494]LogModuleManager: Shutting down and abandoning module HierarchicalLODOutliner (524)
[2017.09.29-12.00.51:887][494]LogModuleManager: Shutting down and abandoning module CrashTracker (522)
[2017.09.29-12.00.51:887][494]LogModuleManager: Shutting down and abandoning module SceneOutliner (520)
[2017.09.29-12.00.51:887][494]LogModuleManager: Shutting down and abandoning module AddContentDialog (518)
[2017.09.29-12.00.51:887][494]LogDirectoryWatcher: A directory notification for 'C:/Program Files/Unreal rar/UE_4.16/FeaturePacks/' was aborted.
[2017.09.29-12.00.51:889][494]LogModuleManager: Shutting down and abandoning module WidgetCarousel (517)
[2017.09.29-12.00.51:889][494]LogModuleManager: Shutting down and abandoning module EditorWidgets (514)
[2017.09.29-12.00.51:889][494]LogModuleManager: Shutting down and abandoning module CollectionManager (512)
[2017.09.29-12.00.51:889][494]LogDirectoryWatcher: A directory notification for 'C:/Users/rifkiadrn/Documents/Unreal Projects/Tutorial2GameDev/Content/Collections/' was aborted.
[2017.09.29-12.00.51:889][494]LogDirectoryWatcher: A directory notification for 'C:/Users/rifkiadrn/Documents/Unreal Projects/Tutorial2GameDev/Content/Developers/rifkiadrn/Collections/' was aborted.
[2017.09.29-12.00.51:889][494]LogDirectoryWatcher: A directory notification for 'C:/Users/rifkiadrn/Documents/Unreal Projects/Tutorial2GameDev/Saved/Collections/' was aborted.
[2017.09.29-12.00.51:889][494]LogModuleManager: Shutting down and abandoning module StatsViewer (510)
[2017.09.29-12.00.51:889][494]LogModuleManager: Shutting down and abandoning module FoliageEdit (508)
[2017.09.29-12.00.51:889][494]LogModuleManager: Shutting down and abandoning module LandscapeEditor (506)
[2017.09.29-12.00.51:889][494]LogModuleManager: Shutting down and abandoning module MeshPaintMode (504)
[2017.09.29-12.00.51:889][494]LogModuleManager: Shutting down and abandoning module SceneDepthPickerMode (502)
[2017.09.29-12.00.51:889][494]LogModuleManager: Shutting down and abandoning module ActorPickerMode (500)
[2017.09.29-12.00.51:889][494]LogModuleManager: Shutting down and abandoning module GeometryMode (498)
[2017.09.29-12.00.51:889][494]LogModuleManager: Shutting down and abandoning module TextureAlignMode (496)
[2017.09.29-12.00.51:889][494]LogModuleManager: Shutting down and abandoning module BspMode (494)
[2017.09.29-12.00.51:889][494]LogModuleManager: Shutting down and abandoning module HardwareSurvey (492)
[2017.09.29-12.00.51:889][494]LogModuleManager: Shutting down and abandoning module SequenceRecorderSections (490)
[2017.09.29-12.00.51:889][494]LogModuleManager: Shutting down and abandoning module AutomationWorker (488)
[2017.09.29-12.00.51:889][494]LogModuleManager: Shutting down and abandoning module MatineeToLevelSequence (486)
[2017.09.29-12.00.51:889][494]LogModuleManager: Shutting down and abandoning module LevelSequenceEditor (484)
[2017.09.29-12.00.51:890][494]LogModuleManager: Shutting down and abandoning module PlacementMode (483)
[2017.09.29-12.00.51:890][494]LogModuleManager: Shutting down and abandoning module WmfMediaFactory (480)
[2017.09.29-12.00.51:890][494]LogModuleManager: Shutting down and abandoning module WmfMediaEditor (478)
[2017.09.29-12.00.51:890][494]LogModuleManager: Shutting down and abandoning module AvfMediaFactory (476)
[2017.09.29-12.00.51:890][494]LogModuleManager: Shutting down and abandoning module AvfMediaEditor (474)
[2017.09.29-12.00.51:890][494]LogModuleManager: Shutting down and abandoning module AndroidMediaFactory (472)
[2017.09.29-12.00.51:890][494]LogModuleManager: Shutting down and abandoning module Media (471)
[2017.09.29-12.00.51:890][494]LogModuleManager: Shutting down and abandoning module AndroidMediaEditor (468)
[2017.09.29-12.00.51:890][494]LogModuleManager: Shutting down and abandoning module CharacterAI (466)
[2017.09.29-12.00.51:890][494]LogModuleManager: Shutting down and abandoning module AudioCapture (464)
[2017.09.29-12.00.51:890][494]LogModuleManager: Shutting down and abandoning module SequenceRecorder (463)
[2017.09.29-12.00.51:890][494]LogModuleManager: Shutting down and abandoning module SmartSnapping (460)
[2017.09.29-12.00.51:890][494]LogModuleManager: Shutting down and abandoning module SessionServices (458)
[2017.09.29-12.00.51:890][494]LogModuleManager: Shutting down and abandoning module ViewportSnapping (456)
[2017.09.29-12.00.51:890][494]LogModuleManager: Shutting down and abandoning module ViewportInteraction (454)
[2017.09.29-12.00.51:890][494]LogModuleManager: Shutting down and abandoning module ClothPainter (452)
[2017.09.29-12.00.51:890][494]LogModuleManager: Shutting down and abandoning module LogVisualizer (450)
[2017.09.29-12.00.51:890][494]LogModuleManager: Shutting down and abandoning module IntroTutorials (448)
[2017.09.29-12.00.51:890][494]LogModuleManager: Shutting down and abandoning module GameProjectGeneration (447)
[2017.09.29-12.00.51:890][494]LogModuleManager: Shutting down and abandoning module EditorLiveStreaming (444)
[2017.09.29-12.00.51:890][494]LogModuleManager: Shutting down and abandoning module IOSPlatformEditor (442)
[2017.09.29-12.00.51:890][494]LogModuleManager: Shutting down and abandoning module HTML5PlatformEditor (440)
[2017.09.29-12.00.51:890][494]LogModuleManager: Shutting down and abandoning module AndroidPlatformEditor (438)
[2017.09.29-12.00.51:890][494]LogModuleManager: Shutting down and abandoning module AndroidDeviceDetection (437)
[2017.09.29-12.00.52:539][494]LogModuleManager: Shutting down and abandoning module IOSRuntimeSettings (434)
[2017.09.29-12.00.52:539][494]LogModuleManager: Shutting down and abandoning module AndroidRuntimeSettings (432)
[2017.09.29-12.00.52:539][494]LogModuleManager: Shutting down and abandoning module InputBindingEditor (430)
[2017.09.29-12.00.52:539][494]LogModuleManager: Shutting down and abandoning module MergeActors (428)
[2017.09.29-12.00.52:539][494]LogModuleManager: Shutting down and abandoning module SizeMap (426)
[2017.09.29-12.00.52:539][494]LogModuleManager: Shutting down and abandoning module TreeMap (424)
[2017.09.29-12.00.52:539][494]LogModuleManager: Shutting down and abandoning module ReferenceViewer (422)
[2017.09.29-12.00.52:539][494]LogModuleManager: Shutting down and abandoning module LocalizationDashboard (420)
[2017.09.29-12.00.52:539][494]LogModuleManager: Shutting down and abandoning module LocalizationService (419)
[2017.09.29-12.00.52:539][494]LogModuleManager: Shutting down and abandoning module HardwareTargeting (416)
[2017.09.29-12.00.52:539][494]LogModuleManager: Shutting down and abandoning module DeviceProfileEditor (414)
[2017.09.29-12.00.52:539][494]LogModuleManager: Shutting down and abandoning module UndoHistory (412)
[2017.09.29-12.00.52:539][494]LogModuleManager: Shutting down and abandoning module UserFeedback (410)
[2017.09.29-12.00.52:539][494]LogModuleManager: Shutting down and abandoning module XmlParser (408)
[2017.09.29-12.00.52:539][494]LogModuleManager: Shutting down and abandoning module Blutility (406)
[2017.09.29-12.00.52:539][494]LogModuleManager: Shutting down and abandoning module ProjectSettingsViewer (404)
[2017.09.29-12.00.52:540][494]LogModuleManager: Shutting down and abandoning module ProjectTargetPlatformEditor (403)
[2017.09.29-12.00.52:540][494]LogModuleManager: Shutting down and abandoning module EditorSettingsViewer (400)
[2017.09.29-12.00.52:540][494]LogModuleManager: Shutting down and abandoning module SettingsEditor (398)
[2017.09.29-12.00.52:540][494]LogModuleManager: Shutting down and abandoning module ProjectLauncher (396)
[2017.09.29-12.00.52:540][494]LogModuleManager: Shutting down and abandoning module SessionFrontend (394)
[2017.09.29-12.00.52:540][494]LogModuleManager: Shutting down and abandoning module ProfilerClient (392)
[2017.09.29-12.00.52:540][494]LogModuleManager: Shutting down and abandoning module DeviceManager (390)
[2017.09.29-12.00.52:540][494]LogModuleManager: Shutting down and abandoning module TargetDeviceServices (389)
[2017.09.29-12.00.52:593][494]LogModuleManager: Shutting down and abandoning module AutomationController (386)
[2017.09.29-12.00.52:593][494]LogModuleManager: Shutting down and abandoning module AutomationWindow (384)
[2017.09.29-12.00.52:593][494]LogModuleManager: Shutting down and abandoning module Layers (382)
[2017.09.29-12.00.52:593][494]LogModuleManager: Shutting down and abandoning module ComponentVisualizers (380)
[2017.09.29-12.00.52:593][494]LogModuleManager: Shutting down and abandoning module DetailCustomizations (378)
[2017.09.29-12.00.52:593][494]LogModuleManager: Shutting down and abandoning module PackagesDialog (376)
[2017.09.29-12.00.52:593][494]LogModuleManager: Shutting down and abandoning module Persona (374)
[2017.09.29-12.00.52:593][494]LogModuleManager: Shutting down and abandoning module AdvancedPreviewScene (373)
[2017.09.29-12.00.52:593][494]LogModuleManager: Shutting down and abandoning module AnimGraph (371)
[2017.09.29-12.00.52:593][494]LogModuleManager: Shutting down and abandoning module Kismet (368)
[2017.09.29-12.00.52:599][494]LogModuleManager: Shutting down and abandoning module ClassViewer (366)
[2017.09.29-12.00.52:599][494]LogModuleManager: Shutting down and abandoning module Toolbox (364)
[2017.09.29-12.00.52:599][494]LogModuleManager: Shutting down and abandoning module ModuleUI (362)
[2017.09.29-12.00.52:599][494]LogModuleManager: Shutting down and abandoning module MovieSceneTools (360)
[2017.09.29-12.00.52:599][494]LogModuleManager: Shutting down and abandoning module OutputLog (358)
[2017.09.29-12.00.52:599][494]LogModuleManager: Shutting down and abandoning module GammaUI (356)
[2017.09.29-12.00.52:600][494]LogModuleManager: Shutting down and abandoning module Documentation (354)
[2017.09.29-12.00.52:600][494]LogModuleManager: Shutting down and abandoning module MovieSceneTracks (352)
[2017.09.29-12.00.52:600][494]LogModuleManager: Shutting down and abandoning module MovieScene (350)
[2017.09.29-12.00.52:600][494]LogModuleManager: Shutting down and abandoning module Niagara (348)
[2017.09.29-12.00.52:600][494]LogModuleManager: Shutting down and abandoning module NiagaraEditor (347)
[2017.09.29-12.00.52:600][494]LogModuleManager: Shutting down and abandoning module StreamingPauseRendering (344)
[2017.09.29-12.00.52:600][494]LogModuleManager: Shutting down and abandoning module AnalyticsET (342)
[2017.09.29-12.00.52:600][494]LogModuleManager: Shutting down and abandoning module PortalServices (340)
[2017.09.29-12.00.52:600][494]LogModuleManager: Shutting down and abandoning module PortalRpc (338)
[2017.09.29-12.00.52:600][494]LogModuleManager: Shutting down and abandoning module MessagingRpc (336)
[2017.09.29-12.00.52:600][494]LogModuleManager: Shutting down and abandoning module AIModule (334)
[2017.09.29-12.00.52:600][494]LogModuleManager: Shutting down and abandoning module GameplayDebugger (333)
[2017.09.29-12.00.52:600][494]LogModuleManager: Shutting down and abandoning module AITestSuite (331)
[2017.09.29-12.00.52:600][494]LogModuleManager: Shutting down and abandoning module ProfilerService (328)
[2017.09.29-12.00.52:840][494]LogModuleManager: Shutting down and abandoning module TaskGraph (326)
[2017.09.29-12.00.52:840][494]LogModuleManager: Shutting down and abandoning module SteamVRController (324)
[2017.09.29-12.00.52:840][494]LogModuleManager: Shutting down and abandoning module SteamVR (322)
[2017.09.29-12.00.52:840][494]LogModuleManager: Shutting down and abandoning module ProceduralMeshComponentEditor (320)
[2017.09.29-12.00.52:840][494]LogModuleManager: Shutting down and abandoning module ProceduralMeshComponent (318)
[2017.09.29-12.00.52:840][494]LogModuleManager: Shutting down and abandoning module OculusLibrary (316)
[2017.09.29-12.00.52:840][494]LogModuleManager: Shutting down and abandoning module OculusInput (314)
[2017.09.29-12.00.52:840][494]LogModuleManager: Shutting down and abandoning module MobilePatchingUtils (312)
[2017.09.29-12.00.52:840][494]LogModuleManager: Shutting down and abandoning module CustomMeshComponent (310)
[2017.09.29-12.00.52:840][494]LogModuleManager: Shutting down and abandoning module CableComponent (308)
[2017.09.29-12.00.52:840][494]LogModuleManager: Shutting down and abandoning module ArchVisCharacter (306)
[2017.09.29-12.00.52:840][494]LogModuleManager: Shutting down and abandoning module AndroidPermission (304)
[2017.09.29-12.00.52:840][494]LogModuleManager: Shutting down and abandoning module MediaPlayerEditor (300)
[2017.09.29-12.00.52:840][494]LogModuleManager: Shutting down and abandoning module HTML5Networking (298)
[2017.09.29-12.00.52:840][494]LogModuleManager: Shutting down and abandoning module AlembicImporter (296)
[2017.09.29-12.00.52:840][494]LogModuleManager: Shutting down and abandoning module AlembicLibrary (295)
[2017.09.29-12.00.52:840][494]LogModuleManager: Shutting down and abandoning module GeometryCache (294)
[2017.09.29-12.00.52:840][494]LogModuleManager: Shutting down and abandoning module GeometryCacheEd (293)
[2017.09.29-12.00.52:840][494]LogModuleManager: Shutting down and abandoning module SuperSearchEditor (288)
[2017.09.29-12.00.52:840][494]LogModuleManager: Shutting down and abandoning module SuperSearch (287)
[2017.09.29-12.00.52:840][494]LogModuleManager: Shutting down and abandoning module SpeedTreeImporter (284)
[2017.09.29-12.00.52:840][494]LogModuleManager: Shutting down and abandoning module PluginBrowser (282)
[2017.09.29-12.00.52:840][494]LogModuleManager: Shutting down and abandoning module MobileLauncherProfileWizard (280)
[2017.09.29-12.00.52:841][494]LogModuleManager: Shutting down and abandoning module VisualStudioSourceCodeAccess (278)
[2017.09.29-12.00.52:841][494]LogModuleManager: Shutting down and abandoning module DesktopPlatform (277)
[2017.09.29-12.00.52:841][494]LogModuleManager: Shutting down and abandoning module UObjectPlugin (274)
[2017.09.29-12.00.52:841][494]LogModuleManager: Shutting down and abandoning module SubversionSourceControl (272)
[2017.09.29-12.00.52:841][494]LogModuleManager: Shutting down and abandoning module PerforceSourceControl (270)
[2017.09.29-12.00.52:841][494]LogModuleManager: Shutting down and abandoning module GitSourceControl (268)
[2017.09.29-12.00.52:841][494]LogModuleManager: Shutting down and abandoning module SourceControl (267)
[2017.09.29-12.00.52:841][494]LogModuleManager: Shutting down and abandoning module LightPropagationVolumeEditor (264)
[2017.09.29-12.00.52:841][494]LogModuleManager: Shutting down and abandoning module PaperTiledImporter (262)
[2017.09.29-12.00.52:841][494]LogModuleManager: Shutting down and abandoning module PaperSpriteSheetImporter (260)
[2017.09.29-12.00.52:841][494]LogModuleManager: Shutting down and abandoning module Paper2DEditor (258)
[2017.09.29-12.00.52:841][494]LogModuleManager: Shutting down and abandoning module MeshPaint (257)
[2017.09.29-12.00.52:841][494]LogModuleManager: Shutting down and abandoning module LevelEditor (255)
[2017.09.29-12.00.52:842][494]LogModuleManager: Shutting down and abandoning module PixelInspectorModule (254)
[2017.09.29-12.00.52:842][494]LogModuleManager: Shutting down and abandoning module MainFrame (252)
[2017.09.29-12.00.52:842][494]LogModuleManager: Shutting down and abandoning module HotReload (251)
[2017.09.29-12.00.52:842][494]LogModuleManager: Shutting down and abandoning module PhysXVehiclesEditor (246)
[2017.09.29-12.00.52:842][494]LogModuleManager: Shutting down and abandoning module PhysXVehicles (244)
[2017.09.29-12.00.52:842][494]LogModuleManager: Shutting down and abandoning module LocationServicesBPLibrary (242)
[2017.09.29-12.00.52:842][494]LogModuleManager: Shutting down and abandoning module ImmediatePhysicsEditor (240)
[2017.09.29-12.00.52:842][494]LogModuleManager: Shutting down and abandoning module ImmediatePhysics (238)
[2017.09.29-12.00.52:842][494]LogModuleManager: Shutting down and abandoning module UdpMessaging (236)
[2017.09.29-12.00.52:943][494]LogModuleManager: Shutting down and abandoning module TcpMessaging (234)
[2017.09.29-12.00.53:045][494]LogModuleManager: Shutting down and abandoning module GameplayTagsEditor (232)
[2017.09.29-12.00.53:045][494]LogModuleManager: Shutting down and abandoning module FacialAnimationEditor (230)
[2017.09.29-12.00.53:045][494]LogModuleManager: Shutting down and abandoning module FacialAnimation (228)
[2017.09.29-12.00.53:045][494]LogModuleManager: Shutting down and abandoning module AssetManagerEditor (226)
[2017.09.29-12.00.53:045][494]LogModuleManager: Shutting down and abandoning module GraphEditor (225)
[2017.09.29-12.00.53:046][494]LogModuleManager: Shutting down and abandoning module ContentBrowser (223)
[2017.09.29-12.00.53:047][494]LogModuleManager: Shutting down and abandoning module LightPropagationVolumeRuntime (220)
[2017.09.29-12.00.53:047][494]LogModuleManager: Shutting down and abandoning module Paper2D (218)
[2017.09.29-12.00.53:047][494]LogModuleManager: Shutting down and abandoning module WindowsMoviePlayer (216)
[2017.09.29-12.00.53:047][494]LogModuleManager: Shutting down and abandoning module WmfMedia (214)
[2017.09.29-12.00.53:047][494]LogModuleManager: Shutting down and abandoning module ClothingSystemEditor (212)
[2017.09.29-12.00.53:047][494]LogModuleManager: Shutting down and abandoning module ClothingSystemRuntime (210)
[2017.09.29-12.00.53:047][494]LogModuleManager: Shutting down and abandoning module MediaAssets (208)
[2017.09.29-12.00.53:047][494]LogModuleManager: Shutting down and abandoning module GameLiveStreaming (206)
[2017.09.29-12.00.53:047][494]LogModuleManager: Shutting down and abandoning module VREditor (204)
[2017.09.29-12.00.53:047][494]LogModuleManager: Shutting down and abandoning module StringTableEditor (202)
[2017.09.29-12.00.53:047][494]LogModuleManager: Shutting down and abandoning module GameplayTasksEditor (200)
[2017.09.29-12.00.53:047][494]LogModuleManager: Shutting down and abandoning module BehaviorTreeEditor (198)
[2017.09.29-12.00.53:047][494]LogModuleManager: Shutting down and abandoning module FunctionalTesting (196)
[2017.09.29-12.00.53:048][494]LogModuleManager: Shutting down and abandoning module CollisionAnalyzer (194)
[2017.09.29-12.00.53:048][494]LogModuleManager: Shutting down and abandoning module UMG (192)
[2017.09.29-12.00.53:048][494]LogModuleManager: Shutting down and abandoning module UMGEditor (191)
[2017.09.29-12.00.53:048][494]LogModuleManager: Shutting down and abandoning module Sequencer (190)
[2017.09.29-12.00.53:048][494]LogModuleManager: Shutting down and abandoning module AssetTools (188)
[2017.09.29-12.00.53:048][494]LogModuleManager: Shutting down and abandoning module MessageLog (187)
[2017.09.29-12.00.53:048][494]LogModuleManager: Shutting down and abandoning module WorkspaceMenuStructure (186)
[2017.09.29-12.00.53:048][494]LogModuleManager: Shutting down and abandoning module SlateReflector (180)
[2017.09.29-12.00.53:048][494]LogModuleManager: Shutting down and abandoning module Slate (178)
[2017.09.29-12.00.53:048][494]LogModuleManager: Shutting down and abandoning module EditorStyle (176)
[2017.09.29-12.00.53:053][494]LogModuleManager: Shutting down and abandoning module SourceCodeAccess (174)
[2017.09.29-12.00.53:053][494]LogModuleManager: Shutting down and abandoning module HeadMountedDisplay (172)
[2017.09.29-12.00.53:053][494]LogModuleManager: Shutting down and abandoning module XAudio2 (170)
[2017.09.29-12.00.53:053][494]LogModuleManager: Shutting down and abandoning module Networking (168)
[2017.09.29-12.00.53:053][494]LogModuleManager: Shutting down and abandoning module Core (164)
[2017.09.29-12.00.53:053][494]LogModuleManager: Shutting down and abandoning module AssetRegistry (162)
[2017.09.29-12.00.53:279][494]LogDirectoryWatcher: A directory notification for '../../../Engine/Content/' was aborted.
[2017.09.29-12.00.53:279][494]LogDirectoryWatcher: A directory notification for '../../../../../../Users/rifkiadrn/Documents/Unreal Projects/Tutorial2GameDev/Content/' was aborted.
[2017.09.29-12.00.53:280][494]LogDirectoryWatcher: A directory notification for '../../../Engine/Plugins/2D/Paper2D/Content/' was aborted.
[2017.09.29-12.00.53:280][494]LogDirectoryWatcher: A directory notification for '../../../Engine/Plugins/Runtime/GearVR/Content/' was aborted.
[2017.09.29-12.00.53:283][494]LogModuleManager: Shutting down and abandoning module DirectoryWatcher (161)
[2017.09.29-12.00.53:283][494]LogModuleManager: Shutting down and abandoning module KismetCompiler (158)
[2017.09.29-12.00.53:283][494]LogModuleManager: Shutting down and abandoning module LevelSequence (156)
[2017.09.29-12.00.53:283][494]LogModuleManager: Shutting down and abandoning module PhysXFormats (154)
[2017.09.29-12.00.53:283][494]LogModuleManager: Shutting down and abandoning module MeshUtilities (152)
[2017.09.29-12.00.53:283][494]LogModuleManager: Shutting down and abandoning module SimplygonSwarm (151)
[2017.09.29-12.00.53:283][494]LogModuleManager: Shutting down and abandoning module SimplygonMeshReduction (149)
[2017.09.29-12.00.53:283][494]LogModuleManager: Shutting down and abandoning module QuadricMeshReduction (147)
[2017.09.29-12.00.53:284][494]LogModuleManager: Shutting down and abandoning module DerivedDataCache (144)
[2017.09.29-12.00.53:348][494]LogDerivedDataCache: Shutdown
[2017.09.29-12.00.53:348][494]LogModuleManager: Shutting down and abandoning module TargetPlatform (142)
[2017.09.29-12.00.53:348][494]LogModuleManager: Shutting down and abandoning module VulkanShaderFormat (141)
[2017.09.29-12.00.53:348][494]LogModuleManager: Shutting down and abandoning module ShaderFormatVectorVM (139)
[2017.09.29-12.00.53:348][494]LogModuleManager: Shutting down and abandoning module ShaderFormatOpenGL (137)
[2017.09.29-12.00.53:348][494]LogModuleManager: Shutting down and abandoning module ShaderFormatD3D (135)
[2017.09.29-12.00.53:348][494]LogModuleManager: Shutting down and abandoning module MetalShaderFormat (133)
[2017.09.29-12.00.53:348][494]LogModuleManager: Shutting down and abandoning module TextureFormatUncompressed (131)
[2017.09.29-12.00.53:348][494]LogModuleManager: Shutting down and abandoning module TextureFormatPVR (129)
[2017.09.29-12.00.53:348][494]LogModuleManager: Shutting down and abandoning module TextureFormatDXT (127)
[2017.09.29-12.00.53:348][494]LogModuleManager: Shutting down and abandoning module TextureFormatIntelISPCTexComp (125)
[2017.09.29-12.00.53:348][494]LogModuleManager: Shutting down and abandoning module TextureFormatASTC (123)
[2017.09.29-12.00.53:348][494]LogModuleManager: Shutting down and abandoning module ImageWrapper (122)
[2017.09.29-12.00.53:348][494]LogModuleManager: Shutting down and abandoning module TextureFormatAndroid (119)
[2017.09.29-12.00.53:348][494]LogModuleManager: Shutting down and abandoning module AudioFormatOpus (117)
[2017.09.29-12.00.53:348][494]LogModuleManager: Shutting down and abandoning module AudioFormatOgg (115)
[2017.09.29-12.00.53:348][494]LogModuleManager: Shutting down and abandoning module AudioFormatADPCM (113)
[2017.09.29-12.00.53:348][494]LogModuleManager: Shutting down and abandoning module LinuxTargetPlatform (111)
[2017.09.29-12.00.53:348][494]LogModuleManager: Shutting down and abandoning module LinuxServerTargetPlatform (109)
[2017.09.29-12.00.53:348][494]LogModuleManager: Shutting down and abandoning module LinuxNoEditorTargetPlatform (107)
[2017.09.29-12.00.53:348][494]LogModuleManager: Shutting down and abandoning module LinuxClientTargetPlatform (105)
[2017.09.29-12.00.53:348][494]LogModuleManager: Shutting down and abandoning module TVOSTargetPlatform (103)
[2017.09.29-12.00.53:349][494]LogModuleManager: Shutting down and abandoning module Messaging (101)
[2017.09.29-12.00.53:349][494]LogModuleManager: Shutting down and abandoning module IOSTargetPlatform (99)
[2017.09.29-12.00.53:349][494]LogModuleManager: Shutting down and abandoning module HTML5TargetPlatform (97)
[2017.09.29-12.00.53:349][494]LogModuleManager: Shutting down and abandoning module Android_PVRTCTargetPlatform (95)
[2017.09.29-12.00.53:349][494]LogModuleManager: Shutting down and abandoning module Android_MultiTargetPlatform (93)
[2017.09.29-12.00.53:349][494]LogModuleManager: Shutting down and abandoning module Android_ETC2TargetPlatform (91)
[2017.09.29-12.00.53:349][494]LogModuleManager: Shutting down and abandoning module Android_ETC1TargetPlatform (89)
[2017.09.29-12.00.53:349][494]LogModuleManager: Shutting down and abandoning module Android_DXTTargetPlatform (87)
[2017.09.29-12.00.53:349][494]LogModuleManager: Shutting down and abandoning module Android_ATCTargetPlatform (85)
[2017.09.29-12.00.53:349][494]LogModuleManager: Shutting down and abandoning module Android_ASTCTargetPlatform (83)
[2017.09.29-12.00.53:349][494]LogModuleManager: Shutting down and abandoning module AndroidTargetPlatform (81)
[2017.09.29-12.00.53:349][494]LogModuleManager: Shutting down and abandoning module WindowsTargetPlatform (79)
[2017.09.29-12.00.53:349][494]LogModuleManager: Shutting down and abandoning module WindowsServerTargetPlatform (77)
[2017.09.29-12.00.53:349][494]LogModuleManager: Shutting down and abandoning module WindowsNoEditorTargetPlatform (75)
[2017.09.29-12.00.53:349][494]LogModuleManager: Shutting down and abandoning module WindowsClientTargetPlatform (73)
[2017.09.29-12.00.53:349][494]LogModuleManager: Shutting down and abandoning module MacTargetPlatform (71)
[2017.09.29-12.00.53:349][494]LogModuleManager: Shutting down and abandoning module MacServerTargetPlatform (69)
[2017.09.29-12.00.53:349][494]LogModuleManager: Shutting down and abandoning module MacNoEditorTargetPlatform (67)
[2017.09.29-12.00.53:349][494]LogModuleManager: Shutting down and abandoning module MacClientTargetPlatform (65)
[2017.09.29-12.00.53:349][494]LogModuleManager: Shutting down and abandoning module AllDesktopTargetPlatform (63)
[2017.09.29-12.00.53:349][494]LogModuleManager: Shutting down and abandoning module InputCore (60)
[2017.09.29-12.00.53:349][494]LogModuleManager: Shutting down and abandoning module Settings (58)
[2017.09.29-12.00.53:349][494]LogModuleManager: Shutting down and abandoning module OculusRift (56)
[2017.09.29-12.00.53:349][494]LogModuleManager: Shutting down and abandoning module GearVRController (54)
[2017.09.29-12.00.53:349][494]LogModuleManager: Shutting down and abandoning module GearVR (52)
[2017.09.29-12.00.53:349][494]LogModuleManager: Shutting down and abandoning module ExampleDeviceProfileSelector (50)
[2017.09.29-12.00.53:349][494]LogModuleManager: Shutting down and abandoning module OnlineBlueprintSupport (48)
[2017.09.29-12.00.53:349][494]LogModuleManager: Shutting down and abandoning module OnlineSubsystem (44)
[2017.09.29-12.00.53:349][494]LogOnline:Display: Unloading online subsystem: NULL
[2017.09.29-12.00.53:349][494]LogModuleManager: Shutting down and abandoning module XMPP (43)
[2017.09.29-12.00.53:349][494]LogModuleManager: Shutting down and abandoning module HTTP (41)
[2017.09.29-12.00.53:349][494]LogHttp:Display: Http module shutting down, but needs to wait on 1 outstanding Http requests:
[2017.09.29-12.00.53:349][494]LogHttp:Display: 	verb=[POST] url=[https://datarouter.ol.epicgames.com/datarouter/api/v1/public/data?SessionID=%7B100C11ED-4D3C-A53F-0D79-3185C007D98E%7D&AppID=UEEditor.Rocket.Release&AppVersion=4.16.3-3561208%2B%2B%2BUE4%2BRelease-4.16&UserID=77028a7847445427ba921f816a2c5f83%7C%7C7d36cb8c-10b2-4c52-bd77-5cf9760b728e&AppEnvironment=datacollector-binary&UploadType=eteventstream] status=Processing
[2017.09.29-12.00.53:351][494]LogModuleManager: Shutting down and abandoning module SSL (40)
[2017.09.29-12.00.53:352][494]LogModuleManager: Shutting down and abandoning module HTTPChunkInstaller (36)
[2017.09.29-12.00.53:353][494]LogModuleManager: Shutting down and abandoning module AnimationModifiers (34)
[2017.09.29-12.00.53:353][494]LogModuleManager: Shutting down and abandoning module PropertyEditor (33)
[2017.09.29-12.00.53:353][494]LogModuleManager: Shutting down and abandoning module AudioEditor (30)
[2017.09.29-12.00.53:353][494]LogModuleManager: Shutting down and abandoning module TextureCompressor (28)
[2017.09.29-12.00.53:353][494]LogModuleManager: Shutting down and abandoning module ShaderCore (26)
[2017.09.29-12.00.53:353][494]LogModuleManager: Shutting down and abandoning module Landscape (24)
[2017.09.29-12.00.53:353][494]LogModuleManager: Shutting down and abandoning module SlateRHIRenderer (22)
[2017.09.29-12.00.53:354][494]LogModuleManager: Shutting down and abandoning module OpenGLDrv (20)
[2017.09.29-12.00.53:354][494]LogModuleManager: Shutting down and abandoning module D3D11RHI (18)
[2017.09.29-12.00.53:354][494]LogModuleManager: Shutting down and abandoning module AnimGraphRuntime (16)
[2017.09.29-12.00.53:354][494]LogModuleManager: Shutting down and abandoning module Renderer (14)
[2017.09.29-12.00.53:354][494]LogModuleManager: Shutting down and abandoning module Engine (12)
[2017.09.29-12.00.53:354][494]LogModuleManager: Shutting down and abandoning module CoreUObject (10)
[2017.09.29-12.00.53:354][494]LogModuleManager: Shutting down and abandoning module NetworkFile (8)
[2017.09.29-12.00.53:354][494]LogModuleManager: Shutting down and abandoning module StreamingFile (6)
[2017.09.29-12.00.53:354][494]LogModuleManager: Shutting down and abandoning module SandboxFile (4)
[2017.09.29-12.00.53:355][494]LogModuleManager: Shutting down and abandoning module PakFile (2)
[2017.09.29-12.00.53:356][494]LogExit: Exiting.
[2017.09.29-12.00.53:374][494]Log file closed, 09/29/17 19:00:53
