Log file open, 10/14/17 11:40:14
LogInit:Display: Running engine for game: Rifki_Tutorial2
LogPlatformFile: Not using cached read wrapper
LogInit:Display: RandInit(-218422026) SRandInit(-218422026).
LogTaskGraph: Started task graph with 5 named threads and 6 total threads with 1 sets of task threads.
LogStats: Stats thread started at 0.084196
LogInit: Using libcurl 7.47.1
LogInit:  - built for x86_64-pc-win32
LogInit:  - supports SSL with OpenSSL/1.0.2g
LogInit:  - supports HTTP deflate (compression) using libz 1.2.8
LogInit:  - other features:
LogInit:      CURL_VERSION_SSL
LogInit:      CURL_VERSION_LIBZ
LogInit:      CURL_VERSION_IPV6
LogInit:      CURL_VERSION_ASYNCHDNS
LogInit:      CURL_VERSION_LARGEFILE
LogInit:      CURL_VERSION_IDN
LogInit:  CurlRequestOptions (configurable via config and command line):
LogInit:  - bVerifyPeer = false  - Libcurl will NOT verify peer certificate
LogInit:  - bUseHttpProxy = false  - Libcurl will NOT use HTTP proxy
LogInit:  - bDontReuseConnections = false  - Libcurl will reuse connections
LogInit:  - CertBundlePath = nullptr  - Libcurl will use whatever was configured at build time.
LogInit: Build: ++UE4+Release-4.16-CL-3561208
LogInit: Engine Version: 4.16.3-3561208+++UE4+Release-4.16
LogInit: Compatible Engine Version: 4.16.0-3452394+++UE4+Release-4.16
LogInit: Net CL: 3452394
LogDevObjectVersion: Number of dev versions registered: 16
LogDevObjectVersion:   Dev-Blueprints (B0D832E4-1F89-4F0D-ACCF-7EB736FD4AA2): 9
LogDevObjectVersion:   Dev-Build (E1C64328-A22C-4D53-A36C-8E866417BD8C): 0
LogDevObjectVersion:   Dev-Core (375EC13C-06E4-48FB-B500-84F0262A717E): 2
LogDevObjectVersion:   Dev-Editor (E4B068ED-F494-42E9-A231-DA0B2E46BB41): 17
LogDevObjectVersion:   Dev-Framework (CFFC743F-43B0-4480-9391-14DF171D2073): 23
LogDevObjectVersion:   Dev-Mobile (B02B49B5-BB20-44E9-A304-32B752E40360): 0
LogDevObjectVersion:   Dev-Networking (A4E4105C-59A1-49B5-A7C5-40C4547EDFEE): 0
LogDevObjectVersion:   Dev-Online (39C831C9-5AE6-47DC-9A44-9C173E1C8E7C): 0
LogDevObjectVersion:   Dev-Physics (78F01B33-EBEA-4F98-B9B4-84EACCB95AA2): 0
LogDevObjectVersion:   Dev-Platform (6631380F-2D4D-43E0-8009-CF276956A95A): 0
LogDevObjectVersion:   Dev-Rendering (12F88B9F-8875-4AFC-A67C-D90C383ABD29): 15
LogDevObjectVersion:   Dev-Sequencer (7B5AE74C-D270-4C10-A958-57980B212A5A): 4
LogDevObjectVersion:   Dev-VR (D7296918-1DD6-4BDD-9DE2-64A83CC13884): 0
LogDevObjectVersion:   Dev-LoadTimes (C2A15278-BFE7-4AFE-6C17-90FF531DF755): 1
LogDevObjectVersion:   Private-Geometry (6EACA3D4-40EC-4CC1-B786-8BED09428FC5): 1
LogDevObjectVersion:   Dev-AnimPhys (29E575DD-E0A3-4627-9D10-D276232CDCEA): 3
LogInit: Compiled (64-bit): Jul 28 2017 11:49:47
LogInit: Compiled with Visual C++: 19.00.24215.01
LogInit: Build Configuration: Development
LogInit: Branch Name: ++UE4+Release-4.16
LogInit: Command line: 
LogInit: Base directory: C:/Program Files/Unreal rar/UE_4.16/Engine/Binaries/Win64/
LogInit: Installed Engine Build: 1
LogInit: Presizing for max 8388607 objects, including 0 objects not considered by GC, pre-allocating 0 bytes for permanent pool.
LogInit: Object subsystem initialized
[2017.10.14-04.40.14:864][  0]LogInit: Selected Device Profile: [Windows]
[2017.10.14-04.40.14:864][  0]LogInit: Applying CVar settings loaded from the selected device profile: [Windows]
[2017.10.14-04.40.14:904][  0]LogInit: Computer: HUMANS-PC
[2017.10.14-04.40.14:904][  0]LogInit: User: rifkiadrn
[2017.10.14-04.40.14:904][  0]LogInit: CPU Page size=4096, Cores=2
[2017.10.14-04.40.14:904][  0]LogInit: High frequency timer resolution =2.143472 MHz
[2017.10.14-04.40.14:905][  0]LogMemory: Memory total: Physical=7.9GB (8GB approx)
[2017.10.14-04.40.14:905][  0]LogMemory: Platform Memory Stats for Windows
[2017.10.14-04.40.14:905][  0]LogMemory: Process Physical Memory: 273.11 MB used, 273.11 MB peak
[2017.10.14-04.40.14:905][  0]LogMemory: Process Virtual Memory: 266.73 MB used, 266.73 MB peak
[2017.10.14-04.40.14:905][  0]LogMemory: Physical Memory: 4139.88 MB used,  3951.84 MB free, 8091.72 MB total
[2017.10.14-04.40.14:905][  0]LogMemory: Virtual Memory: 642.16 MB used,  3951.84 MB free, 134217728.00 MB total
[2017.10.14-04.40.15:001][  0]LogInit: Using OS detected language (en-US).
[2017.10.14-04.40.15:001][  0]LogInit: Using OS detected locale (en-US).
[2017.10.14-04.40.15:005][  0]LogTextLocalizationManager: No specific localization for 'en-US' exists, so the 'en' localization will be used.
[2017.10.14-04.40.16:146][  0]LogD3D11RHI: D3D11 adapters:
[2017.10.14-04.40.16:774][  0]LogD3D11RHI:    0. 'NVIDIA GeForce 840M' (Feature Level 11_0)
[2017.10.14-04.40.16:774][  0]LogD3D11RHI:       2019/0/4045 MB DedicatedVideo/DedicatedSystem/SharedSystem, Outputs:1, VendorId:0x10de
[2017.10.14-04.40.16:779][  0]LogD3D11RHI:    1. 'Intel(R) HD Graphics 5500' (Feature Level 11_0)
[2017.10.14-04.40.16:779][  0]LogD3D11RHI:       128/0/4045 MB DedicatedVideo/DedicatedSystem/SharedSystem, Outputs:0, VendorId:0x8086
[2017.10.14-04.40.16:781][  0]LogD3D11RHI:    2. 'Microsoft Basic Render Driver' (Feature Level 11_0)
[2017.10.14-04.40.16:781][  0]LogD3D11RHI:       0/0/4045 MB DedicatedVideo/DedicatedSystem/SharedSystem, Outputs:0, VendorId:0x1414
[2017.10.14-04.40.16:781][  0]LogD3D11RHI: Chosen D3D11 Adapter: 0
[2017.10.14-04.40.16:785][  0]LogD3D11RHI: Creating new Direct3DDevice
[2017.10.14-04.40.16:785][  0]LogD3D11RHI:     GPU DeviceId: 0x1341 (for the marketing name, search the web for "GPU Device Id")
[2017.10.14-04.40.16:785][  0]LogWindows: EnumDisplayDevices:
[2017.10.14-04.40.16:786][  0]LogWindows:    0. 'Intel(R) HD Graphics 5500' (P:1 D:1)
[2017.10.14-04.40.16:786][  0]LogWindows:    1. 'Intel(R) HD Graphics 5500' (P:0 D:0)
[2017.10.14-04.40.16:786][  0]LogWindows:    2. 'Intel(R) HD Graphics 5500' (P:0 D:0)
[2017.10.14-04.40.16:786][  0]LogWindows: DebugString: PrimaryIsNotTheChoosenAdapter PrimaryIsNotTheChoosenAdapter PrimaryIsNotTheChoosenAdapter FoundDriverCount:0 
[2017.10.14-04.40.16:786][  0]LogD3D11RHI:     Adapter Name: NVIDIA GeForce 840M
[2017.10.14-04.40.16:786][  0]LogD3D11RHI:   Driver Version: Unknown (internal:Unknown, unified:Unknown)
[2017.10.14-04.40.16:786][  0]LogD3D11RHI:      Driver Date: Unknown
[2017.10.14-04.40.16:786][  0]LogRHI: Texture pool is 1361 MB (70% of 1945 MB)
[2017.10.14-04.40.16:806][  0]LogD3D11RHI: Async texture creation enabled
[2017.10.14-04.40.16:825][  0]LogD3D11RHI: GPU Timing Frequency: 1000.000000 (Debug: 2 2)
[2017.10.14-04.40.16:826][  0]LogShaderCompilers: Guid format shader working directory is -26 characters bigger than the processId version (../../../../../../Users/rifkiadrn/Documents/Unreal Projects/Tutorial2GameDev/Intermediate/Shaders/WorkingDirectory/7280/).
[2017.10.14-04.40.16:826][  0]LogShaderCompilers: Cleaned the shader compiler working directory 'C:/Users/rifkiadrn/AppData/Local/Temp/UnrealShaderWorkingDir/085D9AAA4F5833C74BAFDBBFA397CD4C/'.
[2017.10.14-04.40.16:826][  0]LogShaderCompilers:Display: Using Local Shader Compiler.
[2017.10.14-04.40.18:425][  0]LogTemp:Display: Loaded TP AllDesktopTargetPlatform
[2017.10.14-04.40.18:502][  0]LogTemp:Display: Loaded TP MacClientTargetPlatform
[2017.10.14-04.40.18:588][  0]LogTemp:Display: Loaded TP MacNoEditorTargetPlatform
[2017.10.14-04.40.18:662][  0]LogTemp:Display: Loaded TP MacServerTargetPlatform
[2017.10.14-04.40.18:745][  0]LogTemp:Display: Loaded TP MacTargetPlatform
[2017.10.14-04.40.18:825][  0]LogTemp:Display: Loaded TP WindowsClientTargetPlatform
[2017.10.14-04.40.18:902][  0]LogTemp:Display: Loaded TP WindowsNoEditorTargetPlatform
[2017.10.14-04.40.18:979][  0]LogTemp:Display: Loaded TP WindowsServerTargetPlatform
[2017.10.14-04.40.19:046][  0]LogTemp:Display: Loaded TP WindowsTargetPlatform
[2017.10.14-04.40.19:120][  0]LogTemp:Display: Loaded TP AndroidTargetPlatform
[2017.10.14-04.40.19:207][  0]LogTemp:Display: Loaded TP Android_ASTCTargetPlatform
[2017.10.14-04.40.19:283][  0]LogTemp:Display: Loaded TP Android_ATCTargetPlatform
[2017.10.14-04.40.19:361][  0]LogTemp:Display: Loaded TP Android_DXTTargetPlatform
[2017.10.14-04.40.19:435][  0]LogTemp:Display: Loaded TP Android_ETC1TargetPlatform
[2017.10.14-04.40.19:512][  0]LogTemp:Display: Loaded TP Android_ETC2TargetPlatform
[2017.10.14-04.40.19:669][  0]LogTemp:Display: Loaded TP Android_MultiTargetPlatform
[2017.10.14-04.40.19:669][  0]LogTemp:Display: Loaded TP Android_PVRTCTargetPlatform
[2017.10.14-04.40.19:748][  0]LogTemp:Display: Loaded TP HTML5TargetPlatform
[2017.10.14-04.40.19:892][  0]LogTemp:Display: Loaded TP IOSTargetPlatform
[2017.10.14-04.40.19:945][  0]LogTemp:Display: Loaded TP TVOSTargetPlatform
[2017.10.14-04.40.20:046][  0]LogTemp:Display: Loaded TP LinuxClientTargetPlatform
[2017.10.14-04.40.20:138][  0]LogTemp:Display: Loaded TP LinuxNoEditorTargetPlatform
[2017.10.14-04.40.20:225][  0]LogTemp:Display: Loaded TP LinuxServerTargetPlatform
[2017.10.14-04.40.20:317][  0]LogTemp:Display: Loaded TP LinuxTargetPlatform
[2017.10.14-04.40.20:317][  0]LogTargetPlatformManager:Display: Building Assets For Windows
[2017.10.14-04.40.21:250][  0]LogDerivedDataCache:Display: Max Cache Size: 512 MB
[2017.10.14-04.40.21:367][  0]LogDerivedDataCache: Loaded boot cache 0.12s 90MB C:/Users/rifkiadrn/AppData/Local/UnrealEngine/4.16/DerivedDataCache/Boot.ddc.
[2017.10.14-04.40.21:367][  0]LogDerivedDataCache:Display: Loaded Boot cache: C:/Users/rifkiadrn/AppData/Local/UnrealEngine/4.16/DerivedDataCache/Boot.ddc
[2017.10.14-04.40.21:367][  0]LogDerivedDataCache: FDerivedDataBackendGraph:  Pak pak cache file ../../../../../../Users/rifkiadrn/Documents/Unreal Projects/Tutorial2GameDev/DerivedDataCache/DDC.ddp not found, will not use a pak cache.
[2017.10.14-04.40.21:367][  0]LogDerivedDataCache: Unable to find inner node Pak for hierarchical cache Hierarchy.
[2017.10.14-04.40.21:367][  0]LogDerivedDataCache: FDerivedDataBackendGraph:  CompressedPak pak cache file ../../../../../../Users/rifkiadrn/Documents/Unreal Projects/Tutorial2GameDev/DerivedDataCache/Compressed.ddp not found, will not use a pak cache.
[2017.10.14-04.40.21:367][  0]LogDerivedDataCache: Unable to find inner node CompressedPak for hierarchical cache Hierarchy.
[2017.10.14-04.40.21:391][  0]LogDerivedDataCache:Display: Pak cache opened for reading ../../../Engine/DerivedDataCache/Compressed.ddp.
[2017.10.14-04.40.21:403][  0]LogDerivedDataCache: Using Local data cache path C:/Users/rifkiadrn/AppData/Local/UnrealEngine/Common/DerivedDataCache: Writable
[2017.10.14-04.40.21:416][  0]LogMaterial: Verifying Global Shaders for PCD3D_SM5
[2017.10.14-04.40.21:417][  0]LogSlate: Using Freetype 2.6.0
[2017.10.14-04.40.21:417][  0]LogSlate: SlateFontCache - WITH_FREETYPE: 1, WITH_HARFBUZZ: 1
[2017.10.14-04.40.21:417][  0]LogSlate: SlateFontCache - WITH_FREETYPE: 1, WITH_HARFBUZZ: 1
[2017.10.14-04.40.21:887][  0]LogInit: Selected Device Profile: [Windows]
[2017.10.14-04.40.21:978][  0]LogContentStreaming: Texture pool size is 0.00 MB
[2017.10.14-04.40.22:193][  0]LogMeshUtilities: Using QuadricMeshReduction for automatic static mesh reduction
[2017.10.14-04.40.22:257][  0]LogSimplygon: Simplygon DLL not present - disabling.
[2017.10.14-04.40.22:331][  0]LogMeshUtilities: Using SimplygonSwarm for distributed automatic mesh merging
[2017.10.14-04.40.22:331][  0]LogMeshUtilities: No automatic skeletal mesh reduction module available
[2017.10.14-04.40.22:331][  0]LogMeshUtilities: No automatic mesh merging module available
[2017.10.14-04.40.23:139][  0]LogNetVersion: Rifki_Tutorial2 , NetCL: 3452394, EngineNetVer: 2, GameNetVer: 0 (Checksum: 699179107)
[2017.10.14-04.40.23:222][  0]LogAssetRegistry: FAssetRegistry took 0.0279 seconds to start up
[2017.10.14-04.40.23:339][  0]LogPackageLocalizationCache: Processed 4 localized package path(s) for 2 prioritized culture(s) in 0.075853 seconds
[2017.10.14-04.40.23:345][  0]LogUObjectArray: 34194 objects as part of root set at end of initial load.
[2017.10.14-04.40.23:345][  0]LogUObjectAllocator: 7260416 out of 0 bytes used by permanent object pool.
[2017.10.14-04.40.23:345][  0]LogUObjectArray: CloseDisregardForGC: 0/0 objects in disregard for GC pool
[2017.10.14-04.40.23:442][  0]LogInit: WinSock: version 1.1 (2.2), MaxSocks=32767, MaxUdp=65467
[2017.10.14-04.40.26:418][  0]LogWmfMedia: Failed to load mf.dll
[2017.10.14-04.40.26:418][  0]LogWmfMedia: Failed to load required Windows Media Foundation libraries
[2017.10.14-04.40.26:500][  0]LogWindowsMoviePlayer: Could not load mf.dll. Library not found.
[2017.10.14-04.40.26:500][  0]LogWindowsMoviePlayer: Could not load mfplat.dll. Library not found.
[2017.10.14-04.40.26:501][  0]LogWindowsMoviePlayer: Could not load mfplay.dll. Library not found.
[2017.10.14-04.40.27:207][  0]LogTcpMessaging: Initializing TcpMessaging bridge
[2017.10.14-04.40.27:286][  0]LogUdpMessaging: Initializing bridge on interface 0.0.0.0:0 to multicast group 230.0.0.1:6666.
[2017.10.14-04.40.28:080][  0]LogMaterial: Uniform references updated for custom material expression Custom.
[2017.10.14-04.40.28:648][  0]SourceControl: Info Source control is disabled
[2017.10.14-04.40.28:686][  0]SourceControl: Info Source control is disabled
[2017.10.14-04.40.28:758][  0]SourceControl: Info Source control is disabled
[2017.10.14-04.40.28:827][  0]SourceControl: Info Source control is disabled
[2017.10.14-04.40.29:810][  0]LogAndroidPermission: UAndroidPermissionCallbackProxy::GetInstance
[2017.10.14-04.40.30:674][  0]LogEngine: Initializing Engine...
[2017.10.14-04.40.30:675][  0]LogHMD: Failed to initialize OpenVR with code 110
[2017.10.14-04.40.30:925][  0]LogStats: UGameplayTagsManager::ConstructGameplayTagTree: Construct from data asset -  0.000 s
[2017.10.14-04.40.30:925][  0]LogStats: UGameplayTagsManager::ConstructGameplayTagTree: GameplayTagTreeChangedEvent.Broadcast -  0.000 s
[2017.10.14-04.40.31:144][  0]LogAIModule: Creating AISystem for world Untitled
[2017.10.14-04.40.31:150][  0]LogInit: XAudio2 using 'Speakers (Conexant SmartAudio HD)' : 2 channels at 48 kHz using 32 bits per sample (channel mask 0x3)
[2017.10.14-04.40.31:169][  0]LogInit: FAudioDevice initialized.
[2017.10.14-04.40.31:222][  0]LogDerivedDataCache: Saved boot cache 0.05s 90MB C:/Users/rifkiadrn/AppData/Local/UnrealEngine/4.16/DerivedDataCache/Boot.ddc.
[2017.10.14-04.40.31:233][  0]LogInit: Texture streaming: Enabled
[2017.10.14-04.40.31:385][  0]LogEngineSessionManager: EngineSessionManager initialized
[2017.10.14-04.40.33:539][  0]LogInit: Transaction tracking system initialized
[2017.10.14-04.40.34:093][  0]BlueprintLog: New page: Editor Load
[2017.10.14-04.40.35:717][  0]LocalizationService: Info Localization service is disabled
[2017.10.14-04.40.36:760][  0]LogConsoleResponse:Display: 
[2017.10.14-04.40.37:015][  0]LogCook:Display: Max memory allowance for cook 16384mb min free memory 0mb
[2017.10.14-04.40.37:015][  0]LogCook:Display: Mobile HDR setting 1
[2017.10.14-04.40.37:977][  0]LogFileCache: Scanning file cache for directory 'C:/Users/rifkiadrn/Documents/Unreal Projects/Tutorial2GameDev/Content/' took 0.02s
[2017.10.14-04.40.38:726][  0]SourceControl: Info Source control is disabled
[2017.10.14-04.40.38:726][  0]Cmd: MAP LOAD FILE="../../../../../../Users/rifkiadrn/Documents/Unreal Projects/Tutorial2GameDev/Content/2DSideScrollerBP/Maps/2DSideScrollerExampleMap.umap" TEMPLATE=0 SHOWPROGRESS=1 FEATURELEVEL=3
[2017.10.14-04.40.38:753][  0]LightingResults: New page: Lighting Build
[2017.10.14-04.40.38:817][  0]MapCheck: New page: Map Check
[2017.10.14-04.40.38:817][  0]LightingResults: New page: Lighting Build
[2017.10.14-04.40.39:902][  0]LogAIModule: Creating AISystem for world 2DSideScrollerExampleMap
[2017.10.14-04.40.39:931][  0]LogEditorServer: Finished looking for orphan Actors (0.000 secs)
[2017.10.14-04.40.39:957][  0]Cmd: MAP CHECKDEP NOCLEARLOG
[2017.10.14-04.40.40:018][  0]MapCheck: Info Map check complete: 0 Error(s), 0 Warning(s), took 60.849ms to complete.
[2017.10.14-04.40.40:018][  0]LogFileHelpers: Loading map '2DSideScrollerExampleMap' took 1.292
[2017.10.14-04.40.40:564][  0]LogCollectionManager: Loaded 0 collections in 0.002035 seconds
[2017.10.14-04.40.40:923][  0]LogFileCache: Scanning file cache for directory 'C:/Users/rifkiadrn/Documents/Unreal Projects/Tutorial2GameDev/Saved/Collections/' took 0.01s
[2017.10.14-04.40.40:923][  0]LogFileCache: Scanning file cache for directory 'C:/Users/rifkiadrn/Documents/Unreal Projects/Tutorial2GameDev/Content/Developers/rifkiadrn/Collections/' took 0.01s
[2017.10.14-04.40.40:923][  0]LogFileCache: Scanning file cache for directory 'C:/Users/rifkiadrn/Documents/Unreal Projects/Tutorial2GameDev/Content/Collections/' took 0.01s
[2017.10.14-04.40.40:923][  0]LogCollectionManager: Rebuilt the GUID cache for 0 collections in 0.000002 seconds
[2017.10.14-04.40.40:959][  0]LogContentBrowser: Native class hierarchy populated in 0.0146 seconds. Added 2329 classes and 491 folders.
[2017.10.14-04.40.41:174][  0]LogContentBrowser: Native class hierarchy updated for 'WidgetCarousel' in 0.0007 seconds. Added 0 classes and 0 folders.
[2017.10.14-04.40.43:337][  0]LogContentBrowser: Native class hierarchy updated for 'AddContentDialog' in 0.0007 seconds. Added 0 classes and 0 folders.
[2017.10.14-04.40.43:525][  0]LogContentBrowser: Native class hierarchy updated for 'SceneOutliner' in 0.0007 seconds. Added 1 classes and 2 folders.
[2017.10.14-04.40.43:619][  0]LogCrashTracker: Crashtracker disabled due to settings.
[2017.10.14-04.40.43:688][  0]LogSlate: Took 0.000323 seconds to synchronously load lazily loaded font '../../../Engine/Content/Slate/Fonts/Roboto-Regular.ttf' (155K)
[2017.10.14-04.40.43:690][  0]LogSlate: Took 0.000248 seconds to synchronously load lazily loaded font '../../../Engine/Content/Slate/Fonts/Roboto-Bold.ttf' (160K)
[2017.10.14-04.40.43:715][  0]LogSlate: Took 0.018859 seconds to synchronously load lazily loaded font '../../../Engine/Content/Editor/Slate/Fonts/FontAwesome.ttf' (139K)
[2017.10.14-04.40.43:893][  0]LogRenderer: Reallocating scene render targets to support 856x372 NumSamples 1 (Frame:1).
[2017.10.14-04.40.44:266][  0]LogUObjectGlobals:Warning: Failed to find object 'Class None.'
[2017.10.14-04.40.44:351][  0]LogContentBrowser: Native class hierarchy updated for 'HierarchicalLODOutliner' in 0.0007 seconds. Added 1 classes and 2 folders.
[2017.10.14-04.40.44:351][  0]LogLoad: (Engine Initialization) Total time: 32.14 seconds
[2017.10.14-04.40.44:351][  0]LogLoad: (Engine Initialization) Total Blueprint compile time: 0.13 seconds
[2017.10.14-04.40.44:351][  0]LogExternalProfiler: No external profilers were discovered.  External profiling features will not be available.
[2017.10.14-04.40.44:690][  0]LogOcInput: OculusInput pre-init called
[2017.10.14-04.40.44:690][  0]LogHMD: Starting GearVRController plugin
[2017.10.14-04.40.44:728][  0]LogContentStreaming: Texture pool size now 1000 MB
[2017.10.14-04.40.44:949][  0]LogSlate: Took 0.033854 seconds to synchronously load lazily loaded font '../../../Engine/Content/Slate/Fonts/Roboto-Light.ttf' (159K)
[2017.10.14-04.40.45:111][  1]LogAssetRegistry: Asset discovery search completed in 21.9109 seconds
[2017.10.14-04.40.45:114][  1]LogCollectionManager: Rebuilt the object cache for 0 collections in 0.000000 seconds (found 0 objects)
[2017.10.14-04.40.45:114][  1]LogCollectionManager: Fixed up redirectors for 0 collections in 0.000040 seconds (updated 0 objects)
[2017.10.14-04.40.53:698][578]LogSlate: Took 0.000163 seconds to synchronously load lazily loaded font '../../../Engine/Content/Slate/Fonts/Roboto-Light.ttf' (159K)
[2017.10.14-04.40.54:444][578]LogAIModule: Creating AISystem for world Level
[2017.10.14-04.40.54:508][578]Cmd: MAP LOAD FILE="../../../../../../Users/rifkiadrn/Documents/Unreal Projects/Tutorial2GameDev/Content/2DSideScrollerBP/Blueprints/Level.umap" TEMPLATE=0 SHOWPROGRESS=1 FEATURELEVEL=3
[2017.10.14-04.40.54:508][578]LightingResults: New page: Lighting Build
[2017.10.14-04.40.54:509][578]LoadErrors: New page: Loading map: Level.umap
[2017.10.14-04.40.54:509][578]MapCheck: New page: Map Check
[2017.10.14-04.40.54:509][578]LightingResults: New page: Lighting Build
[2017.10.14-04.40.54:561][578]LogEditorServer: Finished looking for orphan Actors (0.000 secs)
[2017.10.14-04.40.54:612][578]Cmd: MAP CHECKDEP NOCLEARLOG
[2017.10.14-04.40.54:678][578]MapCheck: Info Map check complete: 0 Error(s), 0 Warning(s), took 66.013ms to complete.
[2017.10.14-04.40.54:678][578]LogFileHelpers: Loading map 'Level' took 0.172
[2017.10.14-04.40.56:780][807]LogTemp: Repeting last play command: Selected Viewport
[2017.10.14-04.40.57:078][807]LogBlueprintUserMessages: Early PlayInEditor Detection: Level '/Game/2DSideScrollerBP/Blueprints/Level.Level:PersistentLevel' has LevelScriptBlueprint '/Game/2DSideScrollerBP/Blueprints/Level.Level:PersistentLevel.Level' with GeneratedClass '/Game/2DSideScrollerBP/Blueprints/Level.Level_C' with ClassGeneratedBy '/Game/2DSideScrollerBP/Blueprints/Level.Level:PersistentLevel.Level'
[2017.10.14-04.40.57:078][807]LogPlayLevel: PlayLevel: No blueprints needed recompiling
[2017.10.14-04.40.57:107][807]PIE: New page: PIE session: Level (Oct 14, 2017, 6:40:57 PM)
[2017.10.14-04.40.57:107][807]LogPlayLevel: Creating play world package: /Game/2DSideScrollerBP/Blueprints/UEDPIE_0_Level
[2017.10.14-04.40.57:110][807]LogPlayLevel: PIE: StaticDuplicateObject took: (0.002830s)
[2017.10.14-04.40.57:110][807]LogAIModule: Creating AISystem for world Level
[2017.10.14-04.40.57:111][807]LogPlayLevel: PIE: World Init took: (0.000754s)
[2017.10.14-04.40.57:111][807]LogPlayLevel: PIE: Created PIE world by copying editor world from /Game/2DSideScrollerBP/Blueprints/Level.Level to /Game/2DSideScrollerBP/Blueprints/UEDPIE_0_Level.Level (0.003816s)
[2017.10.14-04.40.57:137][807]LogInit: XAudio2 using 'Speakers (Conexant SmartAudio HD)' : 2 channels at 48 kHz using 32 bits per sample (channel mask 0x3)
[2017.10.14-04.40.57:149][807]LogInit: FAudioDevice initialized.
[2017.10.14-04.40.57:195][807]LogLoad: Game class is 'MyGameMode_C'
[2017.10.14-04.40.57:211][807]LogWorld: Bringing World /Game/2DSideScrollerBP/Blueprints/UEDPIE_0_Level.Level up for play (max tick rate 0) at 2017.10.14-11.40.57
[2017.10.14-04.40.57:233][807]LogWorld: Bringing up level for play took: 0.024286
[2017.10.14-04.40.57:344][807]LogContentBrowser: Native class hierarchy updated for 'MovieSceneCapture' in 0.0008 seconds. Added 11 classes and 0 folders.
[2017.10.14-04.40.57:394][807]PIE: Info Play in editor start time for /Game/2DSideScrollerBP/Blueprints/UEDPIE_0_Level 1.023
[2017.10.14-04.40.57:395][807]LogBlueprintUserMessages: Late PlayInEditor Detection: Level '/Game/2DSideScrollerBP/Blueprints/Level.Level:PersistentLevel' has LevelScriptBlueprint '/Game/2DSideScrollerBP/Blueprints/Level.Level:PersistentLevel.Level' with GeneratedClass '/Game/2DSideScrollerBP/Blueprints/Level.Level_C' with ClassGeneratedBy '/Game/2DSideScrollerBP/Blueprints/Level.Level:PersistentLevel.Level'
[2017.10.14-04.40.58:061][858]LogBlueprintUserMessages: [Level_C_1] 4
[2017.10.14-04.40.59:068][965]LogBlueprintUserMessages: [Level_C_1] 3
[2017.10.14-04.41.00:063][ 60]LogBlueprintUserMessages: [Level_C_1] 3
[2017.10.14-04.41.01:058][179]LogBlueprintUserMessages: [Level_C_1] 2
[2017.10.14-04.41.02:059][299]LogBlueprintUserMessages: [Level_C_1] 2
[2017.10.14-04.41.03:059][419]LogBlueprintUserMessages: [Level_C_1] 2
[2017.10.14-04.41.04:060][539]LogBlueprintUserMessages: [Level_C_1] 1
[2017.10.14-04.41.05:061][659]LogBlueprintUserMessages: [Level_C_1] 0
[2017.10.14-04.41.06:059][778]LogBlueprintUserMessages: [Level_C_1] 0
[2017.10.14-04.41.07:058][892]LogBlueprintUserMessages: [Level_C_1] 0
[2017.10.14-04.41.08:059][ 12]LogBlueprintUserMessages: [Level_C_1] 0
[2017.10.14-04.41.09:058][128]LogBlueprintUserMessages: [Level_C_1] 0
[2017.10.14-04.41.10:059][248]LogBlueprintUserMessages: [Level_C_1] 0
[2017.10.14-04.41.10:059][248]LogBlueprintUserMessages: Early EndPlayMap Detection: Level '/Game/2DSideScrollerBP/Blueprints/Level.Level:PersistentLevel' has LevelScriptBlueprint '/Game/2DSideScrollerBP/Blueprints/Level.Level:PersistentLevel.Level' with GeneratedClass '/Game/2DSideScrollerBP/Blueprints/Level.Level_C' with ClassGeneratedBy '/Game/2DSideScrollerBP/Blueprints/Level.Level:PersistentLevel.Level'
[2017.10.14-04.41.10:092][248]LogBlueprintUserMessages: Late EndPlayMap Detection: Level '/Game/2DSideScrollerBP/Blueprints/Level.Level:PersistentLevel' has LevelScriptBlueprint '/Game/2DSideScrollerBP/Blueprints/Level.Level:PersistentLevel.Level' with GeneratedClass '/Game/2DSideScrollerBP/Blueprints/Level.Level_C' with ClassGeneratedBy '/Game/2DSideScrollerBP/Blueprints/Level.Level:PersistentLevel.Level'
[2017.10.14-04.41.18:582][261]LogEditorViewport: Clicking on Actor (LMB): MovingEnemy_C (MovingEnemy)
[2017.10.14-04.41.19:585][370]LogEditorViewport: Clicking on Actor (LMB): MovingEnemy_C (MovingEnemy)
[2017.10.14-04.41.22:624][663]LogEditorViewport: Clicking on Actor (LMB): MovingEnemy_C (MovingEnemy)
[2017.10.14-04.41.22:714][671]LogEditorViewport: Clicking on Component (LMB): BillboardComponent (Billboard)
[2017.10.14-04.41.26:319][ 51]LogEditorViewport: Clicking Background
[2017.10.14-04.41.28:126][232]LogSavePackage: Save=150.55ms
[2017.10.14-04.41.28:126][232]LogSavePackage: Moving '../../../../../../Users/rifkiadrn/Documents/Unreal Projects/Tutorial2GameDev/Saved/LevelB5317EA24216546D717F36A27BE7988B.tmp' to '../../../../../../Users/rifkiadrn/Documents/Unreal Projects/Tutorial2GameDev/Content/2DSideScrollerBP/Blueprints/Level.umap'
[2017.10.14-04.41.28:134][232]LogSavePackage:Display: Finished SavePackage ../../../../../../Users/rifkiadrn/Documents/Unreal Projects/Tutorial2GameDev/Content/2DSideScrollerBP/Blueprints/Level.umap
[2017.10.14-04.41.29:859][421]LogTemp: Repeting last play command: Selected Viewport
[2017.10.14-04.41.29:880][421]LogBlueprintUserMessages: Early PlayInEditor Detection: Level '/Game/2DSideScrollerBP/Blueprints/Level.Level:PersistentLevel' has LevelScriptBlueprint '/Game/2DSideScrollerBP/Blueprints/Level.Level:PersistentLevel.Level' with GeneratedClass '/Game/2DSideScrollerBP/Blueprints/Level.Level_C' with ClassGeneratedBy '/Game/2DSideScrollerBP/Blueprints/Level.Level:PersistentLevel.Level'
[2017.10.14-04.41.29:880][421]LogPlayLevel: PlayLevel: No blueprints needed recompiling
[2017.10.14-04.41.29:880][421]PIE: New page: PIE session: Level (Oct 14, 2017, 6:41:29 PM)
[2017.10.14-04.41.29:880][421]LogPlayLevel: Creating play world package: /Game/2DSideScrollerBP/Blueprints/UEDPIE_0_Level
[2017.10.14-04.41.29:888][421]LogPlayLevel: PIE: StaticDuplicateObject took: (0.007514s)
[2017.10.14-04.41.29:889][421]LogAIModule: Creating AISystem for world Level
[2017.10.14-04.41.29:889][421]LogPlayLevel: PIE: World Init took: (0.000882s)
[2017.10.14-04.41.29:889][421]LogPlayLevel: PIE: Created PIE world by copying editor world from /Game/2DSideScrollerBP/Blueprints/Level.Level to /Game/2DSideScrollerBP/Blueprints/UEDPIE_0_Level.Level (0.008670s)
[2017.10.14-04.41.29:917][421]LogInit: XAudio2 using 'Speakers (Conexant SmartAudio HD)' : 2 channels at 48 kHz using 32 bits per sample (channel mask 0x3)
[2017.10.14-04.41.29:928][421]LogInit: FAudioDevice initialized.
[2017.10.14-04.41.29:962][421]LogLoad: Game class is 'MyGameMode_C'
[2017.10.14-04.41.29:966][421]LogWorld: Bringing World /Game/2DSideScrollerBP/Blueprints/UEDPIE_0_Level.Level up for play (max tick rate 0) at 2017.10.14-11.41.29
[2017.10.14-04.41.29:967][421]LogWorld: Bringing up level for play took: 0.003874
[2017.10.14-04.41.29:969][421]PIE: Info Play in editor start time for /Game/2DSideScrollerBP/Blueprints/UEDPIE_0_Level -0.403
[2017.10.14-04.41.29:969][421]LogBlueprintUserMessages: Late PlayInEditor Detection: Level '/Game/2DSideScrollerBP/Blueprints/Level.Level:PersistentLevel' has LevelScriptBlueprint '/Game/2DSideScrollerBP/Blueprints/Level.Level:PersistentLevel.Level' with GeneratedClass '/Game/2DSideScrollerBP/Blueprints/Level.Level_C' with ClassGeneratedBy '/Game/2DSideScrollerBP/Blueprints/Level.Level:PersistentLevel.Level'
[2017.10.14-04.41.30:864][527]LogBlueprintUserMessages: [Level_C_0] 4
[2017.10.14-04.41.31:864][642]LogBlueprintUserMessages: [Level_C_0] 3
[2017.10.14-04.41.32:861][760]LogBlueprintUserMessages: [Level_C_0] 2
[2017.10.14-04.41.33:863][880]LogBlueprintUserMessages: [Level_C_0] 2
[2017.10.14-04.41.34:866][  0]LogBlueprintUserMessages: [Level_C_0] 2
[2017.10.14-04.41.35:868][120]LogBlueprintUserMessages: [Level_C_0] 2
[2017.10.14-04.41.36:861][239]LogBlueprintUserMessages: [Level_C_0] 2
[2017.10.14-04.41.37:865][359]LogBlueprintUserMessages: [Level_C_0] 1
[2017.10.14-04.41.38:868][479]LogBlueprintUserMessages: [Level_C_0] 1
[2017.10.14-04.41.39:861][598]LogBlueprintUserMessages: [Level_C_0] 1
[2017.10.14-04.41.40:870][718]LogBlueprintUserMessages: [Level_C_0] 1
[2017.10.14-04.41.41:113][745]LogBlueprintUserMessages: Early EndPlayMap Detection: Level '/Game/2DSideScrollerBP/Blueprints/Level.Level:PersistentLevel' has LevelScriptBlueprint '/Game/2DSideScrollerBP/Blueprints/Level.Level:PersistentLevel.Level' with GeneratedClass '/Game/2DSideScrollerBP/Blueprints/Level.Level_C' with ClassGeneratedBy '/Game/2DSideScrollerBP/Blueprints/Level.Level:PersistentLevel.Level'
[2017.10.14-04.41.41:148][745]LogBlueprintUserMessages: Late EndPlayMap Detection: Level '/Game/2DSideScrollerBP/Blueprints/Level.Level:PersistentLevel' has LevelScriptBlueprint '/Game/2DSideScrollerBP/Blueprints/Level.Level:PersistentLevel.Level' with GeneratedClass '/Game/2DSideScrollerBP/Blueprints/Level.Level_C' with ClassGeneratedBy '/Game/2DSideScrollerBP/Blueprints/Level.Level:PersistentLevel.Level'
[2017.10.14-04.42.12:125][372]LogSlate: Took 0.054770 seconds to synchronously load lazily loaded font '../../../Engine/Content/Editor/Slate/Fonts/Roboto-Italic.ttf' (157K)
[2017.10.14-04.42.14:369][545]LogContentBrowser: Native class hierarchy updated for 'BlueprintGraph' in 0.0013 seconds. Added 112 classes and 0 folders.
[2017.10.14-04.42.15:438][545]LogSlate: Took 0.025859 seconds to synchronously load lazily loaded font '../../../Engine/Content/Editor/Slate/Fonts/Roboto-BoldCondensed.ttf' (158K)
[2017.10.14-04.43.14:883][836]LogRenderer: Reallocating scene render targets to support 856x464 NumSamples 1 (Frame:1).
[2017.10.14-04.45.26:767][467]LogEditorViewport: Clicking on Actor (LMB): CoinBP_C (CoinBP4)
[2017.10.14-04.46.23:822][103]LogActorComponent: UnregisterComponent: (/Engine/Transient.EditorFloorComp) Not registered. Aborting.
[2017.10.14-04.46.32:508][574]LogSlate: Took 0.004498 seconds to synchronously load lazily loaded font '../../../Engine/Content/Slate/Fonts/Roboto-Light.ttf' (159K)
[2017.10.14-04.48.56:259][722]LogEditorTransaction: Undo Add New Function
[2017.10.14-04.49.01:872][167]BlueprintLog: New page: Compile DoorBP
[2017.10.14-04.49.03:090][236]LogSavePackage: Save=106.33ms
[2017.10.14-04.49.03:090][236]LogSavePackage: Moving '../../../../../../Users/rifkiadrn/Documents/Unreal Projects/Tutorial2GameDev/Saved/DoorBPBB0869C44ED380ADC03370BD0F7CEEF2.tmp' to '../../../../../../Users/rifkiadrn/Documents/Unreal Projects/Tutorial2GameDev/Content/2DSideScrollerBP/Blueprints/DoorBP.uasset'
[2017.10.14-04.49.03:095][236]LogSavePackage:Display: Finished SavePackage ../../../../../../Users/rifkiadrn/Documents/Unreal Projects/Tutorial2GameDev/Content/2DSideScrollerBP/Blueprints/DoorBP.uasset
[2017.10.14-04.49.05:987][501]LogSavePackage: Save=174.45ms
[2017.10.14-04.49.05:987][501]LogSavePackage: Moving '../../../../../../Users/rifkiadrn/Documents/Unreal Projects/Tutorial2GameDev/Saved/LevelC50A75024D3B5BFBFC3FFF80831FD2D6.tmp' to '../../../../../../Users/rifkiadrn/Documents/Unreal Projects/Tutorial2GameDev/Content/2DSideScrollerBP/Blueprints/Level.umap'
[2017.10.14-04.49.05:992][501]LogSavePackage:Display: Finished SavePackage ../../../../../../Users/rifkiadrn/Documents/Unreal Projects/Tutorial2GameDev/Content/2DSideScrollerBP/Blueprints/Level.umap
[2017.10.14-04.49.06:979][604]LogTemp: Repeting last play command: Selected Viewport
[2017.10.14-04.49.07:017][604]LogBlueprintUserMessages: Early PlayInEditor Detection: Level '/Game/2DSideScrollerBP/Blueprints/Level.Level:PersistentLevel' has LevelScriptBlueprint '/Game/2DSideScrollerBP/Blueprints/Level.Level:PersistentLevel.Level' with GeneratedClass '/Game/2DSideScrollerBP/Blueprints/Level.Level_C' with ClassGeneratedBy '/Game/2DSideScrollerBP/Blueprints/Level.Level:PersistentLevel.Level'
[2017.10.14-04.49.07:017][604]LogPlayLevel: PlayLevel: No blueprints needed recompiling
[2017.10.14-04.49.07:017][604]PIE: New page: PIE session: Level (Oct 14, 2017, 6:49:07 PM)
[2017.10.14-04.49.07:017][604]LogPlayLevel: Creating play world package: /Game/2DSideScrollerBP/Blueprints/UEDPIE_0_Level
[2017.10.14-04.49.07:021][604]LogPlayLevel: PIE: StaticDuplicateObject took: (0.003406s)
[2017.10.14-04.49.07:022][604]LogAIModule: Creating AISystem for world Level
[2017.10.14-04.49.07:022][604]LogPlayLevel: PIE: World Init took: (0.000882s)
[2017.10.14-04.49.07:022][604]LogPlayLevel: PIE: Created PIE world by copying editor world from /Game/2DSideScrollerBP/Blueprints/Level.Level to /Game/2DSideScrollerBP/Blueprints/UEDPIE_0_Level.Level (0.004607s)
[2017.10.14-04.49.07:061][604]LogInit: XAudio2 using 'Speakers (Conexant SmartAudio HD)' : 2 channels at 48 kHz using 32 bits per sample (channel mask 0x3)
[2017.10.14-04.49.07:073][604]LogInit: FAudioDevice initialized.
[2017.10.14-04.49.07:104][604]LogLoad: Game class is 'MyGameMode_C'
[2017.10.14-04.49.07:107][604]LogWorld: Bringing World /Game/2DSideScrollerBP/Blueprints/UEDPIE_0_Level.Level up for play (max tick rate 0) at 2017.10.14-11.49.07
[2017.10.14-04.49.07:108][604]LogWorld: Bringing up level for play took: 0.003757
[2017.10.14-04.49.07:110][604]PIE: Info Play in editor start time for /Game/2DSideScrollerBP/Blueprints/UEDPIE_0_Level 0.739
[2017.10.14-04.49.07:110][604]LogBlueprintUserMessages: Late PlayInEditor Detection: Level '/Game/2DSideScrollerBP/Blueprints/Level.Level:PersistentLevel' has LevelScriptBlueprint '/Game/2DSideScrollerBP/Blueprints/Level.Level:PersistentLevel.Level' with GeneratedClass '/Game/2DSideScrollerBP/Blueprints/Level.Level_C' with ClassGeneratedBy '/Game/2DSideScrollerBP/Blueprints/Level.Level:PersistentLevel.Level'
[2017.10.14-04.49.07:985][707]LogBlueprintUserMessages: [Level_C_1] 4
[2017.10.14-04.49.08:985][827]LogBlueprintUserMessages: [Level_C_1] 3
[2017.10.14-04.49.09:985][947]LogBlueprintUserMessages: [Level_C_1] 2
[2017.10.14-04.49.10:987][ 67]LogBlueprintUserMessages: [Level_C_1] 2
[2017.10.14-04.49.11:985][186]LogBlueprintUserMessages: [Level_C_1] 2
[2017.10.14-04.49.12:981][305]LogBlueprintUserMessages: [Level_C_1] 2
[2017.10.14-04.49.13:981][425]LogBlueprintUserMessages: [Level_C_1] 1
[2017.10.14-04.49.14:981][545]LogBlueprintUserMessages: [Level_C_1] 1
[2017.10.14-04.49.15:240][576]LogNet: Browse: /Game/2DSideScrollerBP/Maps/2DSideScrollerExampleMap
[2017.10.14-04.49.15:240][576]LogLoad: LoadMap: /Game/2DSideScrollerBP/Maps/2DSideScrollerExampleMap
[2017.10.14-04.49.15:277][576]Cmd: MEM
[2017.10.14-04.49.15:310][576]LogMemory: Platform Memory Stats for Windows
[2017.10.14-04.49.15:310][576]LogMemory: Process Physical Memory: 1204.75 MB used, 1236.39 MB peak
[2017.10.14-04.49.15:310][576]LogMemory: Process Virtual Memory: 1472.67 MB used, 1646.39 MB peak
[2017.10.14-04.49.15:310][576]LogMemory: Physical Memory: 4481.26 MB used,  3610.46 MB free, 8091.72 MB total
[2017.10.14-04.49.15:310][576]LogMemory: Virtual Memory: 2327.89 MB used,  3610.46 MB free, 134217728.00 MB total
[2017.10.14-04.49.15:310][576]LogMemory: 
[2017.10.14-04.49.15:310][576]Allocator Stats for TBB: (not implemented)
[2017.10.14-04.49.15:666][576]LogAIModule: Creating AISystem for world 2DSideScrollerExampleMap
[2017.10.14-04.49.15:667][576]LogLoad: Game class is '2DSideScrollerGameMode_C'
[2017.10.14-04.49.15:672][576]LogWorld: Bringing World /Game/2DSideScrollerBP/Maps/UEDPIE_0_2DSideScrollerExampleMap.2DSideScrollerExampleMap up for play (max tick rate 0) at 2017.10.14-11.49.15
[2017.10.14-04.49.15:673][576]LogWorld: Bringing up level for play took: 0.005296
[2017.10.14-04.49.15:674][576]LogLoad: Took 0.434158 seconds to LoadMap(/Game/2DSideScrollerBP/Maps/2DSideScrollerExampleMap)
[2017.10.14-04.49.18:711][921]LogBlueprintUserMessages: Early EndPlayMap Detection: Level '/Game/2DSideScrollerBP/Blueprints/Level.Level:PersistentLevel' has LevelScriptBlueprint '/Game/2DSideScrollerBP/Blueprints/Level.Level:PersistentLevel.Level' with GeneratedClass '/Game/2DSideScrollerBP/Blueprints/Level.Level_C' with ClassGeneratedBy '/Game/2DSideScrollerBP/Blueprints/Level.Level:PersistentLevel.Level'
[2017.10.14-04.49.18:750][921]LogBlueprintUserMessages: Late EndPlayMap Detection: Level '/Game/2DSideScrollerBP/Blueprints/Level.Level:PersistentLevel' has LevelScriptBlueprint '/Game/2DSideScrollerBP/Blueprints/Level.Level:PersistentLevel.Level' with GeneratedClass '/Game/2DSideScrollerBP/Blueprints/Level.Level_C' with ClassGeneratedBy '/Game/2DSideScrollerBP/Blueprints/Level.Level:PersistentLevel.Level'
[2017.10.14-04.49.38:051][208]LogWindowsTextInputMethodSystem:Display: IME system now deactivated.
[2017.10.14-04.49.38:246][209]Cmd: QUIT_EDITOR
[2017.10.14-04.49.38:659][209]LogExit: Preparing to exit.
[2017.10.14-04.49.39:574][209]LogDirectoryWatcher: A directory notification for 'C:/Users/rifkiadrn/Documents/Unreal Projects/Tutorial2GameDev/Content/' was aborted.
[2017.10.14-04.49.39:608][209]LogExit: Editor shut down
[2017.10.14-04.49.39:611][209]LogExit: Transaction tracking system shut down
[2017.10.14-04.49.39:719][209]LogObj: Freed 0b from 0 cluster array pools.
[2017.10.14-04.49.39:719][209]LogExit: Object subsystem successfully closed.
[2017.10.14-04.49.39:742][209]LogD3D11RHI: Shutdown
[2017.10.14-04.49.39:742][209]LogD3D11RHI: CleanupD3DDevice
[2017.10.14-04.49.39:845][209]LogD3D11RHI: ~FD3D11DynamicRHI
[2017.10.14-04.49.39:864][209]LogModuleManager: Shutting down and abandoning module BlueprintGraph (530)
[2017.10.14-04.49.39:865][209]LogModuleManager: Shutting down and abandoning module BlueprintProfiler (528)
[2017.10.14-04.49.39:865][209]LogModuleManager: Shutting down and abandoning module MovieSceneCapture (526)
[2017.10.14-04.49.39:865][209]LogModuleManager: Shutting down and abandoning module HierarchicalLODOutliner (524)
[2017.10.14-04.49.39:865][209]LogModuleManager: Shutting down and abandoning module CrashTracker (522)
[2017.10.14-04.49.39:865][209]LogModuleManager: Shutting down and abandoning module SceneOutliner (520)
[2017.10.14-04.49.39:865][209]LogModuleManager: Shutting down and abandoning module AddContentDialog (518)
[2017.10.14-04.49.39:865][209]LogDirectoryWatcher: A directory notification for 'C:/Program Files/Unreal rar/UE_4.16/FeaturePacks/' was aborted.
[2017.10.14-04.49.39:866][209]LogModuleManager: Shutting down and abandoning module WidgetCarousel (517)
[2017.10.14-04.49.39:866][209]LogModuleManager: Shutting down and abandoning module EditorWidgets (514)
[2017.10.14-04.49.39:866][209]LogModuleManager: Shutting down and abandoning module CollectionManager (512)
[2017.10.14-04.49.39:866][209]LogDirectoryWatcher: A directory notification for 'C:/Users/rifkiadrn/Documents/Unreal Projects/Tutorial2GameDev/Content/Collections/' was aborted.
[2017.10.14-04.49.39:866][209]LogDirectoryWatcher: A directory notification for 'C:/Users/rifkiadrn/Documents/Unreal Projects/Tutorial2GameDev/Content/Developers/rifkiadrn/Collections/' was aborted.
[2017.10.14-04.49.39:866][209]LogDirectoryWatcher: A directory notification for 'C:/Users/rifkiadrn/Documents/Unreal Projects/Tutorial2GameDev/Saved/Collections/' was aborted.
[2017.10.14-04.49.39:866][209]LogModuleManager: Shutting down and abandoning module StatsViewer (510)
[2017.10.14-04.49.39:866][209]LogModuleManager: Shutting down and abandoning module FoliageEdit (508)
[2017.10.14-04.49.39:866][209]LogModuleManager: Shutting down and abandoning module LandscapeEditor (506)
[2017.10.14-04.49.39:866][209]LogModuleManager: Shutting down and abandoning module MeshPaintMode (504)
[2017.10.14-04.49.39:866][209]LogModuleManager: Shutting down and abandoning module SceneDepthPickerMode (502)
[2017.10.14-04.49.39:866][209]LogModuleManager: Shutting down and abandoning module ActorPickerMode (500)
[2017.10.14-04.49.39:866][209]LogModuleManager: Shutting down and abandoning module GeometryMode (498)
[2017.10.14-04.49.39:866][209]LogModuleManager: Shutting down and abandoning module TextureAlignMode (496)
[2017.10.14-04.49.39:866][209]LogModuleManager: Shutting down and abandoning module BspMode (494)
[2017.10.14-04.49.39:866][209]LogModuleManager: Shutting down and abandoning module HardwareSurvey (492)
[2017.10.14-04.49.39:866][209]LogModuleManager: Shutting down and abandoning module SequenceRecorderSections (490)
[2017.10.14-04.49.39:866][209]LogModuleManager: Shutting down and abandoning module AutomationWorker (488)
[2017.10.14-04.49.39:866][209]LogModuleManager: Shutting down and abandoning module MatineeToLevelSequence (486)
[2017.10.14-04.49.39:867][209]LogModuleManager: Shutting down and abandoning module LevelSequenceEditor (484)
[2017.10.14-04.49.39:867][209]LogModuleManager: Shutting down and abandoning module PlacementMode (483)
[2017.10.14-04.49.39:867][209]LogModuleManager: Shutting down and abandoning module WmfMediaFactory (480)
[2017.10.14-04.49.39:867][209]LogModuleManager: Shutting down and abandoning module WmfMediaEditor (478)
[2017.10.14-04.49.39:867][209]LogModuleManager: Shutting down and abandoning module AvfMediaFactory (476)
[2017.10.14-04.49.39:867][209]LogModuleManager: Shutting down and abandoning module AvfMediaEditor (474)
[2017.10.14-04.49.39:867][209]LogModuleManager: Shutting down and abandoning module AndroidMediaFactory (472)
[2017.10.14-04.49.39:867][209]LogModuleManager: Shutting down and abandoning module Media (471)
[2017.10.14-04.49.39:867][209]LogModuleManager: Shutting down and abandoning module AndroidMediaEditor (468)
[2017.10.14-04.49.39:867][209]LogModuleManager: Shutting down and abandoning module CharacterAI (466)
[2017.10.14-04.49.39:867][209]LogModuleManager: Shutting down and abandoning module AudioCapture (464)
[2017.10.14-04.49.39:867][209]LogModuleManager: Shutting down and abandoning module SequenceRecorder (463)
[2017.10.14-04.49.39:867][209]LogModuleManager: Shutting down and abandoning module SmartSnapping (460)
[2017.10.14-04.49.39:867][209]LogModuleManager: Shutting down and abandoning module SessionServices (458)
[2017.10.14-04.49.39:867][209]LogModuleManager: Shutting down and abandoning module ViewportSnapping (456)
[2017.10.14-04.49.39:867][209]LogModuleManager: Shutting down and abandoning module ViewportInteraction (454)
[2017.10.14-04.49.39:867][209]LogModuleManager: Shutting down and abandoning module ClothPainter (452)
[2017.10.14-04.49.39:867][209]LogModuleManager: Shutting down and abandoning module LogVisualizer (450)
[2017.10.14-04.49.39:867][209]LogModuleManager: Shutting down and abandoning module IntroTutorials (448)
[2017.10.14-04.49.39:867][209]LogModuleManager: Shutting down and abandoning module GameProjectGeneration (447)
[2017.10.14-04.49.39:867][209]LogModuleManager: Shutting down and abandoning module EditorLiveStreaming (444)
[2017.10.14-04.49.39:867][209]LogModuleManager: Shutting down and abandoning module IOSPlatformEditor (442)
[2017.10.14-04.49.39:867][209]LogModuleManager: Shutting down and abandoning module HTML5PlatformEditor (440)
[2017.10.14-04.49.39:867][209]LogModuleManager: Shutting down and abandoning module AndroidPlatformEditor (438)
[2017.10.14-04.49.39:867][209]LogModuleManager: Shutting down and abandoning module AndroidDeviceDetection (437)
[2017.10.14-04.49.40:422][209]LogModuleManager: Shutting down and abandoning module IOSRuntimeSettings (434)
[2017.10.14-04.49.40:422][209]LogModuleManager: Shutting down and abandoning module AndroidRuntimeSettings (432)
[2017.10.14-04.49.40:422][209]LogModuleManager: Shutting down and abandoning module InputBindingEditor (430)
[2017.10.14-04.49.40:422][209]LogModuleManager: Shutting down and abandoning module MergeActors (428)
[2017.10.14-04.49.40:422][209]LogModuleManager: Shutting down and abandoning module SizeMap (426)
[2017.10.14-04.49.40:422][209]LogModuleManager: Shutting down and abandoning module TreeMap (424)
[2017.10.14-04.49.40:422][209]LogModuleManager: Shutting down and abandoning module ReferenceViewer (422)
[2017.10.14-04.49.40:422][209]LogModuleManager: Shutting down and abandoning module LocalizationDashboard (420)
[2017.10.14-04.49.40:422][209]LogModuleManager: Shutting down and abandoning module LocalizationService (419)
[2017.10.14-04.49.40:422][209]LogModuleManager: Shutting down and abandoning module HardwareTargeting (416)
[2017.10.14-04.49.40:422][209]LogModuleManager: Shutting down and abandoning module DeviceProfileEditor (414)
[2017.10.14-04.49.40:422][209]LogModuleManager: Shutting down and abandoning module UndoHistory (412)
[2017.10.14-04.49.40:422][209]LogModuleManager: Shutting down and abandoning module UserFeedback (410)
[2017.10.14-04.49.40:422][209]LogModuleManager: Shutting down and abandoning module XmlParser (408)
[2017.10.14-04.49.40:422][209]LogModuleManager: Shutting down and abandoning module Blutility (406)
[2017.10.14-04.49.40:422][209]LogModuleManager: Shutting down and abandoning module ProjectSettingsViewer (404)
[2017.10.14-04.49.40:422][209]LogModuleManager: Shutting down and abandoning module ProjectTargetPlatformEditor (403)
[2017.10.14-04.49.40:422][209]LogModuleManager: Shutting down and abandoning module EditorSettingsViewer (400)
[2017.10.14-04.49.40:422][209]LogModuleManager: Shutting down and abandoning module SettingsEditor (398)
[2017.10.14-04.49.40:422][209]LogModuleManager: Shutting down and abandoning module ProjectLauncher (396)
[2017.10.14-04.49.40:422][209]LogModuleManager: Shutting down and abandoning module SessionFrontend (394)
[2017.10.14-04.49.40:422][209]LogModuleManager: Shutting down and abandoning module ProfilerClient (392)
[2017.10.14-04.49.40:422][209]LogModuleManager: Shutting down and abandoning module DeviceManager (390)
[2017.10.14-04.49.40:422][209]LogModuleManager: Shutting down and abandoning module TargetDeviceServices (389)
[2017.10.14-04.49.40:484][209]LogModuleManager: Shutting down and abandoning module AutomationController (386)
[2017.10.14-04.49.40:484][209]LogModuleManager: Shutting down and abandoning module AutomationWindow (384)
[2017.10.14-04.49.40:484][209]LogModuleManager: Shutting down and abandoning module Layers (382)
[2017.10.14-04.49.40:484][209]LogModuleManager: Shutting down and abandoning module ComponentVisualizers (380)
[2017.10.14-04.49.40:484][209]LogModuleManager: Shutting down and abandoning module DetailCustomizations (378)
[2017.10.14-04.49.40:484][209]LogModuleManager: Shutting down and abandoning module PackagesDialog (376)
[2017.10.14-04.49.40:484][209]LogModuleManager: Shutting down and abandoning module Persona (374)
[2017.10.14-04.49.40:484][209]LogModuleManager: Shutting down and abandoning module AdvancedPreviewScene (373)
[2017.10.14-04.49.40:484][209]LogModuleManager: Shutting down and abandoning module AnimGraph (371)
[2017.10.14-04.49.40:484][209]LogModuleManager: Shutting down and abandoning module Kismet (368)
[2017.10.14-04.49.40:490][209]LogModuleManager: Shutting down and abandoning module ClassViewer (366)
[2017.10.14-04.49.40:492][209]LogModuleManager: Shutting down and abandoning module Toolbox (364)
[2017.10.14-04.49.40:492][209]LogModuleManager: Shutting down and abandoning module ModuleUI (362)
[2017.10.14-04.49.40:492][209]LogModuleManager: Shutting down and abandoning module MovieSceneTools (360)
[2017.10.14-04.49.40:492][209]LogModuleManager: Shutting down and abandoning module OutputLog (358)
[2017.10.14-04.49.40:492][209]LogModuleManager: Shutting down and abandoning module GammaUI (356)
[2017.10.14-04.49.40:492][209]LogModuleManager: Shutting down and abandoning module Documentation (354)
[2017.10.14-04.49.40:492][209]LogModuleManager: Shutting down and abandoning module MovieSceneTracks (352)
[2017.10.14-04.49.40:492][209]LogModuleManager: Shutting down and abandoning module MovieScene (350)
[2017.10.14-04.49.40:492][209]LogModuleManager: Shutting down and abandoning module Niagara (348)
[2017.10.14-04.49.40:492][209]LogModuleManager: Shutting down and abandoning module NiagaraEditor (347)
[2017.10.14-04.49.40:492][209]LogModuleManager: Shutting down and abandoning module StreamingPauseRendering (344)
[2017.10.14-04.49.40:492][209]LogModuleManager: Shutting down and abandoning module AnalyticsET (342)
[2017.10.14-04.49.40:492][209]LogModuleManager: Shutting down and abandoning module PortalServices (340)
[2017.10.14-04.49.40:492][209]LogModuleManager: Shutting down and abandoning module PortalRpc (338)
[2017.10.14-04.49.40:492][209]LogModuleManager: Shutting down and abandoning module MessagingRpc (336)
[2017.10.14-04.49.40:492][209]LogModuleManager: Shutting down and abandoning module AIModule (334)
[2017.10.14-04.49.40:492][209]LogModuleManager: Shutting down and abandoning module GameplayDebugger (333)
[2017.10.14-04.49.40:492][209]LogModuleManager: Shutting down and abandoning module AITestSuite (331)
[2017.10.14-04.49.40:492][209]LogModuleManager: Shutting down and abandoning module ProfilerService (328)
[2017.10.14-04.49.40:516][209]LogModuleManager: Shutting down and abandoning module TaskGraph (326)
[2017.10.14-04.49.40:516][209]LogModuleManager: Shutting down and abandoning module SteamVRController (324)
[2017.10.14-04.49.40:516][209]LogModuleManager: Shutting down and abandoning module SteamVR (322)
[2017.10.14-04.49.40:516][209]LogModuleManager: Shutting down and abandoning module ProceduralMeshComponentEditor (320)
[2017.10.14-04.49.40:516][209]LogModuleManager: Shutting down and abandoning module ProceduralMeshComponent (318)
[2017.10.14-04.49.40:516][209]LogModuleManager: Shutting down and abandoning module OculusLibrary (316)
[2017.10.14-04.49.40:516][209]LogModuleManager: Shutting down and abandoning module OculusInput (314)
[2017.10.14-04.49.40:516][209]LogModuleManager: Shutting down and abandoning module MobilePatchingUtils (312)
[2017.10.14-04.49.40:516][209]LogModuleManager: Shutting down and abandoning module CustomMeshComponent (310)
[2017.10.14-04.49.40:516][209]LogModuleManager: Shutting down and abandoning module CableComponent (308)
[2017.10.14-04.49.40:516][209]LogModuleManager: Shutting down and abandoning module ArchVisCharacter (306)
[2017.10.14-04.49.40:516][209]LogModuleManager: Shutting down and abandoning module AndroidPermission (304)
[2017.10.14-04.49.40:516][209]LogModuleManager: Shutting down and abandoning module MediaPlayerEditor (300)
[2017.10.14-04.49.40:516][209]LogModuleManager: Shutting down and abandoning module HTML5Networking (298)
[2017.10.14-04.49.40:516][209]LogModuleManager: Shutting down and abandoning module AlembicImporter (296)
[2017.10.14-04.49.40:516][209]LogModuleManager: Shutting down and abandoning module AlembicLibrary (295)
[2017.10.14-04.49.40:516][209]LogModuleManager: Shutting down and abandoning module GeometryCache (294)
[2017.10.14-04.49.40:516][209]LogModuleManager: Shutting down and abandoning module GeometryCacheEd (293)
[2017.10.14-04.49.40:516][209]LogModuleManager: Shutting down and abandoning module SuperSearchEditor (288)
[2017.10.14-04.49.40:516][209]LogModuleManager: Shutting down and abandoning module SuperSearch (287)
[2017.10.14-04.49.40:516][209]LogModuleManager: Shutting down and abandoning module SpeedTreeImporter (284)
[2017.10.14-04.49.40:516][209]LogModuleManager: Shutting down and abandoning module PluginBrowser (282)
[2017.10.14-04.49.40:516][209]LogModuleManager: Shutting down and abandoning module MobileLauncherProfileWizard (280)
[2017.10.14-04.49.40:516][209]LogModuleManager: Shutting down and abandoning module VisualStudioSourceCodeAccess (278)
[2017.10.14-04.49.40:516][209]LogModuleManager: Shutting down and abandoning module DesktopPlatform (277)
[2017.10.14-04.49.40:516][209]LogModuleManager: Shutting down and abandoning module UObjectPlugin (274)
[2017.10.14-04.49.40:516][209]LogModuleManager: Shutting down and abandoning module SubversionSourceControl (272)
[2017.10.14-04.49.40:516][209]LogModuleManager: Shutting down and abandoning module PerforceSourceControl (270)
[2017.10.14-04.49.40:516][209]LogModuleManager: Shutting down and abandoning module GitSourceControl (268)
[2017.10.14-04.49.40:516][209]LogModuleManager: Shutting down and abandoning module SourceControl (267)
[2017.10.14-04.49.40:516][209]LogModuleManager: Shutting down and abandoning module LightPropagationVolumeEditor (264)
[2017.10.14-04.49.40:516][209]LogModuleManager: Shutting down and abandoning module PaperTiledImporter (262)
[2017.10.14-04.49.40:516][209]LogModuleManager: Shutting down and abandoning module PaperSpriteSheetImporter (260)
[2017.10.14-04.49.40:516][209]LogModuleManager: Shutting down and abandoning module Paper2DEditor (258)
[2017.10.14-04.49.40:516][209]LogModuleManager: Shutting down and abandoning module MeshPaint (257)
[2017.10.14-04.49.40:516][209]LogModuleManager: Shutting down and abandoning module LevelEditor (255)
[2017.10.14-04.49.40:517][209]LogModuleManager: Shutting down and abandoning module PixelInspectorModule (254)
[2017.10.14-04.49.40:517][209]LogModuleManager: Shutting down and abandoning module MainFrame (252)
[2017.10.14-04.49.40:517][209]LogModuleManager: Shutting down and abandoning module HotReload (251)
[2017.10.14-04.49.40:517][209]LogModuleManager: Shutting down and abandoning module PhysXVehiclesEditor (246)
[2017.10.14-04.49.40:517][209]LogModuleManager: Shutting down and abandoning module PhysXVehicles (244)
[2017.10.14-04.49.40:517][209]LogModuleManager: Shutting down and abandoning module LocationServicesBPLibrary (242)
[2017.10.14-04.49.40:517][209]LogModuleManager: Shutting down and abandoning module ImmediatePhysicsEditor (240)
[2017.10.14-04.49.40:517][209]LogModuleManager: Shutting down and abandoning module ImmediatePhysics (238)
[2017.10.14-04.49.40:517][209]LogModuleManager: Shutting down and abandoning module UdpMessaging (236)
[2017.10.14-04.49.40:618][209]LogModuleManager: Shutting down and abandoning module TcpMessaging (234)
[2017.10.14-04.49.40:718][209]LogModuleManager: Shutting down and abandoning module GameplayTagsEditor (232)
[2017.10.14-04.49.40:718][209]LogModuleManager: Shutting down and abandoning module FacialAnimationEditor (230)
[2017.10.14-04.49.40:718][209]LogModuleManager: Shutting down and abandoning module FacialAnimation (228)
[2017.10.14-04.49.40:718][209]LogModuleManager: Shutting down and abandoning module AssetManagerEditor (226)
[2017.10.14-04.49.40:718][209]LogModuleManager: Shutting down and abandoning module GraphEditor (225)
[2017.10.14-04.49.40:718][209]LogModuleManager: Shutting down and abandoning module ContentBrowser (223)
[2017.10.14-04.49.40:719][209]LogModuleManager: Shutting down and abandoning module LightPropagationVolumeRuntime (220)
[2017.10.14-04.49.40:719][209]LogModuleManager: Shutting down and abandoning module Paper2D (218)
[2017.10.14-04.49.40:719][209]LogModuleManager: Shutting down and abandoning module WindowsMoviePlayer (216)
[2017.10.14-04.49.40:719][209]LogModuleManager: Shutting down and abandoning module WmfMedia (214)
[2017.10.14-04.49.40:719][209]LogModuleManager: Shutting down and abandoning module ClothingSystemEditor (212)
[2017.10.14-04.49.40:719][209]LogModuleManager: Shutting down and abandoning module ClothingSystemRuntime (210)
[2017.10.14-04.49.40:719][209]LogModuleManager: Shutting down and abandoning module MediaAssets (208)
[2017.10.14-04.49.40:719][209]LogModuleManager: Shutting down and abandoning module GameLiveStreaming (206)
[2017.10.14-04.49.40:719][209]LogModuleManager: Shutting down and abandoning module VREditor (204)
[2017.10.14-04.49.40:720][209]LogModuleManager: Shutting down and abandoning module StringTableEditor (202)
[2017.10.14-04.49.40:720][209]LogModuleManager: Shutting down and abandoning module GameplayTasksEditor (200)
[2017.10.14-04.49.40:720][209]LogModuleManager: Shutting down and abandoning module BehaviorTreeEditor (198)
[2017.10.14-04.49.40:720][209]LogModuleManager: Shutting down and abandoning module FunctionalTesting (196)
[2017.10.14-04.49.40:720][209]LogModuleManager: Shutting down and abandoning module CollisionAnalyzer (194)
[2017.10.14-04.49.40:720][209]LogModuleManager: Shutting down and abandoning module UMG (192)
[2017.10.14-04.49.40:720][209]LogModuleManager: Shutting down and abandoning module UMGEditor (191)
[2017.10.14-04.49.40:720][209]LogModuleManager: Shutting down and abandoning module Sequencer (190)
[2017.10.14-04.49.40:720][209]LogModuleManager: Shutting down and abandoning module AssetTools (188)
[2017.10.14-04.49.40:720][209]LogModuleManager: Shutting down and abandoning module MessageLog (187)
[2017.10.14-04.49.40:720][209]LogModuleManager: Shutting down and abandoning module WorkspaceMenuStructure (186)
[2017.10.14-04.49.40:720][209]LogModuleManager: Shutting down and abandoning module SlateReflector (180)
[2017.10.14-04.49.40:720][209]LogModuleManager: Shutting down and abandoning module Slate (178)
[2017.10.14-04.49.40:720][209]LogModuleManager: Shutting down and abandoning module EditorStyle (176)
[2017.10.14-04.49.40:723][209]LogModuleManager: Shutting down and abandoning module SourceCodeAccess (174)
[2017.10.14-04.49.40:723][209]LogModuleManager: Shutting down and abandoning module HeadMountedDisplay (172)
[2017.10.14-04.49.40:723][209]LogModuleManager: Shutting down and abandoning module XAudio2 (170)
[2017.10.14-04.49.40:723][209]LogModuleManager: Shutting down and abandoning module Networking (168)
[2017.10.14-04.49.40:723][209]LogModuleManager: Shutting down and abandoning module Core (164)
[2017.10.14-04.49.40:723][209]LogModuleManager: Shutting down and abandoning module AssetRegistry (162)
[2017.10.14-04.49.40:928][209]LogDirectoryWatcher: A directory notification for '../../../Engine/Content/' was aborted.
[2017.10.14-04.49.40:929][209]LogDirectoryWatcher: A directory notification for '../../../../../../Users/rifkiadrn/Documents/Unreal Projects/Tutorial2GameDev/Content/' was aborted.
[2017.10.14-04.49.40:929][209]LogDirectoryWatcher: A directory notification for '../../../Engine/Plugins/2D/Paper2D/Content/' was aborted.
[2017.10.14-04.49.40:929][209]LogDirectoryWatcher: A directory notification for '../../../Engine/Plugins/Runtime/GearVR/Content/' was aborted.
[2017.10.14-04.49.40:932][209]LogModuleManager: Shutting down and abandoning module DirectoryWatcher (161)
[2017.10.14-04.49.40:933][209]LogModuleManager: Shutting down and abandoning module KismetCompiler (158)
[2017.10.14-04.49.40:933][209]LogModuleManager: Shutting down and abandoning module LevelSequence (156)
[2017.10.14-04.49.40:933][209]LogModuleManager: Shutting down and abandoning module PhysXFormats (154)
[2017.10.14-04.49.40:933][209]LogModuleManager: Shutting down and abandoning module MeshUtilities (152)
[2017.10.14-04.49.40:933][209]LogModuleManager: Shutting down and abandoning module SimplygonSwarm (151)
[2017.10.14-04.49.40:933][209]LogModuleManager: Shutting down and abandoning module SimplygonMeshReduction (149)
[2017.10.14-04.49.40:933][209]LogModuleManager: Shutting down and abandoning module QuadricMeshReduction (147)
[2017.10.14-04.49.40:933][209]LogModuleManager: Shutting down and abandoning module DerivedDataCache (144)
[2017.10.14-04.49.41:011][209]LogDerivedDataCache: Shutdown
[2017.10.14-04.49.41:011][209]LogModuleManager: Shutting down and abandoning module TargetPlatform (142)
[2017.10.14-04.49.41:011][209]LogModuleManager: Shutting down and abandoning module VulkanShaderFormat (141)
[2017.10.14-04.49.41:011][209]LogModuleManager: Shutting down and abandoning module ShaderFormatVectorVM (139)
[2017.10.14-04.49.41:011][209]LogModuleManager: Shutting down and abandoning module ShaderFormatOpenGL (137)
[2017.10.14-04.49.41:011][209]LogModuleManager: Shutting down and abandoning module ShaderFormatD3D (135)
[2017.10.14-04.49.41:011][209]LogModuleManager: Shutting down and abandoning module MetalShaderFormat (133)
[2017.10.14-04.49.41:011][209]LogModuleManager: Shutting down and abandoning module TextureFormatUncompressed (131)
[2017.10.14-04.49.41:011][209]LogModuleManager: Shutting down and abandoning module TextureFormatPVR (129)
[2017.10.14-04.49.41:011][209]LogModuleManager: Shutting down and abandoning module TextureFormatDXT (127)
[2017.10.14-04.49.41:011][209]LogModuleManager: Shutting down and abandoning module TextureFormatIntelISPCTexComp (125)
[2017.10.14-04.49.41:011][209]LogModuleManager: Shutting down and abandoning module TextureFormatASTC (123)
[2017.10.14-04.49.41:011][209]LogModuleManager: Shutting down and abandoning module ImageWrapper (122)
[2017.10.14-04.49.41:011][209]LogModuleManager: Shutting down and abandoning module TextureFormatAndroid (119)
[2017.10.14-04.49.41:011][209]LogModuleManager: Shutting down and abandoning module AudioFormatOpus (117)
[2017.10.14-04.49.41:011][209]LogModuleManager: Shutting down and abandoning module AudioFormatOgg (115)
[2017.10.14-04.49.41:011][209]LogModuleManager: Shutting down and abandoning module AudioFormatADPCM (113)
[2017.10.14-04.49.41:011][209]LogModuleManager: Shutting down and abandoning module LinuxTargetPlatform (111)
[2017.10.14-04.49.41:012][209]LogModuleManager: Shutting down and abandoning module LinuxServerTargetPlatform (109)
[2017.10.14-04.49.41:012][209]LogModuleManager: Shutting down and abandoning module LinuxNoEditorTargetPlatform (107)
[2017.10.14-04.49.41:012][209]LogModuleManager: Shutting down and abandoning module LinuxClientTargetPlatform (105)
[2017.10.14-04.49.41:012][209]LogModuleManager: Shutting down and abandoning module TVOSTargetPlatform (103)
[2017.10.14-04.49.41:012][209]LogModuleManager: Shutting down and abandoning module Messaging (101)
[2017.10.14-04.49.41:012][209]LogModuleManager: Shutting down and abandoning module IOSTargetPlatform (99)
[2017.10.14-04.49.41:012][209]LogModuleManager: Shutting down and abandoning module HTML5TargetPlatform (97)
[2017.10.14-04.49.41:012][209]LogModuleManager: Shutting down and abandoning module Android_PVRTCTargetPlatform (95)
[2017.10.14-04.49.41:012][209]LogModuleManager: Shutting down and abandoning module Android_MultiTargetPlatform (93)
[2017.10.14-04.49.41:012][209]LogModuleManager: Shutting down and abandoning module Android_ETC2TargetPlatform (91)
[2017.10.14-04.49.41:012][209]LogModuleManager: Shutting down and abandoning module Android_ETC1TargetPlatform (89)
[2017.10.14-04.49.41:012][209]LogModuleManager: Shutting down and abandoning module Android_DXTTargetPlatform (87)
[2017.10.14-04.49.41:012][209]LogModuleManager: Shutting down and abandoning module Android_ATCTargetPlatform (85)
[2017.10.14-04.49.41:012][209]LogModuleManager: Shutting down and abandoning module Android_ASTCTargetPlatform (83)
[2017.10.14-04.49.41:012][209]LogModuleManager: Shutting down and abandoning module AndroidTargetPlatform (81)
[2017.10.14-04.49.41:012][209]LogModuleManager: Shutting down and abandoning module WindowsTargetPlatform (79)
[2017.10.14-04.49.41:012][209]LogModuleManager: Shutting down and abandoning module WindowsServerTargetPlatform (77)
[2017.10.14-04.49.41:012][209]LogModuleManager: Shutting down and abandoning module WindowsNoEditorTargetPlatform (75)
[2017.10.14-04.49.41:012][209]LogModuleManager: Shutting down and abandoning module WindowsClientTargetPlatform (73)
[2017.10.14-04.49.41:012][209]LogModuleManager: Shutting down and abandoning module MacTargetPlatform (71)
[2017.10.14-04.49.41:012][209]LogModuleManager: Shutting down and abandoning module MacServerTargetPlatform (69)
[2017.10.14-04.49.41:012][209]LogModuleManager: Shutting down and abandoning module MacNoEditorTargetPlatform (67)
[2017.10.14-04.49.41:012][209]LogModuleManager: Shutting down and abandoning module MacClientTargetPlatform (65)
[2017.10.14-04.49.41:012][209]LogModuleManager: Shutting down and abandoning module AllDesktopTargetPlatform (63)
[2017.10.14-04.49.41:012][209]LogModuleManager: Shutting down and abandoning module InputCore (60)
[2017.10.14-04.49.41:012][209]LogModuleManager: Shutting down and abandoning module Settings (58)
[2017.10.14-04.49.41:012][209]LogModuleManager: Shutting down and abandoning module OculusRift (56)
[2017.10.14-04.49.41:012][209]LogModuleManager: Shutting down and abandoning module GearVRController (54)
[2017.10.14-04.49.41:012][209]LogModuleManager: Shutting down and abandoning module GearVR (52)
[2017.10.14-04.49.41:012][209]LogModuleManager: Shutting down and abandoning module ExampleDeviceProfileSelector (50)
[2017.10.14-04.49.41:012][209]LogModuleManager: Shutting down and abandoning module OnlineBlueprintSupport (48)
[2017.10.14-04.49.41:012][209]LogModuleManager: Shutting down and abandoning module OnlineSubsystem (44)
[2017.10.14-04.49.41:012][209]LogOnline:Display: Unloading online subsystem: NULL
[2017.10.14-04.49.41:012][209]LogModuleManager: Shutting down and abandoning module XMPP (43)
[2017.10.14-04.49.41:012][209]LogModuleManager: Shutting down and abandoning module HTTP (41)
[2017.10.14-04.49.41:012][209]LogHttp:Display: Http module shutting down, but needs to wait on 1 outstanding Http requests:
[2017.10.14-04.49.41:012][209]LogHttp:Display: 	verb=[POST] url=[https://datarouter.ol.epicgames.com/datarouter/api/v1/public/data?SessionID=%7BFAE2C015-4AF9-8DD0-1BC7-DB99040339F9%7D&AppID=UEEditor.Rocket.Release&AppVersion=4.16.3-3561208%2B%2B%2BUE4%2BRelease-4.16&UserID=77028a7847445427ba921f816a2c5f83%7C591b0f86681142679c7ce5ad85b1059a%7C7d36cb8c-10b2-4c52-bd77-5cf9760b728e&AppEnvironment=datacollector-binary&UploadType=eteventstream] status=Processing
[2017.10.14-04.49.41:017][209]LogModuleManager: Shutting down and abandoning module SSL (40)
[2017.10.14-04.49.41:018][209]LogModuleManager: Shutting down and abandoning module HTTPChunkInstaller (36)
[2017.10.14-04.49.41:018][209]LogModuleManager: Shutting down and abandoning module AnimationModifiers (34)
[2017.10.14-04.49.41:018][209]LogModuleManager: Shutting down and abandoning module PropertyEditor (33)
[2017.10.14-04.49.41:018][209]LogModuleManager: Shutting down and abandoning module AudioEditor (30)
[2017.10.14-04.49.41:018][209]LogModuleManager: Shutting down and abandoning module TextureCompressor (28)
[2017.10.14-04.49.41:018][209]LogModuleManager: Shutting down and abandoning module ShaderCore (26)
[2017.10.14-04.49.41:018][209]LogModuleManager: Shutting down and abandoning module Landscape (24)
[2017.10.14-04.49.41:018][209]LogModuleManager: Shutting down and abandoning module SlateRHIRenderer (22)
[2017.10.14-04.49.41:019][209]LogModuleManager: Shutting down and abandoning module OpenGLDrv (20)
[2017.10.14-04.49.41:020][209]LogModuleManager: Shutting down and abandoning module D3D11RHI (18)
[2017.10.14-04.49.41:020][209]LogModuleManager: Shutting down and abandoning module AnimGraphRuntime (16)
[2017.10.14-04.49.41:020][209]LogModuleManager: Shutting down and abandoning module Renderer (14)
[2017.10.14-04.49.41:020][209]LogModuleManager: Shutting down and abandoning module Engine (12)
[2017.10.14-04.49.41:020][209]LogModuleManager: Shutting down and abandoning module CoreUObject (10)
[2017.10.14-04.49.41:020][209]LogModuleManager: Shutting down and abandoning module NetworkFile (8)
[2017.10.14-04.49.41:020][209]LogModuleManager: Shutting down and abandoning module StreamingFile (6)
[2017.10.14-04.49.41:020][209]LogModuleManager: Shutting down and abandoning module SandboxFile (4)
[2017.10.14-04.49.41:020][209]LogModuleManager: Shutting down and abandoning module PakFile (2)
[2017.10.14-04.49.41:021][209]LogExit: Exiting.
[2017.10.14-04.49.41:037][209]Log file closed, 10/14/17 11:49:41
